Duplicated file found; will not be sent for synthesis: /home/trakaros/tou_nikou/lab5_hw_hls/lab5_hw_hls.srcs/sources_1/bd/project_5/ipshared/16a2/hdl/verilog/sc_util_v1_0_2_constants.vh
Duplicated file found; will not be sent for synthesis: /home/trakaros/tou_nikou/lab5_hw_hls/lab5_hw_hls.srcs/sources_1/bd/project_5/ipshared/16a2/hdl/verilog/sc_util_v1_0_2_structs.svh
Duplicated file found; will not be sent for synthesis: /home/trakaros/tou_nikou/lab5_hw_hls/lab5_hw_hls.srcs/sources_1/bd/project_5/ipshared/16a2/hdl/sc_util_v1_0_vl_rfs.sv
Duplicated file found; will not be sent for synthesis: /home/trakaros/tou_nikou/lab5_hw_hls/lab5_hw_hls.srcs/sources_1/bd/project_5/ipshared/aa1d/hdl/sc_axi2sc_v1_0_vl_rfs.sv
Duplicated file found; will not be sent for synthesis: /home/trakaros/tou_nikou/lab5_hw_hls/lab5_hw_hls.srcs/sources_1/bd/project_5/ipshared/16a2/hdl/verilog/sc_util_v1_0_2_constants.vh
Duplicated file found; will not be sent for synthesis: /home/trakaros/tou_nikou/lab5_hw_hls/lab5_hw_hls.srcs/sources_1/bd/project_5/ipshared/16a2/hdl/verilog/sc_util_v1_0_2_structs.svh
Duplicated file found; will not be sent for synthesis: /home/trakaros/tou_nikou/lab5_hw_hls/lab5_hw_hls.srcs/sources_1/bd/project_5/ipshared/16a2/hdl/sc_util_v1_0_vl_rfs.sv
Duplicated file found; will not be sent for synthesis: /home/trakaros/tou_nikou/lab5_hw_hls/lab5_hw_hls.srcs/sources_1/bd/project_5/ipshared/16a2/hdl/verilog/sc_util_v1_0_2_constants.vh
Duplicated file found; will not be sent for synthesis: /home/trakaros/tou_nikou/lab5_hw_hls/lab5_hw_hls.srcs/sources_1/bd/project_5/ipshared/16a2/hdl/verilog/sc_util_v1_0_2_structs.svh
Duplicated file found; will not be sent for synthesis: /home/trakaros/tou_nikou/lab5_hw_hls/lab5_hw_hls.srcs/sources_1/bd/project_5/ipshared/16a2/hdl/sc_util_v1_0_vl_rfs.sv
Duplicated file found; will not be sent for synthesis: /home/trakaros/tou_nikou/lab5_hw_hls/lab5_hw_hls.srcs/sources_1/bd/project_5/ipshared/16a2/hdl/verilog/sc_util_v1_0_2_constants.vh
Duplicated file found; will not be sent for synthesis: /home/trakaros/tou_nikou/lab5_hw_hls/lab5_hw_hls.srcs/sources_1/bd/project_5/ipshared/16a2/hdl/verilog/sc_util_v1_0_2_structs.svh
Duplicated file found; will not be sent for synthesis: /home/trakaros/tou_nikou/lab5_hw_hls/lab5_hw_hls.srcs/sources_1/bd/project_5/ipshared/16a2/hdl/sc_util_v1_0_vl_rfs.sv
Duplicated file found; will not be sent for synthesis: /home/trakaros/tou_nikou/lab5_hw_hls/lab5_hw_hls.srcs/sources_1/bd/project_5/ipshared/16a2/hdl/verilog/sc_util_v1_0_2_constants.vh
Duplicated file found; will not be sent for synthesis: /home/trakaros/tou_nikou/lab5_hw_hls/lab5_hw_hls.srcs/sources_1/bd/project_5/ipshared/16a2/hdl/verilog/sc_util_v1_0_2_structs.svh
Duplicated file found; will not be sent for synthesis: /home/trakaros/tou_nikou/lab5_hw_hls/lab5_hw_hls.srcs/sources_1/bd/project_5/ipshared/16a2/hdl/sc_util_v1_0_vl_rfs.sv
Duplicated file found; will not be sent for synthesis: /home/trakaros/tou_nikou/lab5_hw_hls/lab5_hw_hls.srcs/sources_1/bd/project_5/ipshared/879e/hdl/verilog/sc_node_v1_0_4_t_reqsend.svh
Duplicated file found; will not be sent for synthesis: /home/trakaros/tou_nikou/lab5_hw_hls/lab5_hw_hls.srcs/sources_1/bd/project_5/ipshared/879e/hdl/sc_node_v1_0_vl_rfs.sv
Duplicated file found; will not be sent for synthesis: /home/trakaros/tou_nikou/lab5_hw_hls/lab5_hw_hls.srcs/sources_1/bd/project_5/ipshared/16a2/hdl/verilog/sc_util_v1_0_2_constants.vh
Duplicated file found; will not be sent for synthesis: /home/trakaros/tou_nikou/lab5_hw_hls/lab5_hw_hls.srcs/sources_1/bd/project_5/ipshared/16a2/hdl/verilog/sc_util_v1_0_2_structs.svh
Duplicated file found; will not be sent for synthesis: /home/trakaros/tou_nikou/lab5_hw_hls/lab5_hw_hls.srcs/sources_1/bd/project_5/ipshared/16a2/hdl/sc_util_v1_0_vl_rfs.sv
Duplicated file found; will not be sent for synthesis: /home/trakaros/tou_nikou/lab5_hw_hls/lab5_hw_hls.srcs/sources_1/bd/project_5/ipshared/879e/hdl/verilog/sc_node_v1_0_4_t_reqsend.svh
Duplicated file found; will not be sent for synthesis: /home/trakaros/tou_nikou/lab5_hw_hls/lab5_hw_hls.srcs/sources_1/bd/project_5/ipshared/879e/hdl/sc_node_v1_0_vl_rfs.sv
Duplicated file found; will not be sent for synthesis: /home/trakaros/tou_nikou/lab5_hw_hls/lab5_hw_hls.srcs/sources_1/bd/project_5/ipshared/16a2/hdl/verilog/sc_util_v1_0_2_constants.vh
Duplicated file found; will not be sent for synthesis: /home/trakaros/tou_nikou/lab5_hw_hls/lab5_hw_hls.srcs/sources_1/bd/project_5/ipshared/16a2/hdl/verilog/sc_util_v1_0_2_structs.svh
Duplicated file found; will not be sent for synthesis: /home/trakaros/tou_nikou/lab5_hw_hls/lab5_hw_hls.srcs/sources_1/bd/project_5/ipshared/16a2/hdl/sc_util_v1_0_vl_rfs.sv
Duplicated file found; will not be sent for synthesis: /home/trakaros/tou_nikou/lab5_hw_hls/lab5_hw_hls.srcs/sources_1/bd/project_5/ipshared/879e/hdl/verilog/sc_node_v1_0_4_t_reqsend.svh
Duplicated file found; will not be sent for synthesis: /home/trakaros/tou_nikou/lab5_hw_hls/lab5_hw_hls.srcs/sources_1/bd/project_5/ipshared/879e/hdl/sc_node_v1_0_vl_rfs.sv
Duplicated file found; will not be sent for synthesis: /home/trakaros/tou_nikou/lab5_hw_hls/lab5_hw_hls.srcs/sources_1/bd/project_5/ipshared/16a2/hdl/verilog/sc_util_v1_0_2_constants.vh
Duplicated file found; will not be sent for synthesis: /home/trakaros/tou_nikou/lab5_hw_hls/lab5_hw_hls.srcs/sources_1/bd/project_5/ipshared/16a2/hdl/verilog/sc_util_v1_0_2_structs.svh
Duplicated file found; will not be sent for synthesis: /home/trakaros/tou_nikou/lab5_hw_hls/lab5_hw_hls.srcs/sources_1/bd/project_5/ipshared/16a2/hdl/sc_util_v1_0_vl_rfs.sv
Duplicated file found; will not be sent for synthesis: /home/trakaros/tou_nikou/lab5_hw_hls/lab5_hw_hls.srcs/sources_1/bd/project_5/ipshared/879e/hdl/verilog/sc_node_v1_0_4_t_reqsend.svh
Duplicated file found; will not be sent for synthesis: /home/trakaros/tou_nikou/lab5_hw_hls/lab5_hw_hls.srcs/sources_1/bd/project_5/ipshared/879e/hdl/sc_node_v1_0_vl_rfs.sv
Duplicated file found; will not be sent for synthesis: /home/trakaros/tou_nikou/lab5_hw_hls/lab5_hw_hls.srcs/sources_1/bd/project_5/ipshared/16a2/hdl/verilog/sc_util_v1_0_2_constants.vh
Duplicated file found; will not be sent for synthesis: /home/trakaros/tou_nikou/lab5_hw_hls/lab5_hw_hls.srcs/sources_1/bd/project_5/ipshared/16a2/hdl/verilog/sc_util_v1_0_2_structs.svh
Duplicated file found; will not be sent for synthesis: /home/trakaros/tou_nikou/lab5_hw_hls/lab5_hw_hls.srcs/sources_1/bd/project_5/ipshared/16a2/hdl/sc_util_v1_0_vl_rfs.sv
Duplicated file found; will not be sent for synthesis: /home/trakaros/tou_nikou/lab5_hw_hls/lab5_hw_hls.srcs/sources_1/bd/project_5/ipshared/879e/hdl/verilog/sc_node_v1_0_4_t_reqsend.svh
Duplicated file found; will not be sent for synthesis: /home/trakaros/tou_nikou/lab5_hw_hls/lab5_hw_hls.srcs/sources_1/bd/project_5/ipshared/879e/hdl/sc_node_v1_0_vl_rfs.sv
Duplicated file found; will not be sent for synthesis: /home/trakaros/tou_nikou/lab5_hw_hls/lab5_hw_hls.srcs/sources_1/bd/project_5/ipshared/16a2/hdl/verilog/sc_util_v1_0_2_constants.vh
Duplicated file found; will not be sent for synthesis: /home/trakaros/tou_nikou/lab5_hw_hls/lab5_hw_hls.srcs/sources_1/bd/project_5/ipshared/16a2/hdl/verilog/sc_util_v1_0_2_structs.svh
Duplicated file found; will not be sent for synthesis: /home/trakaros/tou_nikou/lab5_hw_hls/lab5_hw_hls.srcs/sources_1/bd/project_5/ipshared/16a2/hdl/sc_util_v1_0_vl_rfs.sv
Duplicated file found; will not be sent for synthesis: /home/trakaros/tou_nikou/lab5_hw_hls/lab5_hw_hls.srcs/sources_1/bd/project_5/ipshared/879e/hdl/verilog/sc_node_v1_0_4_t_reqsend.svh
Duplicated file found; will not be sent for synthesis: /home/trakaros/tou_nikou/lab5_hw_hls/lab5_hw_hls.srcs/sources_1/bd/project_5/ipshared/879e/hdl/sc_node_v1_0_vl_rfs.sv
Duplicated file found; will not be sent for synthesis: /home/trakaros/tou_nikou/lab5_hw_hls/lab5_hw_hls.srcs/sources_1/bd/project_5/ipshared/16a2/hdl/verilog/sc_util_v1_0_2_constants.vh
Duplicated file found; will not be sent for synthesis: /home/trakaros/tou_nikou/lab5_hw_hls/lab5_hw_hls.srcs/sources_1/bd/project_5/ipshared/16a2/hdl/verilog/sc_util_v1_0_2_structs.svh
Duplicated file found; will not be sent for synthesis: /home/trakaros/tou_nikou/lab5_hw_hls/lab5_hw_hls.srcs/sources_1/bd/project_5/ipshared/16a2/hdl/sc_util_v1_0_vl_rfs.sv
Duplicated file found; will not be sent for synthesis: /home/trakaros/tou_nikou/lab5_hw_hls/lab5_hw_hls.srcs/sources_1/bd/project_5/ipshared/879e/hdl/verilog/sc_node_v1_0_4_t_reqsend.svh
Duplicated file found; will not be sent for synthesis: /home/trakaros/tou_nikou/lab5_hw_hls/lab5_hw_hls.srcs/sources_1/bd/project_5/ipshared/879e/hdl/sc_node_v1_0_vl_rfs.sv
Duplicated file found; will not be sent for synthesis: /home/trakaros/tou_nikou/lab5_hw_hls/lab5_hw_hls.srcs/sources_1/bd/project_5/ipshared/16a2/hdl/verilog/sc_util_v1_0_2_constants.vh
Duplicated file found; will not be sent for synthesis: /home/trakaros/tou_nikou/lab5_hw_hls/lab5_hw_hls.srcs/sources_1/bd/project_5/ipshared/16a2/hdl/verilog/sc_util_v1_0_2_structs.svh
Duplicated file found; will not be sent for synthesis: /home/trakaros/tou_nikou/lab5_hw_hls/lab5_hw_hls.srcs/sources_1/bd/project_5/ipshared/16a2/hdl/sc_util_v1_0_vl_rfs.sv
Duplicated file found; will not be sent for synthesis: /home/trakaros/tou_nikou/lab5_hw_hls/lab5_hw_hls.srcs/sources_1/bd/project_5/ipshared/879e/hdl/verilog/sc_node_v1_0_4_t_reqsend.svh
Duplicated file found; will not be sent for synthesis: /home/trakaros/tou_nikou/lab5_hw_hls/lab5_hw_hls.srcs/sources_1/bd/project_5/ipshared/879e/hdl/sc_node_v1_0_vl_rfs.sv
Duplicated file found; will not be sent for synthesis: /home/trakaros/tou_nikou/lab5_hw_hls/lab5_hw_hls.srcs/sources_1/bd/project_5/ipshared/16a2/hdl/verilog/sc_util_v1_0_2_constants.vh
Duplicated file found; will not be sent for synthesis: /home/trakaros/tou_nikou/lab5_hw_hls/lab5_hw_hls.srcs/sources_1/bd/project_5/ipshared/16a2/hdl/verilog/sc_util_v1_0_2_structs.svh
Duplicated file found; will not be sent for synthesis: /home/trakaros/tou_nikou/lab5_hw_hls/lab5_hw_hls.srcs/sources_1/bd/project_5/ipshared/16a2/hdl/sc_util_v1_0_vl_rfs.sv
Duplicated file found; will not be sent for synthesis: /home/trakaros/tou_nikou/lab5_hw_hls/lab5_hw_hls.srcs/sources_1/bd/project_5/ipshared/879e/hdl/verilog/sc_node_v1_0_4_t_reqsend.svh
Duplicated file found; will not be sent for synthesis: /home/trakaros/tou_nikou/lab5_hw_hls/lab5_hw_hls.srcs/sources_1/bd/project_5/ipshared/879e/hdl/sc_node_v1_0_vl_rfs.sv
Duplicated file found; will not be sent for synthesis: /home/trakaros/tou_nikou/lab5_hw_hls/lab5_hw_hls.srcs/sources_1/bd/project_5/ipshared/16a2/hdl/verilog/sc_util_v1_0_2_constants.vh
Duplicated file found; will not be sent for synthesis: /home/trakaros/tou_nikou/lab5_hw_hls/lab5_hw_hls.srcs/sources_1/bd/project_5/ipshared/16a2/hdl/verilog/sc_util_v1_0_2_structs.svh
Duplicated file found; will not be sent for synthesis: /home/trakaros/tou_nikou/lab5_hw_hls/lab5_hw_hls.srcs/sources_1/bd/project_5/ipshared/16a2/hdl/sc_util_v1_0_vl_rfs.sv
Duplicated file found; will not be sent for synthesis: /home/trakaros/tou_nikou/lab5_hw_hls/lab5_hw_hls.srcs/sources_1/bd/project_5/ipshared/16a2/hdl/verilog/sc_util_v1_0_2_constants.vh
Duplicated file found; will not be sent for synthesis: /home/trakaros/tou_nikou/lab5_hw_hls/lab5_hw_hls.srcs/sources_1/bd/project_5/ipshared/16a2/hdl/verilog/sc_util_v1_0_2_structs.svh
Duplicated file found; will not be sent for synthesis: /home/trakaros/tou_nikou/lab5_hw_hls/lab5_hw_hls.srcs/sources_1/bd/project_5/ipshared/16a2/hdl/sc_util_v1_0_vl_rfs.sv
Duplicated file found; will not be sent for synthesis: /home/trakaros/tou_nikou/lab5_hw_hls/lab5_hw_hls.srcs/sources_1/bd/project_5/ipshared/16a2/hdl/verilog/sc_util_v1_0_2_constants.vh
Duplicated file found; will not be sent for synthesis: /home/trakaros/tou_nikou/lab5_hw_hls/lab5_hw_hls.srcs/sources_1/bd/project_5/ipshared/16a2/hdl/verilog/sc_util_v1_0_2_structs.svh
Duplicated file found; will not be sent for synthesis: /home/trakaros/tou_nikou/lab5_hw_hls/lab5_hw_hls.srcs/sources_1/bd/project_5/ipshared/16a2/hdl/sc_util_v1_0_vl_rfs.sv
Duplicated file found; will not be sent for synthesis: /home/trakaros/tou_nikou/lab5_hw_hls/lab5_hw_hls.srcs/sources_1/bd/project_5/ipshared/16a2/hdl/verilog/sc_util_v1_0_2_constants.vh
Duplicated file found; will not be sent for synthesis: /home/trakaros/tou_nikou/lab5_hw_hls/lab5_hw_hls.srcs/sources_1/bd/project_5/ipshared/16a2/hdl/verilog/sc_util_v1_0_2_structs.svh
Duplicated file found; will not be sent for synthesis: /home/trakaros/tou_nikou/lab5_hw_hls/lab5_hw_hls.srcs/sources_1/bd/project_5/ipshared/16a2/hdl/sc_util_v1_0_vl_rfs.sv
Duplicated file found; will not be sent for synthesis: /home/trakaros/tou_nikou/lab5_hw_hls/lab5_hw_hls.srcs/sources_1/bd/project_5/ipshared/879e/hdl/verilog/sc_node_v1_0_4_t_reqsend.svh
Duplicated file found; will not be sent for synthesis: /home/trakaros/tou_nikou/lab5_hw_hls/lab5_hw_hls.srcs/sources_1/bd/project_5/ipshared/879e/hdl/sc_node_v1_0_vl_rfs.sv
Duplicated file found; will not be sent for synthesis: /home/trakaros/tou_nikou/lab5_hw_hls/lab5_hw_hls.srcs/sources_1/bd/project_5/ipshared/16a2/hdl/verilog/sc_util_v1_0_2_constants.vh
Duplicated file found; will not be sent for synthesis: /home/trakaros/tou_nikou/lab5_hw_hls/lab5_hw_hls.srcs/sources_1/bd/project_5/ipshared/16a2/hdl/verilog/sc_util_v1_0_2_structs.svh
Duplicated file found; will not be sent for synthesis: /home/trakaros/tou_nikou/lab5_hw_hls/lab5_hw_hls.srcs/sources_1/bd/project_5/ipshared/16a2/hdl/sc_util_v1_0_vl_rfs.sv
Duplicated file found; will not be sent for synthesis: /home/trakaros/tou_nikou/lab5_hw_hls/lab5_hw_hls.srcs/sources_1/bd/project_5/ipshared/879e/hdl/verilog/sc_node_v1_0_4_t_reqsend.svh
Duplicated file found; will not be sent for synthesis: /home/trakaros/tou_nikou/lab5_hw_hls/lab5_hw_hls.srcs/sources_1/bd/project_5/ipshared/879e/hdl/sc_node_v1_0_vl_rfs.sv
Duplicated file found; will not be sent for synthesis: /home/trakaros/tou_nikou/lab5_hw_hls/lab5_hw_hls.srcs/sources_1/bd/project_5/ipshared/16a2/hdl/verilog/sc_util_v1_0_2_constants.vh
Duplicated file found; will not be sent for synthesis: /home/trakaros/tou_nikou/lab5_hw_hls/lab5_hw_hls.srcs/sources_1/bd/project_5/ipshared/16a2/hdl/verilog/sc_util_v1_0_2_structs.svh
Duplicated file found; will not be sent for synthesis: /home/trakaros/tou_nikou/lab5_hw_hls/lab5_hw_hls.srcs/sources_1/bd/project_5/ipshared/16a2/hdl/sc_util_v1_0_vl_rfs.sv
Duplicated file found; will not be sent for synthesis: /home/trakaros/tou_nikou/lab5_hw_hls/lab5_hw_hls.srcs/sources_1/bd/project_5/ipshared/879e/hdl/verilog/sc_node_v1_0_4_t_reqsend.svh
Duplicated file found; will not be sent for synthesis: /home/trakaros/tou_nikou/lab5_hw_hls/lab5_hw_hls.srcs/sources_1/bd/project_5/ipshared/879e/hdl/sc_node_v1_0_vl_rfs.sv
Duplicated file found; will not be sent for synthesis: /home/trakaros/tou_nikou/lab5_hw_hls/lab5_hw_hls.srcs/sources_1/bd/project_5/ipshared/16a2/hdl/verilog/sc_util_v1_0_2_constants.vh
Duplicated file found; will not be sent for synthesis: /home/trakaros/tou_nikou/lab5_hw_hls/lab5_hw_hls.srcs/sources_1/bd/project_5/ipshared/16a2/hdl/verilog/sc_util_v1_0_2_structs.svh
Duplicated file found; will not be sent for synthesis: /home/trakaros/tou_nikou/lab5_hw_hls/lab5_hw_hls.srcs/sources_1/bd/project_5/ipshared/16a2/hdl/sc_util_v1_0_vl_rfs.sv
Duplicated file found; will not be sent for synthesis: /home/trakaros/tou_nikou/lab5_hw_hls/lab5_hw_hls.srcs/sources_1/bd/project_5/ipshared/879e/hdl/verilog/sc_node_v1_0_4_t_reqsend.svh
Duplicated file found; will not be sent for synthesis: /home/trakaros/tou_nikou/lab5_hw_hls/lab5_hw_hls.srcs/sources_1/bd/project_5/ipshared/879e/hdl/sc_node_v1_0_vl_rfs.sv
Duplicated file found; will not be sent for synthesis: /home/trakaros/tou_nikou/lab5_hw_hls/lab5_hw_hls.srcs/sources_1/bd/project_5/ipshared/16a2/hdl/verilog/sc_util_v1_0_2_constants.vh
Duplicated file found; will not be sent for synthesis: /home/trakaros/tou_nikou/lab5_hw_hls/lab5_hw_hls.srcs/sources_1/bd/project_5/ipshared/16a2/hdl/verilog/sc_util_v1_0_2_structs.svh
Duplicated file found; will not be sent for synthesis: /home/trakaros/tou_nikou/lab5_hw_hls/lab5_hw_hls.srcs/sources_1/bd/project_5/ipshared/16a2/hdl/sc_util_v1_0_vl_rfs.sv
Duplicated file found; will not be sent for synthesis: /home/trakaros/tou_nikou/lab5_hw_hls/lab5_hw_hls.srcs/sources_1/bd/project_5/ipshared/879e/hdl/verilog/sc_node_v1_0_4_t_reqsend.svh
Duplicated file found; will not be sent for synthesis: /home/trakaros/tou_nikou/lab5_hw_hls/lab5_hw_hls.srcs/sources_1/bd/project_5/ipshared/879e/hdl/sc_node_v1_0_vl_rfs.sv
Duplicated file found; will not be sent for synthesis: /home/trakaros/tou_nikou/lab5_hw_hls/lab5_hw_hls.srcs/sources_1/bd/project_5/ipshared/16a2/hdl/verilog/sc_util_v1_0_2_constants.vh
Duplicated file found; will not be sent for synthesis: /home/trakaros/tou_nikou/lab5_hw_hls/lab5_hw_hls.srcs/sources_1/bd/project_5/ipshared/16a2/hdl/verilog/sc_util_v1_0_2_structs.svh
Duplicated file found; will not be sent for synthesis: /home/trakaros/tou_nikou/lab5_hw_hls/lab5_hw_hls.srcs/sources_1/bd/project_5/ipshared/16a2/hdl/sc_util_v1_0_vl_rfs.sv
Duplicated file found; will not be sent for synthesis: /home/trakaros/tou_nikou/lab5_hw_hls/lab5_hw_hls.srcs/sources_1/bd/project_5/ipshared/5300/hdl/sc_mmu_v1_0_vl_rfs.sv
Duplicated file found; will not be sent for synthesis: /home/trakaros/tou_nikou/lab5_hw_hls/lab5_hw_hls.srcs/sources_1/bd/project_5/ipshared/16a2/hdl/verilog/sc_util_v1_0_2_constants.vh
Duplicated file found; will not be sent for synthesis: /home/trakaros/tou_nikou/lab5_hw_hls/lab5_hw_hls.srcs/sources_1/bd/project_5/ipshared/16a2/hdl/verilog/sc_util_v1_0_2_structs.svh
Duplicated file found; will not be sent for synthesis: /home/trakaros/tou_nikou/lab5_hw_hls/lab5_hw_hls.srcs/sources_1/bd/project_5/ipshared/16a2/hdl/sc_util_v1_0_vl_rfs.sv
Duplicated file found; will not be sent for synthesis: /home/trakaros/tou_nikou/lab5_hw_hls/lab5_hw_hls.srcs/sources_1/bd/project_5/ipshared/3d93/hdl/sc_transaction_regulator_v1_0_vl_rfs.sv
Duplicated file found; will not be sent for synthesis: /home/trakaros/tou_nikou/lab5_hw_hls/lab5_hw_hls.srcs/sources_1/bd/project_5/ipshared/16a2/hdl/verilog/sc_util_v1_0_2_constants.vh
Duplicated file found; will not be sent for synthesis: /home/trakaros/tou_nikou/lab5_hw_hls/lab5_hw_hls.srcs/sources_1/bd/project_5/ipshared/16a2/hdl/verilog/sc_util_v1_0_2_structs.svh
Duplicated file found; will not be sent for synthesis: /home/trakaros/tou_nikou/lab5_hw_hls/lab5_hw_hls.srcs/sources_1/bd/project_5/ipshared/16a2/hdl/sc_util_v1_0_vl_rfs.sv
Duplicated file found; will not be sent for synthesis: /home/trakaros/tou_nikou/lab5_hw_hls/lab5_hw_hls.srcs/sources_1/bd/project_5/ipshared/cc66/hdl/sc_si_converter_v1_0_vl_rfs.sv
Duplicated file found; will not be sent for synthesis: /home/trakaros/tou_nikou/lab5_hw_hls/lab5_hw_hls.srcs/sources_1/bd/project_5/ipshared/16a2/hdl/verilog/sc_util_v1_0_2_constants.vh
Duplicated file found; will not be sent for synthesis: /home/trakaros/tou_nikou/lab5_hw_hls/lab5_hw_hls.srcs/sources_1/bd/project_5/ipshared/16a2/hdl/verilog/sc_util_v1_0_2_structs.svh
Duplicated file found; will not be sent for synthesis: /home/trakaros/tou_nikou/lab5_hw_hls/lab5_hw_hls.srcs/sources_1/bd/project_5/ipshared/16a2/hdl/sc_util_v1_0_vl_rfs.sv
Duplicated file found; will not be sent for synthesis: /home/trakaros/tou_nikou/lab5_hw_hls/lab5_hw_hls.srcs/sources_1/bd/project_5/ipshared/16a2/hdl/verilog/sc_util_v1_0_2_constants.vh
Duplicated file found; will not be sent for synthesis: /home/trakaros/tou_nikou/lab5_hw_hls/lab5_hw_hls.srcs/sources_1/bd/project_5/ipshared/16a2/hdl/verilog/sc_util_v1_0_2_structs.svh
Duplicated file found; will not be sent for synthesis: /home/trakaros/tou_nikou/lab5_hw_hls/lab5_hw_hls.srcs/sources_1/bd/project_5/ipshared/16a2/hdl/sc_util_v1_0_vl_rfs.sv
Duplicated file found; will not be sent for synthesis: /home/trakaros/tou_nikou/lab5_hw_hls/lab5_hw_hls.srcs/sources_1/bd/project_5/ipshared/7daf/hdl/sc_switchboard_v1_0_vl_rfs.sv
Duplicated file found; will not be sent for synthesis: /home/trakaros/tou_nikou/lab5_hw_hls/lab5_hw_hls.srcs/sources_1/bd/project_5/ipshared/16a2/hdl/verilog/sc_util_v1_0_2_constants.vh
Duplicated file found; will not be sent for synthesis: /home/trakaros/tou_nikou/lab5_hw_hls/lab5_hw_hls.srcs/sources_1/bd/project_5/ipshared/16a2/hdl/verilog/sc_util_v1_0_2_structs.svh
Duplicated file found; will not be sent for synthesis: /home/trakaros/tou_nikou/lab5_hw_hls/lab5_hw_hls.srcs/sources_1/bd/project_5/ipshared/16a2/hdl/sc_util_v1_0_vl_rfs.sv
Duplicated file found; will not be sent for synthesis: /home/trakaros/tou_nikou/lab5_hw_hls/lab5_hw_hls.srcs/sources_1/bd/project_5/ipshared/7daf/hdl/sc_switchboard_v1_0_vl_rfs.sv
Duplicated file found; will not be sent for synthesis: /home/trakaros/tou_nikou/lab5_hw_hls/lab5_hw_hls.srcs/sources_1/bd/project_5/ipshared/16a2/hdl/verilog/sc_util_v1_0_2_constants.vh
Duplicated file found; will not be sent for synthesis: /home/trakaros/tou_nikou/lab5_hw_hls/lab5_hw_hls.srcs/sources_1/bd/project_5/ipshared/16a2/hdl/verilog/sc_util_v1_0_2_structs.svh
Duplicated file found; will not be sent for synthesis: /home/trakaros/tou_nikou/lab5_hw_hls/lab5_hw_hls.srcs/sources_1/bd/project_5/ipshared/16a2/hdl/sc_util_v1_0_vl_rfs.sv
Duplicated file found; will not be sent for synthesis: /home/trakaros/tou_nikou/lab5_hw_hls/lab5_hw_hls.srcs/sources_1/bd/project_5/ipshared/7daf/hdl/sc_switchboard_v1_0_vl_rfs.sv
Duplicated file found; will not be sent for synthesis: /home/trakaros/tou_nikou/lab5_hw_hls/lab5_hw_hls.srcs/sources_1/bd/project_5/ipshared/16a2/hdl/verilog/sc_util_v1_0_2_constants.vh
Duplicated file found; will not be sent for synthesis: /home/trakaros/tou_nikou/lab5_hw_hls/lab5_hw_hls.srcs/sources_1/bd/project_5/ipshared/16a2/hdl/verilog/sc_util_v1_0_2_structs.svh
Duplicated file found; will not be sent for synthesis: /home/trakaros/tou_nikou/lab5_hw_hls/lab5_hw_hls.srcs/sources_1/bd/project_5/ipshared/16a2/hdl/sc_util_v1_0_vl_rfs.sv
Duplicated file found; will not be sent for synthesis: /home/trakaros/tou_nikou/lab5_hw_hls/lab5_hw_hls.srcs/sources_1/bd/project_5/ipshared/7daf/hdl/sc_switchboard_v1_0_vl_rfs.sv
CRC performance measure: elapsed=00:00:00s;;memory_peak=2150.023MB;;memory_gain=0.000MB
