16:59:53 INFO  : Registering command handlers for SDK TCF services
16:59:54 ERROR : Unsatisfied link error while loading librdi_repo_manager.dll: java.lang.UnsatisfiedLinkError: no librdi_repo_manager in java.library.path
16:59:54 INFO  : Launching XSCT server: xsct.bat -interactive C:\Users\user\Desktop\lab3_customIP\lab3_customIP\temp_xsdb_launch_script.tcl
16:59:54 ERROR : Error launching XSCT server
java.io.IOException: Cannot run program "xsct.bat": CreateProcess error=2, Δεν είναι δυνατή η εύρεση του καθορισμένου αρχείου από το σύστημα
	at java.lang.ProcessBuilder.start(Unknown Source)
	at java.lang.Runtime.exec(Unknown Source)
	at java.lang.Runtime.exec(Unknown Source)
	at java.lang.Runtime.exec(Unknown Source)
	at com.xilinx.sdk.xsdb.XSDBCommandManager.launchXsdbServer(XSDBCommandManager.java:283)
	at com.xilinx.sdk.xsdb.XSDBCommandManager.ensureServerIsLaunched(XSDBCommandManager.java:168)
	at com.xilinx.sdk.xsdb.XSDBCommandManager.access$1(XSDBCommandManager.java:166)
	at com.xilinx.sdk.xsdb.XSDBCommandManager$2.run(XSDBCommandManager.java:137)
	at org.eclipse.core.internal.jobs.Worker.run(Worker.java:55)
Caused by: java.io.IOException: CreateProcess error=2, Δεν είναι δυνατή η εύρεση του καθορισμένου αρχείου από το σύστημα
	at java.lang.ProcessImpl.create(Native Method)
	at java.lang.ProcessImpl.<init>(Unknown Source)
	at java.lang.ProcessImpl.start(Unknown Source)
	... 9 more
16:59:54 INFO  : Launching XSCT server: xsct.bat -interactive C:\Users\user\Desktop\lab3_customIP\lab3_customIP\temp_xsdb_launch_script.tcl
16:59:54 ERROR : Error launching XSCT server
java.io.IOException: Cannot run program "xsct.bat": CreateProcess error=2, Δεν είναι δυνατή η εύρεση του καθορισμένου αρχείου από το σύστημα
	at java.lang.ProcessBuilder.start(Unknown Source)
	at java.lang.Runtime.exec(Unknown Source)
	at java.lang.Runtime.exec(Unknown Source)
	at java.lang.Runtime.exec(Unknown Source)
	at com.xilinx.sdk.xsdb.XSDBCommandManager.launchXsdbServer(XSDBCommandManager.java:283)
	at com.xilinx.sdk.xsdb.XSDBCommandManager.ensureServerIsLaunched(XSDBCommandManager.java:168)
	at com.xilinx.sdk.xsdb.XSDBCommandManager.issueAndWait(XSDBCommandManager.java:388)
	at com.xilinx.sdk.xsdb.XsdbCommandUtils.executeAndRespond(XsdbCommandUtils.java:249)
	at com.xilinx.sdk.sw.internal.SwReposMan.<init>(SwReposMan.java:71)
	at com.xilinx.sdk.sw.SwDbUtils$SwReposManHolder.<clinit>(SwDbUtils.java:54)
	at com.xilinx.sdk.sw.SwDbUtils.getReposMan(SwDbUtils.java:67)
	at com.xilinx.sdk.startup.InitSDK$10.run(InitSDK.java:414)
	at org.eclipse.core.internal.jobs.Worker.run(Worker.java:55)
Caused by: java.io.IOException: CreateProcess error=2, Δεν είναι δυνατή η εύρεση του καθορισμένου αρχείου από το σύστημα
	at java.lang.ProcessImpl.create(Native Method)
	at java.lang.ProcessImpl.<init>(Unknown Source)
	at java.lang.ProcessImpl.start(Unknown Source)
	... 13 more
16:59:54 ERROR : Failed to call init_repo
Reason: xsct server communication channel is not established.
16:59:54 ERROR : Exception raised in executing the command =Failed to call init_repo
Reason: xsct server communication channel is not established. 
12:24:13 INFO  : Registering command handlers for SDK TCF services
12:24:14 INFO  : Launching XSCT server: xsct.bat -interactive C:\Users\user\Desktop\lab3_customIP\lab3_customIP\temp_xsdb_launch_script.tcl
13:27:11 INFO  : Registering command handlers for SDK TCF services
13:27:12 INFO  : Launching XSCT server: xsct.bat -interactive C:\Users\user\Desktop\lab3_customIP\lab3_customIP\temp_xsdb_launch_script.tcl
13:30:22 INFO  : Registering command handlers for SDK TCF services
13:30:23 INFO  : Launching XSCT server: xsct.bat -interactive C:\Users\user\Desktop\lab3_customIP\lab3_customIP\temp_xsdb_launch_script.tcl
13:32:33 INFO  : Registering command handlers for SDK TCF services
13:32:33 INFO  : Launching XSCT server: xsct.bat -interactive C:\Users\user\Desktop\lab3_customIP\lab3_customIP\temp_xsdb_launch_script.tcl
13:35:34 ERROR : Timed out. 180 seconds have elapsed while waiting for XSCT server to launch.
13:35:34 INFO  : Launching XSCT server: xsct.bat -interactive C:\Users\user\Desktop\lab3_customIP\lab3_customIP\temp_xsdb_launch_script.tcl
13:35:34 ERROR : Failed to call init_repo
Reason: xsct server communication channel is not established.
13:35:34 ERROR : Exception raised in executing the command =Failed to call init_repo
Reason: xsct server communication channel is not established. 
13:38:32 INFO  : Registering command handlers for SDK TCF services
13:38:33 INFO  : Launching XSCT server: xsct.bat -interactive C:\Users\user\Desktop\lab3_customIP\lab3_customIP\temp_xsdb_launch_script.tcl
15:05:04 INFO  : Registering command handlers for SDK TCF services
15:05:04 INFO  : Launching XSCT server: xsct.bat -interactive C:\Users\user\Desktop\lab3_customIP\lab3_customIP\temp_xsdb_launch_script.tcl
23:54:32 INFO  : Registering command handlers for SDK TCF services
23:54:35 INFO  : Launching XSCT server: xsct.bat -interactive C:\Users\user\Desktop\lab3_customIP\lab3_customIP\temp_xsdb_launch_script.tcl
23:55:10 INFO  : XSCT server has started successfully.
23:55:10 INFO  : Successfully done setting XSCT server connection channel  
23:55:20 INFO  : Successfully done setting SDK workspace  
