#-----------------------------------------------------------
# Vivado v2016.4 (64-bit)
# SW Build 1756540 on Mon Jan 23 19:11:23 MST 2017
# IP Build 1755317 on Mon Jan 23 20:30:07 MST 2017
# Start of session at: Fri Mar 24 20:24:25 2017
# Process ID: 5876
# Current directory: C:/Users/user/Desktop/lab3_customIP/lab3_customIP
# Command line: vivado.exe -gui_launcher_event rodinguilauncherevent10164 C:\Users\user\Desktop\lab3_customIP\lab3_customIP\lab3_customIP.xpr
# Log file: C:/Users/user/Desktop/lab3_customIP/lab3_customIP/vivado.log
# Journal file: C:/Users/user/Desktop/lab3_customIP/lab3_customIP\vivado.jou
#-----------------------------------------------------------
start_gui
open_project C:/Users/user/Desktop/lab3_customIP/lab3_customIP/lab3_customIP.xpr
Scanning sources...
Finished scanning sources
INFO: [IP_Flow 19-234] Refreshing IP repositories
INFO: [IP_Flow 19-1700] Loaded user IP repository 'c:/Users/user/Desktop/lab3_customIP/ip_repo/led_ip_1.0'.
INFO: [IP_Flow 19-2313] Loaded Vivado IP repository 'C:/Xilinx/Vivado/2016.4/data/ip'.
WARNING: [IP_Flow 19-3664] IP 'design_1_processing_system7_0_0' generated file not found 'c:/Users/user/Desktop/lab3_customIP/lab3_customIP/lab3_customIP.srcs/sources_1/bd/design_1/ip/design_1_processing_system7_0_0/sim/libps7.so'. Please regenerate to continue.
WARNING: [IP_Flow 19-3664] IP 'design_1_processing_system7_0_0' generated file not found 'c:/Users/user/Desktop/lab3_customIP/lab3_customIP/lab3_customIP.srcs/sources_1/bd/design_1/ip/design_1_processing_system7_0_0/sim/libremoteport.so'. Please regenerate to continue.
open_project: Time (s): cpu = 00:00:19 ; elapsed = 00:00:24 . Memory (MB): peak = 773.766 ; gain = 168.977
exit
INFO: [Common 17-206] Exiting Vivado at Fri Mar 24 20:26:04 2017...
