#-----------------------------------------------------------
# Vivado v2016.4 (64-bit)
# SW Build 1756540 on Mon Jan 23 19:11:23 MST 2017
# IP Build 1755317 on Mon Jan 23 20:30:07 MST 2017
# Start of session at: Thu Mar 30 00:27:46 2017
# Process ID: 8880
# Current directory: C:/Users/user/Desktop/lab3_customIP/lab3_customIP
# Command line: vivado.exe -gui_launcher_event rodinguilauncherevent2968 C:\Users\user\Desktop\lab3_customIP\lab3_customIP\lab3_customIP.xpr
# Log file: C:/Users/user/Desktop/lab3_customIP/lab3_customIP/vivado.log
# Journal file: C:/Users/user/Desktop/lab3_customIP/lab3_customIP\vivado.jou
#-----------------------------------------------------------
start_gui
open_project C:/Users/user/Desktop/lab3_customIP/lab3_customIP/lab3_customIP.xpr
Scanning sources...
Finished scanning sources
INFO: [IP_Flow 19-234] Refreshing IP repositories
INFO: [IP_Flow 19-1700] Loaded user IP repository 'c:/Users/user/Desktop/lab3_customIP/ip_repo/led_ip_1.0'.
INFO: [IP_Flow 19-2313] Loaded Vivado IP repository 'C:/Xilinx/Vivado/2016.4/data/ip'.
open_project: Time (s): cpu = 00:00:27 ; elapsed = 00:00:50 . Memory (MB): peak = 753.648 ; gain = 184.406
open_bd_design {C:/Users/user/Desktop/lab3_customIP/lab3_customIP/lab3_customIP.srcs/sources_1/bd/design_1/design_1.bd}
Adding cell -- xilinx.com:ip:processing_system7:5.5 - processing_system7_0
Adding cell -- xilinx.com:ip:axi_gpio:2.0 - sw_8bit
Adding cell -- xilinx.com:ip:proc_sys_reset:5.0 - rst_ps7_0_100M
Adding cell -- xilinx.com:ip:axi_gpio:2.0 - btns_5bit
Adding cell -- xilinx.com:user:led_ip:1.0 - led_ip
Adding cell -- xilinx.com:ip:axi_crossbar:2.1 - xbar
Adding cell -- xilinx.com:ip:axi_protocol_converter:2.1 - auto_pc
Successfully read diagram <design_1> from BD file <C:/Users/user/Desktop/lab3_customIP/lab3_customIP/lab3_customIP.srcs/sources_1/bd/design_1/design_1.bd>
open_bd_design: Time (s): cpu = 00:00:14 ; elapsed = 00:00:20 . Memory (MB): peak = 803.168 ; gain = 49.520
save_project_as lab3_HwDebug C:/Users/user/Desktop/lab3_customIP/lab3_HwDebug -force
Wrote  : <C:/Users/user/Desktop/lab3_customIP/lab3_HwDebug/lab3_HwDebug.srcs/sources_1/bd/design_1/ui/bd_1f5defd0.ui> 
save_project_as: Time (s): cpu = 00:00:10 ; elapsed = 00:00:38 . Memory (MB): peak = 845.480 ; gain = 14.445
exit
INFO: [Common 17-206] Exiting Vivado at Thu Mar 30 00:33:02 2017...
