
*** Running vivado
    with args -log design_1_axi_gpio_0_1.vds -m64 -product Vivado -mode batch -messageDb vivado.pb -notrace -source design_1_axi_gpio_0_1.tcl


****** Vivado v2016.4 (64-bit)
  **** SW Build 1756540 on Mon Jan 23 19:11:23 MST 2017
  **** IP Build 1755317 on Mon Jan 23 20:30:07 MST 2017
    ** Copyright 1986-2016 Xilinx, Inc. All Rights Reserved.

source design_1_axi_gpio_0_1.tcl -notrace
Starting RTL Elaboration : Time (s): cpu = 00:00:10 ; elapsed = 00:00:14 . Memory (MB): peak = 333.895 ; gain = 124.297
INFO: [Synth 8-638] synthesizing module 'design_1_axi_gpio_0_1' [c:/Users/user/Desktop/lab2_simple_arm/lab2_simple_arm/lab2_simple_arm.srcs/sources_1/bd/design_1/ip/design_1_axi_gpio_0_1/synth/design_1_axi_gpio_0_1.vhd:84]
INFO: [Synth 8-638] synthesizing module 'axi_gpio' [c:/Users/user/Desktop/lab2_simple_arm/lab2_simple_arm/lab2_simple_arm.srcs/sources_1/bd/design_1/ipshared/4f16/hdl/axi_gpio_v2_0_vh_rfs.vhd:1091]
INFO: [Synth 8-638] synthesizing module 'axi_lite_ipif' [c:/Users/user/Desktop/lab2_simple_arm/lab2_simple_arm/lab2_simple_arm.srcs/sources_1/bd/design_1/ipshared/0ba0/hdl/axi_lite_ipif_v3_0_vh_rfs.vhd:2948]
INFO: [Synth 8-638] synthesizing module 'slave_attachment' [c:/Users/user/Desktop/lab2_simple_arm/lab2_simple_arm/lab2_simple_arm.srcs/sources_1/bd/design_1/ipshared/0ba0/hdl/axi_lite_ipif_v3_0_vh_rfs.vhd:2341]
INFO: [Synth 8-638] synthesizing module 'address_decoder' [c:/Users/user/Desktop/lab2_simple_arm/lab2_simple_arm/lab2_simple_arm.srcs/sources_1/bd/design_1/ipshared/0ba0/hdl/axi_lite_ipif_v3_0_vh_rfs.vhd:1775]
INFO: [Synth 8-638] synthesizing module 'pselect_f' [c:/Users/user/Desktop/lab2_simple_arm/lab2_simple_arm/lab2_simple_arm.srcs/sources_1/bd/design_1/ipshared/0ba0/hdl/axi_lite_ipif_v3_0_vh_rfs.vhd:1534]
INFO: [Synth 8-256] done synthesizing module 'pselect_f' (1#1) [c:/Users/user/Desktop/lab2_simple_arm/lab2_simple_arm/lab2_simple_arm.srcs/sources_1/bd/design_1/ipshared/0ba0/hdl/axi_lite_ipif_v3_0_vh_rfs.vhd:1534]
INFO: [Synth 8-638] synthesizing module 'pselect_f__parameterized0' [c:/Users/user/Desktop/lab2_simple_arm/lab2_simple_arm/lab2_simple_arm.srcs/sources_1/bd/design_1/ipshared/0ba0/hdl/axi_lite_ipif_v3_0_vh_rfs.vhd:1534]
INFO: [Synth 8-256] done synthesizing module 'pselect_f__parameterized0' (1#1) [c:/Users/user/Desktop/lab2_simple_arm/lab2_simple_arm/lab2_simple_arm.srcs/sources_1/bd/design_1/ipshared/0ba0/hdl/axi_lite_ipif_v3_0_vh_rfs.vhd:1534]
INFO: [Synth 8-638] synthesizing module 'pselect_f__parameterized1' [c:/Users/user/Desktop/lab2_simple_arm/lab2_simple_arm/lab2_simple_arm.srcs/sources_1/bd/design_1/ipshared/0ba0/hdl/axi_lite_ipif_v3_0_vh_rfs.vhd:1534]
INFO: [Synth 8-256] done synthesizing module 'pselect_f__parameterized1' (1#1) [c:/Users/user/Desktop/lab2_simple_arm/lab2_simple_arm/lab2_simple_arm.srcs/sources_1/bd/design_1/ipshared/0ba0/hdl/axi_lite_ipif_v3_0_vh_rfs.vhd:1534]
INFO: [Synth 8-638] synthesizing module 'pselect_f__parameterized2' [c:/Users/user/Desktop/lab2_simple_arm/lab2_simple_arm/lab2_simple_arm.srcs/sources_1/bd/design_1/ipshared/0ba0/hdl/axi_lite_ipif_v3_0_vh_rfs.vhd:1534]
INFO: [Synth 8-256] done synthesizing module 'pselect_f__parameterized2' (1#1) [c:/Users/user/Desktop/lab2_simple_arm/lab2_simple_arm/lab2_simple_arm.srcs/sources_1/bd/design_1/ipshared/0ba0/hdl/axi_lite_ipif_v3_0_vh_rfs.vhd:1534]
INFO: [Synth 8-256] done synthesizing module 'address_decoder' (2#1) [c:/Users/user/Desktop/lab2_simple_arm/lab2_simple_arm/lab2_simple_arm.srcs/sources_1/bd/design_1/ipshared/0ba0/hdl/axi_lite_ipif_v3_0_vh_rfs.vhd:1775]
INFO: [Synth 8-256] done synthesizing module 'slave_attachment' (3#1) [c:/Users/user/Desktop/lab2_simple_arm/lab2_simple_arm/lab2_simple_arm.srcs/sources_1/bd/design_1/ipshared/0ba0/hdl/axi_lite_ipif_v3_0_vh_rfs.vhd:2341]
INFO: [Synth 8-256] done synthesizing module 'axi_lite_ipif' (4#1) [c:/Users/user/Desktop/lab2_simple_arm/lab2_simple_arm/lab2_simple_arm.srcs/sources_1/bd/design_1/ipshared/0ba0/hdl/axi_lite_ipif_v3_0_vh_rfs.vhd:2948]
INFO: [Synth 8-638] synthesizing module 'GPIO_Core' [c:/Users/user/Desktop/lab2_simple_arm/lab2_simple_arm/lab2_simple_arm.srcs/sources_1/bd/design_1/ipshared/4f16/hdl/axi_gpio_v2_0_vh_rfs.vhd:173]
INFO: [Synth 8-638] synthesizing module 'cdc_sync' [c:/Users/user/Desktop/lab2_simple_arm/lab2_simple_arm/lab2_simple_arm.srcs/sources_1/bd/design_1/ipshared/52cb/hdl/lib_cdc_v1_0_rfs.vhd:106]
INFO: [Synth 8-256] done synthesizing module 'cdc_sync' (5#1) [c:/Users/user/Desktop/lab2_simple_arm/lab2_simple_arm/lab2_simple_arm.srcs/sources_1/bd/design_1/ipshared/52cb/hdl/lib_cdc_v1_0_rfs.vhd:106]
INFO: [Synth 8-256] done synthesizing module 'GPIO_Core' (6#1) [c:/Users/user/Desktop/lab2_simple_arm/lab2_simple_arm/lab2_simple_arm.srcs/sources_1/bd/design_1/ipshared/4f16/hdl/axi_gpio_v2_0_vh_rfs.vhd:173]
INFO: [Synth 8-256] done synthesizing module 'axi_gpio' (7#1) [c:/Users/user/Desktop/lab2_simple_arm/lab2_simple_arm/lab2_simple_arm.srcs/sources_1/bd/design_1/ipshared/4f16/hdl/axi_gpio_v2_0_vh_rfs.vhd:1091]
INFO: [Synth 8-256] done synthesizing module 'design_1_axi_gpio_0_1' (8#1) [c:/Users/user/Desktop/lab2_simple_arm/lab2_simple_arm/lab2_simple_arm.srcs/sources_1/bd/design_1/ip/design_1_axi_gpio_0_1/synth/design_1_axi_gpio_0_1.vhd:84]
Finished RTL Elaboration : Time (s): cpu = 00:00:12 ; elapsed = 00:00:16 . Memory (MB): peak = 372.160 ; gain = 162.563
Finished RTL Optimization Phase 1 : Time (s): cpu = 00:00:12 ; elapsed = 00:00:16 . Memory (MB): peak = 372.160 ; gain = 162.563
INFO: [Device 21-403] Loading part xc7z020clg484-1
Constraint Validation Runtime : Time (s): cpu = 00:00:00 ; elapsed = 00:00:00.034 . Memory (MB): peak = 691.484 ; gain = 0.000
Finished Constraint Validation : Time (s): cpu = 00:00:26 ; elapsed = 00:00:31 . Memory (MB): peak = 691.484 ; gain = 481.887
Finished Loading Part and Timing Information : Time (s): cpu = 00:00:26 ; elapsed = 00:00:31 . Memory (MB): peak = 691.484 ; gain = 481.887
Finished applying 'set_property' XDC Constraints : Time (s): cpu = 00:00:26 ; elapsed = 00:00:31 . Memory (MB): peak = 691.484 ; gain = 481.887
Finished RTL Optimization Phase 2 : Time (s): cpu = 00:00:27 ; elapsed = 00:00:32 . Memory (MB): peak = 691.484 ; gain = 481.887
Finished Cross Boundary and Area Optimization : Time (s): cpu = 00:00:27 ; elapsed = 00:00:33 . Memory (MB): peak = 691.484 ; gain = 481.887
Finished Applying XDC Timing Constraints : Time (s): cpu = 00:00:43 ; elapsed = 00:00:48 . Memory (MB): peak = 691.484 ; gain = 481.887
Finished Timing Optimization : Time (s): cpu = 00:00:43 ; elapsed = 00:00:48 . Memory (MB): peak = 691.484 ; gain = 481.887
Finished Technology Mapping : Time (s): cpu = 00:00:43 ; elapsed = 00:00:49 . Memory (MB): peak = 691.484 ; gain = 481.887
Finished IO Insertion : Time (s): cpu = 00:00:44 ; elapsed = 00:00:49 . Memory (MB): peak = 691.484 ; gain = 481.887
Finished Renaming Generated Instances : Time (s): cpu = 00:00:44 ; elapsed = 00:00:49 . Memory (MB): peak = 691.484 ; gain = 481.887
Finished Rebuilding User Hierarchy : Time (s): cpu = 00:00:44 ; elapsed = 00:00:49 . Memory (MB): peak = 691.484 ; gain = 481.887
Finished Renaming Generated Ports : Time (s): cpu = 00:00:44 ; elapsed = 00:00:50 . Memory (MB): peak = 691.484 ; gain = 481.887
Finished Handling Custom Attributes : Time (s): cpu = 00:00:44 ; elapsed = 00:00:50 . Memory (MB): peak = 691.484 ; gain = 481.887
Finished Renaming Generated Nets : Time (s): cpu = 00:00:44 ; elapsed = 00:00:50 . Memory (MB): peak = 691.484 ; gain = 481.887

Report Cell Usage: 
+------+-----+------+
|      |Cell |Count |
+------+-----+------+
|1     |LUT1 |     2|
|2     |LUT2 |     5|
|3     |LUT3 |     4|
|4     |LUT4 |     8|
|5     |LUT5 |    11|
|6     |LUT6 |    11|
|7     |FDR  |    20|
|8     |FDRE |    46|
|9     |FDSE |     5|
+------+-----+------+
Finished Writing Synthesis Report : Time (s): cpu = 00:00:44 ; elapsed = 00:00:50 . Memory (MB): peak = 691.484 ; gain = 481.887
synth_design: Time (s): cpu = 00:00:41 ; elapsed = 00:00:43 . Memory (MB): peak = 691.484 ; gain = 439.867
