#-----------------------------------------------------------
# Webtalk v2017.1 (64-bit)
# SW Build 1846317 on Fri Apr 14 18:54:47 MDT 2017
# 
# Start of session at: Wed May 24 16:47:13 2017
# Process ID: 25210
# Current directory: /home/trakaros/tou_nikou/lab5_custom/lab4_custom.sdk/webtalk
# Command line: wbtcv -mode batch -source sdk_webtalk.tcl
# Log file: /home/trakaros/tou_nikou/lab5_custom/lab4_custom.sdk/webtalk/webtalk.log
# Journal file: /home/trakaros/tou_nikou/lab5_custom/lab4_custom.sdk/webtalk/webtalk.jou
#-----------------------------------------------------------
source sdk_webtalk.tcl
# webtalk_init -webtalk_dir /home/trakaros/tou_nikou/lab5_custom/lab4_custom.sdk/webtalk
# webtalk_register_client -client project
# webtalk_add_data -client project -key date_generated -value "2017-05-24 16:47:08" -context "software_version_and_target_device"
# webtalk_add_data -client project -key product_version -value "SDK v2017.1" -context "software_version_and_target_device"
# webtalk_add_data -client project -key build_version -value "2017.1" -context "software_version_and_target_device"
# webtalk_add_data -client project -key os_platform -value "amd64" -context "software_version_and_target_device"
# webtalk_add_data -client project -key registration_id -value "" -context "software_version_and_target_device"
# webtalk_add_data -client project -key tool_flow -value "SDK" -context "software_version_and_target_device"
# webtalk_add_data -client project -key beta -value "false" -context "software_version_and_target_device"
# webtalk_add_data -client project -key route_design -value "NA" -context "software_version_and_target_device"
# webtalk_add_data -client project -key target_family -value "NA" -context "software_version_and_target_device"
# webtalk_add_data -client project -key target_device -value "NA" -context "software_version_and_target_device"
# webtalk_add_data -client project -key target_package -value "NA" -context "software_version_and_target_device"
# webtalk_add_data -client project -key target_speed -value "NA" -context "software_version_and_target_device"
# webtalk_add_data -client project -key random_id -value "uc9bdac1uo7kmk2msm8ussujhb" -context "software_version_and_target_device"
# webtalk_add_data -client project -key project_id -value "2017.1_2" -context "software_version_and_target_device"
# webtalk_add_data -client project -key project_iteration -value "2" -context "software_version_and_target_device"
# webtalk_add_data -client project -key os_name -value "Ubuntu" -context "user_environment"
# webtalk_add_data -client project -key os_release -value "Ubuntu 16.04 LTS" -context "user_environment"
# webtalk_add_data -client project -key cpu_name -value "Intel(R) Core(TM) i5-5200U CPU @ 2.20GHz" -context "user_environment"
# webtalk_add_data -client project -key cpu_speed -value "2110.281 MHz" -context "user_environment"
# webtalk_add_data -client project -key total_processors -value "1" -context "user_environment"
# webtalk_add_data -client project -key system_ram -value "4,000 GB" -context "user_environment"
# webtalk_register_client -client sdk
# webtalk_add_data -client sdk -key uid -value "1495623140000" -context "sdk\\\\hardware/1495623140000"
# webtalk_add_data -client sdk -key isZynq -value "true" -context "sdk\\\\hardware/1495623140000"
# webtalk_add_data -client sdk -key isZynqMP -value "false" -context "sdk\\\\hardware/1495623140000"
# webtalk_add_data -client sdk -key Processors -value "2" -context "sdk\\\\hardware/1495623140000"
# webtalk_add_data -client sdk -key VivadoVersion -value "2016.4" -context "sdk\\\\hardware/1495623140000"
# webtalk_add_data -client sdk -key Arch -value "zynq" -context "sdk\\\\hardware/1495623140000"
# webtalk_add_data -client sdk -key Device -value "7z020" -context "sdk\\\\hardware/1495623140000"
# webtalk_add_data -client sdk -key IsHandoff -value "true" -context "sdk\\\\hardware/1495623140000"
# webtalk_add_data -client sdk -key os -value "NA" -context "sdk\\\\hardware/1495623140000"
# webtalk_add_data -client sdk -key apptemplate -value "NA" -context "sdk\\\\hardware/1495623140000"
# webtalk_add_data -client sdk -key RecordType -value "HWCreation" -context "sdk\\\\hardware/1495623140000"
# webtalk_add_data -client sdk -key uid -value "1495623176000" -context "sdk\\\\bsp/1495623176000"
# webtalk_add_data -client sdk -key hwid -value "1495623140000" -context "sdk\\\\bsp/1495623176000"
# webtalk_add_data -client sdk -key os -value "standalone" -context "sdk\\\\bsp/1495623176000"
# webtalk_add_data -client sdk -key apptemplate -value "hello_world" -context "sdk\\\\bsp/1495623176000"
# webtalk_add_data -client sdk -key RecordType -value "BSPCreation" -context "sdk\\\\bsp/1495623176000"
# webtalk_add_data -client sdk -key uid -value "1495623181000" -context "sdk\\\\application/1495623181000"
# webtalk_add_data -client sdk -key hwid -value "1495623140000" -context "sdk\\\\application/1495623181000"
# webtalk_add_data -client sdk -key bspid -value "1495623176000" -context "sdk\\\\application/1495623181000"
# webtalk_add_data -client sdk -key newbsp -value "true" -context "sdk\\\\application/1495623181000"
# webtalk_add_data -client sdk -key os -value "standalone" -context "sdk\\\\application/1495623181000"
# webtalk_add_data -client sdk -key apptemplate -value "hello_world" -context "sdk\\\\application/1495623181000"
# webtalk_add_data -client sdk -key RecordType -value "APPCreation" -context "sdk\\\\application/1495623181000"
# webtalk_add_data -client sdk -key LangUsed -value "C" -context "sdk\\\\application/1495623181000"
# webtalk_add_data -client sdk -key Procused -value "ps7_cortexa9" -context "sdk\\\\application/1495623181000"
# webtalk_add_data -client sdk -key uid -value "1495624636000" -context "sdk\\\\bsp/1495624636000"
# webtalk_add_data -client sdk -key hwid -value "1495623140000" -context "sdk\\\\bsp/1495624636000"
# webtalk_add_data -client sdk -key os -value "standalone" -context "sdk\\\\bsp/1495624636000"
# webtalk_add_data -client sdk -key apptemplate -value "null" -context "sdk\\\\bsp/1495624636000"
# webtalk_add_data -client sdk -key RecordType -value "BSPCreation" -context "sdk\\\\bsp/1495624636000"
# webtalk_add_data -client sdk -key uid -value "1495624809000" -context "sdk\\\\bsp/1495624809000"
# webtalk_add_data -client sdk -key hwid -value "1495623140000" -context "sdk\\\\bsp/1495624809000"
# webtalk_add_data -client sdk -key os -value "standalone" -context "sdk\\\\bsp/1495624809000"
# webtalk_add_data -client sdk -key apptemplate -value "hello_world" -context "sdk\\\\bsp/1495624809000"
# webtalk_add_data -client sdk -key RecordType -value "BSPCreation" -context "sdk\\\\bsp/1495624809000"
# webtalk_add_data -client sdk -key projSize -value "162.96875" -context "sdk\\\\bsp/1495624809000"
# webtalk_add_data -client sdk -key uid -value "1495624809000" -context "sdk\\\\application/1495624809000"
# webtalk_add_data -client sdk -key hwid -value "1495623140000" -context "sdk\\\\application/1495624809000"
# webtalk_add_data -client sdk -key bspid -value "1495624809000" -context "sdk\\\\application/1495624809000"
# webtalk_add_data -client sdk -key newbsp -value "true" -context "sdk\\\\application/1495624809000"
# webtalk_add_data -client sdk -key os -value "standalone" -context "sdk\\\\application/1495624809000"
# webtalk_add_data -client sdk -key apptemplate -value "hello_world" -context "sdk\\\\application/1495624809000"
# webtalk_add_data -client sdk -key RecordType -value "APPCreation" -context "sdk\\\\application/1495624809000"
# webtalk_add_data -client sdk -key LangUsed -value "C" -context "sdk\\\\application/1495624809000"
# webtalk_add_data -client sdk -key Procused -value "ps7_cortexa9" -context "sdk\\\\application/1495624809000"
# webtalk_add_data -client sdk -key projSize -value "162.96875" -context "sdk\\\\application/1495624809000"
# webtalk_add_data -client sdk -key uid -value "NA" -context "sdk\\\\bsp/1495633628225"
# webtalk_add_data -client sdk -key RecordType -value "ToolUsage" -context "sdk\\\\bsp/1495633628225"
# webtalk_add_data -client sdk -key BootgenCount -value "0" -context "sdk\\\\bsp/1495633628225"
# webtalk_add_data -client sdk -key DebugCount -value "0" -context "sdk\\\\bsp/1495633628225"
# webtalk_add_data -client sdk -key PerfCount -value "0" -context "sdk\\\\bsp/1495633628225"
# webtalk_add_data -client sdk -key FlashCount -value "0" -context "sdk\\\\bsp/1495633628225"
# webtalk_add_data -client sdk -key CrossTriggCount -value "0" -context "sdk\\\\bsp/1495633628225"
# webtalk_add_data -client sdk -key QemuDebugCount -value "0" -context "sdk\\\\bsp/1495633628225"
# webtalk_transmit -clientid 2759362856 -regid "" -xml /home/trakaros/tou_nikou/lab5_custom/lab4_custom.sdk/webtalk/usage_statistics_ext_sdk.xml -html /home/trakaros/tou_nikou/lab5_custom/lab4_custom.sdk/webtalk/usage_statistics_ext_sdk.html -wdm /home/trakaros/tou_nikou/lab5_custom/lab4_custom.sdk/webtalk/sdk_webtalk.wdm -intro "<H3>SDK Usage Report</H3><BR>"
INFO: [Common 17-186] '/home/trakaros/tou_nikou/lab5_custom/lab4_custom.sdk/webtalk/usage_statistics_ext_sdk.xml' has been successfully sent to Xilinx on Wed May 24 16:47:16 2017. For additional details about this file, please refer to the WebTalk help file at /opt/Xilinx/SDK/2017.1/doc/webtalk_introduction.html.
# webtalk_terminate
INFO: [Common 17-206] Exiting Webtalk at Wed May 24 16:47:16 2017...
