15:09:23 INFO  : Registering command handlers for SDK TCF services
15:09:25 INFO  : Launching XSCT server: xsct.bat -interactive C:\Users\user\Desktop\lab2_simple_arm\lab2_simple_arm\lab2_simple_arm.sdk\temp_xsdb_launch_script.tcl
15:09:35 INFO  : XSCT server has started successfully.
15:09:55 INFO  : Successfully done setting XSCT server connection channel  
15:09:55 INFO  : Successfully done setting SDK workspace  
15:09:55 INFO  : Processing command line option -hwspec C:/Users/user/Desktop/lab2_simple_arm/lab2_simple_arm/lab2_simple_arm.sdk/design_1_wrapper.hdf.
15:34:59 ERROR : Unexpected error while launching BSP settings dialog: 
org.eclipse.core.commands.ExecutionException: Internal error.
	at com.xilinx.sdk.sw.ui.BspSettingsFlow.executeFlowInternal(BspSettingsFlow.java:118)
	at com.xilinx.sdk.sw.ui.BspSettingsFlow.executeFlow(BspSettingsFlow.java:78)
	at com.xilinx.sdk.sw.ui.internal.editors.MSSViewer$1.widgetSelected(MSSViewer.java:150)
	at org.eclipse.swt.widgets.TypedListener.handleEvent(TypedListener.java:248)
	at org.eclipse.swt.widgets.EventTable.sendEvent(EventTable.java:84)
	at org.eclipse.swt.widgets.Display.sendEvent(Display.java:4362)
	at org.eclipse.swt.widgets.Widget.sendEvent(Widget.java:1113)
	at org.eclipse.swt.widgets.Display.runDeferredEvents(Display.java:4180)
	at org.eclipse.swt.widgets.Display.readAndDispatch(Display.java:3769)
	at org.eclipse.e4.ui.internal.workbench.swt.PartRenderingEngine$4.run(PartRenderingEngine.java:1127)
	at org.eclipse.core.databinding.observable.Realm.runWithDefault(Realm.java:337)
	at org.eclipse.e4.ui.internal.workbench.swt.PartRenderingEngine.run(PartRenderingEngine.java:1018)
	at org.eclipse.e4.ui.internal.workbench.E4Workbench.createAndRunUI(E4Workbench.java:156)
	at org.eclipse.ui.internal.Workbench$5.run(Workbench.java:654)
	at org.eclipse.core.databinding.observable.Realm.runWithDefault(Realm.java:337)
	at org.eclipse.ui.internal.Workbench.createAndRunWorkbench(Workbench.java:598)
	at org.eclipse.ui.PlatformUI.createAndRunWorkbench(PlatformUI.java:150)
	at org.eclipse.ui.internal.ide.application.IDEApplication.start(IDEApplication.java:139)
	at org.eclipse.equinox.internal.app.EclipseAppHandle.run(EclipseAppHandle.java:196)
	at org.eclipse.core.runtime.internal.adaptor.EclipseAppLauncher.runApplication(EclipseAppLauncher.java:134)
	at org.eclipse.core.runtime.internal.adaptor.EclipseAppLauncher.start(EclipseAppLauncher.java:104)
	at org.eclipse.core.runtime.adaptor.EclipseStarter.run(EclipseStarter.java:380)
	at org.eclipse.core.runtime.adaptor.EclipseStarter.run(EclipseStarter.java:235)
	at sun.reflect.NativeMethodAccessorImpl.invoke0(Native Method)
	at sun.reflect.NativeMethodAccessorImpl.invoke(NativeMethodAccessorImpl.java:62)
	at sun.reflect.DelegatingMethodAccessorImpl.invoke(DelegatingMethodAccessorImpl.java:43)
	at java.lang.reflect.Method.invoke(Method.java:497)
	at org.eclipse.equinox.launcher.Main.invokeFramework(Main.java:669)
	at org.eclipse.equinox.launcher.Main.basicRun(Main.java:608)
	at org.eclipse.equinox.launcher.Main.run(Main.java:1515)
Caused by: org.eclipse.core.runtime.OperationCanceledException
	at org.eclipse.core.internal.jobs.ThreadJob.waitForRun(ThreadJob.java:235)
	at org.eclipse.core.internal.jobs.ThreadJob.joinRun(ThreadJob.java:197)
	at org.eclipse.core.internal.jobs.ImplicitJobs.begin(ImplicitJobs.java:92)
	at org.eclipse.core.internal.jobs.JobManager.beginRule(JobManager.java:307)
	at org.eclipse.core.internal.resources.WorkManager.checkIn(WorkManager.java:120)
	at org.eclipse.core.internal.resources.Workspace.prepareOperation(Workspace.java:2189)
	at org.eclipse.core.internal.resources.Resource.refreshLocal(Resource.java:1585)
	at com.xilinx.sdk.sw.ui.BspSettingsFlow.executeFlowInternal(BspSettingsFlow.java:111)
	... 29 more
15:36:26 INFO  : No changes in MSS file content so not generating sources.
16:16:51 INFO  : Refreshed build settings on project lab2_simple
16:22:08 INFO  : Refreshed build settings on project lab2_simple
17:02:42 INFO  : Registering command handlers for SDK TCF services
17:02:44 INFO  : Launching XSCT server: xsct.bat -interactive C:\Users\user\Desktop\lab2_simple_arm\lab2_simple_arm\lab2_simple_arm.sdk\temp_xsdb_launch_script.tcl
17:02:54 INFO  : XSCT server has started successfully.
17:03:14 INFO  : Successfully done setting XSCT server connection channel  
17:03:14 INFO  : Processing command line option -hwspec C:/Users/user/Desktop/lab2_simple_arm/lab2_simple_arm/lab2_simple_arm.sdk/design_1_wrapper.hdf.
17:03:20 INFO  : Successfully done setting SDK workspace  
17:03:22 INFO  : Checking for hwspec changes in the project hw_platform_0.
17:04:52 ERROR : Failed to closesw "C:/Users/user/Desktop/lab2_simple_arm/lab2_simple_arm/lab2_simple_arm.sdk/lab2_simple_bsp_0/system.mss"
Reason: Cannot close sw design 'C:/Users/user/Desktop/lab2_simple_arm/lab2_simple_arm/lab2_simple_arm.sdk/lab2_simple_bsp_0/system.mss'.
Design is not opened in the current session.


17:08:46 INFO  : Launching XSCT server: xsct.bat -interactive C:\Users\user\Desktop\lab2_simple_arm\lab2_simple_arm\lab2_simple_arm.sdk\temp_xsdb_launch_script.tcl
17:08:48 INFO  : XSCT server has started successfully.
17:08:48 INFO  : Successfully done setting XSCT server connection channel  
17:08:49 INFO  : Successfully done setting SDK workspace  
17:08:54 INFO  : Registering command handlers for SDK TCF services
17:08:54 INFO  : Processing command line option -hwspec C:/Users/user/Desktop/lab2_simple_arm/lab2_simple_arm/lab2_simple_arm.sdk/design_1_wrapper.hdf.
17:08:55 INFO  : Checking for hwspec changes in the project hw_platform_0.
13:39:22 INFO  : Registering command handlers for SDK TCF services
13:39:23 INFO  : Launching XSCT server: xsct.bat -interactive C:\Users\user\Desktop\lab2_simple_arm\lab2_simple_arm\lab2_simple_arm.sdk\temp_xsdb_launch_script.tcl
13:39:32 INFO  : XSCT server has started successfully.
13:39:50 INFO  : Successfully done setting XSCT server connection channel  
13:39:50 INFO  : Successfully done setting SDK workspace  
13:39:50 INFO  : Processing command line option -hwspec C:/Users/user/Desktop/lab2_simple_arm/lab2_simple_arm/lab2_simple_arm.sdk/design_1_wrapper.hdf.
13:39:50 INFO  : Checking for hwspec changes in the project hw_platform_0.
14:10:17 INFO  : Connected to target on host '127.0.0.1' and port '3121'.
14:11:04 INFO  : Connected to target on host '127.0.0.1' and port '3121'.
14:12:06 INFO  : Connected to target on host '127.0.0.1' and port '3121'.
14:12:15 INFO  : Connected to target on host '127.0.0.1' and port '3121'.
14:14:33 INFO  : Connected to target on host '127.0.0.1' and port '3121'.
14:15:31 INFO  : Connected to target on host '127.0.0.1' and port '3121'.
14:15:45 INFO  : Connected to target on host '127.0.0.1' and port '3121'.
14:16:51 INFO  : Connected to target on host '127.0.0.1' and port '3121'.
14:23:17 INFO  : Connected to target on host '127.0.0.1' and port '3121'.
14:23:17 INFO  : 'targets -set -filter {jtag_cable_name =~ "Digilent Zed 210248650939" && level==0} -index 1' command is executed.
14:23:20 INFO  : FPGA configured successfully with bitstream "C:/Users/user/Desktop/lab2_simple_arm/lab2_simple_arm/lab2_simple_arm.sdk/hw_platform_0/design_1_wrapper.bit"
14:26:28 ERROR : Unexpected error while launching program.
java.lang.RuntimeException: Error while running ps7_init method.
No Elf file associated with target


	at com.xilinx.sdk.targetmanager.internal.TM.run_ps7_init(TM.java:1089)
	at com.xilinx.sdk.debug.core.XilinxAppLaunchConfigurationDelegate.runTargetSetup(XilinxAppLaunchConfigurationDelegate.java:514)
	at com.xilinx.sdk.debug.core.XilinxAppLaunchConfigurationDelegate.runApplication(XilinxAppLaunchConfigurationDelegate.java:616)
	at com.xilinx.sdk.debug.core.XilinxAppLaunchConfigurationDelegate.launch(XilinxAppLaunchConfigurationDelegate.java:309)
	at com.xilinx.sdk.debug.ui.XilinxAppLaunchDelegateWrapper.launch(XilinxAppLaunchDelegateWrapper.java:31)
	at org.eclipse.debug.internal.core.LaunchConfiguration.launch(LaunchConfiguration.java:885)
	at org.eclipse.debug.internal.core.LaunchConfiguration.launch(LaunchConfiguration.java:739)
	at org.eclipse.debug.internal.ui.DebugUIPlugin.buildAndLaunch(DebugUIPlugin.java:1039)
	at org.eclipse.debug.internal.ui.DebugUIPlugin$8.run(DebugUIPlugin.java:1256)
	at org.eclipse.core.internal.jobs.Worker.run(Worker.java:55)
14:29:43 INFO  : Connected to target on host '127.0.0.1' and port '3121'.
14:29:44 INFO  : 'targets -set -filter {jtag_cable_name =~ "Digilent Zed 210248650939" && level==0} -index 1' command is executed.
14:29:48 INFO  : FPGA configured successfully with bitstream "C:/Users/user/Desktop/lab2_simple_arm/lab2_simple_arm/lab2_simple_arm.sdk/hw_platform_0/design_1_wrapper.bit"
14:30:04 ERROR : Unexpected error while launching program.
java.lang.RuntimeException: Error while running ps7_init method.
No Elf file associated with target


	at com.xilinx.sdk.targetmanager.internal.TM.run_ps7_init(TM.java:1089)
	at com.xilinx.sdk.debug.core.XilinxAppLaunchConfigurationDelegate.runTargetSetup(XilinxAppLaunchConfigurationDelegate.java:514)
	at com.xilinx.sdk.debug.core.XilinxAppLaunchConfigurationDelegate.runApplication(XilinxAppLaunchConfigurationDelegate.java:616)
	at com.xilinx.sdk.debug.core.XilinxAppLaunchConfigurationDelegate.launch(XilinxAppLaunchConfigurationDelegate.java:309)
	at com.xilinx.sdk.debug.ui.XilinxAppLaunchDelegateWrapper.launch(XilinxAppLaunchDelegateWrapper.java:31)
	at org.eclipse.debug.internal.core.LaunchConfiguration.launch(LaunchConfiguration.java:885)
	at org.eclipse.debug.internal.core.LaunchConfiguration.launch(LaunchConfiguration.java:739)
	at org.eclipse.debug.internal.ui.DebugUIPlugin.buildAndLaunch(DebugUIPlugin.java:1039)
	at org.eclipse.debug.internal.ui.DebugUIPlugin$8.run(DebugUIPlugin.java:1256)
	at org.eclipse.core.internal.jobs.Worker.run(Worker.java:55)
14:33:14 INFO  : Connected to target on host '127.0.0.1' and port '3121'.
14:33:15 INFO  : 'targets -set -filter {jtag_cable_name =~ "Digilent Zed 210248650939" && level==0} -index 1' command is executed.
14:33:17 INFO  : FPGA configured successfully with bitstream "C:/Users/user/Desktop/lab2_simple_arm/lab2_simple_arm/lab2_simple_arm.sdk/hw_platform_0/design_1_wrapper.bit"
14:33:38 ERROR : Unexpected error while launching program.
java.lang.RuntimeException: Error while running ps7_init method.
No Elf file associated with target


	at com.xilinx.sdk.targetmanager.internal.TM.run_ps7_init(TM.java:1089)
	at com.xilinx.sdk.debug.core.XilinxAppLaunchConfigurationDelegate.runTargetSetup(XilinxAppLaunchConfigurationDelegate.java:514)
	at com.xilinx.sdk.debug.core.XilinxAppLaunchConfigurationDelegate.runApplication(XilinxAppLaunchConfigurationDelegate.java:616)
	at com.xilinx.sdk.debug.core.XilinxAppLaunchConfigurationDelegate.launch(XilinxAppLaunchConfigurationDelegate.java:309)
	at com.xilinx.sdk.debug.ui.XilinxAppLaunchDelegateWrapper.launch(XilinxAppLaunchDelegateWrapper.java:31)
	at org.eclipse.debug.internal.core.LaunchConfiguration.launch(LaunchConfiguration.java:885)
	at org.eclipse.debug.internal.core.LaunchConfiguration.launch(LaunchConfiguration.java:739)
	at org.eclipse.debug.internal.ui.DebugUIPlugin.buildAndLaunch(DebugUIPlugin.java:1039)
	at org.eclipse.debug.internal.ui.DebugUIPlugin$8.run(DebugUIPlugin.java:1256)
	at org.eclipse.core.internal.jobs.Worker.run(Worker.java:55)
14:35:24 INFO  : 'targets -set -filter {jtag_cable_name =~ "Digilent Zed 210248650939" && level==0} -index 1' command is executed.
14:35:24 INFO  : 'fpga -state' command is executed.
14:35:24 INFO  : Connected to target on host '127.0.0.1' and port '3121'.
14:35:24 INFO  : Jtag cable 'Digilent Zed 210248650939' is selected.
14:35:24 INFO  : 'jtag frequency' command is executed.
14:35:24 INFO  : Sourcing of 'C:/Users/user/Desktop/lab2_simple_arm/lab2_simple_arm/lab2_simple_arm.sdk/hw_platform_0/ps7_init.tcl' is done.
14:35:24 INFO  : Context for 'APU' is selected.
14:35:25 INFO  : Hardware design information is loaded from 'C:/Users/user/Desktop/lab2_simple_arm/lab2_simple_arm/lab2_simple_arm.sdk/hw_platform_0/system.hdf'.
14:35:25 INFO  : Context for 'APU' is selected.
14:35:25 INFO  : 'stop' command is executed.
14:35:30 INFO  : 'ps7_init' command is executed.
14:35:30 INFO  : 'ps7_post_config' command is executed.
14:35:30 INFO  : Context for processor 'ps7_cortexa9_0' is selected.
14:35:31 INFO  : Processor reset is completed for 'ps7_cortexa9_0'.
14:35:31 INFO  : Context for processor 'ps7_cortexa9_0' is selected.
14:35:32 INFO  : The application 'C:/Users/user/Desktop/lab2_simple_arm/lab2_simple_arm/lab2_simple_arm.sdk/lab2_simple/Debug/lab2_simple.elf' is downloaded to processor 'ps7_cortexa9_0'.
14:35:32 INFO  : ----------------XSDB Script----------------
connect -url tcp:127.0.0.1:3121
source C:/Users/user/Desktop/lab2_simple_arm/lab2_simple_arm/lab2_simple_arm.sdk/hw_platform_0/ps7_init.tcl
targets -set -nocase -filter {name =~"APU*" && jtag_cable_name =~ "Digilent Zed 210248650939"} -index 0
loadhw C:/Users/user/Desktop/lab2_simple_arm/lab2_simple_arm/lab2_simple_arm.sdk/hw_platform_0/system.hdf
targets -set -nocase -filter {name =~"APU*" && jtag_cable_name =~ "Digilent Zed 210248650939"} -index 0
stop
ps7_init
ps7_post_config
targets -set -nocase -filter {name =~ "ARM*#0" && jtag_cable_name =~ "Digilent Zed 210248650939"} -index 0
rst -processor
targets -set -nocase -filter {name =~ "ARM*#0" && jtag_cable_name =~ "Digilent Zed 210248650939"} -index 0
dow C:/Users/user/Desktop/lab2_simple_arm/lab2_simple_arm/lab2_simple_arm.sdk/lab2_simple/Debug/lab2_simple.elf
----------------End of Script----------------

14:35:33 INFO  : Memory regions updated for context APU
14:35:33 INFO  : Context for processor 'ps7_cortexa9_0' is selected.
14:35:33 INFO  : 'con' command is executed.
14:35:33 INFO  : ----------------XSDB Script (After Launch)----------------
targets -set -nocase -filter {name =~ "ARM*#0" && jtag_cable_name =~ "Digilent Zed 210248650939"} -index 0
con
----------------End of Script----------------

14:35:33 INFO  : Launch script is exported to file 'C:\Users\user\Desktop\lab2_simple_arm\lab2_simple_arm\lab2_simple_arm.sdk\.sdk\launch_scripts\xilinx_c-c++_application_(system_debugger)\system_debugger_using_debug_lab2_simple.elf_on_local.tcl'
14:43:52 INFO  : Disconnected from the channel tcfchan#1.
14:43:56 ERROR : Unexpected error while parsing XMD response ?: com.google.gson.JsonSyntaxException: com.google.gson.stream.MalformedJsonException: invalid number or unquoted string near 
10:32:05 INFO  : Registering command handlers for SDK TCF services
10:32:06 INFO  : Launching XSCT server: xsct.bat -interactive C:\Users\user\Desktop\lab2_simple_arm\lab2_simple_arm\lab2_simple_arm.sdk\temp_xsdb_launch_script.tcl
10:32:12 INFO  : XSCT server has started successfully.
10:32:12 INFO  : Successfully done setting XSCT server connection channel  
10:32:22 INFO  : Successfully done setting SDK workspace  
10:32:23 INFO  : Processing command line option -hwspec C:/Users/user/Desktop/lab2_simple_arm/lab2_simple_arm/lab2_simple_arm.sdk/design_1_wrapper.hdf.
10:32:23 INFO  : Checking for hwspec changes in the project hw_platform_0.
10:33:52 INFO  : Connected to target on host '127.0.0.1' and port '3121'.
10:33:53 INFO  : 'targets -set -filter {jtag_cable_name =~ "Digilent Zed 210248650939" && level==0} -index 1' command is executed.
10:33:56 INFO  : FPGA configured successfully with bitstream "C:/Users/user/Desktop/lab2_simple_arm/lab2_simple_arm/lab2_simple_arm.sdk/hw_platform_0/design_1_wrapper.bit"
10:36:59 INFO  : 'targets -set -filter {jtag_cable_name =~ "Digilent Zed 210248650939" && level==0} -index 1' command is executed.
10:36:59 INFO  : 'fpga -state' command is executed.
10:36:59 INFO  : Connected to target on host '127.0.0.1' and port '3121'.
10:37:00 INFO  : Jtag cable 'Digilent Zed 210248650939' is selected.
10:37:00 INFO  : 'jtag frequency' command is executed.
10:37:00 INFO  : Sourcing of 'C:/Users/user/Desktop/lab2_simple_arm/lab2_simple_arm/lab2_simple_arm.sdk/hw_platform_0/ps7_init.tcl' is done.
10:37:00 INFO  : Context for 'APU' is selected.
10:37:00 INFO  : Hardware design information is loaded from 'C:/Users/user/Desktop/lab2_simple_arm/lab2_simple_arm/lab2_simple_arm.sdk/hw_platform_0/system.hdf'.
10:37:01 INFO  : Context for 'APU' is selected.
10:37:01 INFO  : 'stop' command is executed.
10:37:07 INFO  : 'ps7_init' command is executed.
10:37:07 INFO  : 'ps7_post_config' command is executed.
10:37:08 INFO  : Context for processor 'ps7_cortexa9_0' is selected.
10:37:08 INFO  : Processor reset is completed for 'ps7_cortexa9_0'.
10:37:08 INFO  : Context for processor 'ps7_cortexa9_0' is selected.
10:37:08 INFO  : The application 'C:/Users/user/Desktop/lab2_simple_arm/lab2_simple_arm/lab2_simple_arm.sdk/lab2_simple/Debug/lab2_simple.elf' is downloaded to processor 'ps7_cortexa9_0'.
10:37:08 INFO  : ----------------XSDB Script----------------
connect -url tcp:127.0.0.1:3121
source C:/Users/user/Desktop/lab2_simple_arm/lab2_simple_arm/lab2_simple_arm.sdk/hw_platform_0/ps7_init.tcl
targets -set -nocase -filter {name =~"APU*" && jtag_cable_name =~ "Digilent Zed 210248650939"} -index 0
loadhw C:/Users/user/Desktop/lab2_simple_arm/lab2_simple_arm/lab2_simple_arm.sdk/hw_platform_0/system.hdf
targets -set -nocase -filter {name =~"APU*" && jtag_cable_name =~ "Digilent Zed 210248650939"} -index 0
stop
ps7_init
ps7_post_config
targets -set -nocase -filter {name =~ "ARM*#0" && jtag_cable_name =~ "Digilent Zed 210248650939"} -index 0
rst -processor
targets -set -nocase -filter {name =~ "ARM*#0" && jtag_cable_name =~ "Digilent Zed 210248650939"} -index 0
dow C:/Users/user/Desktop/lab2_simple_arm/lab2_simple_arm/lab2_simple_arm.sdk/lab2_simple/Debug/lab2_simple.elf
----------------End of Script----------------

10:37:09 INFO  : Memory regions updated for context APU
10:37:10 INFO  : Context for processor 'ps7_cortexa9_0' is selected.
10:37:10 INFO  : 'con' command is executed.
10:37:10 INFO  : ----------------XSDB Script (After Launch)----------------
targets -set -nocase -filter {name =~ "ARM*#0" && jtag_cable_name =~ "Digilent Zed 210248650939"} -index 0
con
----------------End of Script----------------

10:37:10 INFO  : Launch script is exported to file 'C:\Users\user\Desktop\lab2_simple_arm\lab2_simple_arm\lab2_simple_arm.sdk\.sdk\launch_scripts\xilinx_c-c++_application_(system_debugger)\system_debugger_using_debug_lab2_simple.elf_on_local.tcl'
11:05:08 INFO  : Disconnected from the channel tcfchan#1.
11:05:10 INFO  : 'targets -set -filter {jtag_cable_name =~ "Digilent Zed 210248650939" && level==0} -index 1' command is executed.
11:05:10 INFO  : 'fpga -state' command is executed.
11:05:16 INFO  : Connected to target on host '127.0.0.1' and port '3121'.
11:05:17 INFO  : Jtag cable 'Digilent Zed 210248650939' is selected.
11:05:17 INFO  : 'jtag frequency' command is executed.
11:05:17 INFO  : Sourcing of 'C:/Users/user/Desktop/lab2_simple_arm/lab2_simple_arm/lab2_simple_arm.sdk/hw_platform_0/ps7_init.tcl' is done.
11:05:17 INFO  : Context for 'APU' is selected.
11:05:19 INFO  : Hardware design information is loaded from 'C:/Users/user/Desktop/lab2_simple_arm/lab2_simple_arm/lab2_simple_arm.sdk/hw_platform_0/system.hdf'.
11:05:19 INFO  : Context for 'APU' is selected.
11:05:19 INFO  : 'stop' command is executed.
11:05:24 INFO  : 'ps7_init' command is executed.
11:05:24 INFO  : 'ps7_post_config' command is executed.
11:05:24 INFO  : Context for processor 'ps7_cortexa9_0' is selected.
11:05:25 INFO  : Processor reset is completed for 'ps7_cortexa9_0'.
11:05:25 INFO  : Context for processor 'ps7_cortexa9_0' is selected.
11:05:26 INFO  : The application 'C:/Users/user/Desktop/lab2_simple_arm/lab2_simple_arm/lab2_simple_arm.sdk/lab2_simple/Debug/lab2_simple.elf' is downloaded to processor 'ps7_cortexa9_0'.
11:05:26 INFO  : ----------------XSDB Script----------------
connect -url tcp:127.0.0.1:3121
source C:/Users/user/Desktop/lab2_simple_arm/lab2_simple_arm/lab2_simple_arm.sdk/hw_platform_0/ps7_init.tcl
targets -set -nocase -filter {name =~"APU*" && jtag_cable_name =~ "Digilent Zed 210248650939"} -index 0
loadhw C:/Users/user/Desktop/lab2_simple_arm/lab2_simple_arm/lab2_simple_arm.sdk/hw_platform_0/system.hdf
targets -set -nocase -filter {name =~"APU*" && jtag_cable_name =~ "Digilent Zed 210248650939"} -index 0
stop
ps7_init
ps7_post_config
targets -set -nocase -filter {name =~ "ARM*#0" && jtag_cable_name =~ "Digilent Zed 210248650939"} -index 0
rst -processor
targets -set -nocase -filter {name =~ "ARM*#0" && jtag_cable_name =~ "Digilent Zed 210248650939"} -index 0
dow C:/Users/user/Desktop/lab2_simple_arm/lab2_simple_arm/lab2_simple_arm.sdk/lab2_simple/Debug/lab2_simple.elf
----------------End of Script----------------

11:05:26 INFO  : Memory regions updated for context APU
11:05:27 INFO  : Context for processor 'ps7_cortexa9_0' is selected.
11:05:27 INFO  : 'con' command is executed.
11:05:27 INFO  : ----------------XSDB Script (After Launch)----------------
targets -set -nocase -filter {name =~ "ARM*#0" && jtag_cable_name =~ "Digilent Zed 210248650939"} -index 0
con
----------------End of Script----------------

11:05:27 INFO  : Launch script is exported to file 'C:\Users\user\Desktop\lab2_simple_arm\lab2_simple_arm\lab2_simple_arm.sdk\.sdk\launch_scripts\xilinx_c-c++_application_(system_debugger)\system_debugger_using_debug_lab2_simple.elf_on_local.tcl'
11:05:49 INFO  : Connected to target on host '127.0.0.1' and port '3121'.
11:05:49 INFO  : 'targets -set -filter {jtag_cable_name =~ "Digilent Zed 210248650939" && level==0} -index 1' command is executed.
11:05:51 INFO  : FPGA configured successfully with bitstream "C:/Users/user/Desktop/lab2_simple_arm/lab2_simple_arm/lab2_simple_arm.sdk/hw_platform_0/design_1_wrapper.bit"
11:06:28 INFO  : Disconnected from the channel tcfchan#2.
11:06:30 INFO  : 'targets -set -filter {jtag_cable_name =~ "Digilent Zed 210248650939" && level==0} -index 1' command is executed.
11:06:30 INFO  : 'fpga -state' command is executed.
11:06:30 INFO  : Connected to target on host '127.0.0.1' and port '3121'.
11:06:30 INFO  : Jtag cable 'Digilent Zed 210248650939' is selected.
11:06:30 INFO  : 'jtag frequency' command is executed.
11:06:30 INFO  : Sourcing of 'C:/Users/user/Desktop/lab2_simple_arm/lab2_simple_arm/lab2_simple_arm.sdk/hw_platform_0/ps7_init.tcl' is done.
11:06:30 INFO  : Context for 'APU' is selected.
11:06:33 INFO  : Hardware design information is loaded from 'C:/Users/user/Desktop/lab2_simple_arm/lab2_simple_arm/lab2_simple_arm.sdk/hw_platform_0/system.hdf'.
11:06:33 INFO  : Context for 'APU' is selected.
11:06:34 INFO  : 'stop' command is executed.
11:06:51 INFO  : 'ps7_init' command is executed.
11:06:52 INFO  : 'ps7_post_config' command is executed.
11:06:52 INFO  : Context for processor 'ps7_cortexa9_0' is selected.
11:06:54 INFO  : Processor reset is completed for 'ps7_cortexa9_0'.
11:06:54 INFO  : Context for processor 'ps7_cortexa9_0' is selected.
11:06:57 ERROR : Memory write error at 0x100000. APB AP transaction error, DAP status f0000021
11:06:57 INFO  : ----------------XSDB Script----------------
connect -url tcp:127.0.0.1:3121
source C:/Users/user/Desktop/lab2_simple_arm/lab2_simple_arm/lab2_simple_arm.sdk/hw_platform_0/ps7_init.tcl
targets -set -nocase -filter {name =~"APU*" && jtag_cable_name =~ "Digilent Zed 210248650939"} -index 0
loadhw C:/Users/user/Desktop/lab2_simple_arm/lab2_simple_arm/lab2_simple_arm.sdk/hw_platform_0/system.hdf
targets -set -nocase -filter {name =~"APU*" && jtag_cable_name =~ "Digilent Zed 210248650939"} -index 0
stop
ps7_init
ps7_post_config
targets -set -nocase -filter {name =~ "ARM*#0" && jtag_cable_name =~ "Digilent Zed 210248650939"} -index 0
rst -processor
targets -set -nocase -filter {name =~ "ARM*#0" && jtag_cable_name =~ "Digilent Zed 210248650939"} -index 0
dow C:/Users/user/Desktop/lab2_simple_arm/lab2_simple_arm/lab2_simple_arm.sdk/lab2_simple/Debug/lab2_simple.elf
----------------End of Script----------------

11:07:57 INFO  : 'targets -set -filter {jtag_cable_name =~ "Digilent Zed 210248650939" && level==0} -index 1' command is executed.
11:07:57 INFO  : 'fpga -state' command is executed.
11:07:57 INFO  : Connected to target on host '127.0.0.1' and port '3121'.
11:07:57 INFO  : Jtag cable 'Digilent Zed 210248650939' is selected.
11:07:57 INFO  : 'jtag frequency' command is executed.
11:07:57 INFO  : Sourcing of 'C:/Users/user/Desktop/lab2_simple_arm/lab2_simple_arm/lab2_simple_arm.sdk/hw_platform_0/ps7_init.tcl' is done.
11:07:57 INFO  : Context for 'APU' is selected.
11:07:57 INFO  : Hardware design information is loaded from 'C:/Users/user/Desktop/lab2_simple_arm/lab2_simple_arm/lab2_simple_arm.sdk/hw_platform_0/system.hdf'.
11:07:57 INFO  : Context for 'APU' is selected.
11:07:57 INFO  : 'stop' command is executed.
11:07:58 ERROR : AP transaction error, DAP status f0000021
11:07:58 INFO  : ----------------XSDB Script----------------
connect -url tcp:127.0.0.1:3121
source C:/Users/user/Desktop/lab2_simple_arm/lab2_simple_arm/lab2_simple_arm.sdk/hw_platform_0/ps7_init.tcl
targets -set -nocase -filter {name =~"APU*" && jtag_cable_name =~ "Digilent Zed 210248650939"} -index 0
loadhw C:/Users/user/Desktop/lab2_simple_arm/lab2_simple_arm/lab2_simple_arm.sdk/hw_platform_0/system.hdf
targets -set -nocase -filter {name =~"APU*" && jtag_cable_name =~ "Digilent Zed 210248650939"} -index 0
stop
ps7_init
----------------End of Script----------------

11:10:29 INFO  : Connected to target on host '127.0.0.1' and port '3121'.
11:10:29 INFO  : 'targets -set -filter {jtag_cable_name =~ "Digilent Zed 210248650939" && level==0} -index 1' command is executed.
11:10:32 INFO  : FPGA configured successfully with bitstream "C:/Users/user/Desktop/lab2_simple_arm/lab2_simple_arm/lab2_simple_arm.sdk/hw_platform_0/design_1_wrapper.bit"
11:11:10 INFO  : 'targets -set -filter {jtag_cable_name =~ "Digilent Zed 210248650939" && level==0} -index 1' command is executed.
11:11:10 INFO  : 'fpga -state' command is executed.
11:11:10 INFO  : Connected to target on host '127.0.0.1' and port '3121'.
11:11:10 INFO  : Jtag cable 'Digilent Zed 210248650939' is selected.
11:11:10 INFO  : 'jtag frequency' command is executed.
11:11:10 INFO  : Sourcing of 'C:/Users/user/Desktop/lab2_simple_arm/lab2_simple_arm/lab2_simple_arm.sdk/hw_platform_0/ps7_init.tcl' is done.
11:11:10 INFO  : Context for 'APU' is selected.
11:11:10 INFO  : Hardware design information is loaded from 'C:/Users/user/Desktop/lab2_simple_arm/lab2_simple_arm/lab2_simple_arm.sdk/hw_platform_0/system.hdf'.
11:11:11 INFO  : Context for 'APU' is selected.
11:11:11 INFO  : 'stop' command is executed.
11:11:11 ERROR : AP transaction error, DAP status f0000021
11:11:11 INFO  : ----------------XSDB Script----------------
connect -url tcp:127.0.0.1:3121
source C:/Users/user/Desktop/lab2_simple_arm/lab2_simple_arm/lab2_simple_arm.sdk/hw_platform_0/ps7_init.tcl
targets -set -nocase -filter {name =~"APU*" && jtag_cable_name =~ "Digilent Zed 210248650939"} -index 0
loadhw C:/Users/user/Desktop/lab2_simple_arm/lab2_simple_arm/lab2_simple_arm.sdk/hw_platform_0/system.hdf
targets -set -nocase -filter {name =~"APU*" && jtag_cable_name =~ "Digilent Zed 210248650939"} -index 0
stop
ps7_init
----------------End of Script----------------

11:12:25 INFO  : Connected to target on host '127.0.0.1' and port '3121'.
11:12:25 INFO  : 'targets -set -filter {jtag_cable_name =~ "Digilent Zed 210248650939" && level==0} -index 1' command is executed.
11:12:27 INFO  : FPGA configured successfully with bitstream "C:/Users/user/Desktop/lab2_simple_arm/lab2_simple_arm/lab2_simple_arm.sdk/hw_platform_0/design_1_wrapper.bit"
11:13:13 INFO  : 'targets -set -filter {jtag_cable_name =~ "Digilent Zed 210248650939" && level==0} -index 1' command is executed.
11:13:13 INFO  : 'fpga -state' command is executed.
11:13:13 INFO  : Connected to target on host '127.0.0.1' and port '3121'.
11:13:14 INFO  : Jtag cable 'Digilent Zed 210248650939' is selected.
11:13:14 INFO  : 'jtag frequency' command is executed.
11:13:14 INFO  : Sourcing of 'C:/Users/user/Desktop/lab2_simple_arm/lab2_simple_arm/lab2_simple_arm.sdk/hw_platform_0/ps7_init.tcl' is done.
11:13:14 INFO  : Context for 'APU' is selected.
11:13:14 INFO  : Hardware design information is loaded from 'C:/Users/user/Desktop/lab2_simple_arm/lab2_simple_arm/lab2_simple_arm.sdk/hw_platform_0/system.hdf'.
11:13:14 INFO  : Context for 'APU' is selected.
11:13:15 INFO  : 'stop' command is executed.
11:13:22 INFO  : 'ps7_init' command is executed.
11:13:22 INFO  : 'ps7_post_config' command is executed.
11:13:22 INFO  : Context for processor 'ps7_cortexa9_0' is selected.
11:13:22 INFO  : Processor reset is completed for 'ps7_cortexa9_0'.
11:13:23 INFO  : Context for processor 'ps7_cortexa9_0' is selected.
11:13:23 INFO  : The application 'C:/Users/user/Desktop/lab2_simple_arm/lab2_simple_arm/lab2_simple_arm.sdk/lab2_simple/Debug/lab2_simple.elf' is downloaded to processor 'ps7_cortexa9_0'.
11:13:23 INFO  : ----------------XSDB Script----------------
connect -url tcp:127.0.0.1:3121
source C:/Users/user/Desktop/lab2_simple_arm/lab2_simple_arm/lab2_simple_arm.sdk/hw_platform_0/ps7_init.tcl
targets -set -nocase -filter {name =~"APU*" && jtag_cable_name =~ "Digilent Zed 210248650939"} -index 0
loadhw C:/Users/user/Desktop/lab2_simple_arm/lab2_simple_arm/lab2_simple_arm.sdk/hw_platform_0/system.hdf
targets -set -nocase -filter {name =~"APU*" && jtag_cable_name =~ "Digilent Zed 210248650939"} -index 0
stop
ps7_init
ps7_post_config
targets -set -nocase -filter {name =~ "ARM*#0" && jtag_cable_name =~ "Digilent Zed 210248650939"} -index 0
rst -processor
targets -set -nocase -filter {name =~ "ARM*#0" && jtag_cable_name =~ "Digilent Zed 210248650939"} -index 0
dow C:/Users/user/Desktop/lab2_simple_arm/lab2_simple_arm/lab2_simple_arm.sdk/lab2_simple/Debug/lab2_simple.elf
----------------End of Script----------------

11:13:24 INFO  : Memory regions updated for context APU
11:13:24 INFO  : Context for processor 'ps7_cortexa9_0' is selected.
11:13:24 INFO  : 'con' command is executed.
11:13:24 INFO  : ----------------XSDB Script (After Launch)----------------
targets -set -nocase -filter {name =~ "ARM*#0" && jtag_cable_name =~ "Digilent Zed 210248650939"} -index 0
con
----------------End of Script----------------

11:13:24 INFO  : Launch script is exported to file 'C:\Users\user\Desktop\lab2_simple_arm\lab2_simple_arm\lab2_simple_arm.sdk\.sdk\launch_scripts\xilinx_c-c++_application_(system_debugger)\system_debugger_using_debug_lab2_simple.elf_on_local.tcl'
11:16:52 INFO  : Disconnected from the channel tcfchan#3.
14:06:03 INFO  : Registering command handlers for SDK TCF services
14:06:04 INFO  : Launching XSCT server: xsct.bat -interactive C:\Users\user\Desktop\lab3_customIP\lab3_customIP\lab3_customIP.sdk\temp_xsdb_launch_script.tcl
14:08:00 INFO  : Registering command handlers for SDK TCF services
14:08:01 INFO  : Launching XSCT server: xsct.bat -interactive C:\Users\user\Desktop\lab3_customIP\lab3_customIP\lab3_customIP.sdk\temp_xsdb_launch_script.tcl
14:09:32 INFO  : Registering command handlers for SDK TCF services
14:09:32 INFO  : Launching XSCT server: xsct.bat -interactive C:\Users\user\Desktop\lab3_customIP\lab3_customIP\lab3_customIP.sdk\temp_xsdb_launch_script.tcl
14:29:07 INFO  : Registering command handlers for SDK TCF services
14:29:08 INFO  : Launching XSCT server: xsct.bat -interactive C:\Users\user\Desktop\lab3_customIP\lab3_customIP\lab3_customIP.sdk\temp_xsdb_launch_script.tcl
14:41:27 INFO  : Registering command handlers for SDK TCF services
14:41:27 INFO  : Launching XSCT server: xsct.bat -interactive C:\Users\user\Desktop\lab3_customIP\lab3_customIP\lab3_customIP.sdk\temp_xsdb_launch_script.tcl
14:44:28 ERROR : Timed out. 180 seconds have elapsed while waiting for XSCT server to launch.
14:44:28 INFO  : Launching XSCT server: xsct.bat -interactive C:\Users\user\Desktop\lab3_customIP\lab3_customIP\lab3_customIP.sdk\temp_xsdb_launch_script.tcl
14:47:28 ERROR : Timed out. 180 seconds have elapsed while waiting for XSCT server to launch.
14:47:28 ERROR : Failed to call init_repo
Reason: xsct server communication channel is not established.
14:47:28 ERROR : Exception raised in executing the command =Failed to call init_repo
Reason: xsct server communication channel is not established. 
14:47:28 INFO  : Processing command line option -hwspec C:/Users/user/Desktop/lab3_customIP/lab3_customIP/lab3_customIP.sdk/design_1_wrapper.hdf.
14:47:28 INFO  : Launching XSCT server: xsct.bat -interactive C:\Users\user\Desktop\lab3_customIP\lab3_customIP\lab3_customIP.sdk\temp_xsdb_launch_script.tcl
15:39:58 INFO  : Registering command handlers for SDK TCF services
15:39:58 INFO  : Launching XSCT server: xsct.bat -interactive C:\Users\user\Desktop\lab3_customIP\lab3_customIP\lab3_customIP.sdk\temp_xsdb_launch_script.tcl
15:42:58 ERROR : Timed out. 180 seconds have elapsed while waiting for XSCT server to launch.
15:42:58 INFO  : Launching XSCT server: xsct.bat -interactive C:\Users\user\Desktop\lab3_customIP\lab3_customIP\lab3_customIP.sdk\temp_xsdb_launch_script.tcl
15:42:59 ERROR : Failed to call init_repo
Reason: xsct server communication channel is not established.
15:42:59 ERROR : Exception raised in executing the command =Failed to call init_repo
Reason: xsct server communication channel is not established. 
15:42:59 INFO  : Processing command line option -hwspec C:/Users/user/Desktop/lab3_customIP/lab3_customIP/lab3_customIP.sdk/design_1_wrapper.hdf.
15:45:59 ERROR : Timed out. 180 seconds have elapsed while waiting for XSCT server to launch.
15:45:59 INFO  : Launching XSCT server: xsct.bat -interactive C:\Users\user\Desktop\lab3_customIP\lab3_customIP\lab3_customIP.sdk\temp_xsdb_launch_script.tcl
15:52:26 INFO  : Registering command handlers for SDK TCF services
15:52:26 INFO  : Launching XSCT server: xsct.bat -interactive C:\Users\user\Desktop\lab3_customIP\lab3_customIP\lab3_customIP.sdk\temp_xsdb_launch_script.tcl
00:00:48 INFO  : Registering command handlers for SDK TCF services
00:00:49 INFO  : Launching XSCT server: xsct.bat -interactive C:\Users\user\Desktop\lab3_customIP\lab3_customIP\lab3_customIP.sdk\temp_xsdb_launch_script.tcl
00:00:52 INFO  : XSCT server has started successfully.
00:00:52 INFO  : Successfully done setting XSCT server connection channel  
00:00:54 INFO  : Successfully done setting SDK workspace  
00:00:54 INFO  : Processing command line option -hwspec C:/Users/user/Desktop/lab3_customIP/lab3_customIP/lab3_customIP.sdk/design_1_wrapper.hdf.
00:45:45 INFO  : Registering command handlers for SDK TCF services
00:45:48 INFO  : Launching XSCT server: xsct.bat -interactive C:\Users\user\Desktop\lab3_customIP\lab3_customIP\lab3_customIP.sdk\temp_xsdb_launch_script.tcl
00:45:54 INFO  : XSCT server has started successfully.
00:46:06 INFO  : Successfully done setting XSCT server connection channel  
00:46:06 INFO  : Successfully done setting SDK workspace  
00:46:06 INFO  : Processing command line option -hwspec C:/Users/user/Desktop/lab3_customIP/lab3_customIP/lab3_customIP.sdk/design_1_wrapper.hdf.
00:46:06 INFO  : Checking for hwspec changes in the project design_1_wrapper_hw_platform_0.
01:18:40 INFO  : Registering command handlers for SDK TCF services
01:18:43 INFO  : Launching XSCT server: xsct.bat -interactive C:\Users\user\Desktop\lab3_customIP\lab3_customIP\lab3_customIP.sdk\temp_xsdb_launch_script.tcl
01:18:50 INFO  : XSCT server has started successfully.
01:18:58 INFO  : Successfully done setting XSCT server connection channel  
01:18:58 INFO  : Successfully done setting SDK workspace  
01:18:58 INFO  : Processing command line option -hwspec C:/Users/user/Desktop/lab3_customIP/lab3_customIP/lab3_customIP.sdk/design_1_wrapper.hdf.
01:18:58 INFO  : Checking for hwspec changes in the project design_1_wrapper_hw_platform_0.
15:04:28 INFO  : Registering command handlers for SDK TCF services
15:04:29 INFO  : Launching XSCT server: xsct.bat -interactive C:\Users\user\Desktop\lab3_customIP\lab3_customIP\lab3_customIP.sdk\temp_xsdb_launch_script.tcl
15:04:34 INFO  : XSCT server has started successfully.
15:04:34 INFO  : Successfully done setting XSCT server connection channel  
15:04:45 INFO  : Successfully done setting SDK workspace  
15:04:45 INFO  : Processing command line option -hwspec C:/Users/user/Desktop/lab3_customIP/lab3_customIP/lab3_customIP.sdk/design_1_wrapper.hdf.
15:04:45 INFO  : Checking for hwspec changes in the project design_1_wrapper_hw_platform_0.
15:52:33 INFO  : Connected to target on host '127.0.0.1' and port '3121'.
15:52:35 INFO  : 'targets -set -filter {jtag_cable_name =~ "Digilent Zed 210248650917" && level==0} -index 1' command is executed.
15:52:38 INFO  : FPGA configured successfully with bitstream "C:/Users/user/Desktop/lab3_customIP/lab3_customIP/lab3_customIP.sdk/design_1_wrapper_hw_platform_0/design_1_wrapper.bit"
15:55:27 INFO  : Connected to target on host '127.0.0.1' and port '3121'.
15:55:27 INFO  : 'targets -set -filter {jtag_cable_name =~ "Digilent Zed 210248650917" && level==0} -index 1' command is executed.
15:55:30 INFO  : FPGA configured successfully with bitstream "C:/Users/user/Desktop/lab3_customIP/lab3_customIP/lab3_customIP.sdk/design_1_wrapper_hw_platform_0/design_1_wrapper.bit"
16:29:47 INFO  : Registering command handlers for SDK TCF services
16:29:49 INFO  : Launching XSCT server: xsct.bat -interactive C:\Users\user\Desktop\lab3_customIP\lab3_customIP\lab3_customIP.sdk\temp_xsdb_launch_script.tcl
16:29:56 INFO  : XSCT server has started successfully.
16:30:02 INFO  : Successfully done setting XSCT server connection channel  
16:30:02 INFO  : Successfully done setting SDK workspace  
16:30:02 INFO  : Processing command line option -hwspec C:/Users/user/Desktop/lab3_customIP/lab3_customIP/lab3_customIP.sdk/design_1_wrapper.hdf.
16:30:02 INFO  : Checking for hwspec changes in the project design_1_wrapper_hw_platform_0.
16:30:33 INFO  : Connected to target on host '127.0.0.1' and port '3121'.
16:30:34 INFO  : 'targets -set -filter {jtag_cable_name =~ "Digilent Zed 210248650917" && level==0} -index 1' command is executed.
16:30:37 INFO  : FPGA configured successfully with bitstream "C:/Users/user/Desktop/lab3_customIP/lab3_customIP/lab3_customIP.sdk/design_1_wrapper_hw_platform_0/design_1_wrapper.bit"
16:31:11 ERROR : Unexpected error while launching program.
java.lang.RuntimeException: Error while running ps7_init method.
No Elf file associated with target


	at com.xilinx.sdk.targetmanager.internal.TM.run_ps7_init(TM.java:1089)
	at com.xilinx.sdk.debug.core.XilinxAppLaunchConfigurationDelegate.runTargetSetup(XilinxAppLaunchConfigurationDelegate.java:514)
	at com.xilinx.sdk.debug.core.XilinxAppLaunchConfigurationDelegate.runApplication(XilinxAppLaunchConfigurationDelegate.java:616)
	at com.xilinx.sdk.debug.core.XilinxAppLaunchConfigurationDelegate.launch(XilinxAppLaunchConfigurationDelegate.java:309)
	at com.xilinx.sdk.debug.ui.XilinxAppLaunchDelegateWrapper.launch(XilinxAppLaunchDelegateWrapper.java:31)
	at org.eclipse.debug.internal.core.LaunchConfiguration.launch(LaunchConfiguration.java:885)
	at org.eclipse.debug.internal.core.LaunchConfiguration.launch(LaunchConfiguration.java:739)
	at org.eclipse.debug.internal.ui.DebugUIPlugin.buildAndLaunch(DebugUIPlugin.java:1039)
	at org.eclipse.debug.internal.ui.DebugUIPlugin$8.run(DebugUIPlugin.java:1256)
	at org.eclipse.core.internal.jobs.Worker.run(Worker.java:55)
16:31:27 INFO  : 'targets -set -filter {jtag_cable_name =~ "Digilent Zed 210248650917" && level==0} -index 1' command is executed.
16:31:27 INFO  : 'fpga -state' command is executed.
16:31:27 INFO  : Connected to target on host '127.0.0.1' and port '3121'.
16:31:27 INFO  : Jtag cable 'Digilent Zed 210248650917' is selected.
16:31:27 INFO  : 'jtag frequency' command is executed.
16:31:27 INFO  : Sourcing of 'C:/Users/user/Desktop/lab3_customIP/lab3_customIP/lab3_customIP.sdk/design_1_wrapper_hw_platform_0/ps7_init.tcl' is done.
16:31:27 INFO  : Context for 'APU' is selected.
16:31:27 INFO  : Hardware design information is loaded from 'C:/Users/user/Desktop/lab3_customIP/lab3_customIP/lab3_customIP.sdk/design_1_wrapper_hw_platform_0/system.hdf'.
16:31:27 INFO  : Context for 'APU' is selected.
16:31:27 INFO  : 'stop' command is executed.
16:31:28 INFO  : 'ps7_init' command is executed.
16:31:28 INFO  : 'ps7_post_config' command is executed.
16:31:28 INFO  : Context for processor 'ps7_cortexa9_0' is selected.
16:31:28 INFO  : Processor reset is completed for 'ps7_cortexa9_0'.
16:31:28 INFO  : Context for processor 'ps7_cortexa9_0' is selected.
16:31:28 INFO  : The application 'C:/Users/user/Desktop/lab3_customIP/lab3_customIP/lab3_customIP.sdk/lab3_custom/Debug/lab3_custom.elf' is downloaded to processor 'ps7_cortexa9_0'.
16:31:28 INFO  : ----------------XSDB Script----------------
connect -url tcp:127.0.0.1:3121
source C:/Users/user/Desktop/lab3_customIP/lab3_customIP/lab3_customIP.sdk/design_1_wrapper_hw_platform_0/ps7_init.tcl
targets -set -nocase -filter {name =~"APU*" && jtag_cable_name =~ "Digilent Zed 210248650917"} -index 0
loadhw C:/Users/user/Desktop/lab3_customIP/lab3_customIP/lab3_customIP.sdk/design_1_wrapper_hw_platform_0/system.hdf
targets -set -nocase -filter {name =~"APU*" && jtag_cable_name =~ "Digilent Zed 210248650917"} -index 0
stop
ps7_init
ps7_post_config
targets -set -nocase -filter {name =~ "ARM*#0" && jtag_cable_name =~ "Digilent Zed 210248650917"} -index 0
rst -processor
targets -set -nocase -filter {name =~ "ARM*#0" && jtag_cable_name =~ "Digilent Zed 210248650917"} -index 0
dow C:/Users/user/Desktop/lab3_customIP/lab3_customIP/lab3_customIP.sdk/lab3_custom/Debug/lab3_custom.elf
----------------End of Script----------------

16:31:28 INFO  : Memory regions updated for context APU
16:31:28 INFO  : Context for processor 'ps7_cortexa9_0' is selected.
16:31:28 INFO  : 'con' command is executed.
16:31:28 INFO  : ----------------XSDB Script (After Launch)----------------
targets -set -nocase -filter {name =~ "ARM*#0" && jtag_cable_name =~ "Digilent Zed 210248650917"} -index 0
con
----------------End of Script----------------

16:31:28 INFO  : Launch script is exported to file 'C:\Users\user\Desktop\lab3_customIP\lab3_customIP\lab3_customIP.sdk\.sdk\launch_scripts\xilinx_c-c++_application_(system_debugger)\system_debugger_using_debug_lab3_custom.elf_on_local.tcl'
16:45:57 INFO  : Disconnected from the channel tcfchan#1.
16:45:58 ERROR : Unexpected error while parsing XMD response ?: com.google.gson.JsonSyntaxException: com.google.gson.stream.MalformedJsonException: invalid number or unquoted string near 
16:47:54 INFO  : Registering command handlers for SDK TCF services
16:47:55 INFO  : Launching XSCT server: xsct.bat -interactive C:\Users\user\Desktop\lab3_customIP\lab3_customIP\lab3_customIP.sdk\temp_xsdb_launch_script.tcl
16:48:00 INFO  : XSCT server has started successfully.
16:48:01 INFO  : Successfully done setting XSCT server connection channel  
16:48:01 INFO  : Successfully done setting SDK workspace  
16:48:01 INFO  : Processing command line option -hwspec C:/Users/user/Desktop/lab3_customIP/lab3_customIP/lab3_customIP.sdk/design_1_wrapper.hdf.
16:48:01 INFO  : Checking for hwspec changes in the project design_1_wrapper_hw_platform_0.
16:48:04 INFO  : SDK has detected change in the last modified timestamps for source hardware specification file Source:1490795218706,  Project:1490612927725
16:48:04 INFO  : The hardware specification for project 'design_1_wrapper_hw_platform_0' is different from C:/Users/user/Desktop/lab3_customIP/lab3_customIP/lab3_customIP.sdk/design_1_wrapper.hdf.
16:48:04 INFO  : Copied contents of C:/Users/user/Desktop/lab3_customIP/lab3_customIP/lab3_customIP.sdk/design_1_wrapper.hdf into \design_1_wrapper_hw_platform_0\system.hdf.
16:48:08 INFO  : Synchronizing projects in the workspace with the hardware platform specification changes.
16:49:08 ERROR : (XSDB Server)ERROR: [Hsi 55-1433] Error boost::filesystem::directory_iterator::construct: Δεν επιτρέπεται η πρόσβαση: "C:/Users/user/AppData/Local/Temp\msdtadmin"

16:49:18 ERROR : Failed to call sync_sw_with_hw_change
Reason: ERROR: [Common 17-39] 'hsi::open_sw_design' failed due to earlier errors.

16:49:18 ERROR : Error updating BSP project MSS files.
16:49:18 INFO  : Updating hardware inferred compiler options for lab3_custom.
16:49:18 INFO  : Clearing existing target manager status.
16:49:20 INFO  : Workspace synchronized with the new hardware specification file. Cleaning dependent projects...
16:49:22 WARN  : Linker script will not be updated automatically. Users need to update it manually.
16:50:08 ERROR : (XSDB Server)ERROR: [Hsi 55-1558] Software Design system system is not found

16:50:08 ERROR :  [Common 17-39] 'hsi::current_sw_design' failed due to earlier errors.
16:50:08 ERROR : (XSDB Server)ERROR: [Hsi 55-1558] Software Design system system is not found

16:50:08 INFO  : Unable to read in MSS file C:\Users\user\Desktop\lab3_customIP\lab3_customIP\lab3_customIP.sdk\bsp_for_design_1_wrapper_hw_platform_0\system.mss : null
16:50:08 ERROR : Failed to closesw "C:/Users/user/Desktop/lab3_customIP/lab3_customIP/lab3_customIP.sdk/bsp_for_design_1_wrapper_hw_platform_0/system.mss"
Reason: Cannot close sw design 'C:/Users/user/Desktop/lab3_customIP/lab3_customIP/lab3_customIP.sdk/bsp_for_design_1_wrapper_hw_platform_0/system.mss'.
Design is not opened in the current session.


16:50:16 INFO  : 'targets -set -filter {jtag_cable_name =~ "Digilent Zed 210248650917" && level==0} -index 1' command is executed.
16:50:16 INFO  : 'fpga -state' command is executed.
16:50:16 INFO  : Connected to target on host '127.0.0.1' and port '3121'.
16:50:16 INFO  : Jtag cable 'Digilent Zed 210248650917' is selected.
16:50:16 INFO  : 'jtag frequency' command is executed.
16:50:16 INFO  : Sourcing of 'C:/Users/user/Desktop/lab3_customIP/lab3_customIP/lab3_customIP.sdk/design_1_wrapper_hw_platform_0/ps7_init.tcl' is done.
16:50:16 INFO  : Context for 'APU' is selected.
16:50:16 INFO  : Hardware design information is loaded from 'C:/Users/user/Desktop/lab3_customIP/lab3_customIP/lab3_customIP.sdk/design_1_wrapper_hw_platform_0/system.hdf'.
16:50:17 INFO  : Context for 'APU' is selected.
16:50:17 INFO  : 'stop' command is executed.
16:50:17 INFO  : 'ps7_init' command is executed.
16:50:17 INFO  : 'ps7_post_config' command is executed.
16:50:17 INFO  : Context for processor 'ps7_cortexa9_0' is selected.
16:50:17 INFO  : Processor reset is completed for 'ps7_cortexa9_0'.
16:50:17 INFO  : Context for processor 'ps7_cortexa9_0' is selected.
16:50:17 INFO  : The application 'C:/Users/user/Desktop/lab3_customIP/lab3_customIP/lab3_customIP.sdk/lab3_custom/Debug/lab3_custom.elf' is downloaded to processor 'ps7_cortexa9_0'.
16:50:17 INFO  : ----------------XSDB Script----------------
connect -url tcp:127.0.0.1:3121
source C:/Users/user/Desktop/lab3_customIP/lab3_customIP/lab3_customIP.sdk/design_1_wrapper_hw_platform_0/ps7_init.tcl
targets -set -nocase -filter {name =~"APU*" && jtag_cable_name =~ "Digilent Zed 210248650917"} -index 0
loadhw C:/Users/user/Desktop/lab3_customIP/lab3_customIP/lab3_customIP.sdk/design_1_wrapper_hw_platform_0/system.hdf
targets -set -nocase -filter {name =~"APU*" && jtag_cable_name =~ "Digilent Zed 210248650917"} -index 0
stop
ps7_init
ps7_post_config
targets -set -nocase -filter {name =~ "ARM*#0" && jtag_cable_name =~ "Digilent Zed 210248650917"} -index 0
rst -processor
targets -set -nocase -filter {name =~ "ARM*#0" && jtag_cable_name =~ "Digilent Zed 210248650917"} -index 0
dow C:/Users/user/Desktop/lab3_customIP/lab3_customIP/lab3_customIP.sdk/lab3_custom/Debug/lab3_custom.elf
----------------End of Script----------------

16:50:17 INFO  : Memory regions updated for context APU
16:50:18 INFO  : Context for processor 'ps7_cortexa9_0' is selected.
16:50:18 INFO  : 'con' command is executed.
16:50:18 INFO  : ----------------XSDB Script (After Launch)----------------
targets -set -nocase -filter {name =~ "ARM*#0" && jtag_cable_name =~ "Digilent Zed 210248650917"} -index 0
con
----------------End of Script----------------

16:50:18 INFO  : Launch script is exported to file 'C:\Users\user\Desktop\lab3_customIP\lab3_customIP\lab3_customIP.sdk\.sdk\launch_scripts\xilinx_c-c++_application_(system_debugger)\system_debugger_using_debug_lab3_custom.elf_on_local.tcl'
16:50:43 INFO  : Connected to target on host '127.0.0.1' and port '3121'.
16:50:43 INFO  : 'targets -set -filter {jtag_cable_name =~ "Digilent Zed 210248650917" && level==0} -index 1' command is executed.
16:50:46 INFO  : FPGA configured successfully with bitstream "C:/Users/user/Desktop/lab3_customIP/lab3_customIP/lab3_customIP.sdk/design_1_wrapper_hw_platform_0/design_1_wrapper.bit"
16:50:49 ERROR : (XSDB Server)ERROR: [Hsi 55-1558] Software Design system system is not found

16:50:49 ERROR :  [Common 17-39] 'hsi::current_sw_design' failed due to earlier errors.
16:50:49 ERROR : (XSDB Server)ERROR: [Hsi 55-1558] Software Design system system is not found

16:50:49 INFO  : Unable to read in MSS file C:\Users\user\Desktop\lab3_customIP\lab3_customIP\lab3_customIP.sdk\bsp_for_design_1_wrapper_hw_platform_0\system.mss : null
16:50:49 ERROR : Failed to closesw "C:/Users/user/Desktop/lab3_customIP/lab3_customIP/lab3_customIP.sdk/bsp_for_design_1_wrapper_hw_platform_0/system.mss"
Reason: Cannot close sw design 'C:/Users/user/Desktop/lab3_customIP/lab3_customIP/lab3_customIP.sdk/bsp_for_design_1_wrapper_hw_platform_0/system.mss'.
Design is not opened in the current session.


16:50:54 INFO  : Disconnected from the channel tcfchan#1.
16:50:55 INFO  : 'targets -set -filter {jtag_cable_name =~ "Digilent Zed 210248650917" && level==0} -index 1' command is executed.
16:50:55 INFO  : 'fpga -state' command is executed.
16:50:55 INFO  : Connected to target on host '127.0.0.1' and port '3121'.
16:50:55 INFO  : Jtag cable 'Digilent Zed 210248650917' is selected.
16:50:55 INFO  : 'jtag frequency' command is executed.
16:50:55 INFO  : Sourcing of 'C:/Users/user/Desktop/lab3_customIP/lab3_customIP/lab3_customIP.sdk/design_1_wrapper_hw_platform_0/ps7_init.tcl' is done.
16:50:55 INFO  : Context for 'APU' is selected.
16:50:57 INFO  : Hardware design information is loaded from 'C:/Users/user/Desktop/lab3_customIP/lab3_customIP/lab3_customIP.sdk/design_1_wrapper_hw_platform_0/system.hdf'.
16:50:57 INFO  : Context for 'APU' is selected.
16:50:58 INFO  : 'stop' command is executed.
16:50:59 INFO  : 'ps7_init' command is executed.
16:50:59 INFO  : 'ps7_post_config' command is executed.
16:50:59 INFO  : Context for processor 'ps7_cortexa9_0' is selected.
16:51:00 INFO  : Processor reset is completed for 'ps7_cortexa9_0'.
16:51:00 INFO  : Context for processor 'ps7_cortexa9_0' is selected.
16:51:02 ERROR : Memory write error at 0x100000. AP transaction timeout
16:51:02 INFO  : ----------------XSDB Script----------------
connect -url tcp:127.0.0.1:3121
source C:/Users/user/Desktop/lab3_customIP/lab3_customIP/lab3_customIP.sdk/design_1_wrapper_hw_platform_0/ps7_init.tcl
targets -set -nocase -filter {name =~"APU*" && jtag_cable_name =~ "Digilent Zed 210248650917"} -index 0
loadhw C:/Users/user/Desktop/lab3_customIP/lab3_customIP/lab3_customIP.sdk/design_1_wrapper_hw_platform_0/system.hdf
targets -set -nocase -filter {name =~"APU*" && jtag_cable_name =~ "Digilent Zed 210248650917"} -index 0
stop
ps7_init
ps7_post_config
targets -set -nocase -filter {name =~ "ARM*#0" && jtag_cable_name =~ "Digilent Zed 210248650917"} -index 0
rst -processor
targets -set -nocase -filter {name =~ "ARM*#0" && jtag_cable_name =~ "Digilent Zed 210248650917"} -index 0
dow C:/Users/user/Desktop/lab3_customIP/lab3_customIP/lab3_customIP.sdk/lab3_custom/Debug/lab3_custom.elf
----------------End of Script----------------

16:51:11 ERROR : (XSDB Server)ERROR: [Hsi 55-1558] Software Design system system is not found

16:51:11 ERROR :  [Common 17-39] 'hsi::current_sw_design' failed due to earlier errors.
16:51:11 ERROR : (XSDB Server)ERROR: [Hsi 55-1558] Software Design system system is not found

16:51:11 INFO  : Unable to read in MSS file C:\Users\user\Desktop\lab3_customIP\lab3_customIP\lab3_customIP.sdk\bsp_for_design_1_wrapper_hw_platform_0\system.mss : null
16:51:11 ERROR : Failed to closesw "C:/Users/user/Desktop/lab3_customIP/lab3_customIP/lab3_customIP.sdk/bsp_for_design_1_wrapper_hw_platform_0/system.mss"
Reason: Cannot close sw design 'C:/Users/user/Desktop/lab3_customIP/lab3_customIP/lab3_customIP.sdk/bsp_for_design_1_wrapper_hw_platform_0/system.mss'.
Design is not opened in the current session.


16:51:25 INFO  : Connected to target on host '127.0.0.1' and port '3121'.
16:51:26 INFO  : 'targets -set -filter {jtag_cable_name =~ "Digilent Zed 210248650917" && level==0} -index 1' command is executed.
16:51:29 INFO  : FPGA configured successfully with bitstream "C:/Users/user/Desktop/lab3_customIP/lab3_customIP/lab3_customIP.sdk/design_1_wrapper_hw_platform_0/design_1_wrapper.bit"
16:51:36 ERROR : (XSDB Server)ERROR: [Hsi 55-1558] Software Design system system is not found

16:51:36 ERROR :  [Common 17-39] 'hsi::current_sw_design' failed due to earlier errors.
16:51:36 ERROR : (XSDB Server)ERROR: [Hsi 55-1558] Software Design system system is not found

16:51:36 INFO  : Unable to read in MSS file C:\Users\user\Desktop\lab3_customIP\lab3_customIP\lab3_customIP.sdk\bsp_for_design_1_wrapper_hw_platform_0\system.mss : null
16:51:36 ERROR : Failed to closesw "C:/Users/user/Desktop/lab3_customIP/lab3_customIP/lab3_customIP.sdk/bsp_for_design_1_wrapper_hw_platform_0/system.mss"
Reason: Cannot close sw design 'C:/Users/user/Desktop/lab3_customIP/lab3_customIP/lab3_customIP.sdk/bsp_for_design_1_wrapper_hw_platform_0/system.mss'.
Design is not opened in the current session.


16:51:41 INFO  : 'targets -set -filter {jtag_cable_name =~ "Digilent Zed 210248650917" && level==0} -index 1' command is executed.
16:51:41 INFO  : 'fpga -state' command is executed.
16:51:41 INFO  : Connected to target on host '127.0.0.1' and port '3121'.
16:51:41 INFO  : Jtag cable 'Digilent Zed 210248650917' is selected.
16:51:41 INFO  : 'jtag frequency' command is executed.
16:51:41 INFO  : Sourcing of 'C:/Users/user/Desktop/lab3_customIP/lab3_customIP/lab3_customIP.sdk/design_1_wrapper_hw_platform_0/ps7_init.tcl' is done.
16:51:41 INFO  : Context for 'APU' is selected.
16:51:41 INFO  : Hardware design information is loaded from 'C:/Users/user/Desktop/lab3_customIP/lab3_customIP/lab3_customIP.sdk/design_1_wrapper_hw_platform_0/system.hdf'.
16:51:41 INFO  : Context for 'APU' is selected.
16:51:41 INFO  : 'stop' command is executed.
16:51:42 INFO  : 'ps7_init' command is executed.
16:51:42 INFO  : 'ps7_post_config' command is executed.
16:51:42 INFO  : Context for processor 'ps7_cortexa9_0' is selected.
16:51:42 INFO  : Processor reset is completed for 'ps7_cortexa9_0'.
16:51:42 INFO  : Context for processor 'ps7_cortexa9_0' is selected.
16:51:42 INFO  : The application 'C:/Users/user/Desktop/lab3_customIP/lab3_customIP/lab3_customIP.sdk/lab3_custom/Debug/lab3_custom.elf' is downloaded to processor 'ps7_cortexa9_0'.
16:51:42 INFO  : ----------------XSDB Script----------------
connect -url tcp:127.0.0.1:3121
source C:/Users/user/Desktop/lab3_customIP/lab3_customIP/lab3_customIP.sdk/design_1_wrapper_hw_platform_0/ps7_init.tcl
targets -set -nocase -filter {name =~"APU*" && jtag_cable_name =~ "Digilent Zed 210248650917"} -index 0
loadhw C:/Users/user/Desktop/lab3_customIP/lab3_customIP/lab3_customIP.sdk/design_1_wrapper_hw_platform_0/system.hdf
targets -set -nocase -filter {name =~"APU*" && jtag_cable_name =~ "Digilent Zed 210248650917"} -index 0
stop
ps7_init
ps7_post_config
targets -set -nocase -filter {name =~ "ARM*#0" && jtag_cable_name =~ "Digilent Zed 210248650917"} -index 0
rst -processor
targets -set -nocase -filter {name =~ "ARM*#0" && jtag_cable_name =~ "Digilent Zed 210248650917"} -index 0
dow C:/Users/user/Desktop/lab3_customIP/lab3_customIP/lab3_customIP.sdk/lab3_custom/Debug/lab3_custom.elf
----------------End of Script----------------

16:51:42 INFO  : Memory regions updated for context APU
16:51:42 INFO  : Context for processor 'ps7_cortexa9_0' is selected.
16:51:42 INFO  : 'con' command is executed.
16:51:42 INFO  : ----------------XSDB Script (After Launch)----------------
targets -set -nocase -filter {name =~ "ARM*#0" && jtag_cable_name =~ "Digilent Zed 210248650917"} -index 0
con
----------------End of Script----------------

16:51:42 INFO  : Launch script is exported to file 'C:\Users\user\Desktop\lab3_customIP\lab3_customIP\lab3_customIP.sdk\.sdk\launch_scripts\xilinx_c-c++_application_(system_debugger)\system_debugger_using_debug_lab3_custom.elf_on_local.tcl'
16:52:06 ERROR : (XSDB Server)ERROR: [Hsi 55-1558] Software Design system system is not found

16:52:06 ERROR :  [Common 17-39] 'hsi::current_sw_design' failed due to earlier errors.
16:52:06 ERROR : (XSDB Server)ERROR: [Hsi 55-1558] Software Design system system is not found

16:52:06 INFO  : Unable to read in MSS file C:\Users\user\Desktop\lab3_customIP\lab3_customIP\lab3_customIP.sdk\bsp_for_design_1_wrapper_hw_platform_0\system.mss : null
16:52:06 ERROR : (XSDB Server)ERROR: [Hsi 55-1558] Software Design system system is not found

16:52:06 ERROR : (XSDB Server)ERROR: [Hsi 55-1558] Software Design system system is not found

16:52:06 ERROR : Failed to get_connected_periphs
Reason: ERROR: [Common 17-55] 'get_property' expects at least one object.
Resolution: If [get_<value>] was used to populate the object, check to make sure this command returns at least one valid object.

17:05:49 INFO  : Disconnected from the channel tcfchan#2.
17:05:50 ERROR : Unexpected error while parsing XMD response ?: com.google.gson.JsonSyntaxException: com.google.gson.stream.MalformedJsonException: invalid number or unquoted string near 
17:14:25 INFO  : Registering command handlers for SDK TCF services
17:14:27 INFO  : Launching XSCT server: xsct.bat -interactive C:\Users\user\Desktop\lab3_customIP\lab3_customIP\lab3_customIP.sdk\temp_xsdb_launch_script.tcl
17:14:38 INFO  : XSCT server has started successfully.
17:14:38 INFO  : Successfully done setting XSCT server connection channel  
17:14:40 INFO  : Successfully done setting SDK workspace  
17:14:40 INFO  : Processing command line option -hwspec C:/Users/user/Desktop/lab3_customIP/lab3_customIP/lab3_customIP.sdk/design_1_wrapper.hdf.
17:14:40 INFO  : Checking for hwspec changes in the project design_1_wrapper_hw_platform_0.
17:14:45 INFO  : SDK has detected change in the last modified timestamps for source hardware specification file Source:1490796786087,  Project:1490795218706
17:14:45 INFO  : The hardware specification for project 'design_1_wrapper_hw_platform_0' is different from C:/Users/user/Desktop/lab3_customIP/lab3_customIP/lab3_customIP.sdk/design_1_wrapper.hdf.
17:14:45 INFO  : Copied contents of C:/Users/user/Desktop/lab3_customIP/lab3_customIP/lab3_customIP.sdk/design_1_wrapper.hdf into \design_1_wrapper_hw_platform_0\system.hdf.
17:14:52 INFO  : Synchronizing projects in the workspace with the hardware platform specification changes.
17:15:41 ERROR : (XSDB Server)ERROR: [Hsi 55-1433] Error boost::filesystem::directory_iterator::construct: Δεν επιτρέπεται η πρόσβαση: "C:/Users/user/AppData/Local/Temp\msdtadmin"

17:15:50 ERROR : Failed to call sync_sw_with_hw_change
Reason: ERROR: [Common 17-39] 'hsi::open_sw_design' failed due to earlier errors.

17:15:50 ERROR : Error updating BSP project MSS files.
17:15:51 INFO  : Updating hardware inferred compiler options for lab3_custom.
17:15:51 INFO  : Clearing existing target manager status.
17:16:16 ERROR : (XSDB Server)ERROR: [Hsi 55-1558] Software Design system system is not found

17:16:16 ERROR :  [Common 17-39] 'hsi::current_sw_design' failed due to earlier errors.
17:16:16 ERROR : (XSDB Server)ERROR: [Hsi 55-1558] Software Design system system is not found

17:16:16 INFO  : Unable to read in MSS file C:\Users\user\Desktop\lab3_customIP\lab3_customIP\lab3_customIP.sdk\bsp_for_design_1_wrapper_hw_platform_0\system.mss : null
17:16:17 ERROR : (XSDB Server)ERROR: [Hsi 55-1558] Software Design system system is not found

17:16:17 ERROR : (XSDB Server)ERROR: [Hsi 55-1558] Software Design system system is not found

17:16:17 ERROR : Failed to get_connected_periphs
Reason: ERROR: [Common 17-55] 'get_property' expects at least one object.
Resolution: If [get_<value>] was used to populate the object, check to make sure this command returns at least one valid object.

17:17:31 ERROR : Unexpected error while parsing XMD response ?: com.google.gson.JsonSyntaxException: com.google.gson.stream.MalformedJsonException: invalid number or unquoted string near 
17:17:55 INFO  : Registering command handlers for SDK TCF services
17:17:55 INFO  : Launching XSCT server: xsct.bat -interactive C:\Users\user\Desktop\lab3_customIP\lab3_customIP\lab3_customIP.sdk\temp_xsdb_launch_script.tcl
17:17:59 INFO  : XSCT server has started successfully.
17:18:01 INFO  : Successfully done setting XSCT server connection channel  
17:18:01 INFO  : Processing command line option -hwspec C:/Users/user/Desktop/lab3_customIP/lab3_customIP/lab3_customIP.sdk/design_1_wrapper.hdf.
17:18:01 INFO  : Successfully done setting SDK workspace  
17:18:01 INFO  : Checking for hwspec changes in the project design_1_wrapper_hw_platform_0.
17:20:09 INFO  : Connected to target on host '127.0.0.1' and port '3121'.
17:20:10 INFO  : 'targets -set -filter {jtag_cable_name =~ "Digilent Zed 210248650917" && level==0} -index 1' command is executed.
17:20:12 INFO  : FPGA configured successfully with bitstream "C:/Users/user/Desktop/lab3_customIP/lab3_customIP/lab3_customIP.sdk/design_1_wrapper_hw_platform_0/design_1_wrapper.bit"
17:20:44 INFO  : 'targets -set -filter {jtag_cable_name =~ "Digilent Zed 210248650917" && level==0} -index 1' command is executed.
17:20:44 INFO  : 'fpga -state' command is executed.
17:20:44 INFO  : Connected to target on host '127.0.0.1' and port '3121'.
17:20:44 INFO  : Jtag cable 'Digilent Zed 210248650917' is selected.
17:20:44 INFO  : 'jtag frequency' command is executed.
17:20:44 INFO  : Sourcing of 'C:/Users/user/Desktop/lab3_customIP/lab3_customIP/lab3_customIP.sdk/design_1_wrapper_hw_platform_0/ps7_init.tcl' is done.
17:20:44 INFO  : Context for 'APU' is selected.
17:20:44 INFO  : Hardware design information is loaded from 'C:/Users/user/Desktop/lab3_customIP/lab3_customIP/lab3_customIP.sdk/design_1_wrapper_hw_platform_0/system.hdf'.
17:20:44 INFO  : Context for 'APU' is selected.
17:20:44 INFO  : 'stop' command is executed.
17:20:45 INFO  : 'ps7_init' command is executed.
17:20:45 INFO  : 'ps7_post_config' command is executed.
17:20:45 INFO  : Context for processor 'ps7_cortexa9_0' is selected.
17:20:45 INFO  : Processor reset is completed for 'ps7_cortexa9_0'.
17:20:45 INFO  : Context for processor 'ps7_cortexa9_0' is selected.
17:20:45 INFO  : The application 'C:/Users/user/Desktop/lab3_customIP/lab3_customIP/lab3_customIP.sdk/lab3_custom/Debug/lab3_custom.elf' is downloaded to processor 'ps7_cortexa9_0'.
17:20:45 INFO  : ----------------XSDB Script----------------
connect -url tcp:127.0.0.1:3121
source C:/Users/user/Desktop/lab3_customIP/lab3_customIP/lab3_customIP.sdk/design_1_wrapper_hw_platform_0/ps7_init.tcl
targets -set -nocase -filter {name =~"APU*" && jtag_cable_name =~ "Digilent Zed 210248650917"} -index 0
loadhw C:/Users/user/Desktop/lab3_customIP/lab3_customIP/lab3_customIP.sdk/design_1_wrapper_hw_platform_0/system.hdf
targets -set -nocase -filter {name =~"APU*" && jtag_cable_name =~ "Digilent Zed 210248650917"} -index 0
stop
ps7_init
ps7_post_config
targets -set -nocase -filter {name =~ "ARM*#0" && jtag_cable_name =~ "Digilent Zed 210248650917"} -index 0
rst -processor
targets -set -nocase -filter {name =~ "ARM*#0" && jtag_cable_name =~ "Digilent Zed 210248650917"} -index 0
dow C:/Users/user/Desktop/lab3_customIP/lab3_customIP/lab3_customIP.sdk/lab3_custom/Debug/lab3_custom.elf
----------------End of Script----------------

17:20:45 INFO  : Memory regions updated for context APU
17:20:46 INFO  : Context for processor 'ps7_cortexa9_0' is selected.
17:20:46 INFO  : 'con' command is executed.
17:20:46 INFO  : ----------------XSDB Script (After Launch)----------------
targets -set -nocase -filter {name =~ "ARM*#0" && jtag_cable_name =~ "Digilent Zed 210248650917"} -index 0
con
----------------End of Script----------------

17:20:46 INFO  : Launch script is exported to file 'C:\Users\user\Desktop\lab3_customIP\lab3_customIP\lab3_customIP.sdk\.sdk\launch_scripts\xilinx_c-c++_application_(system_debugger)\system_debugger_using_debug_lab3_custom.elf_on_local.tcl'
17:21:59 INFO  : Disconnected from the channel tcfchan#1.
17:22:00 INFO  : 'targets -set -filter {jtag_cable_name =~ "Digilent Zed 210248650917" && level==0} -index 1' command is executed.
17:22:00 INFO  : 'fpga -state' command is executed.
17:22:00 INFO  : Connected to target on host '127.0.0.1' and port '3121'.
17:22:01 INFO  : Jtag cable 'Digilent Zed 210248650917' is selected.
17:22:01 INFO  : 'jtag frequency' command is executed.
17:22:01 INFO  : Sourcing of 'C:/Users/user/Desktop/lab3_customIP/lab3_customIP/lab3_customIP.sdk/design_1_wrapper_hw_platform_0/ps7_init.tcl' is done.
17:22:01 INFO  : Context for 'APU' is selected.
17:22:04 INFO  : Hardware design information is loaded from 'C:/Users/user/Desktop/lab3_customIP/lab3_customIP/lab3_customIP.sdk/design_1_wrapper_hw_platform_0/system.hdf'.
17:22:04 INFO  : Context for 'APU' is selected.
17:22:04 INFO  : 'stop' command is executed.
17:22:04 INFO  : 'ps7_init' command is executed.
17:22:04 INFO  : 'ps7_post_config' command is executed.
17:22:04 INFO  : Context for processor 'ps7_cortexa9_0' is selected.
17:22:04 INFO  : Processor reset is completed for 'ps7_cortexa9_0'.
17:22:04 INFO  : Context for processor 'ps7_cortexa9_0' is selected.
17:22:05 INFO  : The application 'C:/Users/user/Desktop/lab3_customIP/lab3_customIP/lab3_customIP.sdk/lab3_custom/Debug/lab3_custom.elf' is downloaded to processor 'ps7_cortexa9_0'.
17:22:05 INFO  : ----------------XSDB Script----------------
connect -url tcp:127.0.0.1:3121
source C:/Users/user/Desktop/lab3_customIP/lab3_customIP/lab3_customIP.sdk/design_1_wrapper_hw_platform_0/ps7_init.tcl
targets -set -nocase -filter {name =~"APU*" && jtag_cable_name =~ "Digilent Zed 210248650917"} -index 0
loadhw C:/Users/user/Desktop/lab3_customIP/lab3_customIP/lab3_customIP.sdk/design_1_wrapper_hw_platform_0/system.hdf
targets -set -nocase -filter {name =~"APU*" && jtag_cable_name =~ "Digilent Zed 210248650917"} -index 0
stop
ps7_init
ps7_post_config
targets -set -nocase -filter {name =~ "ARM*#0" && jtag_cable_name =~ "Digilent Zed 210248650917"} -index 0
rst -processor
targets -set -nocase -filter {name =~ "ARM*#0" && jtag_cable_name =~ "Digilent Zed 210248650917"} -index 0
dow C:/Users/user/Desktop/lab3_customIP/lab3_customIP/lab3_customIP.sdk/lab3_custom/Debug/lab3_custom.elf
----------------End of Script----------------

17:22:05 INFO  : Memory regions updated for context APU
17:22:05 INFO  : Context for processor 'ps7_cortexa9_0' is selected.
17:22:05 INFO  : 'con' command is executed.
17:22:05 INFO  : ----------------XSDB Script (After Launch)----------------
targets -set -nocase -filter {name =~ "ARM*#0" && jtag_cable_name =~ "Digilent Zed 210248650917"} -index 0
con
----------------End of Script----------------

17:22:05 INFO  : Launch script is exported to file 'C:\Users\user\Desktop\lab3_customIP\lab3_customIP\lab3_customIP.sdk\.sdk\launch_scripts\xilinx_c-c++_application_(system_debugger)\system_debugger_using_debug_lab3_custom.elf_on_local.tcl'
17:45:26 INFO  : Disconnected from the channel tcfchan#2.
17:51:36 INFO  : Registering command handlers for SDK TCF services
17:51:36 INFO  : Launching XSCT server: xsct.bat -interactive C:\Users\user\Desktop\lab3_customIP\lab3_customIP\lab3_customIP.sdk\temp_xsdb_launch_script.tcl
17:51:45 INFO  : XSCT server has started successfully.
17:51:47 INFO  : Successfully done setting XSCT server connection channel  
17:51:47 INFO  : Successfully done setting SDK workspace  
17:51:47 INFO  : Processing command line option -hwspec C:/Users/user/Desktop/lab3_customIP/lab3_customIP/lab3_customIP.sdk/design_1_wrapper.hdf.
17:51:48 INFO  : Checking for hwspec changes in the project design_1_wrapper_hw_platform_0.
17:51:52 INFO  : SDK has detected change in the last modified timestamps for source hardware specification file Source:1490798990623,  Project:1490796786087
17:51:52 INFO  : The hardware specification for project 'design_1_wrapper_hw_platform_0' is different from C:/Users/user/Desktop/lab3_customIP/lab3_customIP/lab3_customIP.sdk/design_1_wrapper.hdf.
17:51:52 INFO  : Copied contents of C:/Users/user/Desktop/lab3_customIP/lab3_customIP/lab3_customIP.sdk/design_1_wrapper.hdf into \design_1_wrapper_hw_platform_0\system.hdf.
17:52:00 INFO  : Synchronizing projects in the workspace with the hardware platform specification changes.
17:52:50 ERROR : (XSDB Server)ERROR: [Hsi 55-1433] Error boost::filesystem::directory_iterator::construct: Δεν επιτρέπεται η πρόσβαση: "C:/Users/user/AppData/Local/Temp\msdtadmin"

17:52:58 ERROR : Failed to call sync_sw_with_hw_change
Reason: ERROR: [Common 17-39] 'hsi::open_sw_design' failed due to earlier errors.

17:52:58 ERROR : Error updating BSP project MSS files.
17:52:58 INFO  : Updating hardware inferred compiler options for lab3_custom.
17:52:58 INFO  : Clearing existing target manager status.
17:54:15 ERROR : Unexpected error while parsing XMD response ?: com.google.gson.JsonSyntaxException: com.google.gson.stream.MalformedJsonException: invalid number or unquoted string near 
17:54:30 INFO  : Registering command handlers for SDK TCF services
17:54:30 INFO  : Launching XSCT server: xsct.bat -interactive C:\Users\user\Desktop\lab3_customIP\lab3_customIP\lab3_customIP.sdk\temp_xsdb_launch_script.tcl
17:54:33 INFO  : XSCT server has started successfully.
17:54:35 INFO  : Successfully done setting XSCT server connection channel  
17:54:35 INFO  : Successfully done setting SDK workspace  
17:54:35 INFO  : Processing command line option -hwspec C:/Users/user/Desktop/lab3_customIP/lab3_customIP/lab3_customIP.sdk/design_1_wrapper.hdf.
17:54:35 INFO  : Checking for hwspec changes in the project design_1_wrapper_hw_platform_0.
17:54:46 INFO  : Connected to target on host '127.0.0.1' and port '3121'.
17:54:47 INFO  : 'targets -set -filter {jtag_cable_name =~ "Digilent Zed 210248650917" && level==0} -index 1' command is executed.
17:54:49 INFO  : FPGA configured successfully with bitstream "C:/Users/user/Desktop/lab3_customIP/lab3_customIP/lab3_customIP.sdk/design_1_wrapper_hw_platform_0/design_1_wrapper.bit"
17:55:01 INFO  : 'targets -set -filter {jtag_cable_name =~ "Digilent Zed 210248650917" && level==0} -index 1' command is executed.
17:55:01 INFO  : 'fpga -state' command is executed.
17:55:01 INFO  : Connected to target on host '127.0.0.1' and port '3121'.
17:55:01 INFO  : Jtag cable 'Digilent Zed 210248650917' is selected.
17:55:01 INFO  : 'jtag frequency' command is executed.
17:55:01 INFO  : Sourcing of 'C:/Users/user/Desktop/lab3_customIP/lab3_customIP/lab3_customIP.sdk/design_1_wrapper_hw_platform_0/ps7_init.tcl' is done.
17:55:01 INFO  : Context for 'APU' is selected.
17:55:01 INFO  : Hardware design information is loaded from 'C:/Users/user/Desktop/lab3_customIP/lab3_customIP/lab3_customIP.sdk/design_1_wrapper_hw_platform_0/system.hdf'.
17:55:02 INFO  : Context for 'APU' is selected.
17:55:02 INFO  : 'stop' command is executed.
17:55:02 INFO  : 'ps7_init' command is executed.
17:55:02 INFO  : 'ps7_post_config' command is executed.
17:55:02 INFO  : Context for processor 'ps7_cortexa9_0' is selected.
17:55:02 INFO  : Processor reset is completed for 'ps7_cortexa9_0'.
17:55:02 INFO  : Context for processor 'ps7_cortexa9_0' is selected.
17:55:02 INFO  : The application 'C:/Users/user/Desktop/lab3_customIP/lab3_customIP/lab3_customIP.sdk/lab3_custom/Debug/lab3_custom.elf' is downloaded to processor 'ps7_cortexa9_0'.
17:55:02 INFO  : ----------------XSDB Script----------------
connect -url tcp:127.0.0.1:3121
source C:/Users/user/Desktop/lab3_customIP/lab3_customIP/lab3_customIP.sdk/design_1_wrapper_hw_platform_0/ps7_init.tcl
targets -set -nocase -filter {name =~"APU*" && jtag_cable_name =~ "Digilent Zed 210248650917"} -index 0
loadhw C:/Users/user/Desktop/lab3_customIP/lab3_customIP/lab3_customIP.sdk/design_1_wrapper_hw_platform_0/system.hdf
targets -set -nocase -filter {name =~"APU*" && jtag_cable_name =~ "Digilent Zed 210248650917"} -index 0
stop
ps7_init
ps7_post_config
targets -set -nocase -filter {name =~ "ARM*#0" && jtag_cable_name =~ "Digilent Zed 210248650917"} -index 0
rst -processor
targets -set -nocase -filter {name =~ "ARM*#0" && jtag_cable_name =~ "Digilent Zed 210248650917"} -index 0
dow C:/Users/user/Desktop/lab3_customIP/lab3_customIP/lab3_customIP.sdk/lab3_custom/Debug/lab3_custom.elf
----------------End of Script----------------

17:55:02 INFO  : Memory regions updated for context APU
17:55:03 INFO  : Context for processor 'ps7_cortexa9_0' is selected.
17:55:03 INFO  : 'con' command is executed.
17:55:03 INFO  : ----------------XSDB Script (After Launch)----------------
targets -set -nocase -filter {name =~ "ARM*#0" && jtag_cable_name =~ "Digilent Zed 210248650917"} -index 0
con
----------------End of Script----------------

17:55:03 INFO  : Launch script is exported to file 'C:\Users\user\Desktop\lab3_customIP\lab3_customIP\lab3_customIP.sdk\.sdk\launch_scripts\xilinx_c-c++_application_(system_debugger)\system_debugger_using_debug_lab3_custom.elf_on_local.tcl'
17:58:20 INFO  : Disconnected from the channel tcfchan#1.
10:32:47 INFO  : Registering command handlers for SDK TCF services
10:32:49 INFO  : Launching XSCT server: xsct.bat -interactive C:\Users\user\Desktop\lab3_customIP\lab3_customIP\lab3_customIP.sdk\temp_xsdb_launch_script.tcl
10:32:55 INFO  : XSCT server has started successfully.
10:33:05 INFO  : Successfully done setting XSCT server connection channel  
10:33:05 INFO  : Successfully done setting SDK workspace  
10:33:05 INFO  : Processing command line option -hwspec C:/Users/user/Desktop/lab3_customIP/lab3_customIP/lab3_customIP.sdk/design_1_wrapper.hdf.
10:33:05 INFO  : Checking for hwspec changes in the project design_1_wrapper_hw_platform_0.
10:33:43 INFO  : Connected to target on host '127.0.0.1' and port '3121'.
10:33:44 INFO  : 'targets -set -filter {jtag_cable_name =~ "Digilent Zed 210248650917" && level==0} -index 1' command is executed.
10:33:46 INFO  : FPGA configured successfully with bitstream "C:/Users/user/Desktop/lab3_customIP/lab3_customIP/lab3_customIP.sdk/design_1_wrapper_hw_platform_0/design_1_wrapper.bit"
10:33:59 INFO  : 'targets -set -filter {jtag_cable_name =~ "Digilent Zed 210248650917" && level==0} -index 1' command is executed.
10:33:59 INFO  : 'fpga -state' command is executed.
10:33:59 INFO  : Connected to target on host '127.0.0.1' and port '3121'.
10:33:59 INFO  : Jtag cable 'Digilent Zed 210248650917' is selected.
10:33:59 INFO  : 'jtag frequency' command is executed.
10:33:59 INFO  : Sourcing of 'C:/Users/user/Desktop/lab3_customIP/lab3_customIP/lab3_customIP.sdk/design_1_wrapper_hw_platform_0/ps7_init.tcl' is done.
10:33:59 INFO  : Context for 'APU' is selected.
10:33:59 INFO  : Hardware design information is loaded from 'C:/Users/user/Desktop/lab3_customIP/lab3_customIP/lab3_customIP.sdk/design_1_wrapper_hw_platform_0/system.hdf'.
10:34:00 INFO  : Context for 'APU' is selected.
10:34:00 INFO  : 'stop' command is executed.
10:34:00 INFO  : 'ps7_init' command is executed.
10:34:00 INFO  : 'ps7_post_config' command is executed.
10:34:00 INFO  : Context for processor 'ps7_cortexa9_0' is selected.
10:34:00 INFO  : Processor reset is completed for 'ps7_cortexa9_0'.
10:34:00 INFO  : Context for processor 'ps7_cortexa9_0' is selected.
10:34:00 INFO  : The application 'C:/Users/user/Desktop/lab3_customIP/lab3_customIP/lab3_customIP.sdk/lab3_custom/Debug/lab3_custom.elf' is downloaded to processor 'ps7_cortexa9_0'.
10:34:00 INFO  : ----------------XSDB Script----------------
connect -url tcp:127.0.0.1:3121
source C:/Users/user/Desktop/lab3_customIP/lab3_customIP/lab3_customIP.sdk/design_1_wrapper_hw_platform_0/ps7_init.tcl
targets -set -nocase -filter {name =~"APU*" && jtag_cable_name =~ "Digilent Zed 210248650917"} -index 0
loadhw C:/Users/user/Desktop/lab3_customIP/lab3_customIP/lab3_customIP.sdk/design_1_wrapper_hw_platform_0/system.hdf
targets -set -nocase -filter {name =~"APU*" && jtag_cable_name =~ "Digilent Zed 210248650917"} -index 0
stop
ps7_init
ps7_post_config
targets -set -nocase -filter {name =~ "ARM*#0" && jtag_cable_name =~ "Digilent Zed 210248650917"} -index 0
rst -processor
targets -set -nocase -filter {name =~ "ARM*#0" && jtag_cable_name =~ "Digilent Zed 210248650917"} -index 0
dow C:/Users/user/Desktop/lab3_customIP/lab3_customIP/lab3_customIP.sdk/lab3_custom/Debug/lab3_custom.elf
----------------End of Script----------------

10:34:00 INFO  : Memory regions updated for context APU
10:34:01 INFO  : Context for processor 'ps7_cortexa9_0' is selected.
10:34:01 INFO  : 'con' command is executed.
10:34:01 INFO  : ----------------XSDB Script (After Launch)----------------
targets -set -nocase -filter {name =~ "ARM*#0" && jtag_cable_name =~ "Digilent Zed 210248650917"} -index 0
con
----------------End of Script----------------

10:34:01 INFO  : Launch script is exported to file 'C:\Users\user\Desktop\lab3_customIP\lab3_customIP\lab3_customIP.sdk\.sdk\launch_scripts\xilinx_c-c++_application_(system_debugger)\system_debugger_using_debug_lab3_custom.elf_on_local.tcl'
10:38:00 INFO  : Disconnected from the channel tcfchan#1.
21:09:05 INFO  : Registering command handlers for SDK TCF services
21:09:05 INFO  : Launching XSCT server: xsct.bat -interactive C:\Users\user\Desktop\lab3_customIP\lab3_customIP\lab3_customIP.sdk\temp_xsdb_launch_script.tcl
21:09:08 INFO  : XSCT server has started successfully.
21:09:09 INFO  : Successfully done setting XSCT server connection channel  
21:09:09 INFO  : Successfully done setting SDK workspace  
21:09:09 INFO  : Processing command line option -hwspec C:/Users/user/Desktop/lab3_customIP/lab3_customIP/lab3_customIP.sdk/design_1_wrapper.hdf.
21:09:09 INFO  : Checking for hwspec changes in the project design_1_wrapper_hw_platform_0.
03:08:46 INFO  : Registering command handlers for SDK TCF services
03:08:47 INFO  : Launching XSCT server: xsct.bat -interactive C:\Users\user\Desktop\lab3_customIP\lab3_customIP\lab3_customIP.sdk\temp_xsdb_launch_script.tcl
03:09:02 INFO  : XSCT server has started successfully.
03:09:02 INFO  : Successfully done setting XSCT server connection channel  
03:09:04 INFO  : Successfully done setting SDK workspace  
03:09:04 INFO  : Processing command line option -hwspec C:/Users/user/Desktop/lab3_customIP/lab3_customIP/lab3_customIP.sdk/design_1_wrapper.hdf.
03:09:05 INFO  : Checking for hwspec changes in the project design_1_wrapper_hw_platform_0.
03:09:51 INFO  : Registering command handlers for SDK TCF services
03:09:52 INFO  : Launching XSCT server: xsct.bat -interactive C:\Users\user\Desktop\lab3_customIP\lab3_customIP\lab3_customIP.sdk\temp_xsdb_launch_script.tcl
03:09:57 INFO  : XSCT server has started successfully.
03:09:58 INFO  : Successfully done setting XSCT server connection channel  
03:09:58 INFO  : Successfully done setting SDK workspace  
03:09:58 INFO  : Processing command line option -hwspec C:/Users/user/Desktop/lab3_customIP/lab3_customIP/lab3_customIP.sdk/design_1_wrapper.hdf.
03:09:58 INFO  : Checking for hwspec changes in the project design_1_wrapper_hw_platform_0.
10:03:37 INFO  : Registering command handlers for SDK TCF services
10:03:38 INFO  : Launching XSCT server: xsct.bat -interactive C:\Users\user\Desktop\lab3_customIP\lab3_customIP\lab3_customIP.sdk\temp_xsdb_launch_script.tcl
10:03:48 INFO  : XSCT server has started successfully.
10:03:50 INFO  : Successfully done setting XSCT server connection channel  
10:03:50 INFO  : Successfully done setting SDK workspace  
10:03:50 INFO  : Processing command line option -hwspec C:/Users/user/Desktop/lab3_customIP/lab3_customIP/lab3_customIP.sdk/design_1_wrapper.hdf.
10:03:50 INFO  : Checking for hwspec changes in the project design_1_wrapper_hw_platform_0.
