
*** Running vivado
    with args -log project_5_axi_smc_0.vds -m64 -product Vivado -mode batch -messageDb vivado.pb -notrace -source project_5_axi_smc_0.tcl


****** Vivado v2017.1 (64-bit)
  **** SW Build 1846317 on Fri Apr 14 18:54:47 MDT 2017
  **** IP Build 1846188 on Fri Apr 14 20:52:08 MDT 2017
    ** Copyright 1986-2017 Xilinx, Inc. All Rights Reserved.

source project_5_axi_smc_0.tcl -notrace
Starting RTL Elaboration : Time (s): cpu = 00:00:05 ; elapsed = 00:00:08 . Memory (MB): peak = 1206.961 ; gain = 85.996 ; free physical = 202 ; free virtual = 3078
INFO: [Synth 8-638] synthesizing module 'project_5_axi_smc_0' [/home/trakaros/tou_nikou/lab5_hw_hls/lab5_hw_hls.srcs/sources_1/bd/project_5/ip/project_5_axi_smc_0/synth/project_5_axi_smc_0.v:57]
INFO: [Synth 8-638] synthesizing module 'bd_7baa' [/home/trakaros/tou_nikou/lab5_hw_hls/lab5_hw_hls.srcs/sources_1/bd/project_5/ip/project_5_axi_smc_0/bd_0/hdl/bd_7baa.v:13]
INFO: [Synth 8-638] synthesizing module 'clk_map_imp_KW9KP0' [/home/trakaros/tou_nikou/lab5_hw_hls/lab5_hw_hls.srcs/sources_1/bd/project_5/ip/project_5_axi_smc_0/bd_0/hdl/bd_7baa.v:1367]
INFO: [Synth 8-638] synthesizing module 'bd_7baa_one_1' [/home/trakaros/tou_nikou/lab5_hw_hls/lab5_hw_hls.srcs/sources_1/bd/project_5/ip/project_5_axi_smc_0/bd_0/ip/ip_32/synth/bd_7baa_one_1.v:57]
INFO: [Synth 8-638] synthesizing module 'xlconstant_v1_1_3_xlconstant' [/home/trakaros/tou_nikou/lab5_hw_hls/lab5_hw_hls.srcs/sources_1/bd/project_5/ipshared/45df/hdl/xlconstant_v1_1_vl_rfs.v:23]
INFO: [Synth 8-256] done synthesizing module 'xlconstant_v1_1_3_xlconstant' (1#1) [/home/trakaros/tou_nikou/lab5_hw_hls/lab5_hw_hls.srcs/sources_1/bd/project_5/ipshared/45df/hdl/xlconstant_v1_1_vl_rfs.v:23]
INFO: [Synth 8-256] done synthesizing module 'bd_7baa_one_1' (2#1) [/home/trakaros/tou_nikou/lab5_hw_hls/lab5_hw_hls.srcs/sources_1/bd/project_5/ip/project_5_axi_smc_0/bd_0/ip/ip_32/synth/bd_7baa_one_1.v:57]
INFO: [Synth 8-638] synthesizing module 'bd_7baa_psr_aclk_1' [/home/trakaros/tou_nikou/lab5_hw_hls/lab5_hw_hls.srcs/sources_1/bd/project_5/ip/project_5_axi_smc_0/bd_0/ip/ip_33/synth/bd_7baa_psr_aclk_1.vhd:74]
INFO: [Synth 8-638] synthesizing module 'proc_sys_reset' [/home/trakaros/tou_nikou/lab5_hw_hls/lab5_hw_hls.srcs/sources_1/bd/project_5/ipshared/5db7/hdl/proc_sys_reset_v5_0_vh_rfs.vhd:1323]
INFO: [Synth 8-638] synthesizing module 'lpf' [/home/trakaros/tou_nikou/lab5_hw_hls/lab5_hw_hls.srcs/sources_1/bd/project_5/ipshared/5db7/hdl/proc_sys_reset_v5_0_vh_rfs.vhd:816]
INFO: [Synth 8-638] synthesizing module 'SRL16' [/opt/Xilinx/Vivado/2017.1/scripts/rt/data/unisim_comp.v:43657]
INFO: [Synth 8-256] done synthesizing module 'SRL16' (3#1) [/opt/Xilinx/Vivado/2017.1/scripts/rt/data/unisim_comp.v:43657]
INFO: [Synth 8-638] synthesizing module 'cdc_sync' [/home/trakaros/tou_nikou/lab5_hw_hls/lab5_hw_hls.srcs/sources_1/bd/project_5/ipshared/52cb/hdl/lib_cdc_v1_0_rfs.vhd:106]
INFO: [Synth 8-256] done synthesizing module 'cdc_sync' (4#1) [/home/trakaros/tou_nikou/lab5_hw_hls/lab5_hw_hls.srcs/sources_1/bd/project_5/ipshared/52cb/hdl/lib_cdc_v1_0_rfs.vhd:106]
INFO: [Synth 8-256] done synthesizing module 'lpf' (5#1) [/home/trakaros/tou_nikou/lab5_hw_hls/lab5_hw_hls.srcs/sources_1/bd/project_5/ipshared/5db7/hdl/proc_sys_reset_v5_0_vh_rfs.vhd:816]
INFO: [Synth 8-638] synthesizing module 'sequence_psr' [/home/trakaros/tou_nikou/lab5_hw_hls/lab5_hw_hls.srcs/sources_1/bd/project_5/ipshared/5db7/hdl/proc_sys_reset_v5_0_vh_rfs.vhd:301]
INFO: [Synth 8-638] synthesizing module 'upcnt_n' [/home/trakaros/tou_nikou/lab5_hw_hls/lab5_hw_hls.srcs/sources_1/bd/project_5/ipshared/5db7/hdl/proc_sys_reset_v5_0_vh_rfs.vhd:125]
INFO: [Synth 8-256] done synthesizing module 'upcnt_n' (6#1) [/home/trakaros/tou_nikou/lab5_hw_hls/lab5_hw_hls.srcs/sources_1/bd/project_5/ipshared/5db7/hdl/proc_sys_reset_v5_0_vh_rfs.vhd:125]
INFO: [Synth 8-256] done synthesizing module 'sequence_psr' (7#1) [/home/trakaros/tou_nikou/lab5_hw_hls/lab5_hw_hls.srcs/sources_1/bd/project_5/ipshared/5db7/hdl/proc_sys_reset_v5_0_vh_rfs.vhd:301]
INFO: [Synth 8-256] done synthesizing module 'proc_sys_reset' (8#1) [/home/trakaros/tou_nikou/lab5_hw_hls/lab5_hw_hls.srcs/sources_1/bd/project_5/ipshared/5db7/hdl/proc_sys_reset_v5_0_vh_rfs.vhd:1323]
INFO: [Synth 8-256] done synthesizing module 'bd_7baa_psr_aclk_1' (9#1) [/home/trakaros/tou_nikou/lab5_hw_hls/lab5_hw_hls.srcs/sources_1/bd/project_5/ip/project_5_axi_smc_0/bd_0/ip/ip_33/synth/bd_7baa_psr_aclk_1.vhd:74]
INFO: [Synth 8-256] done synthesizing module 'clk_map_imp_KW9KP0' (10#1) [/home/trakaros/tou_nikou/lab5_hw_hls/lab5_hw_hls.srcs/sources_1/bd/project_5/ip/project_5_axi_smc_0/bd_0/hdl/bd_7baa.v:1367]
INFO: [Synth 8-638] synthesizing module 'm00_exit_pipeline_imp_1DWR93Z' [/home/trakaros/tou_nikou/lab5_hw_hls/lab5_hw_hls.srcs/sources_1/bd/project_5/ip/project_5_axi_smc_0/bd_0/hdl/bd_7baa.v:1417]
INFO: [Synth 8-638] synthesizing module 'bd_7baa_m00e_1' [/home/trakaros/tou_nikou/lab5_hw_hls/lab5_hw_hls.srcs/sources_1/bd/project_5/ip/project_5_axi_smc_0/bd_0/ip/ip_63/synth/bd_7baa_m00e_1.sv:58]
INFO: [Synth 8-256] done synthesizing module 'bd_7baa_m00e_1' (25#1) [/home/trakaros/tou_nikou/lab5_hw_hls/lab5_hw_hls.srcs/sources_1/bd/project_5/ip/project_5_axi_smc_0/bd_0/ip/ip_63/synth/bd_7baa_m00e_1.sv:58]
INFO: [Synth 8-256] done synthesizing module 'm00_exit_pipeline_imp_1DWR93Z' (26#1) [/home/trakaros/tou_nikou/lab5_hw_hls/lab5_hw_hls.srcs/sources_1/bd/project_5/ip/project_5_axi_smc_0/bd_0/hdl/bd_7baa.v:1417]
INFO: [Synth 8-638] synthesizing module 'm00_nodes_imp_1R7RT9V' [/home/trakaros/tou_nikou/lab5_hw_hls/lab5_hw_hls.srcs/sources_1/bd/project_5/ip/project_5_axi_smc_0/bd_0/hdl/bd_7baa.v:1788]
INFO: [Synth 8-638] synthesizing module 'bd_7baa_m00arn_1' [/home/trakaros/tou_nikou/lab5_hw_hls/lab5_hw_hls.srcs/sources_1/bd/project_5/ip/project_5_axi_smc_0/bd_0/ip/ip_58/synth/bd_7baa_m00arn_1.sv:58]
INFO: [Synth 8-638] synthesizing module 'xpm_memory_base' [/opt/Xilinx/Vivado/2017.1/data/ip/xpm/xpm_memory/hdl/xpm_memory.sv:58]
INFO: [Synth 8-256] done synthesizing module 'xpm_memory_base' (32#1) [/opt/Xilinx/Vivado/2017.1/data/ip/xpm/xpm_memory/hdl/xpm_memory.sv:58]
INFO: [Synth 8-638] synthesizing module 'xpm_memory_base__parameterized0' [/opt/Xilinx/Vivado/2017.1/data/ip/xpm/xpm_memory/hdl/xpm_memory.sv:58]
INFO: [Synth 8-256] done synthesizing module 'xpm_memory_base__parameterized0' (35#1) [/opt/Xilinx/Vivado/2017.1/data/ip/xpm/xpm_memory/hdl/xpm_memory.sv:58]
INFO: [Synth 8-256] done synthesizing module 'bd_7baa_m00arn_1' (41#1) [/home/trakaros/tou_nikou/lab5_hw_hls/lab5_hw_hls.srcs/sources_1/bd/project_5/ip/project_5_axi_smc_0/bd_0/ip/ip_58/synth/bd_7baa_m00arn_1.sv:58]
INFO: [Synth 8-638] synthesizing module 'bd_7baa_m00awn_1' [/home/trakaros/tou_nikou/lab5_hw_hls/lab5_hw_hls.srcs/sources_1/bd/project_5/ip/project_5_axi_smc_0/bd_0/ip/ip_60/synth/bd_7baa_m00awn_1.sv:58]
INFO: [Synth 8-256] done synthesizing module 'bd_7baa_m00awn_1' (42#1) [/home/trakaros/tou_nikou/lab5_hw_hls/lab5_hw_hls.srcs/sources_1/bd/project_5/ip/project_5_axi_smc_0/bd_0/ip/ip_60/synth/bd_7baa_m00awn_1.sv:58]
INFO: [Synth 8-638] synthesizing module 'bd_7baa_m00bn_1' [/home/trakaros/tou_nikou/lab5_hw_hls/lab5_hw_hls.srcs/sources_1/bd/project_5/ip/project_5_axi_smc_0/bd_0/ip/ip_62/synth/bd_7baa_m00bn_1.sv:58]
INFO: [Synth 8-638] synthesizing module 'xpm_memory_base__parameterized1' [/opt/Xilinx/Vivado/2017.1/data/ip/xpm/xpm_memory/hdl/xpm_memory.sv:58]
INFO: [Synth 8-256] done synthesizing module 'xpm_memory_base__parameterized1' (42#1) [/opt/Xilinx/Vivado/2017.1/data/ip/xpm/xpm_memory/hdl/xpm_memory.sv:58]
INFO: [Synth 8-638] synthesizing module 'xpm_memory_base__parameterized2' [/opt/Xilinx/Vivado/2017.1/data/ip/xpm/xpm_memory/hdl/xpm_memory.sv:58]
INFO: [Synth 8-256] done synthesizing module 'xpm_memory_base__parameterized2' (42#1) [/opt/Xilinx/Vivado/2017.1/data/ip/xpm/xpm_memory/hdl/xpm_memory.sv:58]
INFO: [Synth 8-256] done synthesizing module 'bd_7baa_m00bn_1' (43#1) [/home/trakaros/tou_nikou/lab5_hw_hls/lab5_hw_hls.srcs/sources_1/bd/project_5/ip/project_5_axi_smc_0/bd_0/ip/ip_62/synth/bd_7baa_m00bn_1.sv:58]
INFO: [Synth 8-638] synthesizing module 'bd_7baa_m00rn_1' [/home/trakaros/tou_nikou/lab5_hw_hls/lab5_hw_hls.srcs/sources_1/bd/project_5/ip/project_5_axi_smc_0/bd_0/ip/ip_59/synth/bd_7baa_m00rn_1.sv:58]
INFO: [Synth 8-638] synthesizing module 'xpm_memory_base__parameterized3' [/opt/Xilinx/Vivado/2017.1/data/ip/xpm/xpm_memory/hdl/xpm_memory.sv:58]
INFO: [Synth 8-256] done synthesizing module 'xpm_memory_base__parameterized3' (43#1) [/opt/Xilinx/Vivado/2017.1/data/ip/xpm/xpm_memory/hdl/xpm_memory.sv:58]
INFO: [Synth 8-256] done synthesizing module 'bd_7baa_m00rn_1' (44#1) [/home/trakaros/tou_nikou/lab5_hw_hls/lab5_hw_hls.srcs/sources_1/bd/project_5/ip/project_5_axi_smc_0/bd_0/ip/ip_59/synth/bd_7baa_m00rn_1.sv:58]
INFO: [Synth 8-638] synthesizing module 'bd_7baa_m00wn_1' [/home/trakaros/tou_nikou/lab5_hw_hls/lab5_hw_hls.srcs/sources_1/bd/project_5/ip/project_5_axi_smc_0/bd_0/ip/ip_61/synth/bd_7baa_m00wn_1.sv:58]
INFO: [Synth 8-638] synthesizing module 'xpm_memory_base__parameterized4' [/opt/Xilinx/Vivado/2017.1/data/ip/xpm/xpm_memory/hdl/xpm_memory.sv:58]
INFO: [Synth 8-256] done synthesizing module 'xpm_memory_base__parameterized4' (44#1) [/opt/Xilinx/Vivado/2017.1/data/ip/xpm/xpm_memory/hdl/xpm_memory.sv:58]
INFO: [Synth 8-638] synthesizing module 'xpm_memory_base__parameterized5' [/opt/Xilinx/Vivado/2017.1/data/ip/xpm/xpm_memory/hdl/xpm_memory.sv:58]
INFO: [Synth 8-256] done synthesizing module 'xpm_memory_base__parameterized5' (44#1) [/opt/Xilinx/Vivado/2017.1/data/ip/xpm/xpm_memory/hdl/xpm_memory.sv:58]
INFO: [Synth 8-256] done synthesizing module 'bd_7baa_m00wn_1' (45#1) [/home/trakaros/tou_nikou/lab5_hw_hls/lab5_hw_hls.srcs/sources_1/bd/project_5/ip/project_5_axi_smc_0/bd_0/ip/ip_61/synth/bd_7baa_m00wn_1.sv:58]
INFO: [Synth 8-256] done synthesizing module 'm00_nodes_imp_1R7RT9V' (46#1) [/home/trakaros/tou_nikou/lab5_hw_hls/lab5_hw_hls.srcs/sources_1/bd/project_5/ip/project_5_axi_smc_0/bd_0/hdl/bd_7baa.v:1788]
INFO: [Synth 8-638] synthesizing module 'bd_7baa_m00s2a_1' [/home/trakaros/tou_nikou/lab5_hw_hls/lab5_hw_hls.srcs/sources_1/bd/project_5/ip/project_5_axi_smc_0/bd_0/ip/ip_57/synth/bd_7baa_m00s2a_1.sv:58]
INFO: [Synth 8-256] done synthesizing module 'bd_7baa_m00s2a_1' (48#1) [/home/trakaros/tou_nikou/lab5_hw_hls/lab5_hw_hls.srcs/sources_1/bd/project_5/ip/project_5_axi_smc_0/bd_0/ip/ip_57/synth/bd_7baa_m00s2a_1.sv:58]
INFO: [Synth 8-638] synthesizing module 'bd_7baa_s00a2s_1' [/home/trakaros/tou_nikou/lab5_hw_hls/lab5_hw_hls.srcs/sources_1/bd/project_5/ip/project_5_axi_smc_0/bd_0/ip/ip_42/synth/bd_7baa_s00a2s_1.sv:58]
INFO: [Synth 8-256] done synthesizing module 'bd_7baa_s00a2s_1' (50#1) [/home/trakaros/tou_nikou/lab5_hw_hls/lab5_hw_hls.srcs/sources_1/bd/project_5/ip/project_5_axi_smc_0/bd_0/ip/ip_42/synth/bd_7baa_s00a2s_1.sv:58]
INFO: [Synth 8-638] synthesizing module 's00_entry_pipeline_imp_DJAWNW' [/home/trakaros/tou_nikou/lab5_hw_hls/lab5_hw_hls.srcs/sources_1/bd/project_5/ip/project_5_axi_smc_0/bd_0/hdl/bd_7baa.v:2093]
INFO: [Synth 8-638] synthesizing module 'bd_7baa_s00mmu_1' [/home/trakaros/tou_nikou/lab5_hw_hls/lab5_hw_hls.srcs/sources_1/bd/project_5/ip/project_5_axi_smc_0/bd_0/ip/ip_39/synth/bd_7baa_s00mmu_1.sv:58]
INFO: [Synth 8-256] done synthesizing module 'bd_7baa_s00mmu_1' (54#1) [/home/trakaros/tou_nikou/lab5_hw_hls/lab5_hw_hls.srcs/sources_1/bd/project_5/ip/project_5_axi_smc_0/bd_0/ip/ip_39/synth/bd_7baa_s00mmu_1.sv:58]
INFO: [Synth 8-638] synthesizing module 'bd_7baa_s00sic_1' [/home/trakaros/tou_nikou/lab5_hw_hls/lab5_hw_hls.srcs/sources_1/bd/project_5/ip/project_5_axi_smc_0/bd_0/ip/ip_41/synth/bd_7baa_s00sic_1.sv:58]
INFO: [Synth 8-256] done synthesizing module 'bd_7baa_s00sic_1' (57#1) [/home/trakaros/tou_nikou/lab5_hw_hls/lab5_hw_hls.srcs/sources_1/bd/project_5/ip/project_5_axi_smc_0/bd_0/ip/ip_41/synth/bd_7baa_s00sic_1.sv:58]
INFO: [Synth 8-638] synthesizing module 'bd_7baa_s00tr_1' [/home/trakaros/tou_nikou/lab5_hw_hls/lab5_hw_hls.srcs/sources_1/bd/project_5/ip/project_5_axi_smc_0/bd_0/ip/ip_40/synth/bd_7baa_s00tr_1.sv:58]
INFO: [Synth 8-256] done synthesizing module 'bd_7baa_s00tr_1' (60#1) [/home/trakaros/tou_nikou/lab5_hw_hls/lab5_hw_hls.srcs/sources_1/bd/project_5/ip/project_5_axi_smc_0/bd_0/ip/ip_40/synth/bd_7baa_s00tr_1.sv:58]
INFO: [Synth 8-256] done synthesizing module 's00_entry_pipeline_imp_DJAWNW' (61#1) [/home/trakaros/tou_nikou/lab5_hw_hls/lab5_hw_hls.srcs/sources_1/bd/project_5/ip/project_5_axi_smc_0/bd_0/hdl/bd_7baa.v:2093]
INFO: [Synth 8-638] synthesizing module 's00_nodes_imp_ADYOXY' [/home/trakaros/tou_nikou/lab5_hw_hls/lab5_hw_hls.srcs/sources_1/bd/project_5/ip/project_5_axi_smc_0/bd_0/hdl/bd_7baa.v:2698]
INFO: [Synth 8-638] synthesizing module 'bd_7baa_sarn_2' [/home/trakaros/tou_nikou/lab5_hw_hls/lab5_hw_hls.srcs/sources_1/bd/project_5/ip/project_5_axi_smc_0/bd_0/ip/ip_43/synth/bd_7baa_sarn_2.sv:58]
INFO: [Synth 8-638] synthesizing module 'xpm_memory_base__parameterized6' [/opt/Xilinx/Vivado/2017.1/data/ip/xpm/xpm_memory/hdl/xpm_memory.sv:58]
INFO: [Synth 8-256] done synthesizing module 'xpm_memory_base__parameterized6' (61#1) [/opt/Xilinx/Vivado/2017.1/data/ip/xpm/xpm_memory/hdl/xpm_memory.sv:58]
INFO: [Synth 8-638] synthesizing module 'xpm_memory_base__parameterized7' [/opt/Xilinx/Vivado/2017.1/data/ip/xpm/xpm_memory/hdl/xpm_memory.sv:58]
INFO: [Synth 8-256] done synthesizing module 'xpm_memory_base__parameterized7' (61#1) [/opt/Xilinx/Vivado/2017.1/data/ip/xpm/xpm_memory/hdl/xpm_memory.sv:58]
INFO: [Synth 8-256] done synthesizing module 'bd_7baa_sarn_2' (62#1) [/home/trakaros/tou_nikou/lab5_hw_hls/lab5_hw_hls.srcs/sources_1/bd/project_5/ip/project_5_axi_smc_0/bd_0/ip/ip_43/synth/bd_7baa_sarn_2.sv:58]
INFO: [Synth 8-638] synthesizing module 'bd_7baa_sawn_2' [/home/trakaros/tou_nikou/lab5_hw_hls/lab5_hw_hls.srcs/sources_1/bd/project_5/ip/project_5_axi_smc_0/bd_0/ip/ip_45/synth/bd_7baa_sawn_2.sv:58]
INFO: [Synth 8-256] done synthesizing module 'bd_7baa_sawn_2' (63#1) [/home/trakaros/tou_nikou/lab5_hw_hls/lab5_hw_hls.srcs/sources_1/bd/project_5/ip/project_5_axi_smc_0/bd_0/ip/ip_45/synth/bd_7baa_sawn_2.sv:58]
INFO: [Synth 8-638] synthesizing module 'bd_7baa_sbn_2' [/home/trakaros/tou_nikou/lab5_hw_hls/lab5_hw_hls.srcs/sources_1/bd/project_5/ip/project_5_axi_smc_0/bd_0/ip/ip_47/synth/bd_7baa_sbn_2.sv:58]
INFO: [Synth 8-638] synthesizing module 'xpm_memory_base__parameterized8' [/opt/Xilinx/Vivado/2017.1/data/ip/xpm/xpm_memory/hdl/xpm_memory.sv:58]
INFO: [Synth 8-256] done synthesizing module 'xpm_memory_base__parameterized8' (63#1) [/opt/Xilinx/Vivado/2017.1/data/ip/xpm/xpm_memory/hdl/xpm_memory.sv:58]
INFO: [Synth 8-256] done synthesizing module 'bd_7baa_sbn_2' (64#1) [/home/trakaros/tou_nikou/lab5_hw_hls/lab5_hw_hls.srcs/sources_1/bd/project_5/ip/project_5_axi_smc_0/bd_0/ip/ip_47/synth/bd_7baa_sbn_2.sv:58]
INFO: [Synth 8-638] synthesizing module 'bd_7baa_srn_2' [/home/trakaros/tou_nikou/lab5_hw_hls/lab5_hw_hls.srcs/sources_1/bd/project_5/ip/project_5_axi_smc_0/bd_0/ip/ip_44/synth/bd_7baa_srn_2.sv:58]
INFO: [Synth 8-638] synthesizing module 'xpm_memory_base__parameterized9' [/opt/Xilinx/Vivado/2017.1/data/ip/xpm/xpm_memory/hdl/xpm_memory.sv:58]
INFO: [Synth 8-256] done synthesizing module 'xpm_memory_base__parameterized9' (65#1) [/opt/Xilinx/Vivado/2017.1/data/ip/xpm/xpm_memory/hdl/xpm_memory.sv:58]
INFO: [Synth 8-256] done synthesizing module 'bd_7baa_srn_2' (66#1) [/home/trakaros/tou_nikou/lab5_hw_hls/lab5_hw_hls.srcs/sources_1/bd/project_5/ip/project_5_axi_smc_0/bd_0/ip/ip_44/synth/bd_7baa_srn_2.sv:58]
INFO: [Synth 8-638] synthesizing module 'bd_7baa_swn_2' [/home/trakaros/tou_nikou/lab5_hw_hls/lab5_hw_hls.srcs/sources_1/bd/project_5/ip/project_5_axi_smc_0/bd_0/ip/ip_46/synth/bd_7baa_swn_2.sv:58]
INFO: [Synth 8-638] synthesizing module 'xpm_memory_base__parameterized10' [/opt/Xilinx/Vivado/2017.1/data/ip/xpm/xpm_memory/hdl/xpm_memory.sv:58]
INFO: [Synth 8-256] done synthesizing module 'xpm_memory_base__parameterized10' (68#1) [/opt/Xilinx/Vivado/2017.1/data/ip/xpm/xpm_memory/hdl/xpm_memory.sv:58]
INFO: [Synth 8-256] done synthesizing module 'bd_7baa_swn_2' (69#1) [/home/trakaros/tou_nikou/lab5_hw_hls/lab5_hw_hls.srcs/sources_1/bd/project_5/ip/project_5_axi_smc_0/bd_0/ip/ip_46/synth/bd_7baa_swn_2.sv:58]
INFO: [Synth 8-256] done synthesizing module 's00_nodes_imp_ADYOXY' (70#1) [/home/trakaros/tou_nikou/lab5_hw_hls/lab5_hw_hls.srcs/sources_1/bd/project_5/ip/project_5_axi_smc_0/bd_0/hdl/bd_7baa.v:2698]
INFO: [Synth 8-638] synthesizing module 'bd_7baa_s01a2s_1' [/home/trakaros/tou_nikou/lab5_hw_hls/lab5_hw_hls.srcs/sources_1/bd/project_5/ip/project_5_axi_smc_0/bd_0/ip/ip_51/synth/bd_7baa_s01a2s_1.sv:58]
INFO: [Synth 8-256] done synthesizing module 'bd_7baa_s01a2s_1' (71#1) [/home/trakaros/tou_nikou/lab5_hw_hls/lab5_hw_hls.srcs/sources_1/bd/project_5/ip/project_5_axi_smc_0/bd_0/ip/ip_51/synth/bd_7baa_s01a2s_1.sv:58]
INFO: [Synth 8-638] synthesizing module 's01_entry_pipeline_imp_1BND2BS' [/home/trakaros/tou_nikou/lab5_hw_hls/lab5_hw_hls.srcs/sources_1/bd/project_5/ip/project_5_axi_smc_0/bd_0/hdl/bd_7baa.v:2994]
INFO: [Synth 8-638] synthesizing module 'bd_7baa_s01mmu_1' [/home/trakaros/tou_nikou/lab5_hw_hls/lab5_hw_hls.srcs/sources_1/bd/project_5/ip/project_5_axi_smc_0/bd_0/ip/ip_48/synth/bd_7baa_s01mmu_1.sv:58]
INFO: [Synth 8-256] done synthesizing module 'bd_7baa_s01mmu_1' (72#1) [/home/trakaros/tou_nikou/lab5_hw_hls/lab5_hw_hls.srcs/sources_1/bd/project_5/ip/project_5_axi_smc_0/bd_0/ip/ip_48/synth/bd_7baa_s01mmu_1.sv:58]
INFO: [Synth 8-638] synthesizing module 'bd_7baa_s01sic_1' [/home/trakaros/tou_nikou/lab5_hw_hls/lab5_hw_hls.srcs/sources_1/bd/project_5/ip/project_5_axi_smc_0/bd_0/ip/ip_50/synth/bd_7baa_s01sic_1.sv:58]
INFO: [Synth 8-256] done synthesizing module 'bd_7baa_s01sic_1' (73#1) [/home/trakaros/tou_nikou/lab5_hw_hls/lab5_hw_hls.srcs/sources_1/bd/project_5/ip/project_5_axi_smc_0/bd_0/ip/ip_50/synth/bd_7baa_s01sic_1.sv:58]
INFO: [Synth 8-638] synthesizing module 'bd_7baa_s01tr_1' [/home/trakaros/tou_nikou/lab5_hw_hls/lab5_hw_hls.srcs/sources_1/bd/project_5/ip/project_5_axi_smc_0/bd_0/ip/ip_49/synth/bd_7baa_s01tr_1.sv:58]
INFO: [Synth 8-256] done synthesizing module 'bd_7baa_s01tr_1' (74#1) [/home/trakaros/tou_nikou/lab5_hw_hls/lab5_hw_hls.srcs/sources_1/bd/project_5/ip/project_5_axi_smc_0/bd_0/ip/ip_49/synth/bd_7baa_s01tr_1.sv:58]
INFO: [Synth 8-256] done synthesizing module 's01_entry_pipeline_imp_1BND2BS' (75#1) [/home/trakaros/tou_nikou/lab5_hw_hls/lab5_hw_hls.srcs/sources_1/bd/project_5/ip/project_5_axi_smc_0/bd_0/hdl/bd_7baa.v:2994]
INFO: [Synth 8-638] synthesizing module 's01_nodes_imp_1F6WLGW' [/home/trakaros/tou_nikou/lab5_hw_hls/lab5_hw_hls.srcs/sources_1/bd/project_5/ip/project_5_axi_smc_0/bd_0/hdl/bd_7baa.v:3599]
INFO: [Synth 8-638] synthesizing module 'bd_7baa_sarn_3' [/home/trakaros/tou_nikou/lab5_hw_hls/lab5_hw_hls.srcs/sources_1/bd/project_5/ip/project_5_axi_smc_0/bd_0/ip/ip_52/synth/bd_7baa_sarn_3.sv:58]
INFO: [Synth 8-256] done synthesizing module 'bd_7baa_sarn_3' (76#1) [/home/trakaros/tou_nikou/lab5_hw_hls/lab5_hw_hls.srcs/sources_1/bd/project_5/ip/project_5_axi_smc_0/bd_0/ip/ip_52/synth/bd_7baa_sarn_3.sv:58]
INFO: [Synth 8-638] synthesizing module 'bd_7baa_sawn_3' [/home/trakaros/tou_nikou/lab5_hw_hls/lab5_hw_hls.srcs/sources_1/bd/project_5/ip/project_5_axi_smc_0/bd_0/ip/ip_54/synth/bd_7baa_sawn_3.sv:58]
INFO: [Synth 8-256] done synthesizing module 'bd_7baa_sawn_3' (77#1) [/home/trakaros/tou_nikou/lab5_hw_hls/lab5_hw_hls.srcs/sources_1/bd/project_5/ip/project_5_axi_smc_0/bd_0/ip/ip_54/synth/bd_7baa_sawn_3.sv:58]
INFO: [Synth 8-638] synthesizing module 'bd_7baa_sbn_3' [/home/trakaros/tou_nikou/lab5_hw_hls/lab5_hw_hls.srcs/sources_1/bd/project_5/ip/project_5_axi_smc_0/bd_0/ip/ip_56/synth/bd_7baa_sbn_3.sv:58]
INFO: [Synth 8-256] done synthesizing module 'bd_7baa_sbn_3' (78#1) [/home/trakaros/tou_nikou/lab5_hw_hls/lab5_hw_hls.srcs/sources_1/bd/project_5/ip/project_5_axi_smc_0/bd_0/ip/ip_56/synth/bd_7baa_sbn_3.sv:58]
INFO: [Synth 8-638] synthesizing module 'bd_7baa_srn_3' [/home/trakaros/tou_nikou/lab5_hw_hls/lab5_hw_hls.srcs/sources_1/bd/project_5/ip/project_5_axi_smc_0/bd_0/ip/ip_53/synth/bd_7baa_srn_3.sv:58]
INFO: [Synth 8-256] done synthesizing module 'bd_7baa_srn_3' (79#1) [/home/trakaros/tou_nikou/lab5_hw_hls/lab5_hw_hls.srcs/sources_1/bd/project_5/ip/project_5_axi_smc_0/bd_0/ip/ip_53/synth/bd_7baa_srn_3.sv:58]
INFO: [Synth 8-638] synthesizing module 'bd_7baa_swn_3' [/home/trakaros/tou_nikou/lab5_hw_hls/lab5_hw_hls.srcs/sources_1/bd/project_5/ip/project_5_axi_smc_0/bd_0/ip/ip_55/synth/bd_7baa_swn_3.sv:58]
INFO: [Synth 8-256] done synthesizing module 'bd_7baa_swn_3' (80#1) [/home/trakaros/tou_nikou/lab5_hw_hls/lab5_hw_hls.srcs/sources_1/bd/project_5/ip/project_5_axi_smc_0/bd_0/ip/ip_55/synth/bd_7baa_swn_3.sv:58]
INFO: [Synth 8-256] done synthesizing module 's01_nodes_imp_1F6WLGW' (81#1) [/home/trakaros/tou_nikou/lab5_hw_hls/lab5_hw_hls.srcs/sources_1/bd/project_5/ip/project_5_axi_smc_0/bd_0/hdl/bd_7baa.v:3599]
INFO: [Synth 8-638] synthesizing module 'switchboards_imp_LSF2KY' [/home/trakaros/tou_nikou/lab5_hw_hls/lab5_hw_hls.srcs/sources_1/bd/project_5/ip/project_5_axi_smc_0/bd_0/hdl/bd_7baa.v:3895]
INFO: [Synth 8-638] synthesizing module 'bd_7baa_arsw_1' [/home/trakaros/tou_nikou/lab5_hw_hls/lab5_hw_hls.srcs/sources_1/bd/project_5/ip/project_5_axi_smc_0/bd_0/ip/ip_34/synth/bd_7baa_arsw_1.sv:57]
INFO: [Synth 8-256] done synthesizing module 'bd_7baa_arsw_1' (84#1) [/home/trakaros/tou_nikou/lab5_hw_hls/lab5_hw_hls.srcs/sources_1/bd/project_5/ip/project_5_axi_smc_0/bd_0/ip/ip_34/synth/bd_7baa_arsw_1.sv:57]
INFO: [Synth 8-638] synthesizing module 'bd_7baa_awsw_1' [/home/trakaros/tou_nikou/lab5_hw_hls/lab5_hw_hls.srcs/sources_1/bd/project_5/ip/project_5_axi_smc_0/bd_0/ip/ip_36/synth/bd_7baa_awsw_1.sv:57]
INFO: [Synth 8-256] done synthesizing module 'bd_7baa_awsw_1' (85#1) [/home/trakaros/tou_nikou/lab5_hw_hls/lab5_hw_hls.srcs/sources_1/bd/project_5/ip/project_5_axi_smc_0/bd_0/ip/ip_36/synth/bd_7baa_awsw_1.sv:57]
INFO: [Synth 8-638] synthesizing module 'bd_7baa_bsw_1' [/home/trakaros/tou_nikou/lab5_hw_hls/lab5_hw_hls.srcs/sources_1/bd/project_5/ip/project_5_axi_smc_0/bd_0/ip/ip_38/synth/bd_7baa_bsw_1.sv:57]
INFO: [Synth 8-256] done synthesizing module 'bd_7baa_bsw_1' (86#1) [/home/trakaros/tou_nikou/lab5_hw_hls/lab5_hw_hls.srcs/sources_1/bd/project_5/ip/project_5_axi_smc_0/bd_0/ip/ip_38/synth/bd_7baa_bsw_1.sv:57]
INFO: [Synth 8-638] synthesizing module 'bd_7baa_rsw_1' [/home/trakaros/tou_nikou/lab5_hw_hls/lab5_hw_hls.srcs/sources_1/bd/project_5/ip/project_5_axi_smc_0/bd_0/ip/ip_35/synth/bd_7baa_rsw_1.sv:57]
INFO: [Synth 8-256] done synthesizing module 'bd_7baa_rsw_1' (87#1) [/home/trakaros/tou_nikou/lab5_hw_hls/lab5_hw_hls.srcs/sources_1/bd/project_5/ip/project_5_axi_smc_0/bd_0/ip/ip_35/synth/bd_7baa_rsw_1.sv:57]
INFO: [Synth 8-638] synthesizing module 'bd_7baa_wsw_1' [/home/trakaros/tou_nikou/lab5_hw_hls/lab5_hw_hls.srcs/sources_1/bd/project_5/ip/project_5_axi_smc_0/bd_0/ip/ip_37/synth/bd_7baa_wsw_1.sv:57]
INFO: [Synth 8-256] done synthesizing module 'bd_7baa_wsw_1' (88#1) [/home/trakaros/tou_nikou/lab5_hw_hls/lab5_hw_hls.srcs/sources_1/bd/project_5/ip/project_5_axi_smc_0/bd_0/ip/ip_37/synth/bd_7baa_wsw_1.sv:57]
INFO: [Synth 8-256] done synthesizing module 'switchboards_imp_LSF2KY' (89#1) [/home/trakaros/tou_nikou/lab5_hw_hls/lab5_hw_hls.srcs/sources_1/bd/project_5/ip/project_5_axi_smc_0/bd_0/hdl/bd_7baa.v:3895]
INFO: [Synth 8-256] done synthesizing module 'bd_7baa' (90#1) [/home/trakaros/tou_nikou/lab5_hw_hls/lab5_hw_hls.srcs/sources_1/bd/project_5/ip/project_5_axi_smc_0/bd_0/hdl/bd_7baa.v:13]
INFO: [Synth 8-256] done synthesizing module 'project_5_axi_smc_0' (91#1) [/home/trakaros/tou_nikou/lab5_hw_hls/lab5_hw_hls.srcs/sources_1/bd/project_5/ip/project_5_axi_smc_0/synth/project_5_axi_smc_0.v:57]
Finished RTL Elaboration : Time (s): cpu = 00:00:18 ; elapsed = 00:00:21 . Memory (MB): peak = 1359.461 ; gain = 238.496 ; free physical = 132 ; free virtual = 2848
Finished RTL Optimization Phase 1 : Time (s): cpu = 00:00:19 ; elapsed = 00:00:22 . Memory (MB): peak = 1359.461 ; gain = 238.496 ; free physical = 141 ; free virtual = 2865
INFO: [Device 21-403] Loading part xc7z020clg484-1
create_clock: Time (s): cpu = 00:00:00.69 ; elapsed = 00:00:08 . Memory (MB): peak = 2072.023 ; gain = 8.000 ; free physical = 124 ; free virtual = 1446
Constraint Validation Runtime : Time (s): cpu = 00:00:03 ; elapsed = 00:00:06 . Memory (MB): peak = 2150.023 ; gain = 61.000 ; free physical = 169 ; free virtual = 1386
Finished Constraint Validation : Time (s): cpu = 00:00:58 ; elapsed = 00:03:36 . Memory (MB): peak = 2150.023 ; gain = 1029.059 ; free physical = 842 ; free virtual = 2203
Finished Loading Part and Timing Information : Time (s): cpu = 00:00:58 ; elapsed = 00:03:36 . Memory (MB): peak = 2150.023 ; gain = 1029.059 ; free physical = 841 ; free virtual = 2204
Finished applying 'set_property' XDC Constraints : Time (s): cpu = 00:00:58 ; elapsed = 00:03:36 . Memory (MB): peak = 2150.023 ; gain = 1029.059 ; free physical = 841 ; free virtual = 2207
Finished RTL Optimization Phase 2 : Time (s): cpu = 00:01:04 ; elapsed = 00:03:45 . Memory (MB): peak = 2150.023 ; gain = 1029.059 ; free physical = 631 ; free virtual = 2143

*** Running vivado
    with args -log project_5_axi_smc_0.vds -m64 -product Vivado -mode batch -messageDb vivado.pb -notrace -source project_5_axi_smc_0.tcl


****** Vivado v2017.1 (64-bit)
  **** SW Build 1846317 on Fri Apr 14 18:54:47 MDT 2017
  **** IP Build 1846188 on Fri Apr 14 20:52:08 MDT 2017
    ** Copyright 1986-2017 Xilinx, Inc. All Rights Reserved.

source project_5_axi_smc_0.tcl -notrace
Starting RTL Elaboration : Time (s): cpu = 00:00:07 ; elapsed = 00:00:08 . Memory (MB): peak = 1206.969 ; gain = 85.996 ; free physical = 339 ; free virtual = 5354
INFO: [Synth 8-638] synthesizing module 'project_5_axi_smc_0' [/home/trakaros/tou_nikou/lab5_hw_hls/lab5_hw_hls.srcs/sources_1/bd/project_5/ip/project_5_axi_smc_0/synth/project_5_axi_smc_0.v:57]
INFO: [Synth 8-638] synthesizing module 'bd_7baa' [/home/trakaros/tou_nikou/lab5_hw_hls/lab5_hw_hls.srcs/sources_1/bd/project_5/ip/project_5_axi_smc_0/bd_0/hdl/bd_7baa.v:13]
INFO: [Synth 8-638] synthesizing module 'clk_map_imp_KW9KP0' [/home/trakaros/tou_nikou/lab5_hw_hls/lab5_hw_hls.srcs/sources_1/bd/project_5/ip/project_5_axi_smc_0/bd_0/hdl/bd_7baa.v:1367]
INFO: [Synth 8-638] synthesizing module 'bd_7baa_one_1' [/home/trakaros/tou_nikou/lab5_hw_hls/lab5_hw_hls.srcs/sources_1/bd/project_5/ip/project_5_axi_smc_0/bd_0/ip/ip_32/synth/bd_7baa_one_1.v:57]
INFO: [Synth 8-638] synthesizing module 'xlconstant_v1_1_3_xlconstant' [/home/trakaros/tou_nikou/lab5_hw_hls/lab5_hw_hls.srcs/sources_1/bd/project_5/ipshared/45df/hdl/xlconstant_v1_1_vl_rfs.v:23]
INFO: [Synth 8-256] done synthesizing module 'xlconstant_v1_1_3_xlconstant' (1#1) [/home/trakaros/tou_nikou/lab5_hw_hls/lab5_hw_hls.srcs/sources_1/bd/project_5/ipshared/45df/hdl/xlconstant_v1_1_vl_rfs.v:23]
INFO: [Synth 8-256] done synthesizing module 'bd_7baa_one_1' (2#1) [/home/trakaros/tou_nikou/lab5_hw_hls/lab5_hw_hls.srcs/sources_1/bd/project_5/ip/project_5_axi_smc_0/bd_0/ip/ip_32/synth/bd_7baa_one_1.v:57]
INFO: [Synth 8-638] synthesizing module 'bd_7baa_psr_aclk_1' [/home/trakaros/tou_nikou/lab5_hw_hls/lab5_hw_hls.srcs/sources_1/bd/project_5/ip/project_5_axi_smc_0/bd_0/ip/ip_33/synth/bd_7baa_psr_aclk_1.vhd:74]
INFO: [Synth 8-638] synthesizing module 'proc_sys_reset' [/home/trakaros/tou_nikou/lab5_hw_hls/lab5_hw_hls.srcs/sources_1/bd/project_5/ipshared/5db7/hdl/proc_sys_reset_v5_0_vh_rfs.vhd:1323]
INFO: [Synth 8-638] synthesizing module 'lpf' [/home/trakaros/tou_nikou/lab5_hw_hls/lab5_hw_hls.srcs/sources_1/bd/project_5/ipshared/5db7/hdl/proc_sys_reset_v5_0_vh_rfs.vhd:816]
INFO: [Synth 8-638] synthesizing module 'SRL16' [/opt/Xilinx/Vivado/2017.1/scripts/rt/data/unisim_comp.v:43657]
INFO: [Synth 8-256] done synthesizing module 'SRL16' (3#1) [/opt/Xilinx/Vivado/2017.1/scripts/rt/data/unisim_comp.v:43657]
INFO: [Synth 8-638] synthesizing module 'cdc_sync' [/home/trakaros/tou_nikou/lab5_hw_hls/lab5_hw_hls.srcs/sources_1/bd/project_5/ipshared/52cb/hdl/lib_cdc_v1_0_rfs.vhd:106]
INFO: [Synth 8-256] done synthesizing module 'cdc_sync' (4#1) [/home/trakaros/tou_nikou/lab5_hw_hls/lab5_hw_hls.srcs/sources_1/bd/project_5/ipshared/52cb/hdl/lib_cdc_v1_0_rfs.vhd:106]
INFO: [Synth 8-256] done synthesizing module 'lpf' (5#1) [/home/trakaros/tou_nikou/lab5_hw_hls/lab5_hw_hls.srcs/sources_1/bd/project_5/ipshared/5db7/hdl/proc_sys_reset_v5_0_vh_rfs.vhd:816]
INFO: [Synth 8-638] synthesizing module 'sequence_psr' [/home/trakaros/tou_nikou/lab5_hw_hls/lab5_hw_hls.srcs/sources_1/bd/project_5/ipshared/5db7/hdl/proc_sys_reset_v5_0_vh_rfs.vhd:301]
INFO: [Synth 8-638] synthesizing module 'upcnt_n' [/home/trakaros/tou_nikou/lab5_hw_hls/lab5_hw_hls.srcs/sources_1/bd/project_5/ipshared/5db7/hdl/proc_sys_reset_v5_0_vh_rfs.vhd:125]
INFO: [Synth 8-256] done synthesizing module 'upcnt_n' (6#1) [/home/trakaros/tou_nikou/lab5_hw_hls/lab5_hw_hls.srcs/sources_1/bd/project_5/ipshared/5db7/hdl/proc_sys_reset_v5_0_vh_rfs.vhd:125]
INFO: [Synth 8-256] done synthesizing module 'sequence_psr' (7#1) [/home/trakaros/tou_nikou/lab5_hw_hls/lab5_hw_hls.srcs/sources_1/bd/project_5/ipshared/5db7/hdl/proc_sys_reset_v5_0_vh_rfs.vhd:301]
INFO: [Synth 8-256] done synthesizing module 'proc_sys_reset' (8#1) [/home/trakaros/tou_nikou/lab5_hw_hls/lab5_hw_hls.srcs/sources_1/bd/project_5/ipshared/5db7/hdl/proc_sys_reset_v5_0_vh_rfs.vhd:1323]
INFO: [Synth 8-256] done synthesizing module 'bd_7baa_psr_aclk_1' (9#1) [/home/trakaros/tou_nikou/lab5_hw_hls/lab5_hw_hls.srcs/sources_1/bd/project_5/ip/project_5_axi_smc_0/bd_0/ip/ip_33/synth/bd_7baa_psr_aclk_1.vhd:74]
INFO: [Synth 8-256] done synthesizing module 'clk_map_imp_KW9KP0' (10#1) [/home/trakaros/tou_nikou/lab5_hw_hls/lab5_hw_hls.srcs/sources_1/bd/project_5/ip/project_5_axi_smc_0/bd_0/hdl/bd_7baa.v:1367]
INFO: [Synth 8-638] synthesizing module 'm00_exit_pipeline_imp_1DWR93Z' [/home/trakaros/tou_nikou/lab5_hw_hls/lab5_hw_hls.srcs/sources_1/bd/project_5/ip/project_5_axi_smc_0/bd_0/hdl/bd_7baa.v:1417]
INFO: [Synth 8-638] synthesizing module 'bd_7baa_m00e_1' [/home/trakaros/tou_nikou/lab5_hw_hls/lab5_hw_hls.srcs/sources_1/bd/project_5/ip/project_5_axi_smc_0/bd_0/ip/ip_63/synth/bd_7baa_m00e_1.sv:58]
INFO: [Synth 8-256] done synthesizing module 'bd_7baa_m00e_1' (25#1) [/home/trakaros/tou_nikou/lab5_hw_hls/lab5_hw_hls.srcs/sources_1/bd/project_5/ip/project_5_axi_smc_0/bd_0/ip/ip_63/synth/bd_7baa_m00e_1.sv:58]
INFO: [Synth 8-256] done synthesizing module 'm00_exit_pipeline_imp_1DWR93Z' (26#1) [/home/trakaros/tou_nikou/lab5_hw_hls/lab5_hw_hls.srcs/sources_1/bd/project_5/ip/project_5_axi_smc_0/bd_0/hdl/bd_7baa.v:1417]
INFO: [Synth 8-638] synthesizing module 'm00_nodes_imp_1R7RT9V' [/home/trakaros/tou_nikou/lab5_hw_hls/lab5_hw_hls.srcs/sources_1/bd/project_5/ip/project_5_axi_smc_0/bd_0/hdl/bd_7baa.v:1788]
INFO: [Synth 8-638] synthesizing module 'bd_7baa_m00arn_1' [/home/trakaros/tou_nikou/lab5_hw_hls/lab5_hw_hls.srcs/sources_1/bd/project_5/ip/project_5_axi_smc_0/bd_0/ip/ip_58/synth/bd_7baa_m00arn_1.sv:58]
INFO: [Synth 8-638] synthesizing module 'xpm_memory_base' [/opt/Xilinx/Vivado/2017.1/data/ip/xpm/xpm_memory/hdl/xpm_memory.sv:58]
INFO: [Synth 8-256] done synthesizing module 'xpm_memory_base' (32#1) [/opt/Xilinx/Vivado/2017.1/data/ip/xpm/xpm_memory/hdl/xpm_memory.sv:58]
INFO: [Synth 8-638] synthesizing module 'xpm_memory_base__parameterized0' [/opt/Xilinx/Vivado/2017.1/data/ip/xpm/xpm_memory/hdl/xpm_memory.sv:58]
INFO: [Synth 8-256] done synthesizing module 'xpm_memory_base__parameterized0' (35#1) [/opt/Xilinx/Vivado/2017.1/data/ip/xpm/xpm_memory/hdl/xpm_memory.sv:58]
INFO: [Synth 8-256] done synthesizing module 'bd_7baa_m00arn_1' (41#1) [/home/trakaros/tou_nikou/lab5_hw_hls/lab5_hw_hls.srcs/sources_1/bd/project_5/ip/project_5_axi_smc_0/bd_0/ip/ip_58/synth/bd_7baa_m00arn_1.sv:58]
INFO: [Synth 8-638] synthesizing module 'bd_7baa_m00awn_1' [/home/trakaros/tou_nikou/lab5_hw_hls/lab5_hw_hls.srcs/sources_1/bd/project_5/ip/project_5_axi_smc_0/bd_0/ip/ip_60/synth/bd_7baa_m00awn_1.sv:58]
INFO: [Synth 8-256] done synthesizing module 'bd_7baa_m00awn_1' (42#1) [/home/trakaros/tou_nikou/lab5_hw_hls/lab5_hw_hls.srcs/sources_1/bd/project_5/ip/project_5_axi_smc_0/bd_0/ip/ip_60/synth/bd_7baa_m00awn_1.sv:58]
INFO: [Synth 8-638] synthesizing module 'bd_7baa_m00bn_1' [/home/trakaros/tou_nikou/lab5_hw_hls/lab5_hw_hls.srcs/sources_1/bd/project_5/ip/project_5_axi_smc_0/bd_0/ip/ip_62/synth/bd_7baa_m00bn_1.sv:58]
INFO: [Synth 8-638] synthesizing module 'xpm_memory_base__parameterized1' [/opt/Xilinx/Vivado/2017.1/data/ip/xpm/xpm_memory/hdl/xpm_memory.sv:58]
INFO: [Synth 8-256] done synthesizing module 'xpm_memory_base__parameterized1' (42#1) [/opt/Xilinx/Vivado/2017.1/data/ip/xpm/xpm_memory/hdl/xpm_memory.sv:58]
INFO: [Synth 8-638] synthesizing module 'xpm_memory_base__parameterized2' [/opt/Xilinx/Vivado/2017.1/data/ip/xpm/xpm_memory/hdl/xpm_memory.sv:58]
INFO: [Synth 8-256] done synthesizing module 'xpm_memory_base__parameterized2' (42#1) [/opt/Xilinx/Vivado/2017.1/data/ip/xpm/xpm_memory/hdl/xpm_memory.sv:58]
INFO: [Synth 8-256] done synthesizing module 'bd_7baa_m00bn_1' (43#1) [/home/trakaros/tou_nikou/lab5_hw_hls/lab5_hw_hls.srcs/sources_1/bd/project_5/ip/project_5_axi_smc_0/bd_0/ip/ip_62/synth/bd_7baa_m00bn_1.sv:58]
INFO: [Synth 8-638] synthesizing module 'bd_7baa_m00rn_1' [/home/trakaros/tou_nikou/lab5_hw_hls/lab5_hw_hls.srcs/sources_1/bd/project_5/ip/project_5_axi_smc_0/bd_0/ip/ip_59/synth/bd_7baa_m00rn_1.sv:58]
INFO: [Synth 8-638] synthesizing module 'xpm_memory_base__parameterized3' [/opt/Xilinx/Vivado/2017.1/data/ip/xpm/xpm_memory/hdl/xpm_memory.sv:58]
INFO: [Synth 8-256] done synthesizing module 'xpm_memory_base__parameterized3' (43#1) [/opt/Xilinx/Vivado/2017.1/data/ip/xpm/xpm_memory/hdl/xpm_memory.sv:58]
INFO: [Synth 8-256] done synthesizing module 'bd_7baa_m00rn_1' (44#1) [/home/trakaros/tou_nikou/lab5_hw_hls/lab5_hw_hls.srcs/sources_1/bd/project_5/ip/project_5_axi_smc_0/bd_0/ip/ip_59/synth/bd_7baa_m00rn_1.sv:58]
INFO: [Synth 8-638] synthesizing module 'bd_7baa_m00wn_1' [/home/trakaros/tou_nikou/lab5_hw_hls/lab5_hw_hls.srcs/sources_1/bd/project_5/ip/project_5_axi_smc_0/bd_0/ip/ip_61/synth/bd_7baa_m00wn_1.sv:58]
INFO: [Synth 8-638] synthesizing module 'xpm_memory_base__parameterized4' [/opt/Xilinx/Vivado/2017.1/data/ip/xpm/xpm_memory/hdl/xpm_memory.sv:58]
INFO: [Synth 8-256] done synthesizing module 'xpm_memory_base__parameterized4' (44#1) [/opt/Xilinx/Vivado/2017.1/data/ip/xpm/xpm_memory/hdl/xpm_memory.sv:58]
INFO: [Synth 8-638] synthesizing module 'xpm_memory_base__parameterized5' [/opt/Xilinx/Vivado/2017.1/data/ip/xpm/xpm_memory/hdl/xpm_memory.sv:58]
INFO: [Synth 8-256] done synthesizing module 'xpm_memory_base__parameterized5' (44#1) [/opt/Xilinx/Vivado/2017.1/data/ip/xpm/xpm_memory/hdl/xpm_memory.sv:58]
INFO: [Synth 8-256] done synthesizing module 'bd_7baa_m00wn_1' (45#1) [/home/trakaros/tou_nikou/lab5_hw_hls/lab5_hw_hls.srcs/sources_1/bd/project_5/ip/project_5_axi_smc_0/bd_0/ip/ip_61/synth/bd_7baa_m00wn_1.sv:58]
INFO: [Synth 8-256] done synthesizing module 'm00_nodes_imp_1R7RT9V' (46#1) [/home/trakaros/tou_nikou/lab5_hw_hls/lab5_hw_hls.srcs/sources_1/bd/project_5/ip/project_5_axi_smc_0/bd_0/hdl/bd_7baa.v:1788]
INFO: [Synth 8-638] synthesizing module 'bd_7baa_m00s2a_1' [/home/trakaros/tou_nikou/lab5_hw_hls/lab5_hw_hls.srcs/sources_1/bd/project_5/ip/project_5_axi_smc_0/bd_0/ip/ip_57/synth/bd_7baa_m00s2a_1.sv:58]
INFO: [Synth 8-256] done synthesizing module 'bd_7baa_m00s2a_1' (48#1) [/home/trakaros/tou_nikou/lab5_hw_hls/lab5_hw_hls.srcs/sources_1/bd/project_5/ip/project_5_axi_smc_0/bd_0/ip/ip_57/synth/bd_7baa_m00s2a_1.sv:58]
INFO: [Synth 8-638] synthesizing module 'bd_7baa_s00a2s_1' [/home/trakaros/tou_nikou/lab5_hw_hls/lab5_hw_hls.srcs/sources_1/bd/project_5/ip/project_5_axi_smc_0/bd_0/ip/ip_42/synth/bd_7baa_s00a2s_1.sv:58]
INFO: [Synth 8-256] done synthesizing module 'bd_7baa_s00a2s_1' (50#1) [/home/trakaros/tou_nikou/lab5_hw_hls/lab5_hw_hls.srcs/sources_1/bd/project_5/ip/project_5_axi_smc_0/bd_0/ip/ip_42/synth/bd_7baa_s00a2s_1.sv:58]
INFO: [Synth 8-638] synthesizing module 's00_entry_pipeline_imp_DJAWNW' [/home/trakaros/tou_nikou/lab5_hw_hls/lab5_hw_hls.srcs/sources_1/bd/project_5/ip/project_5_axi_smc_0/bd_0/hdl/bd_7baa.v:2093]
INFO: [Synth 8-638] synthesizing module 'bd_7baa_s00mmu_1' [/home/trakaros/tou_nikou/lab5_hw_hls/lab5_hw_hls.srcs/sources_1/bd/project_5/ip/project_5_axi_smc_0/bd_0/ip/ip_39/synth/bd_7baa_s00mmu_1.sv:58]
INFO: [Synth 8-256] done synthesizing module 'bd_7baa_s00mmu_1' (54#1) [/home/trakaros/tou_nikou/lab5_hw_hls/lab5_hw_hls.srcs/sources_1/bd/project_5/ip/project_5_axi_smc_0/bd_0/ip/ip_39/synth/bd_7baa_s00mmu_1.sv:58]
INFO: [Synth 8-638] synthesizing module 'bd_7baa_s00sic_1' [/home/trakaros/tou_nikou/lab5_hw_hls/lab5_hw_hls.srcs/sources_1/bd/project_5/ip/project_5_axi_smc_0/bd_0/ip/ip_41/synth/bd_7baa_s00sic_1.sv:58]
INFO: [Synth 8-256] done synthesizing module 'bd_7baa_s00sic_1' (57#1) [/home/trakaros/tou_nikou/lab5_hw_hls/lab5_hw_hls.srcs/sources_1/bd/project_5/ip/project_5_axi_smc_0/bd_0/ip/ip_41/synth/bd_7baa_s00sic_1.sv:58]
INFO: [Synth 8-638] synthesizing module 'bd_7baa_s00tr_1' [/home/trakaros/tou_nikou/lab5_hw_hls/lab5_hw_hls.srcs/sources_1/bd/project_5/ip/project_5_axi_smc_0/bd_0/ip/ip_40/synth/bd_7baa_s00tr_1.sv:58]
INFO: [Synth 8-256] done synthesizing module 'bd_7baa_s00tr_1' (60#1) [/home/trakaros/tou_nikou/lab5_hw_hls/lab5_hw_hls.srcs/sources_1/bd/project_5/ip/project_5_axi_smc_0/bd_0/ip/ip_40/synth/bd_7baa_s00tr_1.sv:58]
INFO: [Synth 8-256] done synthesizing module 's00_entry_pipeline_imp_DJAWNW' (61#1) [/home/trakaros/tou_nikou/lab5_hw_hls/lab5_hw_hls.srcs/sources_1/bd/project_5/ip/project_5_axi_smc_0/bd_0/hdl/bd_7baa.v:2093]
INFO: [Synth 8-638] synthesizing module 's00_nodes_imp_ADYOXY' [/home/trakaros/tou_nikou/lab5_hw_hls/lab5_hw_hls.srcs/sources_1/bd/project_5/ip/project_5_axi_smc_0/bd_0/hdl/bd_7baa.v:2698]
INFO: [Synth 8-638] synthesizing module 'bd_7baa_sarn_2' [/home/trakaros/tou_nikou/lab5_hw_hls/lab5_hw_hls.srcs/sources_1/bd/project_5/ip/project_5_axi_smc_0/bd_0/ip/ip_43/synth/bd_7baa_sarn_2.sv:58]
INFO: [Synth 8-638] synthesizing module 'xpm_memory_base__parameterized6' [/opt/Xilinx/Vivado/2017.1/data/ip/xpm/xpm_memory/hdl/xpm_memory.sv:58]
INFO: [Synth 8-256] done synthesizing module 'xpm_memory_base__parameterized6' (61#1) [/opt/Xilinx/Vivado/2017.1/data/ip/xpm/xpm_memory/hdl/xpm_memory.sv:58]
INFO: [Synth 8-638] synthesizing module 'xpm_memory_base__parameterized7' [/opt/Xilinx/Vivado/2017.1/data/ip/xpm/xpm_memory/hdl/xpm_memory.sv:58]
INFO: [Synth 8-256] done synthesizing module 'xpm_memory_base__parameterized7' (61#1) [/opt/Xilinx/Vivado/2017.1/data/ip/xpm/xpm_memory/hdl/xpm_memory.sv:58]
INFO: [Synth 8-256] done synthesizing module 'bd_7baa_sarn_2' (62#1) [/home/trakaros/tou_nikou/lab5_hw_hls/lab5_hw_hls.srcs/sources_1/bd/project_5/ip/project_5_axi_smc_0/bd_0/ip/ip_43/synth/bd_7baa_sarn_2.sv:58]
INFO: [Synth 8-638] synthesizing module 'bd_7baa_sawn_2' [/home/trakaros/tou_nikou/lab5_hw_hls/lab5_hw_hls.srcs/sources_1/bd/project_5/ip/project_5_axi_smc_0/bd_0/ip/ip_45/synth/bd_7baa_sawn_2.sv:58]
INFO: [Synth 8-256] done synthesizing module 'bd_7baa_sawn_2' (63#1) [/home/trakaros/tou_nikou/lab5_hw_hls/lab5_hw_hls.srcs/sources_1/bd/project_5/ip/project_5_axi_smc_0/bd_0/ip/ip_45/synth/bd_7baa_sawn_2.sv:58]
INFO: [Synth 8-638] synthesizing module 'bd_7baa_sbn_2' [/home/trakaros/tou_nikou/lab5_hw_hls/lab5_hw_hls.srcs/sources_1/bd/project_5/ip/project_5_axi_smc_0/bd_0/ip/ip_47/synth/bd_7baa_sbn_2.sv:58]
INFO: [Synth 8-638] synthesizing module 'xpm_memory_base__parameterized8' [/opt/Xilinx/Vivado/2017.1/data/ip/xpm/xpm_memory/hdl/xpm_memory.sv:58]
INFO: [Synth 8-256] done synthesizing module 'xpm_memory_base__parameterized8' (63#1) [/opt/Xilinx/Vivado/2017.1/data/ip/xpm/xpm_memory/hdl/xpm_memory.sv:58]
INFO: [Synth 8-256] done synthesizing module 'bd_7baa_sbn_2' (64#1) [/home/trakaros/tou_nikou/lab5_hw_hls/lab5_hw_hls.srcs/sources_1/bd/project_5/ip/project_5_axi_smc_0/bd_0/ip/ip_47/synth/bd_7baa_sbn_2.sv:58]
INFO: [Synth 8-638] synthesizing module 'bd_7baa_srn_2' [/home/trakaros/tou_nikou/lab5_hw_hls/lab5_hw_hls.srcs/sources_1/bd/project_5/ip/project_5_axi_smc_0/bd_0/ip/ip_44/synth/bd_7baa_srn_2.sv:58]
INFO: [Synth 8-638] synthesizing module 'xpm_memory_base__parameterized9' [/opt/Xilinx/Vivado/2017.1/data/ip/xpm/xpm_memory/hdl/xpm_memory.sv:58]
INFO: [Synth 8-256] done synthesizing module 'xpm_memory_base__parameterized9' (65#1) [/opt/Xilinx/Vivado/2017.1/data/ip/xpm/xpm_memory/hdl/xpm_memory.sv:58]
INFO: [Synth 8-256] done synthesizing module 'bd_7baa_srn_2' (66#1) [/home/trakaros/tou_nikou/lab5_hw_hls/lab5_hw_hls.srcs/sources_1/bd/project_5/ip/project_5_axi_smc_0/bd_0/ip/ip_44/synth/bd_7baa_srn_2.sv:58]
INFO: [Synth 8-638] synthesizing module 'bd_7baa_swn_2' [/home/trakaros/tou_nikou/lab5_hw_hls/lab5_hw_hls.srcs/sources_1/bd/project_5/ip/project_5_axi_smc_0/bd_0/ip/ip_46/synth/bd_7baa_swn_2.sv:58]
INFO: [Synth 8-638] synthesizing module 'xpm_memory_base__parameterized10' [/opt/Xilinx/Vivado/2017.1/data/ip/xpm/xpm_memory/hdl/xpm_memory.sv:58]
INFO: [Synth 8-256] done synthesizing module 'xpm_memory_base__parameterized10' (68#1) [/opt/Xilinx/Vivado/2017.1/data/ip/xpm/xpm_memory/hdl/xpm_memory.sv:58]
INFO: [Synth 8-256] done synthesizing module 'bd_7baa_swn_2' (69#1) [/home/trakaros/tou_nikou/lab5_hw_hls/lab5_hw_hls.srcs/sources_1/bd/project_5/ip/project_5_axi_smc_0/bd_0/ip/ip_46/synth/bd_7baa_swn_2.sv:58]
INFO: [Synth 8-256] done synthesizing module 's00_nodes_imp_ADYOXY' (70#1) [/home/trakaros/tou_nikou/lab5_hw_hls/lab5_hw_hls.srcs/sources_1/bd/project_5/ip/project_5_axi_smc_0/bd_0/hdl/bd_7baa.v:2698]
INFO: [Synth 8-638] synthesizing module 'bd_7baa_s01a2s_1' [/home/trakaros/tou_nikou/lab5_hw_hls/lab5_hw_hls.srcs/sources_1/bd/project_5/ip/project_5_axi_smc_0/bd_0/ip/ip_51/synth/bd_7baa_s01a2s_1.sv:58]
INFO: [Synth 8-256] done synthesizing module 'bd_7baa_s01a2s_1' (71#1) [/home/trakaros/tou_nikou/lab5_hw_hls/lab5_hw_hls.srcs/sources_1/bd/project_5/ip/project_5_axi_smc_0/bd_0/ip/ip_51/synth/bd_7baa_s01a2s_1.sv:58]
INFO: [Synth 8-638] synthesizing module 's01_entry_pipeline_imp_1BND2BS' [/home/trakaros/tou_nikou/lab5_hw_hls/lab5_hw_hls.srcs/sources_1/bd/project_5/ip/project_5_axi_smc_0/bd_0/hdl/bd_7baa.v:2994]
INFO: [Synth 8-638] synthesizing module 'bd_7baa_s01mmu_1' [/home/trakaros/tou_nikou/lab5_hw_hls/lab5_hw_hls.srcs/sources_1/bd/project_5/ip/project_5_axi_smc_0/bd_0/ip/ip_48/synth/bd_7baa_s01mmu_1.sv:58]
INFO: [Synth 8-256] done synthesizing module 'bd_7baa_s01mmu_1' (72#1) [/home/trakaros/tou_nikou/lab5_hw_hls/lab5_hw_hls.srcs/sources_1/bd/project_5/ip/project_5_axi_smc_0/bd_0/ip/ip_48/synth/bd_7baa_s01mmu_1.sv:58]
INFO: [Synth 8-638] synthesizing module 'bd_7baa_s01sic_1' [/home/trakaros/tou_nikou/lab5_hw_hls/lab5_hw_hls.srcs/sources_1/bd/project_5/ip/project_5_axi_smc_0/bd_0/ip/ip_50/synth/bd_7baa_s01sic_1.sv:58]
INFO: [Synth 8-256] done synthesizing module 'bd_7baa_s01sic_1' (73#1) [/home/trakaros/tou_nikou/lab5_hw_hls/lab5_hw_hls.srcs/sources_1/bd/project_5/ip/project_5_axi_smc_0/bd_0/ip/ip_50/synth/bd_7baa_s01sic_1.sv:58]
INFO: [Synth 8-638] synthesizing module 'bd_7baa_s01tr_1' [/home/trakaros/tou_nikou/lab5_hw_hls/lab5_hw_hls.srcs/sources_1/bd/project_5/ip/project_5_axi_smc_0/bd_0/ip/ip_49/synth/bd_7baa_s01tr_1.sv:58]
INFO: [Synth 8-256] done synthesizing module 'bd_7baa_s01tr_1' (74#1) [/home/trakaros/tou_nikou/lab5_hw_hls/lab5_hw_hls.srcs/sources_1/bd/project_5/ip/project_5_axi_smc_0/bd_0/ip/ip_49/synth/bd_7baa_s01tr_1.sv:58]
INFO: [Synth 8-256] done synthesizing module 's01_entry_pipeline_imp_1BND2BS' (75#1) [/home/trakaros/tou_nikou/lab5_hw_hls/lab5_hw_hls.srcs/sources_1/bd/project_5/ip/project_5_axi_smc_0/bd_0/hdl/bd_7baa.v:2994]
INFO: [Synth 8-638] synthesizing module 's01_nodes_imp_1F6WLGW' [/home/trakaros/tou_nikou/lab5_hw_hls/lab5_hw_hls.srcs/sources_1/bd/project_5/ip/project_5_axi_smc_0/bd_0/hdl/bd_7baa.v:3599]
INFO: [Synth 8-638] synthesizing module 'bd_7baa_sarn_3' [/home/trakaros/tou_nikou/lab5_hw_hls/lab5_hw_hls.srcs/sources_1/bd/project_5/ip/project_5_axi_smc_0/bd_0/ip/ip_52/synth/bd_7baa_sarn_3.sv:58]
INFO: [Synth 8-256] done synthesizing module 'bd_7baa_sarn_3' (76#1) [/home/trakaros/tou_nikou/lab5_hw_hls/lab5_hw_hls.srcs/sources_1/bd/project_5/ip/project_5_axi_smc_0/bd_0/ip/ip_52/synth/bd_7baa_sarn_3.sv:58]
INFO: [Synth 8-638] synthesizing module 'bd_7baa_sawn_3' [/home/trakaros/tou_nikou/lab5_hw_hls/lab5_hw_hls.srcs/sources_1/bd/project_5/ip/project_5_axi_smc_0/bd_0/ip/ip_54/synth/bd_7baa_sawn_3.sv:58]
INFO: [Synth 8-256] done synthesizing module 'bd_7baa_sawn_3' (77#1) [/home/trakaros/tou_nikou/lab5_hw_hls/lab5_hw_hls.srcs/sources_1/bd/project_5/ip/project_5_axi_smc_0/bd_0/ip/ip_54/synth/bd_7baa_sawn_3.sv:58]
INFO: [Synth 8-638] synthesizing module 'bd_7baa_sbn_3' [/home/trakaros/tou_nikou/lab5_hw_hls/lab5_hw_hls.srcs/sources_1/bd/project_5/ip/project_5_axi_smc_0/bd_0/ip/ip_56/synth/bd_7baa_sbn_3.sv:58]
INFO: [Synth 8-256] done synthesizing module 'bd_7baa_sbn_3' (78#1) [/home/trakaros/tou_nikou/lab5_hw_hls/lab5_hw_hls.srcs/sources_1/bd/project_5/ip/project_5_axi_smc_0/bd_0/ip/ip_56/synth/bd_7baa_sbn_3.sv:58]
INFO: [Synth 8-638] synthesizing module 'bd_7baa_srn_3' [/home/trakaros/tou_nikou/lab5_hw_hls/lab5_hw_hls.srcs/sources_1/bd/project_5/ip/project_5_axi_smc_0/bd_0/ip/ip_53/synth/bd_7baa_srn_3.sv:58]
INFO: [Synth 8-256] done synthesizing module 'bd_7baa_srn_3' (79#1) [/home/trakaros/tou_nikou/lab5_hw_hls/lab5_hw_hls.srcs/sources_1/bd/project_5/ip/project_5_axi_smc_0/bd_0/ip/ip_53/synth/bd_7baa_srn_3.sv:58]
INFO: [Synth 8-638] synthesizing module 'bd_7baa_swn_3' [/home/trakaros/tou_nikou/lab5_hw_hls/lab5_hw_hls.srcs/sources_1/bd/project_5/ip/project_5_axi_smc_0/bd_0/ip/ip_55/synth/bd_7baa_swn_3.sv:58]
INFO: [Synth 8-256] done synthesizing module 'bd_7baa_swn_3' (80#1) [/home/trakaros/tou_nikou/lab5_hw_hls/lab5_hw_hls.srcs/sources_1/bd/project_5/ip/project_5_axi_smc_0/bd_0/ip/ip_55/synth/bd_7baa_swn_3.sv:58]
INFO: [Synth 8-256] done synthesizing module 's01_nodes_imp_1F6WLGW' (81#1) [/home/trakaros/tou_nikou/lab5_hw_hls/lab5_hw_hls.srcs/sources_1/bd/project_5/ip/project_5_axi_smc_0/bd_0/hdl/bd_7baa.v:3599]
INFO: [Synth 8-638] synthesizing module 'switchboards_imp_LSF2KY' [/home/trakaros/tou_nikou/lab5_hw_hls/lab5_hw_hls.srcs/sources_1/bd/project_5/ip/project_5_axi_smc_0/bd_0/hdl/bd_7baa.v:3895]
INFO: [Synth 8-638] synthesizing module 'bd_7baa_arsw_1' [/home/trakaros/tou_nikou/lab5_hw_hls/lab5_hw_hls.srcs/sources_1/bd/project_5/ip/project_5_axi_smc_0/bd_0/ip/ip_34/synth/bd_7baa_arsw_1.sv:57]
INFO: [Synth 8-256] done synthesizing module 'bd_7baa_arsw_1' (84#1) [/home/trakaros/tou_nikou/lab5_hw_hls/lab5_hw_hls.srcs/sources_1/bd/project_5/ip/project_5_axi_smc_0/bd_0/ip/ip_34/synth/bd_7baa_arsw_1.sv:57]
INFO: [Synth 8-638] synthesizing module 'bd_7baa_awsw_1' [/home/trakaros/tou_nikou/lab5_hw_hls/lab5_hw_hls.srcs/sources_1/bd/project_5/ip/project_5_axi_smc_0/bd_0/ip/ip_36/synth/bd_7baa_awsw_1.sv:57]
INFO: [Synth 8-256] done synthesizing module 'bd_7baa_awsw_1' (85#1) [/home/trakaros/tou_nikou/lab5_hw_hls/lab5_hw_hls.srcs/sources_1/bd/project_5/ip/project_5_axi_smc_0/bd_0/ip/ip_36/synth/bd_7baa_awsw_1.sv:57]
INFO: [Synth 8-638] synthesizing module 'bd_7baa_bsw_1' [/home/trakaros/tou_nikou/lab5_hw_hls/lab5_hw_hls.srcs/sources_1/bd/project_5/ip/project_5_axi_smc_0/bd_0/ip/ip_38/synth/bd_7baa_bsw_1.sv:57]
INFO: [Synth 8-256] done synthesizing module 'bd_7baa_bsw_1' (86#1) [/home/trakaros/tou_nikou/lab5_hw_hls/lab5_hw_hls.srcs/sources_1/bd/project_5/ip/project_5_axi_smc_0/bd_0/ip/ip_38/synth/bd_7baa_bsw_1.sv:57]
INFO: [Synth 8-638] synthesizing module 'bd_7baa_rsw_1' [/home/trakaros/tou_nikou/lab5_hw_hls/lab5_hw_hls.srcs/sources_1/bd/project_5/ip/project_5_axi_smc_0/bd_0/ip/ip_35/synth/bd_7baa_rsw_1.sv:57]
INFO: [Synth 8-256] done synthesizing module 'bd_7baa_rsw_1' (87#1) [/home/trakaros/tou_nikou/lab5_hw_hls/lab5_hw_hls.srcs/sources_1/bd/project_5/ip/project_5_axi_smc_0/bd_0/ip/ip_35/synth/bd_7baa_rsw_1.sv:57]
INFO: [Synth 8-638] synthesizing module 'bd_7baa_wsw_1' [/home/trakaros/tou_nikou/lab5_hw_hls/lab5_hw_hls.srcs/sources_1/bd/project_5/ip/project_5_axi_smc_0/bd_0/ip/ip_37/synth/bd_7baa_wsw_1.sv:57]
INFO: [Synth 8-256] done synthesizing module 'bd_7baa_wsw_1' (88#1) [/home/trakaros/tou_nikou/lab5_hw_hls/lab5_hw_hls.srcs/sources_1/bd/project_5/ip/project_5_axi_smc_0/bd_0/ip/ip_37/synth/bd_7baa_wsw_1.sv:57]
INFO: [Synth 8-256] done synthesizing module 'switchboards_imp_LSF2KY' (89#1) [/home/trakaros/tou_nikou/lab5_hw_hls/lab5_hw_hls.srcs/sources_1/bd/project_5/ip/project_5_axi_smc_0/bd_0/hdl/bd_7baa.v:3895]
INFO: [Synth 8-256] done synthesizing module 'bd_7baa' (90#1) [/home/trakaros/tou_nikou/lab5_hw_hls/lab5_hw_hls.srcs/sources_1/bd/project_5/ip/project_5_axi_smc_0/bd_0/hdl/bd_7baa.v:13]
INFO: [Synth 8-256] done synthesizing module 'project_5_axi_smc_0' (91#1) [/home/trakaros/tou_nikou/lab5_hw_hls/lab5_hw_hls.srcs/sources_1/bd/project_5/ip/project_5_axi_smc_0/synth/project_5_axi_smc_0.v:57]
Finished RTL Elaboration : Time (s): cpu = 00:00:24 ; elapsed = 00:00:25 . Memory (MB): peak = 1359.469 ; gain = 238.496 ; free physical = 412 ; free virtual = 4740
Finished RTL Optimization Phase 1 : Time (s): cpu = 00:00:25 ; elapsed = 00:00:27 . Memory (MB): peak = 1359.469 ; gain = 238.496 ; free physical = 449 ; free virtual = 4777
INFO: [Device 21-403] Loading part xc7z020clg484-1
Constraint Validation Runtime : Time (s): cpu = 00:00:03 ; elapsed = 00:00:01 . Memory (MB): peak = 2150.031 ; gain = 61.000 ; free physical = 167 ; free virtual = 3789
Finished Constraint Validation : Time (s): cpu = 00:01:07 ; elapsed = 00:01:44 . Memory (MB): peak = 2150.031 ; gain = 1029.059 ; free physical = 2182 ; free virtual = 5873
Finished Loading Part and Timing Information : Time (s): cpu = 00:01:07 ; elapsed = 00:01:44 . Memory (MB): peak = 2150.031 ; gain = 1029.059 ; free physical = 2179 ; free virtual = 5871
Finished applying 'set_property' XDC Constraints : Time (s): cpu = 00:01:07 ; elapsed = 00:01:44 . Memory (MB): peak = 2150.031 ; gain = 1029.059 ; free physical = 2179 ; free virtual = 5872
Finished RTL Optimization Phase 2 : Time (s): cpu = 00:01:13 ; elapsed = 00:01:52 . Memory (MB): peak = 2150.031 ; gain = 1029.059 ; free physical = 2077 ; free virtual = 5819
Finished Cross Boundary and Area Optimization : Time (s): cpu = 00:02:07 ; elapsed = 00:02:54 . Memory (MB): peak = 2150.031 ; gain = 1029.059 ; free physical = 1422 ; free virtual = 5412
---------------------------------------------------------------------------------
Start ROM, RAM, DSP and Shift Register Reporting
---------------------------------------------------------------------------------

Distributed RAM: Preliminary Mapping  Report (see note below)
+-----------------------------------------------------------------------------------------------------------------------------------------------------------------------------------+----------------------------------+----------------+----------------------+----------------+
|Module Name                                                                                                                                                                        | RTL Object                       | Inference      | Size (Depth x Width) | Primitives     | 
+-----------------------------------------------------------------------------------------------------------------------------------------------------------------------------------+----------------------------------+----------------+----------------------+----------------+
|inst/i_0/\m00_nodes/m00_ar_node/inst /\inst_mi_handler/gen_normal_area.gen_node_prog_full.inst_node_prog_full/gen_xpm_memory_fifo.inst_fifo/gen_mem_rep[0].inst_xpm_memory         | gen_wr_a.gen_word_narrow.mem_reg | User Attribute | 32 x 1               | RAM32X1D x 1   | 
|inst/i_0/\m00_nodes/m00_ar_node/inst /\inst_mi_handler/gen_normal_area.inst_fifo_node_payld/gen_xpm_memory_fifo.inst_fifo/gen_mem_rep[0].inst_xpm_memory                           | gen_wr_a.gen_word_narrow.mem_reg | User Attribute | 32 x 158             | RAM32M x 27    | 
|inst/i_0/\m00_nodes/m00_aw_node/inst /\inst_mi_handler/gen_normal_area.gen_node_prog_full.inst_node_prog_full/gen_xpm_memory_fifo.inst_fifo/gen_mem_rep[0].inst_xpm_memory         | gen_wr_a.gen_word_narrow.mem_reg | User Attribute | 32 x 1               | RAM32X1D x 1   | 
|inst/i_0/\m00_nodes/m00_aw_node/inst /\inst_mi_handler/gen_normal_area.inst_fifo_node_payld/gen_xpm_memory_fifo.inst_fifo/gen_mem_rep[0].inst_xpm_memory                           | gen_wr_a.gen_word_narrow.mem_reg | User Attribute | 32 x 158             | RAM32M x 27    | 
|inst/i_0/\m00_nodes/m00_b_node/inst /\inst_mi_handler/gen_normal_area.gen_fifo_req.inst_fifo_req/gen_xpm_memory_fifo.inst_fifo/gen_mem_rep[0].inst_xpm_memory                      | gen_wr_a.gen_word_narrow.mem_reg | User Attribute | 32 x 19              | RAM32M x 4     | 
|inst/i_0/\m00_nodes/m00_b_node/inst /\inst_mi_handler/gen_normal_area.inst_fifo_node_payld/gen_xpm_memory_fifo.inst_fifo/gen_mem_rep[0].inst_xpm_memory                            | gen_wr_a.gen_word_narrow.mem_reg | User Attribute | 32 x 7               | RAM32M x 2     | 
|inst/i_0/\m00_nodes/m00_r_node/inst /\inst_mi_handler/gen_normal_area.gen_fifo_req.inst_fifo_req/gen_xpm_memory_fifo.inst_fifo/gen_mem_rep[0].inst_xpm_memory                      | gen_wr_a.gen_word_narrow.mem_reg | User Attribute | 32 x 19              | RAM32M x 4     | 
|inst/i_0/\m00_nodes/m00_r_node/inst /\inst_mi_handler/gen_normal_area.inst_fifo_node_payld/gen_xpm_memory_fifo.inst_fifo/gen_mem_rep[0].inst_xpm_memory                            | gen_wr_a.gen_word_narrow.mem_reg | User Attribute | 32 x 85              | RAM32M x 15    | 
|inst/i_0/\m00_nodes/m00_w_node/inst /\inst_si_handler/gen_si_handler.gen_request_fifos.gen_req_fifo[0].inst_req_fifo/gen_xpm_memory_fifo.inst_fifo/gen_mem_rep[0].inst_xpm_memory  | gen_wr_a.gen_word_narrow.mem_reg | User Attribute | 4 x 1                | RAM16X1D x 1   | 
|inst/i_0/\m00_nodes/m00_w_node/inst /\inst_si_handler/gen_si_handler.gen_request_fifos.gen_req_fifo[1].inst_req_fifo/gen_xpm_memory_fifo.inst_fifo/gen_mem_rep[0].inst_xpm_memory  | gen_wr_a.gen_word_narrow.mem_reg | User Attribute | 4 x 1                | RAM16X1D x 1   | 
|inst/i_0/\m00_nodes/m00_w_node/inst /\inst_mi_handler/gen_normal_area.gen_node_prog_full.inst_node_prog_full/gen_xpm_memory_fifo.inst_fifo/gen_mem_rep[0].inst_xpm_memory          | gen_wr_a.gen_word_narrow.mem_reg | User Attribute | 32 x 1               | RAM32X1D x 1   | 
|inst/i_0/\m00_nodes/m00_w_node/inst /\inst_mi_handler/gen_normal_area.inst_fifo_node_payld/gen_xpm_memory_fifo.inst_fifo/gen_mem_rep[0].inst_xpm_memory                            | gen_wr_a.gen_word_narrow.mem_reg | User Attribute | 32 x 106             | RAM32M x 18    | 
|inst/i_0/\s00_nodes/s00_ar_node/inst /\inst_mi_handler/gen_normal_area.gen_fifo_req.inst_fifo_req/gen_xpm_memory_fifo.inst_fifo/gen_mem_rep[0].inst_xpm_memory                     | gen_wr_a.gen_word_narrow.mem_reg | User Attribute | 32 x 18              | RAM32M x 3     | 
|inst/i_0/\s00_nodes/s00_ar_node/inst /\inst_mi_handler/gen_normal_area.inst_fifo_node_payld/gen_xpm_memory_fifo.inst_fifo/gen_mem_rep[0].inst_xpm_memory                           | gen_wr_a.gen_word_narrow.mem_reg | User Attribute | 32 x 140             | RAM32M x 24    | 
|inst/i_0/\s00_nodes/s00_aw_node/inst /\inst_mi_handler/gen_normal_area.gen_fifo_req.inst_fifo_req/gen_xpm_memory_fifo.inst_fifo/gen_mem_rep[0].inst_xpm_memory                     | gen_wr_a.gen_word_narrow.mem_reg | User Attribute | 32 x 18              | RAM32M x 3     | 
|inst/i_0/\s00_nodes/s00_aw_node/inst /\inst_mi_handler/gen_normal_area.inst_fifo_node_payld/gen_xpm_memory_fifo.inst_fifo/gen_mem_rep[0].inst_xpm_memory                           | gen_wr_a.gen_word_narrow.mem_reg | User Attribute | 32 x 140             | RAM32M x 24    | 
|inst/i_0/\s00_nodes/s00_b_node/inst /\inst_mi_handler/gen_normal_area.gen_node_prog_full.inst_node_prog_full/gen_xpm_memory_fifo.inst_fifo/gen_mem_rep[0].inst_xpm_memory          | gen_wr_a.gen_word_narrow.mem_reg | User Attribute | 32 x 1               | RAM32X1D x 1   | 
|inst/i_0/\s00_nodes/s00_b_node/inst /\inst_mi_handler/gen_normal_area.inst_fifo_node_payld/gen_xpm_memory_fifo.inst_fifo/gen_mem_rep[0].inst_xpm_memory                            | gen_wr_a.gen_word_narrow.mem_reg | User Attribute | 32 x 25              | RAM32M x 5     | 
|inst/i_0/\s00_nodes/s00_r_node/inst /\inst_mi_handler/gen_normal_area.gen_node_prog_full.inst_node_prog_full/gen_xpm_memory_fifo.inst_fifo/gen_mem_rep[0].inst_xpm_memory          | gen_wr_a.gen_word_narrow.mem_reg | User Attribute | 32 x 1               | RAM32X1D x 1   | 
|inst/i_0/\s00_nodes/s00_r_node/inst /\inst_mi_handler/gen_normal_area.inst_fifo_node_payld/gen_xpm_memory_fifo.inst_fifo/gen_mem_rep[0].inst_xpm_memory                            | gen_wr_a.gen_word_narrow.mem_reg | User Attribute | 32 x 103             | RAM32M x 18    | 
|inst/i_0/\s00_nodes/s00_w_node/inst /\inst_mi_handler/gen_normal_area.gen_fifo_req.inst_fifo_req/gen_xpm_memory_fifo.inst_fifo/gen_mem_rep[0].inst_xpm_memory                      | gen_wr_a.gen_word_narrow.mem_reg | User Attribute | 32 x 18              | RAM32M x 3     | 
|inst/i_0/\s00_nodes/s00_w_node/inst /\inst_mi_handler/gen_normal_area.inst_fifo_node_payld/gen_xpm_memory_fifo.inst_fifo/gen_mem_rep[0].inst_xpm_memory                            | gen_wr_a.gen_word_narrow.mem_reg | User Attribute | 32 x 88              | RAM32M x 15    | 
|inst/i_0/\s01_nodes/s01_ar_node/inst /\inst_mi_handler/gen_normal_area.gen_fifo_req.inst_fifo_req/gen_xpm_memory_fifo.inst_fifo/gen_mem_rep[0].inst_xpm_memory                     | gen_wr_a.gen_word_narrow.mem_reg | User Attribute | 32 x 18              | RAM32M x 3     | 
|inst/i_0/\s01_nodes/s01_ar_node/inst /\inst_mi_handler/gen_normal_area.inst_fifo_node_payld/gen_xpm_memory_fifo.inst_fifo/gen_mem_rep[0].inst_xpm_memory                           | gen_wr_a.gen_word_narrow.mem_reg | User Attribute | 32 x 140             | RAM32M x 24    | 
|inst/i_0/\s01_nodes/s01_aw_node/inst /\inst_mi_handler/gen_normal_area.gen_fifo_req.inst_fifo_req/gen_xpm_memory_fifo.inst_fifo/gen_mem_rep[0].inst_xpm_memory                     | gen_wr_a.gen_word_narrow.mem_reg | User Attribute | 32 x 18              | RAM32M x 3     | 
|inst/i_0/\s01_nodes/s01_aw_node/inst /\inst_mi_handler/gen_normal_area.inst_fifo_node_payld/gen_xpm_memory_fifo.inst_fifo/gen_mem_rep[0].inst_xpm_memory                           | gen_wr_a.gen_word_narrow.mem_reg | User Attribute | 32 x 140             | RAM32M x 24    | 
|inst/i_0/\s01_nodes/s01_b_node/inst /\inst_mi_handler/gen_normal_area.gen_node_prog_full.inst_node_prog_full/gen_xpm_memory_fifo.inst_fifo/gen_mem_rep[0].inst_xpm_memory          | gen_wr_a.gen_word_narrow.mem_reg | User Attribute | 32 x 1               | RAM32X1D x 1   | 
|inst/i_0/\s01_nodes/s01_b_node/inst /\inst_mi_handler/gen_normal_area.inst_fifo_node_payld/gen_xpm_memory_fifo.inst_fifo/gen_mem_rep[0].inst_xpm_memory                            | gen_wr_a.gen_word_narrow.mem_reg | User Attribute | 32 x 25              | RAM32M x 5     | 
|inst/i_0/\s01_nodes/s01_r_node/inst /\inst_mi_handler/gen_normal_area.gen_node_prog_full.inst_node_prog_full/gen_xpm_memory_fifo.inst_fifo/gen_mem_rep[0].inst_xpm_memory          | gen_wr_a.gen_word_narrow.mem_reg | User Attribute | 32 x 1               | RAM32X1D x 1   | 
|inst/i_0/\s01_nodes/s01_r_node/inst /\inst_mi_handler/gen_normal_area.inst_fifo_node_payld/gen_xpm_memory_fifo.inst_fifo/gen_mem_rep[0].inst_xpm_memory                            | gen_wr_a.gen_word_narrow.mem_reg | User Attribute | 32 x 103             | RAM32M x 18    | 
|inst/i_0/\s01_nodes/s01_w_node/inst /\inst_mi_handler/gen_normal_area.gen_fifo_req.inst_fifo_req/gen_xpm_memory_fifo.inst_fifo/gen_mem_rep[0].inst_xpm_memory                      | gen_wr_a.gen_word_narrow.mem_reg | User Attribute | 32 x 18              | RAM32M x 3     | 
|inst/i_0/\s01_nodes/s01_w_node/inst /\inst_mi_handler/gen_normal_area.inst_fifo_node_payld/gen_xpm_memory_fifo.inst_fifo/gen_mem_rep[0].inst_xpm_memory                            | gen_wr_a.gen_word_narrow.mem_reg | User Attribute | 32 x 88              | RAM32M x 15    | 
+-----------------------------------------------------------------------------------------------------------------------------------------------------------------------------------+----------------------------------+----------------+----------------------+----------------+

Note: The table above is a preliminary report that shows the Distributed RAMs at the current stage of the synthesis flow. Some Distributed RAMs may be reimplemented as non Distributed RAM primitives later in the synthesis flow. Multiple instantiated RAMs are reported only once.
---------------------------------------------------------------------------------
Finished ROM, RAM, DSP and Shift Register Reporting
---------------------------------------------------------------------------------
Finished Applying XDC Timing Constraints : Time (s): cpu = 00:02:15 ; elapsed = 00:03:02 . Memory (MB): peak = 2150.031 ; gain = 1029.059 ; free physical = 1283 ; free virtual = 5291
Finished Timing Optimization : Time (s): cpu = 00:02:17 ; elapsed = 00:03:04 . Memory (MB): peak = 2150.031 ; gain = 1029.059 ; free physical = 1254 ; free virtual = 5262
Finished Technology Mapping : Time (s): cpu = 00:02:24 ; elapsed = 00:03:12 . Memory (MB): peak = 2150.031 ; gain = 1029.059 ; free physical = 1247 ; free virtual = 5280
Finished IO Insertion : Time (s): cpu = 00:02:25 ; elapsed = 00:03:13 . Memory (MB): peak = 2150.031 ; gain = 1029.059 ; free physical = 1191 ; free virtual = 5223
Finished Renaming Generated Instances : Time (s): cpu = 00:02:25 ; elapsed = 00:03:13 . Memory (MB): peak = 2150.031 ; gain = 1029.059 ; free physical = 1187 ; free virtual = 5219
Finished Rebuilding User Hierarchy : Time (s): cpu = 00:02:27 ; elapsed = 00:03:14 . Memory (MB): peak = 2150.031 ; gain = 1029.059 ; free physical = 1237 ; free virtual = 5269
Finished Renaming Generated Ports : Time (s): cpu = 00:02:27 ; elapsed = 00:03:14 . Memory (MB): peak = 2150.031 ; gain = 1029.059 ; free physical = 1237 ; free virtual = 5269
Finished Handling Custom Attributes : Time (s): cpu = 00:02:27 ; elapsed = 00:03:14 . Memory (MB): peak = 2150.031 ; gain = 1029.059 ; free physical = 1236 ; free virtual = 5269
Finished Renaming Generated Nets : Time (s): cpu = 00:02:27 ; elapsed = 00:03:14 . Memory (MB): peak = 2150.031 ; gain = 1029.059 ; free physical = 1236 ; free virtual = 5269

Report Cell Usage: 
+------+---------+------+
|      |Cell     |Count |
+------+---------+------+
|1     |CARRY4   |    16|
|2     |LUT1     |   180|
|3     |LUT2     |   425|
|4     |LUT3     |   603|
|5     |LUT4     |  1423|
|6     |LUT5     |   435|
|7     |LUT6     |  1022|
|8     |RAM16X1D |     2|
|9     |RAM32M   |   287|
|10    |RAM32X1D |     7|
|11    |SRL16    |     1|
|12    |SRLC32E  |    58|
|13    |FDR      |     4|
|14    |FDRE     |  3914|
|15    |FDSE     |   147|
+------+---------+------+
Finished Writing Synthesis Report : Time (s): cpu = 00:02:27 ; elapsed = 00:03:14 . Memory (MB): peak = 2150.031 ; gain = 1029.059 ; free physical = 1236 ; free virtual = 5269
synth_design: Time (s): cpu = 00:02:32 ; elapsed = 00:03:19 . Memory (MB): peak = 2150.039 ; gain = 1042.652 ; free physical = 1278 ; free virtual = 5312
