13:34:43 INFO  : Registering command handlers for SDK TCF services
13:34:55 INFO  : Launching XSCT server: xsct -n -interactive /home/trakaros/tou_nikou/lab5_hw_hls/lab5_hw_hls.sdk/temp_xsdb_launch_script.tcl
13:35:00 INFO  : XSCT server has started successfully.
13:35:06 INFO  : Successfully done setting XSCT server connection channel  
13:35:06 INFO  : Successfully done setting SDK workspace  
13:35:06 INFO  : Processing command line option -hwspec /home/trakaros/tou_nikou/lab5_hw_hls/lab5_hw_hls.sdk/project_5_wrapper.hdf.
14:31:51 INFO  : SDK has detected change in the last modified timestamps for source hardware specification file Source:1497958171000,  Project:1497954781000
14:31:51 INFO  : Project project_5_wrapper_hw_platform_0's source hardware specification located at /home/trakaros/tou_nikou/lab5_hw_hls/lab5_hw_hls.sdk/project_5_wrapper.hdf is now different from the local copy.
		 The local copy will be replaced with the source specification and your workspace will be updated.
14:32:23 INFO  : Copied contents of /home/trakaros/tou_nikou/lab5_hw_hls/lab5_hw_hls.sdk/project_5_wrapper.hdf into /project_5_wrapper_hw_platform_0/system.hdf.
14:32:57 INFO  : Synchronizing projects in the workspace with the hardware platform specification changes.
14:33:50 INFO  : Registering command handlers for SDK TCF services
14:33:51 INFO  : Launching XSCT server: xsct -n -interactive /home/trakaros/tou_nikou/lab5_hw_hls/lab5_hw_hls.sdk/temp_xsdb_launch_script.tcl
14:33:56 INFO  : XSCT server has started successfully.
14:34:10 INFO  : Successfully done setting XSCT server connection channel  
14:34:10 INFO  : Successfully done setting SDK workspace  
14:34:10 INFO  : Processing command line option -hwspec /home/trakaros/tou_nikou/lab5_hw_hls/lab5_hw_hls.sdk/project_5_wrapper.hdf.
14:34:17 INFO  : Checking for hwspec changes in the project project_5_wrapper_hw_platform_0.
14:35:46 INFO  : Registering command handlers for SDK TCF services
14:35:47 INFO  : Launching XSCT server: xsct -n -interactive /home/trakaros/tou_nikou/lab5_hw_hls/lab5_hw_hls.sdk/temp_xsdb_launch_script.tcl
14:35:48 INFO  : XSCT server has started successfully.
14:35:48 INFO  : Successfully done setting XSCT server connection channel  
14:35:48 INFO  : Successfully done setting SDK workspace  
14:35:48 INFO  : Processing command line option -hwspec /home/trakaros/tou_nikou/lab5_hw_hls/lab5_hw_hls.sdk/project_5_wrapper.hdf.
14:35:48 INFO  : Checking for hwspec changes in the project project_5_wrapper_hw_platform_0.
14:47:48 INFO  : Refreshed build settings on project ips_sobel_sdk
15:52:11 INFO  : Refreshed build settings on project sobel_step2
16:11:17 INFO  : Refreshed build settings on project sobel_step2
16:12:36 INFO  : Refreshed build settings on project sobel_step2
16:26:06 ERROR : (XSDB Server)exit due to repeated abort signals

