
*** Running vivado
    with args -log design_1_xbar_0.vds -m64 -product Vivado -mode batch -messageDb vivado.pb -notrace -source design_1_xbar_0.tcl


****** Vivado v2016.4 (64-bit)
  **** SW Build 1756540 on Mon Jan 23 19:11:23 MST 2017
  **** IP Build 1755317 on Mon Jan 23 20:30:07 MST 2017
    ** Copyright 1986-2016 Xilinx, Inc. All Rights Reserved.

source design_1_xbar_0.tcl -notrace
Starting RTL Elaboration : Time (s): cpu = 00:00:18 ; elapsed = 00:00:24 . Memory (MB): peak = 342.152 ; gain = 131.676
INFO: [Synth 8-638] synthesizing module 'design_1_xbar_0' [c:/Users/user/Desktop/lab3_customIP/lab3_customIP/lab3_customIP.srcs/sources_1/bd/design_1/ip/design_1_xbar_0/synth/design_1_xbar_0.v:59]
INFO: [Synth 8-638] synthesizing module 'axi_crossbar_v2_1_12_axi_crossbar' [c:/Users/user/Desktop/lab3_customIP/lab3_customIP/lab3_customIP.srcs/sources_1/bd/design_1/ipshared/896d/hdl/axi_crossbar_v2_1_vl_rfs.v:4882]
INFO: [Synth 8-638] synthesizing module 'axi_crossbar_v2_1_12_crossbar_sasd' [c:/Users/user/Desktop/lab3_customIP/lab3_customIP/lab3_customIP.srcs/sources_1/bd/design_1/ipshared/896d/hdl/axi_crossbar_v2_1_vl_rfs.v:1240]
INFO: [Synth 8-638] synthesizing module 'axi_crossbar_v2_1_12_addr_decoder' [c:/Users/user/Desktop/lab3_customIP/lab3_customIP/lab3_customIP.srcs/sources_1/bd/design_1/ipshared/896d/hdl/axi_crossbar_v2_1_vl_rfs.v:794]
INFO: [Synth 8-638] synthesizing module 'generic_baseblocks_v2_1_0_comparator_static' [c:/Users/user/Desktop/lab3_customIP/lab3_customIP/lab3_customIP.srcs/sources_1/bd/design_1/ipshared/7ee0/hdl/generic_baseblocks_v2_1_vl_rfs.v:2133]
INFO: [Synth 8-638] synthesizing module 'generic_baseblocks_v2_1_0_carry_and' [c:/Users/user/Desktop/lab3_customIP/lab3_customIP/lab3_customIP.srcs/sources_1/bd/design_1/ipshared/7ee0/hdl/generic_baseblocks_v2_1_vl_rfs.v:62]
INFO: [Synth 8-256] done synthesizing module 'generic_baseblocks_v2_1_0_carry_and' (1#1) [c:/Users/user/Desktop/lab3_customIP/lab3_customIP/lab3_customIP.srcs/sources_1/bd/design_1/ipshared/7ee0/hdl/generic_baseblocks_v2_1_vl_rfs.v:62]
INFO: [Synth 8-256] done synthesizing module 'generic_baseblocks_v2_1_0_comparator_static' (2#1) [c:/Users/user/Desktop/lab3_customIP/lab3_customIP/lab3_customIP.srcs/sources_1/bd/design_1/ipshared/7ee0/hdl/generic_baseblocks_v2_1_vl_rfs.v:2133]
INFO: [Synth 8-638] synthesizing module 'generic_baseblocks_v2_1_0_comparator_static__parameterized0' [c:/Users/user/Desktop/lab3_customIP/lab3_customIP/lab3_customIP.srcs/sources_1/bd/design_1/ipshared/7ee0/hdl/generic_baseblocks_v2_1_vl_rfs.v:2133]
INFO: [Synth 8-256] done synthesizing module 'generic_baseblocks_v2_1_0_comparator_static__parameterized0' (2#1) [c:/Users/user/Desktop/lab3_customIP/lab3_customIP/lab3_customIP.srcs/sources_1/bd/design_1/ipshared/7ee0/hdl/generic_baseblocks_v2_1_vl_rfs.v:2133]
INFO: [Synth 8-638] synthesizing module 'generic_baseblocks_v2_1_0_comparator_static__parameterized1' [c:/Users/user/Desktop/lab3_customIP/lab3_customIP/lab3_customIP.srcs/sources_1/bd/design_1/ipshared/7ee0/hdl/generic_baseblocks_v2_1_vl_rfs.v:2133]
INFO: [Synth 8-256] done synthesizing module 'generic_baseblocks_v2_1_0_comparator_static__parameterized1' (2#1) [c:/Users/user/Desktop/lab3_customIP/lab3_customIP/lab3_customIP.srcs/sources_1/bd/design_1/ipshared/7ee0/hdl/generic_baseblocks_v2_1_vl_rfs.v:2133]
INFO: [Synth 8-256] done synthesizing module 'axi_crossbar_v2_1_12_addr_decoder' (3#1) [c:/Users/user/Desktop/lab3_customIP/lab3_customIP/lab3_customIP.srcs/sources_1/bd/design_1/ipshared/896d/hdl/axi_crossbar_v2_1_vl_rfs.v:794]
INFO: [Synth 8-638] synthesizing module 'axi_crossbar_v2_1_12_decerr_slave' [c:/Users/user/Desktop/lab3_customIP/lab3_customIP/lab3_customIP.srcs/sources_1/bd/design_1/ipshared/896d/hdl/axi_crossbar_v2_1_vl_rfs.v:3500]
INFO: [Synth 8-256] done synthesizing module 'axi_crossbar_v2_1_12_decerr_slave' (4#1) [c:/Users/user/Desktop/lab3_customIP/lab3_customIP/lab3_customIP.srcs/sources_1/bd/design_1/ipshared/896d/hdl/axi_crossbar_v2_1_vl_rfs.v:3500]
INFO: [Synth 8-638] synthesizing module 'axi_crossbar_v2_1_12_addr_arbiter_sasd' [c:/Users/user/Desktop/lab3_customIP/lab3_customIP/lab3_customIP.srcs/sources_1/bd/design_1/ipshared/896d/hdl/axi_crossbar_v2_1_vl_rfs.v:65]
INFO: [Synth 8-256] done synthesizing module 'axi_crossbar_v2_1_12_addr_arbiter_sasd' (5#1) [c:/Users/user/Desktop/lab3_customIP/lab3_customIP/lab3_customIP.srcs/sources_1/bd/design_1/ipshared/896d/hdl/axi_crossbar_v2_1_vl_rfs.v:65]
INFO: [Synth 8-638] synthesizing module 'axi_crossbar_v2_1_12_splitter' [c:/Users/user/Desktop/lab3_customIP/lab3_customIP/lab3_customIP.srcs/sources_1/bd/design_1/ipshared/896d/hdl/axi_crossbar_v2_1_vl_rfs.v:4459]
INFO: [Synth 8-256] done synthesizing module 'axi_crossbar_v2_1_12_splitter' (6#1) [c:/Users/user/Desktop/lab3_customIP/lab3_customIP/lab3_customIP.srcs/sources_1/bd/design_1/ipshared/896d/hdl/axi_crossbar_v2_1_vl_rfs.v:4459]
INFO: [Synth 8-638] synthesizing module 'axi_crossbar_v2_1_12_splitter__parameterized0' [c:/Users/user/Desktop/lab3_customIP/lab3_customIP/lab3_customIP.srcs/sources_1/bd/design_1/ipshared/896d/hdl/axi_crossbar_v2_1_vl_rfs.v:4459]
INFO: [Synth 8-256] done synthesizing module 'axi_crossbar_v2_1_12_splitter__parameterized0' (6#1) [c:/Users/user/Desktop/lab3_customIP/lab3_customIP/lab3_customIP.srcs/sources_1/bd/design_1/ipshared/896d/hdl/axi_crossbar_v2_1_vl_rfs.v:4459]
INFO: [Synth 8-638] synthesizing module 'generic_baseblocks_v2_1_0_mux_enc' [c:/Users/user/Desktop/lab3_customIP/lab3_customIP/lab3_customIP.srcs/sources_1/bd/design_1/ipshared/7ee0/hdl/generic_baseblocks_v2_1_vl_rfs.v:2452]
INFO: [Synth 8-256] done synthesizing module 'generic_baseblocks_v2_1_0_mux_enc' (7#1) [c:/Users/user/Desktop/lab3_customIP/lab3_customIP/lab3_customIP.srcs/sources_1/bd/design_1/ipshared/7ee0/hdl/generic_baseblocks_v2_1_vl_rfs.v:2452]
INFO: [Synth 8-638] synthesizing module 'generic_baseblocks_v2_1_0_mux_enc__parameterized0' [c:/Users/user/Desktop/lab3_customIP/lab3_customIP/lab3_customIP.srcs/sources_1/bd/design_1/ipshared/7ee0/hdl/generic_baseblocks_v2_1_vl_rfs.v:2452]
INFO: [Synth 8-256] done synthesizing module 'generic_baseblocks_v2_1_0_mux_enc__parameterized0' (7#1) [c:/Users/user/Desktop/lab3_customIP/lab3_customIP/lab3_customIP.srcs/sources_1/bd/design_1/ipshared/7ee0/hdl/generic_baseblocks_v2_1_vl_rfs.v:2452]
INFO: [Synth 8-638] synthesizing module 'generic_baseblocks_v2_1_0_mux_enc__parameterized1' [c:/Users/user/Desktop/lab3_customIP/lab3_customIP/lab3_customIP.srcs/sources_1/bd/design_1/ipshared/7ee0/hdl/generic_baseblocks_v2_1_vl_rfs.v:2452]
INFO: [Synth 8-256] done synthesizing module 'generic_baseblocks_v2_1_0_mux_enc__parameterized1' (7#1) [c:/Users/user/Desktop/lab3_customIP/lab3_customIP/lab3_customIP.srcs/sources_1/bd/design_1/ipshared/7ee0/hdl/generic_baseblocks_v2_1_vl_rfs.v:2452]
INFO: [Synth 8-638] synthesizing module 'generic_baseblocks_v2_1_0_mux_enc__parameterized2' [c:/Users/user/Desktop/lab3_customIP/lab3_customIP/lab3_customIP.srcs/sources_1/bd/design_1/ipshared/7ee0/hdl/generic_baseblocks_v2_1_vl_rfs.v:2452]
INFO: [Synth 8-256] done synthesizing module 'generic_baseblocks_v2_1_0_mux_enc__parameterized2' (7#1) [c:/Users/user/Desktop/lab3_customIP/lab3_customIP/lab3_customIP.srcs/sources_1/bd/design_1/ipshared/7ee0/hdl/generic_baseblocks_v2_1_vl_rfs.v:2452]
INFO: [Synth 8-638] synthesizing module 'axi_register_slice_v2_1_11_axic_register_slice' [c:/Users/user/Desktop/lab3_customIP/lab3_customIP/lab3_customIP.srcs/sources_1/bd/design_1/ipshared/0b6b/hdl/axi_register_slice_v2_1_vl_rfs.v:85]
INFO: [Synth 8-256] done synthesizing module 'axi_register_slice_v2_1_11_axic_register_slice' (8#1) [c:/Users/user/Desktop/lab3_customIP/lab3_customIP/lab3_customIP.srcs/sources_1/bd/design_1/ipshared/0b6b/hdl/axi_register_slice_v2_1_vl_rfs.v:85]
INFO: [Synth 8-638] synthesizing module 'generic_baseblocks_v2_1_0_mux_enc__parameterized3' [c:/Users/user/Desktop/lab3_customIP/lab3_customIP/lab3_customIP.srcs/sources_1/bd/design_1/ipshared/7ee0/hdl/generic_baseblocks_v2_1_vl_rfs.v:2452]
INFO: [Synth 8-256] done synthesizing module 'generic_baseblocks_v2_1_0_mux_enc__parameterized3' (8#1) [c:/Users/user/Desktop/lab3_customIP/lab3_customIP/lab3_customIP.srcs/sources_1/bd/design_1/ipshared/7ee0/hdl/generic_baseblocks_v2_1_vl_rfs.v:2452]
INFO: [Synth 8-256] done synthesizing module 'axi_crossbar_v2_1_12_crossbar_sasd' (9#1) [c:/Users/user/Desktop/lab3_customIP/lab3_customIP/lab3_customIP.srcs/sources_1/bd/design_1/ipshared/896d/hdl/axi_crossbar_v2_1_vl_rfs.v:1240]
INFO: [Synth 8-256] done synthesizing module 'axi_crossbar_v2_1_12_axi_crossbar' (10#1) [c:/Users/user/Desktop/lab3_customIP/lab3_customIP/lab3_customIP.srcs/sources_1/bd/design_1/ipshared/896d/hdl/axi_crossbar_v2_1_vl_rfs.v:4882]
INFO: [Synth 8-256] done synthesizing module 'design_1_xbar_0' (11#1) [c:/Users/user/Desktop/lab3_customIP/lab3_customIP/lab3_customIP.srcs/sources_1/bd/design_1/ip/design_1_xbar_0/synth/design_1_xbar_0.v:59]
Finished RTL Elaboration : Time (s): cpu = 00:00:27 ; elapsed = 00:00:34 . Memory (MB): peak = 458.609 ; gain = 248.133
Finished RTL Optimization Phase 1 : Time (s): cpu = 00:00:27 ; elapsed = 00:00:35 . Memory (MB): peak = 458.609 ; gain = 248.133
INFO: [Device 21-403] Loading part xc7z020clg484-1
Constraint Validation Runtime : Time (s): cpu = 00:00:00 ; elapsed = 00:00:00.111 . Memory (MB): peak = 701.664 ; gain = 0.000
Finished Constraint Validation : Time (s): cpu = 00:00:43 ; elapsed = 00:01:09 . Memory (MB): peak = 701.664 ; gain = 491.188
Finished Loading Part and Timing Information : Time (s): cpu = 00:00:43 ; elapsed = 00:01:09 . Memory (MB): peak = 701.664 ; gain = 491.188
Finished applying 'set_property' XDC Constraints : Time (s): cpu = 00:00:43 ; elapsed = 00:01:10 . Memory (MB): peak = 701.664 ; gain = 491.188
Finished RTL Optimization Phase 2 : Time (s): cpu = 00:00:44 ; elapsed = 00:01:11 . Memory (MB): peak = 701.664 ; gain = 491.188
Finished Cross Boundary and Area Optimization : Time (s): cpu = 00:00:45 ; elapsed = 00:01:18 . Memory (MB): peak = 701.664 ; gain = 491.188
Finished Applying XDC Timing Constraints : Time (s): cpu = 00:01:04 ; elapsed = 00:01:45 . Memory (MB): peak = 701.664 ; gain = 491.188
Finished Timing Optimization : Time (s): cpu = 00:01:05 ; elapsed = 00:01:46 . Memory (MB): peak = 701.664 ; gain = 491.188
Finished Technology Mapping : Time (s): cpu = 00:01:05 ; elapsed = 00:01:46 . Memory (MB): peak = 701.664 ; gain = 491.188
Finished IO Insertion : Time (s): cpu = 00:01:06 ; elapsed = 00:01:47 . Memory (MB): peak = 701.664 ; gain = 491.188
Finished Renaming Generated Instances : Time (s): cpu = 00:01:06 ; elapsed = 00:01:47 . Memory (MB): peak = 701.664 ; gain = 491.188
Finished Rebuilding User Hierarchy : Time (s): cpu = 00:01:06 ; elapsed = 00:01:47 . Memory (MB): peak = 701.664 ; gain = 491.188
Finished Renaming Generated Ports : Time (s): cpu = 00:01:06 ; elapsed = 00:01:47 . Memory (MB): peak = 701.664 ; gain = 491.188
Finished Handling Custom Attributes : Time (s): cpu = 00:01:07 ; elapsed = 00:01:47 . Memory (MB): peak = 701.664 ; gain = 491.188
Finished Renaming Generated Nets : Time (s): cpu = 00:01:07 ; elapsed = 00:01:47 . Memory (MB): peak = 701.664 ; gain = 491.188

Report Cell Usage: 
+------+-----+------+
|      |Cell |Count |
+------+-----+------+
|1     |LUT1 |     2|
|2     |LUT2 |    10|
|3     |LUT3 |    38|
|4     |LUT4 |    46|
|5     |LUT5 |    52|
|6     |LUT6 |    28|
|7     |FDRE |   131|
+------+-----+------+
Finished Writing Synthesis Report : Time (s): cpu = 00:01:07 ; elapsed = 00:01:47 . Memory (MB): peak = 701.664 ; gain = 491.188
synth_design: Time (s): cpu = 00:01:01 ; elapsed = 00:01:47 . Memory (MB): peak = 701.664 ; gain = 442.629
