#-----------------------------------------------------------
# Vivado v2016.4 (64-bit)
# SW Build 1756540 on Mon Jan 23 19:11:19 MST 2017
# IP Build 1755317 on Mon Jan 23 20:30:07 MST 2017
# Start of session at: Mon May  1 20:10:49 2017
# Process ID: 24004
# Current directory: /home/trakaros/tou_nikou/step2part3
# Command line: vivado /home/trakaros/tou_nikou/step2part3/step2part3.xpr
# Log file: /home/trakaros/tou_nikou/step2part3/vivado.log
# Journal file: /home/trakaros/tou_nikou/step2part3/vivado.jou
#-----------------------------------------------------------
start_gui
open_project /home/trakaros/tou_nikou/step2part3/step2part3.xpr
Scanning sources...
Finished scanning sources
INFO: [IP_Flow 19-234] Refreshing IP repositories
INFO: [IP_Flow 19-1700] Loaded user IP repository '/home/trakaros/tou_nikou/ip_repo/multiplier_step2_1.0'.
INFO: [IP_Flow 19-2313] Loaded Vivado IP repository '/opt/Xilinx/Vivado/2016.4/data/ip'.
add_files -norecurse {/home/trakaros/tou_nikou/ip_repo/multiplier_step2_1.0/hdl/multiplier_step2_v1_0_S00_AXI.v /home/trakaros/tou_nikou/ip_repo/multiplier_step2_1.0/hdl/multiplier_step2_v1_0.v}
reset_run synth_1
launch_runs synth_1 -jobs 4
INFO: [HDL 9-2216] Analyzing Verilog file "/home/trakaros/tou_nikou/ip_repo/multiplier_step2_1.0/hdl/multiplier_step2_v1_0.v" into library work [/home/trakaros/tou_nikou/ip_repo/multiplier_step2_1.0/hdl/multiplier_step2_v1_0.v:1]
INFO: [HDL 9-2216] Analyzing Verilog file "/home/trakaros/tou_nikou/ip_repo/multiplier_step2_1.0/hdl/multiplier_step2_v1_0_S00_AXI.v" into library work [/home/trakaros/tou_nikou/ip_repo/multiplier_step2_1.0/hdl/multiplier_step2_v1_0_S00_AXI.v:1]
[Mon May  1 20:19:40 2017] Launched synth_1...
Run output will be captured here: /home/trakaros/tou_nikou/step2part3/step2part3.runs/synth_1/runme.log
update_compile_order -fileset sources_1
update_compile_order -fileset sources_1
remove_files  /home/trakaros/tou_nikou/ip_repo/multiplier_step2_1.0/hdl/multiplier_step2_v1_0_S00_AXI.v
remove_files  /home/trakaros/tou_nikou/step2part3/step2part3.srcs/sources_1/new/matrix_multiplication.v
add_files -norecurse /home/trakaros/tou_nikou/step2part3/step2part3.srcs/sources_1/new/matrix_multiplication.v
remove_files  /home/trakaros/tou_nikou/ip_repo/multiplier_step2_1.0/hdl/multiplier_step2_v1_0.v
update_compile_order -fileset sources_1
reset_run synth_1
launch_runs synth_1 -jobs 4
[Mon May  1 20:34:59 2017] Launched synth_1...
Run output will be captured here: /home/trakaros/tou_nikou/step2part3/step2part3.runs/synth_1/runme.log
WARNING: [IP_Flow 19-3899] Cannot get the environment domain name variable for the component vendor name. Setting the vendor name to 'user.org'.
WARNING: [IP_Flow 19-3899] Cannot get the environment domain name variable for the component vendor name. Setting the vendor name to 'user.org'.
WARNING: [IP_Flow 19-3899] Cannot get the environment domain name variable for the component vendor name. Setting the vendor name to 'user.org'.
create_peripheral user.org user my_multiplier_lab4 1.0 -dir /home/trakaros/tou_nikou/ip_repo
add_peripheral_interface S00_AXI -interface_mode slave -axi_type lite [ipx::find_open_core user.org:user:my_multiplier_lab4:1.0]
generate_peripheral -driver -bfm_example_design -debug_hw_example_design [ipx::find_open_core user.org:user:my_multiplier_lab4:1.0]
write_peripheral [ipx::find_open_core user.org:user:my_multiplier_lab4:1.0]
set_property  ip_repo_paths  {/home/trakaros/tou_nikou/ip_repo/my_multiplier_lab4_1.0 /home/trakaros/tou_nikou/ip_repo/multiplier_step2_1.0} [current_project]
update_ip_catalog -rebuild
INFO: [IP_Flow 19-234] Refreshing IP repositories
INFO: [IP_Flow 19-1700] Loaded user IP repository '/home/trakaros/tou_nikou/ip_repo/my_multiplier_lab4_1.0'.
WARNING: [IP_Flow 19-2248] Failed to load user IP repository '/home/trakaros/tou_nikou/ip_repo/multiplier_step2_1.0'; Can't find the specified path.
If this directory should no longer be in your list of user repositories, go to the IP Settings dialog and remove it.
ipx::edit_ip_in_project -upgrade true -name edit_my_multiplier_lab4_v1_0 -directory /home/trakaros/tou_nikou/ip_repo /home/trakaros/tou_nikou/ip_repo/my_multiplier_lab4_1.0/component.xml
INFO: [IP_Flow 19-234] Refreshing IP repositories
INFO: [IP_Flow 19-1704] No user IP repositories specified
INFO: [IP_Flow 19-2313] Loaded Vivado IP repository '/opt/Xilinx/Vivado/2016.4/data/ip'.
INFO: [IP_Flow 19-234] Refreshing IP repositories
INFO: [IP_Flow 19-1700] Loaded user IP repository '/home/trakaros/tou_nikou/ip_repo/my_multiplier_lab4_1.0'.
WARNING: [IP_Flow 19-2248] Failed to load user IP repository '/home/trakaros/tou_nikou/ip_repo/multiplier_step2_1.0'; Can't find the specified path.
If this directory should no longer be in your list of user repositories, go to the IP Settings dialog and remove it.
INFO: [IP_Flow 19-795] Syncing license key meta-data
INFO: [IP_Flow 19-793] Syncing display name meta-data
INFO: [IP_Flow 19-798] Syncing taxonomy meta-data
ipx::edit_ip_in_project: Time (s): cpu = 00:00:10 ; elapsed = 00:00:08 . Memory (MB): peak = 5940.859 ; gain = 8.285 ; free physical = 186 ; free virtual = 4611
add_files -norecurse -copy_to /home/trakaros/tou_nikou/ip_repo/my_multiplier_lab4_1.0/src /home/trakaros/tou_nikou/step2part3/step2part3.srcs/sources_1/new/matrix_multiplication.v
WARNING: [IP_Flow 19-3899] Cannot get the environment domain name variable for the component vendor name. Setting the vendor name to 'user.org'.
close_project
WARNING: [IP_Flow 19-3899] Cannot get the environment domain name variable for the component vendor name. Setting the vendor name to 'user.org'.
WARNING: [IP_Flow 19-3899] Cannot get the environment domain name variable for the component vendor name. Setting the vendor name to 'user.org'.
WARNING: [IP_Flow 19-3899] Cannot get the environment domain name variable for the component vendor name. Setting the vendor name to 'user.org'.
create_peripheral user.org user my_multiplier_lab4_1.0 1.0 -dir /home/trakaros/tou_nikou/ip_repo
add_peripheral_interface S00_AXI -interface_mode slave -axi_type lite [ipx::find_open_core user.org:user:my_multiplier_lab4_1.0:1.0]
set_property VALUE 12 [ipx::get_bus_parameters WIZ_NUM_REG -of_objects [ipx::get_bus_interfaces S00_AXI -of_objects [ipx::find_open_core user.org:user:my_multiplier_lab4_1.0:1.0]]]
generate_peripheral -driver -bfm_example_design -debug_hw_example_design -force [ipx::find_open_core user.org:user:my_multiplier_lab4_1.0:1.0]
write_peripheral [ipx::find_open_core user.org:user:my_multiplier_lab4_1.0:1.0]
set_property  ip_repo_paths  {/home/trakaros/tou_nikou/ip_repo/my_multiplier_lab4_1.0_1.0 /home/trakaros/tou_nikou/ip_repo/my_multiplier_lab4_1.0 /home/trakaros/tou_nikou/ip_repo/multiplier_step2_1.0} [current_project]
update_ip_catalog -rebuild
INFO: [IP_Flow 19-234] Refreshing IP repositories
INFO: [IP_Flow 19-1700] Loaded user IP repository '/home/trakaros/tou_nikou/ip_repo/my_multiplier_lab4_1.0_1.0'.
INFO: [IP_Flow 19-1700] Loaded user IP repository '/home/trakaros/tou_nikou/ip_repo/my_multiplier_lab4_1.0'.
WARNING: [IP_Flow 19-2248] Failed to load user IP repository '/home/trakaros/tou_nikou/ip_repo/multiplier_step2_1.0'; Can't find the specified path.
If this directory should no longer be in your list of user repositories, go to the IP Settings dialog and remove it.
ipx::edit_ip_in_project -upgrade true -name edit_my_multiplier_lab4_1.0_v1_0 -directory /home/trakaros/tou_nikou/ip_repo /home/trakaros/tou_nikou/ip_repo/my_multiplier_lab4_1.0_1.0/component.xml
INFO: [IP_Flow 19-234] Refreshing IP repositories
INFO: [IP_Flow 19-1704] No user IP repositories specified
INFO: [IP_Flow 19-2313] Loaded Vivado IP repository '/opt/Xilinx/Vivado/2016.4/data/ip'.
INFO: [IP_Flow 19-234] Refreshing IP repositories
INFO: [IP_Flow 19-1700] Loaded user IP repository '/home/trakaros/tou_nikou/ip_repo/my_multiplier_lab4_1.0_1.0'.
INFO: [IP_Flow 19-1700] Loaded user IP repository '/home/trakaros/tou_nikou/ip_repo/my_multiplier_lab4_1.0'.
WARNING: [IP_Flow 19-2248] Failed to load user IP repository '/home/trakaros/tou_nikou/ip_repo/multiplier_step2_1.0'; Can't find the specified path.
If this directory should no longer be in your list of user repositories, go to the IP Settings dialog and remove it.
INFO: [IP_Flow 19-795] Syncing license key meta-data
INFO: [IP_Flow 19-793] Syncing display name meta-data
INFO: [IP_Flow 19-798] Syncing taxonomy meta-data
close_project
WARNING: [IP_Flow 19-3899] Cannot get the environment domain name variable for the component vendor name. Setting the vendor name to 'user.org'.
WARNING: [IP_Flow 19-3899] Cannot get the environment domain name variable for the component vendor name. Setting the vendor name to 'user.org'.
WARNING: [IP_Flow 19-3899] Cannot get the environment domain name variable for the component vendor name. Setting the vendor name to 'user.org'.
create_peripheral user.org user my_multiplierIP 1.0 -dir /home/trakaros/tou_nikou/ip_repo
add_peripheral_interface S00_AXI -interface_mode slave -axi_type lite [ipx::find_open_core user.org:user:my_multiplierIP:1.0]
set_property VALUE 12 [ipx::get_bus_parameters WIZ_NUM_REG -of_objects [ipx::get_bus_interfaces S00_AXI -of_objects [ipx::find_open_core user.org:user:my_multiplierIP:1.0]]]
generate_peripheral -driver -bfm_example_design -debug_hw_example_design [ipx::find_open_core user.org:user:my_multiplierIP:1.0]
write_peripheral [ipx::find_open_core user.org:user:my_multiplierIP:1.0]
set_property  ip_repo_paths  {/home/trakaros/tou_nikou/ip_repo/my_multiplierIP_1.0 /home/trakaros/tou_nikou/ip_repo/my_multiplier_lab4_1.0_1.0 /home/trakaros/tou_nikou/ip_repo/my_multiplier_lab4_1.0 /home/trakaros/tou_nikou/ip_repo/multiplier_step2_1.0} [current_project]
update_ip_catalog -rebuild
INFO: [IP_Flow 19-234] Refreshing IP repositories
INFO: [IP_Flow 19-1700] Loaded user IP repository '/home/trakaros/tou_nikou/ip_repo/my_multiplierIP_1.0'.
WARNING: [IP_Flow 19-2248] Failed to load user IP repository '/home/trakaros/tou_nikou/ip_repo/my_multiplier_lab4_1.0_1.0'; Can't find the specified path.
If this directory should no longer be in your list of user repositories, go to the IP Settings dialog and remove it.
WARNING: [IP_Flow 19-2248] Failed to load user IP repository '/home/trakaros/tou_nikou/ip_repo/my_multiplier_lab4_1.0'; Can't find the specified path.
If this directory should no longer be in your list of user repositories, go to the IP Settings dialog and remove it.
WARNING: [IP_Flow 19-2248] Failed to load user IP repository '/home/trakaros/tou_nikou/ip_repo/multiplier_step2_1.0'; Can't find the specified path.
If this directory should no longer be in your list of user repositories, go to the IP Settings dialog and remove it.
ipx::edit_ip_in_project -upgrade true -name edit_my_multiplierIP_v1_0 -directory /home/trakaros/tou_nikou/ip_repo /home/trakaros/tou_nikou/ip_repo/my_multiplierIP_1.0/component.xml
INFO: [IP_Flow 19-234] Refreshing IP repositories
INFO: [IP_Flow 19-1704] No user IP repositories specified
INFO: [IP_Flow 19-2313] Loaded Vivado IP repository '/opt/Xilinx/Vivado/2016.4/data/ip'.
INFO: [IP_Flow 19-234] Refreshing IP repositories
INFO: [IP_Flow 19-1700] Loaded user IP repository '/home/trakaros/tou_nikou/ip_repo/my_multiplierIP_1.0'.
WARNING: [IP_Flow 19-2248] Failed to load user IP repository '/home/trakaros/tou_nikou/ip_repo/my_multiplier_lab4_1.0_1.0'; Can't find the specified path.
If this directory should no longer be in your list of user repositories, go to the IP Settings dialog and remove it.
WARNING: [IP_Flow 19-2248] Failed to load user IP repository '/home/trakaros/tou_nikou/ip_repo/my_multiplier_lab4_1.0'; Can't find the specified path.
If this directory should no longer be in your list of user repositories, go to the IP Settings dialog and remove it.
WARNING: [IP_Flow 19-2248] Failed to load user IP repository '/home/trakaros/tou_nikou/ip_repo/multiplier_step2_1.0'; Can't find the specified path.
If this directory should no longer be in your list of user repositories, go to the IP Settings dialog and remove it.
INFO: [IP_Flow 19-795] Syncing license key meta-data
INFO: [IP_Flow 19-793] Syncing display name meta-data
INFO: [IP_Flow 19-798] Syncing taxonomy meta-data
add_files -norecurse -copy_to /home/trakaros/tou_nikou/ip_repo/my_multiplierIP_1.0/src /home/trakaros/tou_nikou/step2part3/step2part3.srcs/sources_1/new/matrix_multiplication.v
launch_runs synth_1 -jobs 4
INFO: [HDL 9-2216] Analyzing Verilog file "/home/trakaros/tou_nikou/ip_repo/my_multiplierIP_1.0/hdl/my_multiplierIP_v1_0_S00_AXI.v" into library work [/home/trakaros/tou_nikou/ip_repo/my_multiplierIP_1.0/hdl/my_multiplierIP_v1_0_S00_AXI.v:1]
[Mon May  1 23:56:12 2017] Launched synth_1...
Run output will be captured here: /home/trakaros/tou_nikou/ip_repo/edit_my_multiplierIP_v1_0.runs/synth_1/runme.log
reset_run synth_1
launch_runs synth_1 -jobs 4
INFO: [HDL 9-2216] Analyzing Verilog file "/home/trakaros/tou_nikou/ip_repo/my_multiplierIP_1.0/hdl/my_multiplierIP_v1_0_S00_AXI.v" into library work [/home/trakaros/tou_nikou/ip_repo/my_multiplierIP_1.0/hdl/my_multiplierIP_v1_0_S00_AXI.v:1]
[Tue May  2 00:02:01 2017] Launched synth_1...
Run output will be captured here: /home/trakaros/tou_nikou/ip_repo/edit_my_multiplierIP_v1_0.runs/synth_1/runme.log
reset_run synth_1
launch_runs synth_1 -jobs 4
INFO: [HDL 9-2216] Analyzing Verilog file "/home/trakaros/tou_nikou/ip_repo/my_multiplierIP_1.0/hdl/my_multiplierIP_v1_0_S00_AXI.v" into library work [/home/trakaros/tou_nikou/ip_repo/my_multiplierIP_1.0/hdl/my_multiplierIP_v1_0_S00_AXI.v:1]
[Tue May  2 00:03:14 2017] Launched synth_1...
Run output will be captured here: /home/trakaros/tou_nikou/ip_repo/edit_my_multiplierIP_v1_0.runs/synth_1/runme.log
reset_run synth_1
launch_runs synth_1 -jobs 4
INFO: [HDL 9-2216] Analyzing Verilog file "/home/trakaros/tou_nikou/ip_repo/my_multiplierIP_1.0/hdl/my_multiplierIP_v1_0_S00_AXI.v" into library work [/home/trakaros/tou_nikou/ip_repo/my_multiplierIP_1.0/hdl/my_multiplierIP_v1_0_S00_AXI.v:1]
[Tue May  2 00:10:11 2017] Launched synth_1...
Run output will be captured here: /home/trakaros/tou_nikou/ip_repo/edit_my_multiplierIP_v1_0.runs/synth_1/runme.log
reset_run synth_1
launch_runs synth_1 -jobs 4
INFO: [HDL 9-2216] Analyzing Verilog file "/home/trakaros/tou_nikou/ip_repo/my_multiplierIP_1.0/hdl/my_multiplierIP_v1_0_S00_AXI.v" into library work [/home/trakaros/tou_nikou/ip_repo/my_multiplierIP_1.0/hdl/my_multiplierIP_v1_0_S00_AXI.v:1]
[Tue May  2 00:16:29 2017] Launched synth_1...
Run output will be captured here: /home/trakaros/tou_nikou/ip_repo/edit_my_multiplierIP_v1_0.runs/synth_1/runme.log
reset_run synth_1
launch_runs synth_1 -jobs 4
INFO: [HDL 9-2216] Analyzing Verilog file "/home/trakaros/tou_nikou/ip_repo/my_multiplierIP_1.0/hdl/my_multiplierIP_v1_0_S00_AXI.v" into library work [/home/trakaros/tou_nikou/ip_repo/my_multiplierIP_1.0/hdl/my_multiplierIP_v1_0_S00_AXI.v:1]
[Tue May  2 00:19:01 2017] Launched synth_1...
Run output will be captured here: /home/trakaros/tou_nikou/ip_repo/edit_my_multiplierIP_v1_0.runs/synth_1/runme.log
reset_run synth_1
launch_runs synth_1 -jobs 4
INFO: [HDL 9-2216] Analyzing Verilog file "/home/trakaros/tou_nikou/ip_repo/my_multiplierIP_1.0/hdl/my_multiplierIP_v1_0_S00_AXI.v" into library work [/home/trakaros/tou_nikou/ip_repo/my_multiplierIP_1.0/hdl/my_multiplierIP_v1_0_S00_AXI.v:1]
[Tue May  2 00:27:33 2017] Launched synth_1...
Run output will be captured here: /home/trakaros/tou_nikou/ip_repo/edit_my_multiplierIP_v1_0.runs/synth_1/runme.log
reset_run synth_1
launch_runs synth_1 -jobs 4
INFO: [HDL 9-2216] Analyzing Verilog file "/home/trakaros/tou_nikou/ip_repo/my_multiplierIP_1.0/hdl/my_multiplierIP_v1_0_S00_AXI.v" into library work [/home/trakaros/tou_nikou/ip_repo/my_multiplierIP_1.0/hdl/my_multiplierIP_v1_0_S00_AXI.v:1]
[Tue May  2 01:00:16 2017] Launched synth_1...
Run output will be captured here: /home/trakaros/tou_nikou/ip_repo/edit_my_multiplierIP_v1_0.runs/synth_1/runme.log
ipx::merge_project_changes files [ipx::current_core]
set_property core_revision 2 [ipx::current_core]
ipx::create_xgui_files [ipx::current_core]
ipx::update_checksums [ipx::current_core]
ipx::save_core [ipx::current_core]
close_project -delete
update_ip_catalog -rebuild -repo_path /home/trakaros/tou_nikou/ip_repo/my_multiplierIP_1.0
INFO: [IP_Flow 19-725] Reloaded user IP repository '/home/trakaros/tou_nikou/ip_repo/my_multiplierIP_1.0'
exit
INFO: [Common 17-206] Exiting Vivado at Tue May  2 01:16:31 2017...
