Copyright 1986-2017 Xilinx, Inc. All Rights Reserved.
------------------------------------------------------------------------------------
| Tool Version : Vivado v.2017.1 (lin64) Build 1846317 Fri Apr 14 18:54:47 MDT 2017
| Date         : Tue Jun 20 14:26:18 2017
| Host         : trakaros-lemonsqueezy running 64-bit Ubuntu 16.04 LTS
| Command      : report_drc -file project_5_wrapper_drc_opted.rpt
| Design       : project_5_wrapper
| Device       : xc7z020clg484-1
| Speed File   : -1
| Design State : Synthesized
------------------------------------------------------------------------------------

Report DRC

Table of Contents
-----------------
1. REPORT SUMMARY
2. REPORT DETAILS

1. REPORT SUMMARY
-----------------
            Netlist: netlist
          Floorplan: design_1
      Design limits: <entire design considered>
           Ruledeck: default
             Max violations: <unlimited>
             Violations found: 0
+------+----------+-------------+------------+
| Rule | Severity | Description | Violations |
+------+----------+-------------+------------+
+------+----------+-------------+------------+

2. REPORT DETAILS
-----------------

