02:12:25 INFO  : Registering command handlers for SDK TCF services
02:12:36 INFO  : Launching XSCT server: xsct -n -interactive /home/trakaros/tou_nikou/lab4_custom/lab4_custom.sdk/temp_xsdb_launch_script.tcl
02:12:42 INFO  : XSCT server has started successfully.
02:12:42 INFO  : Successfully done setting XSCT server connection channel  
02:12:56 INFO  : Successfully done setting SDK workspace  
02:12:56 INFO  : Processing command line option -hwspec /home/trakaros/tou_nikou/lab4_custom/lab4_custom.sdk/design_1_wrapper.hdf.
02:19:38 INFO  : Registering command handlers for SDK TCF services
02:19:39 INFO  : Launching XSCT server: xsct -n -interactive /home/trakaros/tou_nikou/lab4_custom/lab4_custom.sdk/temp_xsdb_launch_script.tcl
02:19:40 INFO  : XSCT server has started successfully.
02:19:40 INFO  : Successfully done setting XSCT server connection channel  
02:19:40 INFO  : Successfully done setting SDK workspace  
02:19:40 INFO  : Processing command line option -hwspec /home/trakaros/tou_nikou/lab4_custom/lab4_custom.sdk/design_1_wrapper.hdf.
02:19:41 INFO  : Checking for hwspec changes in the project design_1_wrapper_hw_platform_0.
09:35:30 INFO  : Connected to target on host '127.0.0.1' and port '3121'.
09:35:33 INFO  : 'targets -set -filter {jtag_cable_name =~ "Digilent Zed 210248650715" && level==0} -index 1' command is executed.
09:35:36 INFO  : FPGA configured successfully with bitstream "/home/trakaros/tou_nikou/lab4_custom/lab4_custom.sdk/design_1_wrapper_hw_platform_0/design_1_wrapper.bit"
09:37:28 INFO  : 'targets -set -filter {jtag_cable_name =~ "Digilent Zed 210248650715" && level==0} -index 1' command is executed.
09:37:28 INFO  : 'fpga -state' command is executed.
09:37:28 INFO  : Connected to target on host '127.0.0.1' and port '3121'.
09:37:28 INFO  : Jtag cable 'Digilent Zed 210248650715' is selected.
09:37:28 INFO  : 'jtag frequency' command is executed.
09:37:28 INFO  : Sourcing of '/home/trakaros/tou_nikou/lab4_custom/lab4_custom.sdk/design_1_wrapper_hw_platform_0/ps7_init.tcl' is done.
09:37:28 INFO  : Context for 'APU' is selected.
09:37:28 INFO  : Hardware design information is loaded from '/home/trakaros/tou_nikou/lab4_custom/lab4_custom.sdk/design_1_wrapper_hw_platform_0/system.hdf'.
09:37:28 INFO  : Context for 'APU' is selected.
09:37:28 INFO  : 'stop' command is executed.
09:37:28 INFO  : 'ps7_init' command is executed.
09:37:28 INFO  : 'ps7_post_config' command is executed.
09:37:28 INFO  : Context for processor 'ps7_cortexa9_0' is selected.
09:37:28 INFO  : Processor reset is completed for 'ps7_cortexa9_0'.
09:37:28 INFO  : Context for processor 'ps7_cortexa9_0' is selected.
09:37:29 INFO  : The application '/home/trakaros/tou_nikou/lab4_custom/lab4_custom.sdk/Multiplication_project_lab4/Debug/Multiplication_project_lab4.elf' is downloaded to processor 'ps7_cortexa9_0'.
09:37:29 INFO  : ----------------XSDB Script----------------
connect -url tcp:127.0.0.1:3121
source /home/trakaros/tou_nikou/lab4_custom/lab4_custom.sdk/design_1_wrapper_hw_platform_0/ps7_init.tcl
targets -set -nocase -filter {name =~"APU*" && jtag_cable_name =~ "Digilent Zed 210248650715"} -index 0
loadhw /home/trakaros/tou_nikou/lab4_custom/lab4_custom.sdk/design_1_wrapper_hw_platform_0/system.hdf
targets -set -nocase -filter {name =~"APU*" && jtag_cable_name =~ "Digilent Zed 210248650715"} -index 0
stop
ps7_init
ps7_post_config
targets -set -nocase -filter {name =~ "ARM*#0" && jtag_cable_name =~ "Digilent Zed 210248650715"} -index 0
rst -processor
targets -set -nocase -filter {name =~ "ARM*#0" && jtag_cable_name =~ "Digilent Zed 210248650715"} -index 0
dow /home/trakaros/tou_nikou/lab4_custom/lab4_custom.sdk/Multiplication_project_lab4/Debug/Multiplication_project_lab4.elf
----------------End of Script----------------

09:37:29 INFO  : Memory regions updated for context APU
09:37:29 INFO  : Context for processor 'ps7_cortexa9_0' is selected.
09:37:29 INFO  : 'con' command is executed.
09:37:29 INFO  : ----------------XSDB Script (After Launch)----------------
targets -set -nocase -filter {name =~ "ARM*#0" && jtag_cable_name =~ "Digilent Zed 210248650715"} -index 0
con
----------------End of Script----------------

09:37:29 INFO  : Launch script is exported to file '/home/trakaros/tou_nikou/lab4_custom/lab4_custom.sdk/.sdk/launch_scripts/xilinx_c-c++_application_(system_debugger)/system_debugger_using_debug_multiplication_project_lab4.elf_on_local.tcl'
09:45:27 INFO  : Disconnected from the channel tcfchan#1.
09:45:30 INFO  : 'targets -set -filter {jtag_cable_name =~ "Digilent Zed 210248650715" && level==0} -index 1' command is executed.
09:45:30 INFO  : 'fpga -state' command is executed.
09:45:30 INFO  : Connected to target on host '127.0.0.1' and port '3121'.
09:45:30 INFO  : Jtag cable 'Digilent Zed 210248650715' is selected.
09:45:30 INFO  : 'jtag frequency' command is executed.
09:45:30 INFO  : Sourcing of '/home/trakaros/tou_nikou/lab4_custom/lab4_custom.sdk/design_1_wrapper_hw_platform_0/ps7_init.tcl' is done.
09:45:31 INFO  : Context for 'APU' is selected.
09:45:35 INFO  : Hardware design information is loaded from '/home/trakaros/tou_nikou/lab4_custom/lab4_custom.sdk/design_1_wrapper_hw_platform_0/system.hdf'.
09:45:35 INFO  : Context for 'APU' is selected.
09:45:35 INFO  : 'stop' command is executed.
09:45:35 INFO  : 'ps7_init' command is executed.
09:45:35 INFO  : 'ps7_post_config' command is executed.
09:45:35 INFO  : Context for processor 'ps7_cortexa9_0' is selected.
09:45:35 INFO  : Processor reset is completed for 'ps7_cortexa9_0'.
09:45:35 INFO  : Context for processor 'ps7_cortexa9_0' is selected.
09:45:35 INFO  : The application '/home/trakaros/tou_nikou/lab4_custom/lab4_custom.sdk/Multiplication_project_lab4/Debug/Multiplication_project_lab4.elf' is downloaded to processor 'ps7_cortexa9_0'.
09:45:35 INFO  : ----------------XSDB Script----------------
connect -url tcp:127.0.0.1:3121
source /home/trakaros/tou_nikou/lab4_custom/lab4_custom.sdk/design_1_wrapper_hw_platform_0/ps7_init.tcl
targets -set -nocase -filter {name =~"APU*" && jtag_cable_name =~ "Digilent Zed 210248650715"} -index 0
loadhw /home/trakaros/tou_nikou/lab4_custom/lab4_custom.sdk/design_1_wrapper_hw_platform_0/system.hdf
targets -set -nocase -filter {name =~"APU*" && jtag_cable_name =~ "Digilent Zed 210248650715"} -index 0
stop
ps7_init
ps7_post_config
targets -set -nocase -filter {name =~ "ARM*#0" && jtag_cable_name =~ "Digilent Zed 210248650715"} -index 0
rst -processor
targets -set -nocase -filter {name =~ "ARM*#0" && jtag_cable_name =~ "Digilent Zed 210248650715"} -index 0
dow /home/trakaros/tou_nikou/lab4_custom/lab4_custom.sdk/Multiplication_project_lab4/Debug/Multiplication_project_lab4.elf
----------------End of Script----------------

09:45:35 INFO  : Memory regions updated for context APU
09:45:35 INFO  : Context for processor 'ps7_cortexa9_0' is selected.
09:45:35 INFO  : 'con' command is executed.
09:45:35 INFO  : ----------------XSDB Script (After Launch)----------------
targets -set -nocase -filter {name =~ "ARM*#0" && jtag_cable_name =~ "Digilent Zed 210248650715"} -index 0
con
----------------End of Script----------------

09:45:35 INFO  : Launch script is exported to file '/home/trakaros/tou_nikou/lab4_custom/lab4_custom.sdk/.sdk/launch_scripts/xilinx_c-c++_application_(system_debugger)/system_debugger_using_debug_multiplication_project_lab4.elf_on_local.tcl'
09:54:54 INFO  : Disconnected from the channel tcfchan#2.
11:17:04 INFO  : Registering command handlers for SDK TCF services
11:17:06 INFO  : Launching XSCT server: xsct -n -interactive /home/trakaros/tou_nikou/lab4_custom/lab4_custom.sdk/temp_xsdb_launch_script.tcl
11:17:13 INFO  : XSCT server has started successfully.
11:17:13 INFO  : Successfully done setting XSCT server connection channel  
11:17:45 INFO  : Successfully done setting SDK workspace  
11:17:45 INFO  : Processing command line option -hwspec /home/trakaros/tou_nikou/lab4_custom/lab4_custom.sdk/design_1_wrapper.hdf.
11:17:49 INFO  : Checking for hwspec changes in the project design_1_wrapper_hw_platform_0.
11:17:49 INFO  : SDK has detected change in the last modified timestamps for source hardware specification file Source:1493712920000,  Project:1493680049000
11:17:49 INFO  : The hardware specification for project 'design_1_wrapper_hw_platform_0' is different from /home/trakaros/tou_nikou/lab4_custom/lab4_custom.sdk/design_1_wrapper.hdf.
11:17:49 INFO  : Copied contents of /home/trakaros/tou_nikou/lab4_custom/lab4_custom.sdk/design_1_wrapper.hdf into /design_1_wrapper_hw_platform_0/system.hdf.
11:17:54 INFO  : Synchronizing projects in the workspace with the hardware platform specification changes.
11:17:57 INFO  : 
11:17:58 INFO  : Updating hardware inferred compiler options for Multiplication_project_lab4.
11:17:58 INFO  : Clearing existing target manager status.
11:18:51 INFO  : Connected to target on host '127.0.0.1' and port '3121'.
11:19:47 INFO  : Connected to target on host '127.0.0.1' and port '3121'.
11:19:47 INFO  : 'targets -set -filter {jtag_cable_name =~ "Digilent Zed 210248650715" && level==0} -index 1' command is executed.
11:19:49 INFO  : FPGA configured successfully with bitstream "/home/trakaros/tou_nikou/lab4_custom/lab4_custom.sdk/design_1_wrapper_hw_platform_0/design_1_wrapper.bit"
11:20:19 INFO  : 'targets -set -filter {jtag_cable_name =~ "Digilent Zed 210248650715" && level==0} -index 1' command is executed.
11:20:19 INFO  : 'fpga -state' command is executed.
11:20:19 INFO  : Connected to target on host '127.0.0.1' and port '3121'.
11:20:19 INFO  : Jtag cable 'Digilent Zed 210248650715' is selected.
11:20:19 INFO  : 'jtag frequency' command is executed.
11:20:19 INFO  : Sourcing of '/home/trakaros/tou_nikou/lab4_custom/lab4_custom.sdk/design_1_wrapper_hw_platform_0/ps7_init.tcl' is done.
11:20:19 INFO  : Context for 'APU' is selected.
11:20:19 INFO  : Hardware design information is loaded from '/home/trakaros/tou_nikou/lab4_custom/lab4_custom.sdk/design_1_wrapper_hw_platform_0/system.hdf'.
11:20:19 INFO  : Context for 'APU' is selected.
11:20:19 INFO  : 'stop' command is executed.
11:20:20 INFO  : 'ps7_init' command is executed.
11:20:20 INFO  : 'ps7_post_config' command is executed.
11:20:20 INFO  : Context for processor 'ps7_cortexa9_0' is selected.
11:20:20 INFO  : Processor reset is completed for 'ps7_cortexa9_0'.
11:20:20 INFO  : Context for processor 'ps7_cortexa9_0' is selected.
11:20:20 INFO  : The application '/home/trakaros/tou_nikou/lab4_custom/lab4_custom.sdk/Multiplication_project_lab4/Debug/Multiplication_project_lab4.elf' is downloaded to processor 'ps7_cortexa9_0'.
11:20:20 INFO  : ----------------XSDB Script----------------
connect -url tcp:127.0.0.1:3121
source /home/trakaros/tou_nikou/lab4_custom/lab4_custom.sdk/design_1_wrapper_hw_platform_0/ps7_init.tcl
targets -set -nocase -filter {name =~"APU*" && jtag_cable_name =~ "Digilent Zed 210248650715"} -index 0
loadhw /home/trakaros/tou_nikou/lab4_custom/lab4_custom.sdk/design_1_wrapper_hw_platform_0/system.hdf
targets -set -nocase -filter {name =~"APU*" && jtag_cable_name =~ "Digilent Zed 210248650715"} -index 0
stop
ps7_init
ps7_post_config
targets -set -nocase -filter {name =~ "ARM*#0" && jtag_cable_name =~ "Digilent Zed 210248650715"} -index 0
rst -processor
targets -set -nocase -filter {name =~ "ARM*#0" && jtag_cable_name =~ "Digilent Zed 210248650715"} -index 0
dow /home/trakaros/tou_nikou/lab4_custom/lab4_custom.sdk/Multiplication_project_lab4/Debug/Multiplication_project_lab4.elf
----------------End of Script----------------

11:20:20 INFO  : Memory regions updated for context APU
11:20:20 INFO  : Context for processor 'ps7_cortexa9_0' is selected.
11:20:20 INFO  : 'con' command is executed.
11:20:20 INFO  : ----------------XSDB Script (After Launch)----------------
targets -set -nocase -filter {name =~ "ARM*#0" && jtag_cable_name =~ "Digilent Zed 210248650715"} -index 0
con
----------------End of Script----------------

11:20:20 INFO  : Launch script is exported to file '/home/trakaros/tou_nikou/lab4_custom/lab4_custom.sdk/.sdk/launch_scripts/xilinx_c-c++_application_(system_debugger)/system_debugger_using_debug_multiplication_project_lab4.elf_on_local.tcl'
11:22:24 INFO  : Connected to target on host '127.0.0.1' and port '3121'.
11:22:25 INFO  : 'targets -set -filter {jtag_cable_name =~ "Digilent Zed 210248650715" && level==0} -index 1' command is executed.
11:22:27 INFO  : FPGA configured successfully with bitstream "/home/trakaros/tou_nikou/lab4_custom/lab4_custom.sdk/design_1_wrapper_hw_platform_0/design_1_wrapper.bit"
11:22:39 INFO  : Disconnected from the channel tcfchan#1.
11:22:41 INFO  : 'targets -set -filter {jtag_cable_name =~ "Digilent Zed 210248650715" && level==0} -index 1' command is executed.
11:22:41 INFO  : 'fpga -state' command is executed.
11:22:41 INFO  : Connected to target on host '127.0.0.1' and port '3121'.
11:22:41 INFO  : Jtag cable 'Digilent Zed 210248650715' is selected.
11:22:41 INFO  : 'jtag frequency' command is executed.
11:22:41 INFO  : Sourcing of '/home/trakaros/tou_nikou/lab4_custom/lab4_custom.sdk/design_1_wrapper_hw_platform_0/ps7_init.tcl' is done.
11:22:41 INFO  : Context for 'APU' is selected.
11:22:43 INFO  : Hardware design information is loaded from '/home/trakaros/tou_nikou/lab4_custom/lab4_custom.sdk/design_1_wrapper_hw_platform_0/system.hdf'.
11:22:43 INFO  : Context for 'APU' is selected.
11:22:43 INFO  : 'stop' command is executed.
11:22:45 INFO  : 'ps7_init' command is executed.
11:22:45 INFO  : 'ps7_post_config' command is executed.
11:22:45 INFO  : Context for processor 'ps7_cortexa9_0' is selected.
11:22:45 INFO  : Processor reset is completed for 'ps7_cortexa9_0'.
11:22:45 INFO  : Context for processor 'ps7_cortexa9_0' is selected.
11:22:47 ERROR : Memory write error at 0x100000. AP transaction timeout
11:22:47 INFO  : ----------------XSDB Script----------------
connect -url tcp:127.0.0.1:3121
source /home/trakaros/tou_nikou/lab4_custom/lab4_custom.sdk/design_1_wrapper_hw_platform_0/ps7_init.tcl
targets -set -nocase -filter {name =~"APU*" && jtag_cable_name =~ "Digilent Zed 210248650715"} -index 0
loadhw /home/trakaros/tou_nikou/lab4_custom/lab4_custom.sdk/design_1_wrapper_hw_platform_0/system.hdf
targets -set -nocase -filter {name =~"APU*" && jtag_cable_name =~ "Digilent Zed 210248650715"} -index 0
stop
ps7_init
ps7_post_config
targets -set -nocase -filter {name =~ "ARM*#0" && jtag_cable_name =~ "Digilent Zed 210248650715"} -index 0
rst -processor
targets -set -nocase -filter {name =~ "ARM*#0" && jtag_cable_name =~ "Digilent Zed 210248650715"} -index 0
dow /home/trakaros/tou_nikou/lab4_custom/lab4_custom.sdk/Multiplication_project_lab4/Debug/Multiplication_project_lab4.elf
----------------End of Script----------------

11:22:54 INFO  : 'targets -set -filter {jtag_cable_name =~ "Digilent Zed 210248650715" && level==0} -index 1' command is executed.
11:22:54 INFO  : 'fpga -state' command is executed.
11:22:54 INFO  : Connected to target on host '127.0.0.1' and port '3121'.
11:22:54 INFO  : Jtag cable 'Digilent Zed 210248650715' is selected.
11:22:54 INFO  : 'jtag frequency' command is executed.
11:22:54 INFO  : Sourcing of '/home/trakaros/tou_nikou/lab4_custom/lab4_custom.sdk/design_1_wrapper_hw_platform_0/ps7_init.tcl' is done.
11:22:54 INFO  : Context for 'APU' is selected.
11:22:54 INFO  : Hardware design information is loaded from '/home/trakaros/tou_nikou/lab4_custom/lab4_custom.sdk/design_1_wrapper_hw_platform_0/system.hdf'.
11:22:54 INFO  : Context for 'APU' is selected.
11:22:54 INFO  : 'stop' command is executed.
11:22:54 ERROR : AP transaction error, DAP status f0000021
11:22:54 INFO  : ----------------XSDB Script----------------
connect -url tcp:127.0.0.1:3121
source /home/trakaros/tou_nikou/lab4_custom/lab4_custom.sdk/design_1_wrapper_hw_platform_0/ps7_init.tcl
targets -set -nocase -filter {name =~"APU*" && jtag_cable_name =~ "Digilent Zed 210248650715"} -index 0
loadhw /home/trakaros/tou_nikou/lab4_custom/lab4_custom.sdk/design_1_wrapper_hw_platform_0/system.hdf
targets -set -nocase -filter {name =~"APU*" && jtag_cable_name =~ "Digilent Zed 210248650715"} -index 0
stop
ps7_init
----------------End of Script----------------

11:23:08 INFO  : 'targets -set -filter {jtag_cable_name =~ "Digilent Zed 210248650715" && level==0} -index 1' command is executed.
11:23:08 INFO  : 'fpga -state' command is executed.
11:23:08 INFO  : Connected to target on host '127.0.0.1' and port '3121'.
11:23:08 INFO  : Jtag cable 'Digilent Zed 210248650715' is selected.
11:23:08 INFO  : 'jtag frequency' command is executed.
11:23:08 INFO  : Sourcing of '/home/trakaros/tou_nikou/lab4_custom/lab4_custom.sdk/design_1_wrapper_hw_platform_0/ps7_init.tcl' is done.
11:23:08 INFO  : Context for 'APU' is selected.
11:23:08 INFO  : Hardware design information is loaded from '/home/trakaros/tou_nikou/lab4_custom/lab4_custom.sdk/design_1_wrapper_hw_platform_0/system.hdf'.
11:23:08 INFO  : Context for 'APU' is selected.
11:23:08 INFO  : 'stop' command is executed.
11:23:08 ERROR : AP transaction error, DAP status f0000021
11:23:08 INFO  : ----------------XSDB Script----------------
connect -url tcp:127.0.0.1:3121
source /home/trakaros/tou_nikou/lab4_custom/lab4_custom.sdk/design_1_wrapper_hw_platform_0/ps7_init.tcl
targets -set -nocase -filter {name =~"APU*" && jtag_cable_name =~ "Digilent Zed 210248650715"} -index 0
loadhw /home/trakaros/tou_nikou/lab4_custom/lab4_custom.sdk/design_1_wrapper_hw_platform_0/system.hdf
targets -set -nocase -filter {name =~"APU*" && jtag_cable_name =~ "Digilent Zed 210248650715"} -index 0
stop
ps7_init
----------------End of Script----------------

11:23:37 ERROR : Unexpected error while launching program.
java.lang.RuntimeException: Error while running ps7_init method.
No Elf file associated with target


	at com.xilinx.sdk.targetmanager.internal.TM.run_ps7_init(TM.java:1089)
	at com.xilinx.sdk.debug.core.XilinxAppLaunchConfigurationDelegate.runTargetSetup(XilinxAppLaunchConfigurationDelegate.java:514)
	at com.xilinx.sdk.debug.core.XilinxAppLaunchConfigurationDelegate.runApplication(XilinxAppLaunchConfigurationDelegate.java:616)
	at com.xilinx.sdk.debug.core.XilinxAppLaunchConfigurationDelegate.launch(XilinxAppLaunchConfigurationDelegate.java:309)
	at com.xilinx.sdk.debug.ui.XilinxAppLaunchDelegateWrapper.launch(XilinxAppLaunchDelegateWrapper.java:31)
	at org.eclipse.debug.internal.core.LaunchConfiguration.launch(LaunchConfiguration.java:885)
	at org.eclipse.debug.internal.core.LaunchConfiguration.launch(LaunchConfiguration.java:739)
	at org.eclipse.debug.internal.ui.DebugUIPlugin.buildAndLaunch(DebugUIPlugin.java:1039)
	at org.eclipse.debug.internal.ui.DebugUIPlugin$8.run(DebugUIPlugin.java:1256)
	at org.eclipse.core.internal.jobs.Worker.run(Worker.java:55)
11:28:36 INFO  : 'targets -set -filter {jtag_cable_name =~ "Digilent Zed 210248650715" && level==0} -index 1' command is executed.
11:28:36 INFO  : 'fpga -state' command is executed.
11:28:36 INFO  : Connected to target on host '127.0.0.1' and port '3121'.
11:28:36 INFO  : Jtag cable 'Digilent Zed 210248650715' is selected.
11:28:36 INFO  : 'jtag frequency' command is executed.
11:28:36 INFO  : Sourcing of '/home/trakaros/tou_nikou/lab4_custom/lab4_custom.sdk/design_1_wrapper_hw_platform_0/ps7_init.tcl' is done.
11:28:36 INFO  : Context for 'APU' is selected.
11:28:36 INFO  : Hardware design information is loaded from '/home/trakaros/tou_nikou/lab4_custom/lab4_custom.sdk/design_1_wrapper_hw_platform_0/system.hdf'.
11:28:36 INFO  : Context for 'APU' is selected.
11:28:36 INFO  : 'stop' command is executed.
11:28:37 ERROR : AP transaction error, DAP status f0000021
11:28:37 INFO  : ----------------XSDB Script----------------
connect -url tcp:127.0.0.1:3121
source /home/trakaros/tou_nikou/lab4_custom/lab4_custom.sdk/design_1_wrapper_hw_platform_0/ps7_init.tcl
targets -set -nocase -filter {name =~"APU*" && jtag_cable_name =~ "Digilent Zed 210248650715"} -index 0
loadhw /home/trakaros/tou_nikou/lab4_custom/lab4_custom.sdk/design_1_wrapper_hw_platform_0/system.hdf
targets -set -nocase -filter {name =~"APU*" && jtag_cable_name =~ "Digilent Zed 210248650715"} -index 0
stop
ps7_init
----------------End of Script----------------

11:30:43 INFO  : 'targets -set -filter {jtag_cable_name =~ "Digilent Zed 210248650715" && level==0} -index 1' command is executed.
11:30:43 INFO  : 'fpga -state' command is executed.
11:30:43 INFO  : Connected to target on host '127.0.0.1' and port '3121'.
11:30:43 INFO  : Jtag cable 'Digilent Zed 210248650715' is selected.
11:30:43 INFO  : 'jtag frequency' command is executed.
11:30:43 INFO  : Sourcing of '/home/trakaros/tou_nikou/lab4_custom/lab4_custom.sdk/design_1_wrapper_hw_platform_0/ps7_init.tcl' is done.
11:30:43 INFO  : Context for 'APU' is selected.
11:30:43 INFO  : Hardware design information is loaded from '/home/trakaros/tou_nikou/lab4_custom/lab4_custom.sdk/design_1_wrapper_hw_platform_0/system.hdf'.
11:30:43 INFO  : Context for 'APU' is selected.
11:30:43 INFO  : 'stop' command is executed.
11:30:43 ERROR : AP transaction error, DAP status f0000021
11:30:43 INFO  : ----------------XSDB Script----------------
connect -url tcp:127.0.0.1:3121
source /home/trakaros/tou_nikou/lab4_custom/lab4_custom.sdk/design_1_wrapper_hw_platform_0/ps7_init.tcl
targets -set -nocase -filter {name =~"APU*" && jtag_cable_name =~ "Digilent Zed 210248650715"} -index 0
loadhw /home/trakaros/tou_nikou/lab4_custom/lab4_custom.sdk/design_1_wrapper_hw_platform_0/system.hdf
targets -set -nocase -filter {name =~"APU*" && jtag_cable_name =~ "Digilent Zed 210248650715"} -index 0
stop
ps7_init
----------------End of Script----------------

20:53:02 INFO  : SDK has detected change in the last modified timestamps for source hardware specification file Source:1493747544000,  Project:1493712920000
20:53:02 INFO  : Project design_1_wrapper_hw_platform_0's source hardware specification located at /home/trakaros/tou_nikou/lab4_custom/lab4_custom.sdk/design_1_wrapper.hdf is now different from the local copy.
		 The local copy will be replaced with the source specification and your workspace will be updated.
20:53:15 INFO  : Copied contents of /home/trakaros/tou_nikou/lab4_custom/lab4_custom.sdk/design_1_wrapper.hdf into /design_1_wrapper_hw_platform_0/system.hdf.
20:53:58 INFO  : Synchronizing projects in the workspace with the hardware platform specification changes.
20:54:13 INFO  : 
20:54:14 INFO  : Updating hardware inferred compiler options for Matrix_multiplication_lab4.
20:54:14 INFO  : Clearing existing target manager status.
20:54:14 INFO  : Closing and re-opening the MSS file of ther project Matrix_multiplication_lab4_bsp
20:54:18 INFO  : Closing and re-opening the MSS file of ther project Matrix_multiplication_lab4_bsp
20:54:20 INFO  : Closing and re-opening the MSS file of ther project Matrix_multiplication_lab4_bsp
20:54:20 INFO  : Workspace synchronized with the new hardware specification file. Cleaning dependent projects...
20:54:37 WARN  : Linker script will not be updated automatically. Users need to update it manually.
21:08:32 INFO  : Connected to target on host '127.0.0.1' and port '3121'.
21:08:33 INFO  : 'targets -set -filter {jtag_cable_name =~ "Digilent Zed 210248650917" && level==0} -index 1' command is executed.
21:08:35 INFO  : FPGA configured successfully with bitstream "/home/trakaros/tou_nikou/lab4_custom/lab4_custom.sdk/design_1_wrapper_hw_platform_0/design_1_wrapper.bit"
21:09:56 INFO  : 'targets -set -filter {jtag_cable_name =~ "Digilent Zed 210248650917" && level==0} -index 1' command is executed.
21:09:56 INFO  : 'fpga -state' command is executed.
21:09:56 INFO  : Connected to target on host '127.0.0.1' and port '3121'.
21:09:56 INFO  : Jtag cable 'Digilent Zed 210248650917' is selected.
21:09:56 INFO  : 'jtag frequency' command is executed.
21:09:56 INFO  : Sourcing of '/home/trakaros/tou_nikou/lab4_custom/lab4_custom.sdk/design_1_wrapper_hw_platform_0/ps7_init.tcl' is done.
21:09:56 INFO  : Context for 'APU' is selected.
21:09:56 INFO  : Hardware design information is loaded from '/home/trakaros/tou_nikou/lab4_custom/lab4_custom.sdk/design_1_wrapper_hw_platform_0/system.hdf'.
21:09:56 INFO  : Context for 'APU' is selected.
21:09:57 INFO  : 'stop' command is executed.
21:09:57 INFO  : 'ps7_init' command is executed.
21:09:57 INFO  : 'ps7_post_config' command is executed.
21:09:57 INFO  : Context for processor 'ps7_cortexa9_0' is selected.
21:09:57 INFO  : Processor reset is completed for 'ps7_cortexa9_0'.
21:09:57 INFO  : Context for processor 'ps7_cortexa9_0' is selected.
21:09:57 INFO  : The application '/home/trakaros/tou_nikou/lab4_custom/lab4_custom.sdk/Matrix_multiplication_lab4/Debug/Matrix_multiplication_lab4.elf' is downloaded to processor 'ps7_cortexa9_0'.
21:09:57 INFO  : ----------------XSDB Script----------------
connect -url tcp:127.0.0.1:3121
source /home/trakaros/tou_nikou/lab4_custom/lab4_custom.sdk/design_1_wrapper_hw_platform_0/ps7_init.tcl
targets -set -nocase -filter {name =~"APU*" && jtag_cable_name =~ "Digilent Zed 210248650917"} -index 0
loadhw /home/trakaros/tou_nikou/lab4_custom/lab4_custom.sdk/design_1_wrapper_hw_platform_0/system.hdf
targets -set -nocase -filter {name =~"APU*" && jtag_cable_name =~ "Digilent Zed 210248650917"} -index 0
stop
ps7_init
ps7_post_config
targets -set -nocase -filter {name =~ "ARM*#0" && jtag_cable_name =~ "Digilent Zed 210248650917"} -index 0
rst -processor
targets -set -nocase -filter {name =~ "ARM*#0" && jtag_cable_name =~ "Digilent Zed 210248650917"} -index 0
dow /home/trakaros/tou_nikou/lab4_custom/lab4_custom.sdk/Matrix_multiplication_lab4/Debug/Matrix_multiplication_lab4.elf
----------------End of Script----------------

21:09:57 INFO  : Memory regions updated for context APU
21:09:57 INFO  : Context for processor 'ps7_cortexa9_0' is selected.
21:09:58 INFO  : 'con' command is executed.
21:09:58 INFO  : ----------------XSDB Script (After Launch)----------------
targets -set -nocase -filter {name =~ "ARM*#0" && jtag_cable_name =~ "Digilent Zed 210248650917"} -index 0
con
----------------End of Script----------------

21:09:58 INFO  : Launch script is exported to file '/home/trakaros/tou_nikou/lab4_custom/lab4_custom.sdk/.sdk/launch_scripts/xilinx_c-c++_application_(system_debugger)/system_debugger_using_debug_matrix_multiplication_lab4.elf_on_local.tcl'
