

================================================================
== Vivado HLS Report for 'convolution2D'
================================================================
* Date:           Tue May 30 17:47:59 2017

* Version:        2017.1 (Build 1846317 on Fri Apr 14 19:19:38 MDT 2017)
* Project:        ip_sobel
* Solution:       solution1
* Product family: zynq
* Target device:  xc7z020clg484-1


================================================================
== Performance Estimates
================================================================
+ Timing (ns): 
    * Summary: 
    +--------+-------+----------+------------+
    |  Clock | Target| Estimated| Uncertainty|
    +--------+-------+----------+------------+
    |ap_clk  |  10.00|      8.07|        1.25|
    +--------+-------+----------+------------+

+ Latency (clock cycles): 
    * Summary: 
    +-----+-----+-----+-----+---------+
    |  Latency  |  Interval | Pipeline|
    | min | max | min | max |   Type  |
    +-----+-----+-----+-----+---------+
    |   70|   70|   70|   70|   none  |
    +-----+-----+-----+-----+---------+

    + Detail: 
        * Instance: 
        N/A

        * Loop: 
        +-------------+-----+-----+----------+-----------+-----------+------+----------+
        |             |  Latency  | Iteration|  Initiation Interval  | Trip |          |
        |  Loop Name  | min | max |  Latency |  achieved |   target  | Count| Pipelined|
        +-------------+-----+-----+----------+-----------+-----------+------+----------+
        |- Loop 1     |   69|   69|        23|          -|          -|     3|    no    |
        | + Loop 1.1  |   21|   21|         7|          -|          -|     3|    no    |
        +-------------+-----+-----+----------+-----------+-----------+------+----------+



================================================================
== Utilization Estimates
================================================================
* Summary: 
+-----------------+---------+-------+--------+-------+
|       Name      | BRAM_18K| DSP48E|   FF   |  LUT  |
+-----------------+---------+-------+--------+-------+
|DSP              |        -|      -|       -|      -|
|Expression       |        -|      -|       0|    127|
|FIFO             |        -|      -|       -|      -|
|Instance         |        -|      4|     166|     49|
|Memory           |        -|      -|       -|      -|
|Multiplexer      |        -|      -|       -|     74|
|Register         |        -|      -|     145|      -|
+-----------------+---------+-------+--------+-------+
|Total            |        0|      4|     311|    250|
+-----------------+---------+-------+--------+-------+
|Available        |      280|    220|  106400|  53200|
+-----------------+---------+-------+--------+-------+
|Utilization (%)  |        0|      1|   ~0   |   ~0  |
+-----------------+---------+-------+--------+-------+

+ Detail: 
    * Instance: 
    +-------------------------+----------------------+---------+-------+-----+----+
    |         Instance        |        Module        | BRAM_18K| DSP48E|  FF | LUT|
    +-------------------------+----------------------+---------+-------+-----+----+
    |ip_sobel_mul_8ns_bkb_U1  |ip_sobel_mul_8ns_bkb  |        0|      4|  166|  49|
    +-------------------------+----------------------+---------+-------+-----+----+
    |Total                    |                      |        0|      4|  166|  49|
    +-------------------------+----------------------+---------+-------+-----+----+

    * DSP48: 
    N/A

    * Memory: 
    N/A

    * FIFO: 
    N/A

    * Expression: 
    +---------------------+----------+-------+---+----+------------+------------+
    |    Variable Name    | Operation| DSP48E| FF| LUT| Bitwidth P0| Bitwidth P1|
    +---------------------+----------+-------+---+----+------------+------------+
    |i_2_fu_153_p2        |     +    |      0|  0|  12|           3|           1|
    |j_2_fu_112_p2        |     +    |      0|  0|  12|           3|           1|
    |res_1_fu_203_p2      |     +    |      0|  0|  39|          32|          32|
    |tmp_11_fu_177_p2     |     +    |      0|  0|   8|           5|           5|
    |tmp_5_fu_132_p2      |     +    |      0|  0|  17|          10|          10|
    |tmp_s_fu_148_p2      |     +    |      0|  0|  29|          22|          22|
    |tmp_10_fu_171_p2     |     -    |      0|  0|   8|           5|           5|
    |exitcond1_fu_106_p2  |   icmp   |      0|  0|   1|           3|           2|
    |exitcond_fu_122_p2   |   icmp   |      0|  0|   1|           3|           2|
    +---------------------+----------+-------+---+----+------------+------------+
    |Total                |          |      0|  0| 127|          86|          80|
    +---------------------+----------+-------+---+----+------------+------------+

    * Multiplexer: 
    +-----------+----+-----------+-----+-----------+
    |    Name   | LUT| Input Size| Bits| Total Bits|
    +-----------+----+-----------+-----+-----------+
    |ap_NS_fsm  |  47|         10|    1|         10|
    |i_reg_83   |   9|          2|    3|          6|
    |j_reg_72   |   9|          2|    3|          6|
    |res_fu_32  |   9|          2|   32|         64|
    +-----------+----+-----------+-----+-----------+
    |Total      |  74|         16|   39|         86|
    +-----------+----+-----------+-----+-----------+

    * Register: 
    +------------------------+----+----+-----+-----------+
    |          Name          | FF | LUT| Bits| Const Bits|
    +------------------------+----+----+-----+-----------+
    |ap_CS_fsm               |   9|   0|    9|          0|
    |i_2_reg_256             |   3|   0|    3|          0|
    |i_reg_83                |   3|   0|    3|          0|
    |input_img_load_reg_271  |   8|   0|    8|          0|
    |j_2_reg_238             |   3|   0|    3|          0|
    |j_cast_reg_230          |  22|   0|   22|          0|
    |j_reg_72                |   3|   0|    3|          0|
    |res_fu_32               |  32|   0|   32|          0|
    |tmp_11_reg_261          |   5|   0|    5|          0|
    |tmp_6_reg_291           |  32|   0|   32|          0|
    |tmp_cast_reg_243        |   3|   0|    5|          2|
    |tmp_s_reg_251           |  22|   0|   22|          0|
    +------------------------+----+----+-----+-----------+
    |Total                   | 145|   0|  147|          2|
    +------------------------+----+----+-----+-----------+



================================================================
== Interface
================================================================
* Summary: 
+--------------------+-----+-----+------------+---------------+--------------+
|      RTL Ports     | Dir | Bits|  Protocol  | Source Object |    C Type    |
+--------------------+-----+-----+------------+---------------+--------------+
|ap_clk              |  in |    1| ap_ctrl_hs | convolution2D | return value |
|ap_rst              |  in |    1| ap_ctrl_hs | convolution2D | return value |
|ap_start            |  in |    1| ap_ctrl_hs | convolution2D | return value |
|ap_done             | out |    1| ap_ctrl_hs | convolution2D | return value |
|ap_idle             | out |    1| ap_ctrl_hs | convolution2D | return value |
|ap_ready            | out |    1| ap_ctrl_hs | convolution2D | return value |
|ap_return           | out |   32| ap_ctrl_hs | convolution2D | return value |
|posy                |  in |   10|   ap_none  |      posy     |    scalar    |
|posx                |  in |   10|   ap_none  |      posx     |    scalar    |
|input_img_address0  | out |   20|  ap_memory |   input_img   |     array    |
|input_img_ce0       | out |    1|  ap_memory |   input_img   |     array    |
|input_img_q0        |  in |    8|  ap_memory |   input_img   |     array    |
|operator_address0   | out |    4|  ap_memory |    operator   |     array    |
|operator_ce0        | out |    1|  ap_memory |    operator   |     array    |
|operator_q0         |  in |   32|  ap_memory |    operator   |     array    |
+--------------------+-----+-----+------------+---------------+--------------+

