
*** Running vivado
    with args -log design_1_wrapper.vdi -applog -m64 -product Vivado -messageDb vivado.pb -mode batch -source design_1_wrapper.tcl -notrace


****** Vivado v2016.4 (64-bit)
  **** SW Build 1756540 on Mon Jan 23 19:11:19 MST 2017
  **** IP Build 1755317 on Mon Jan 23 20:30:07 MST 2017
    ** Copyright 1986-2016 Xilinx, Inc. All Rights Reserved.

source design_1_wrapper.tcl -notrace
Design is defaulting to srcset: sources_1
Design is defaulting to constrset: constrs_1
INFO: [Project 1-454] Reading design checkpoint '/home/trakaros/tou_nikou/lab4_custom/lab4_custom.srcs/sources_1/bd/design_1/ip/design_1_my_multiplierIP_0_0/design_1_my_multiplierIP_0_0.dcp' for cell 'design_1_i/my_multiplierIP_0'
INFO: [Project 1-454] Reading design checkpoint '/home/trakaros/tou_nikou/lab4_custom/lab4_custom.srcs/sources_1/bd/design_1/ip/design_1_processing_system7_0_0/design_1_processing_system7_0_0.dcp' for cell 'design_1_i/processing_system7_0'
INFO: [Project 1-454] Reading design checkpoint '/home/trakaros/tou_nikou/lab4_custom/lab4_custom.srcs/sources_1/bd/design_1/ip/design_1_rst_ps7_0_100M_0/design_1_rst_ps7_0_100M_0.dcp' for cell 'design_1_i/rst_ps7_0_100M'
INFO: [Project 1-454] Reading design checkpoint '/home/trakaros/tou_nikou/lab4_custom/lab4_custom.srcs/sources_1/bd/design_1/ip/design_1_auto_pc_0/design_1_auto_pc_0.dcp' for cell 'design_1_i/ps7_0_axi_periph/s00_couplers/auto_pc'
INFO: [Netlist 29-17] Analyzing 30 Unisim elements for replacement
INFO: [Netlist 29-28] Unisim Transformation completed in 0 CPU seconds
INFO: [Project 1-479] Netlist was created with Vivado 2016.4
INFO: [Device 21-403] Loading part xc7z020clg484-1
INFO: [Project 1-570] Preparing netlist for logic optimization
Parsing XDC File [/home/trakaros/tou_nikou/lab4_custom/lab4_custom.srcs/sources_1/bd/design_1/ip/design_1_processing_system7_0_0/design_1_processing_system7_0_0.xdc] for cell 'design_1_i/processing_system7_0/inst'
Finished Parsing XDC File [/home/trakaros/tou_nikou/lab4_custom/lab4_custom.srcs/sources_1/bd/design_1/ip/design_1_processing_system7_0_0/design_1_processing_system7_0_0.xdc] for cell 'design_1_i/processing_system7_0/inst'
Parsing XDC File [/home/trakaros/tou_nikou/lab4_custom/lab4_custom.srcs/sources_1/bd/design_1/ip/design_1_rst_ps7_0_100M_0/design_1_rst_ps7_0_100M_0_board.xdc] for cell 'design_1_i/rst_ps7_0_100M/U0'
Finished Parsing XDC File [/home/trakaros/tou_nikou/lab4_custom/lab4_custom.srcs/sources_1/bd/design_1/ip/design_1_rst_ps7_0_100M_0/design_1_rst_ps7_0_100M_0_board.xdc] for cell 'design_1_i/rst_ps7_0_100M/U0'
Parsing XDC File [/home/trakaros/tou_nikou/lab4_custom/lab4_custom.srcs/sources_1/bd/design_1/ip/design_1_rst_ps7_0_100M_0/design_1_rst_ps7_0_100M_0.xdc] for cell 'design_1_i/rst_ps7_0_100M/U0'
Finished Parsing XDC File [/home/trakaros/tou_nikou/lab4_custom/lab4_custom.srcs/sources_1/bd/design_1/ip/design_1_rst_ps7_0_100M_0/design_1_rst_ps7_0_100M_0.xdc] for cell 'design_1_i/rst_ps7_0_100M/U0'
Parsing XDC File [/home/trakaros/lab1_constraints.xdc]
WARNING: [Vivado 12-584] No ports matched 'clk'. [/home/trakaros/lab1_constraints.xdc:72]
CRITICAL WARNING: [Common 17-55] 'set_property' expects at least one object. [/home/trakaros/lab1_constraints.xdc:72]
Resolution: If [get_<value>] was used to populate the object, check to make sure this command returns at least one valid object.
WARNING: [Vivado 12-584] No ports matched 'clk'. [/home/trakaros/lab1_constraints.xdc:267]
CRITICAL WARNING: [Vivado 12-4739] create_clock:No valid object(s) found for '-objects [get_ports clk -filter direction==in]'. [/home/trakaros/lab1_constraints.xdc:267]
Resolution: Check if the specified object(s) exists in the current design. If it does, ensure that the correct design hierarchy was specified for the object. If you are working with clocks, make sure create_clock was used to create the clock object before it is referenced.
WARNING: [Vivado 12-584] No ports matched 'clk'. [/home/trakaros/lab1_constraints.xdc:278]
CRITICAL WARNING: [Common 17-55] 'set_property' expects at least one object. [/home/trakaros/lab1_constraints.xdc:278]
Resolution: If [get_<value>] was used to populate the object, check to make sure this command returns at least one valid object.
WARNING: [Vivado 12-584] No ports matched 'rst'. [/home/trakaros/lab1_constraints.xdc:279]
CRITICAL WARNING: [Common 17-55] 'set_property' expects at least one object. [/home/trakaros/lab1_constraints.xdc:279]
Resolution: If [get_<value>] was used to populate the object, check to make sure this command returns at least one valid object.
Finished Parsing XDC File [/home/trakaros/lab1_constraints.xdc]
INFO: [Project 1-538] Using original IP XDC constraints instead of the XDC constraints in dcp '/home/trakaros/tou_nikou/lab4_custom/lab4_custom.srcs/sources_1/bd/design_1/ip/design_1_processing_system7_0_0/design_1_processing_system7_0_0.dcp'
INFO: [Project 1-538] Using original IP XDC constraints instead of the XDC constraints in dcp '/home/trakaros/tou_nikou/lab4_custom/lab4_custom.srcs/sources_1/bd/design_1/ip/design_1_rst_ps7_0_100M_0/design_1_rst_ps7_0_100M_0.dcp'
INFO: [Project 1-538] Using original IP XDC constraints instead of the XDC constraints in dcp '/home/trakaros/tou_nikou/lab4_custom/lab4_custom.srcs/sources_1/bd/design_1/ip/design_1_auto_pc_0/design_1_auto_pc_0.dcp'
INFO: [Opt 31-138] Pushed 0 inverter(s) to 0 load pin(s).
INFO: [Project 1-111] Unisim Transformation Summary:
  A total of 5 instances were transformed.
  RAM16X1S => RAM32X1S (RAMS32): 5 instances

link_design: Time (s): cpu = 00:00:08 ; elapsed = 00:00:09 . Memory (MB): peak = 1297.582 ; gain = 299.609 ; free physical = 285 ; free virtual = 2900
Command: opt_design
Attempting to get a license for feature 'Implementation' and/or device 'xc7z020'
INFO: [Common 17-349] Got license for feature 'Implementation' and/or device 'xc7z020'
Running DRC as a precondition to command opt_design

Starting DRC Task
INFO: [DRC 23-27] Running DRC with 4 threads
INFO: [Project 1-461] DRC finished with 0 Errors
INFO: [Project 1-462] Please refer to the DRC report (report_drc) for more information.

Time (s): cpu = 00:00:02 ; elapsed = 00:00:00.62 . Memory (MB): peak = 1357.598 ; gain = 60.016 ; free physical = 258 ; free virtual = 2875
INFO: [Timing 38-35] Done setting XDC timing constraints.

Starting Logic Optimization Task
Implement Debug Cores | Checksum: 227824b03

Phase 1 Retarget
INFO: [Opt 31-138] Pushed 0 inverter(s) to 0 load pin(s).
INFO: [Opt 31-49] Retargeted 0 cell(s).
Phase 1 Retarget | Checksum: 189bb7fd4

Time (s): cpu = 00:00:00.17 ; elapsed = 00:00:00.24 . Memory (MB): peak = 1712.090 ; gain = 0.000 ; free physical = 125 ; free virtual = 2467

Phase 2 Constant propagation
INFO: [Opt 31-138] Pushed 0 inverter(s) to 0 load pin(s).
INFO: [Opt 31-10] Eliminated 12 cells.
Phase 2 Constant propagation | Checksum: 19cc426dc

Time (s): cpu = 00:00:00.40 ; elapsed = 00:00:00.51 . Memory (MB): peak = 1712.090 ; gain = 0.000 ; free physical = 122 ; free virtual = 2466

Phase 3 Sweep
INFO: [Opt 31-12] Eliminated 283 unconnected nets.
INFO: [Opt 31-11] Eliminated 334 unconnected cells.
Phase 3 Sweep | Checksum: 1f09ac75e

Time (s): cpu = 00:00:00.77 ; elapsed = 00:00:00.87 . Memory (MB): peak = 1712.090 ; gain = 0.000 ; free physical = 122 ; free virtual = 2466

Phase 4 BUFG optimization
INFO: [Opt 31-12] Eliminated 0 unconnected nets.
INFO: [Opt 31-11] Eliminated 0 unconnected cells.
Phase 4 BUFG optimization | Checksum: 1eca1454c

Time (s): cpu = 00:00:01 ; elapsed = 00:00:01 . Memory (MB): peak = 1712.090 ; gain = 0.000 ; free physical = 122 ; free virtual = 2466

Starting Connectivity Check Task

Time (s): cpu = 00:00:00.01 ; elapsed = 00:00:00 . Memory (MB): peak = 1712.090 ; gain = 0.000 ; free physical = 122 ; free virtual = 2466
Ending Logic Optimization Task | Checksum: 1eca1454c

Time (s): cpu = 00:00:01 ; elapsed = 00:00:01 . Memory (MB): peak = 1712.090 ; gain = 0.000 ; free physical = 122 ; free virtual = 2466

Starting Power Optimization Task
INFO: [Pwropt 34-132] Skipping clock gating for clocks with a period < 2.00 ns.
Ending Power Optimization Task | Checksum: 1eca1454c

Time (s): cpu = 00:00:00.02 ; elapsed = 00:00:00.08 . Memory (MB): peak = 1712.090 ; gain = 0.000 ; free physical = 122 ; free virtual = 2466
INFO: [Common 17-83] Releasing license: Implementation
29 Infos, 4 Warnings, 4 Critical Warnings and 0 Errors encountered.
opt_design completed successfully
opt_design: Time (s): cpu = 00:00:12 ; elapsed = 00:00:17 . Memory (MB): peak = 1712.090 ; gain = 414.508 ; free physical = 122 ; free virtual = 2466
Writing placer database...
Writing XDEF routing.
Writing XDEF routing logical nets.
Writing XDEF routing special nets.
Write XDEF Complete: Time (s): cpu = 00:00:00.19 ; elapsed = 00:00:00.07 . Memory (MB): peak = 1736.102 ; gain = 0.000 ; free physical = 117 ; free virtual = 2463
INFO: [Common 17-1381] The checkpoint '/home/trakaros/tou_nikou/lab4_custom/lab4_custom.runs/impl_1/design_1_wrapper_opt.dcp' has been generated.
INFO: [DRC 23-27] Running DRC with 4 threads
INFO: [Coretcl 2-168] The results of DRC are in file /home/trakaros/tou_nikou/lab4_custom/lab4_custom.runs/impl_1/design_1_wrapper_drc_opted.rpt.
INFO: [Chipscope 16-241] No debug cores found in the current design.
Before running the implement_debug_core command, either use the Set Up Debug wizard (GUI mode)
or use the create_debug_core and connect_debug_core Tcl commands to insert debug cores into the design.
Command: place_design
Attempting to get a license for feature 'Implementation' and/or device 'xc7z020'
INFO: [Common 17-349] Got license for feature 'Implementation' and/or device 'xc7z020'
INFO: [DRC 23-27] Running DRC with 4 threads
INFO: [Vivado_Tcl 4-198] DRC finished with 0 Errors
INFO: [Vivado_Tcl 4-199] Please refer to the DRC report (report_drc) for more information.
Running DRC as a precondition to command place_design
INFO: [DRC 23-27] Running DRC with 4 threads
INFO: [Vivado_Tcl 4-198] DRC finished with 0 Errors
INFO: [Vivado_Tcl 4-199] Please refer to the DRC report (report_drc) for more information.

Starting Placer Task
INFO: [Place 30-611] Multithreading enabled for place_design using a maximum of 4 CPUs

Phase 1 Placer Initialization
Netlist sorting complete. Time (s): cpu = 00:00:00.01 ; elapsed = 00:00:00.01 . Memory (MB): peak = 1744.105 ; gain = 0.000 ; free physical = 137 ; free virtual = 2476
Netlist sorting complete. Time (s): cpu = 00:00:00 ; elapsed = 00:00:00 . Memory (MB): peak = 1744.105 ; gain = 0.000 ; free physical = 137 ; free virtual = 2476

Phase 1.1 IO Placement/ Clock Placement/ Build Placer Device
INFO: [Timing 38-35] Done setting XDC timing constraints.
Phase 1.1 IO Placement/ Clock Placement/ Build Placer Device | Checksum: da418e94

Time (s): cpu = 00:00:02 ; elapsed = 00:00:02 . Memory (MB): peak = 1766.105 ; gain = 22.000 ; free physical = 134 ; free virtual = 2476

Phase 1.2 Build Placer Netlist Model
Phase 1.2 Build Placer Netlist Model | Checksum: 15a02bfdf

Time (s): cpu = 00:00:02 ; elapsed = 00:00:03 . Memory (MB): peak = 1776.750 ; gain = 32.645 ; free physical = 122 ; free virtual = 2468

Phase 1.3 Constrain Clocks/Macros
Phase 1.3 Constrain Clocks/Macros | Checksum: 15a02bfdf

Time (s): cpu = 00:00:02 ; elapsed = 00:00:03 . Memory (MB): peak = 1776.750 ; gain = 32.645 ; free physical = 122 ; free virtual = 2468
Phase 1 Placer Initialization | Checksum: 15a02bfdf

Time (s): cpu = 00:00:03 ; elapsed = 00:00:03 . Memory (MB): peak = 1776.750 ; gain = 32.645 ; free physical = 122 ; free virtual = 2468

Phase 2 Global Placement
Phase 2 Global Placement | Checksum: 2507a4582

Time (s): cpu = 00:00:08 ; elapsed = 00:00:06 . Memory (MB): peak = 1800.762 ; gain = 56.656 ; free physical = 111 ; free virtual = 2461

Phase 3 Detail Placement

Phase 3.1 Commit Multi Column Macros
Phase 3.1 Commit Multi Column Macros | Checksum: 2507a4582

Time (s): cpu = 00:00:08 ; elapsed = 00:00:06 . Memory (MB): peak = 1800.762 ; gain = 56.656 ; free physical = 111 ; free virtual = 2462

Phase 3.2 Commit Most Macros & LUTRAMs
Phase 3.2 Commit Most Macros & LUTRAMs | Checksum: 1c203bc33

Time (s): cpu = 00:00:08 ; elapsed = 00:00:06 . Memory (MB): peak = 1800.762 ; gain = 56.656 ; free physical = 110 ; free virtual = 2461

Phase 3.3 Area Swap Optimization
Phase 3.3 Area Swap Optimization | Checksum: 22d9e7136

Time (s): cpu = 00:00:08 ; elapsed = 00:00:06 . Memory (MB): peak = 1800.762 ; gain = 56.656 ; free physical = 110 ; free virtual = 2461

Phase 3.4 Pipeline Register Optimization
Phase 3.4 Pipeline Register Optimization | Checksum: 22d9e7136

Time (s): cpu = 00:00:08 ; elapsed = 00:00:06 . Memory (MB): peak = 1800.762 ; gain = 56.656 ; free physical = 110 ; free virtual = 2461

Phase 3.5 Timing Path Optimizer
Phase 3.5 Timing Path Optimizer | Checksum: 1d49c5456

Time (s): cpu = 00:00:08 ; elapsed = 00:00:06 . Memory (MB): peak = 1800.762 ; gain = 56.656 ; free physical = 110 ; free virtual = 2461

Phase 3.6 Fast Optimization
Phase 3.6 Fast Optimization | Checksum: 1796a444a

Time (s): cpu = 00:00:09 ; elapsed = 00:00:07 . Memory (MB): peak = 1800.762 ; gain = 56.656 ; free physical = 108 ; free virtual = 2459

Phase 3.7 Small Shape Detail Placement
Phase 3.7 Small Shape Detail Placement | Checksum: 1c93e7246

Time (s): cpu = 00:00:09 ; elapsed = 00:00:07 . Memory (MB): peak = 1800.762 ; gain = 56.656 ; free physical = 105 ; free virtual = 2457

Phase 3.8 Re-assign LUT pins
Phase 3.8 Re-assign LUT pins | Checksum: 1cda80f9e

Time (s): cpu = 00:00:09 ; elapsed = 00:00:07 . Memory (MB): peak = 1800.762 ; gain = 56.656 ; free physical = 105 ; free virtual = 2457

Phase 3.9 Pipeline Register Optimization
Phase 3.9 Pipeline Register Optimization | Checksum: 1cda80f9e

Time (s): cpu = 00:00:09 ; elapsed = 00:00:07 . Memory (MB): peak = 1800.762 ; gain = 56.656 ; free physical = 105 ; free virtual = 2457

Phase 3.10 Fast Optimization
Phase 3.10 Fast Optimization | Checksum: 261e7643c

Time (s): cpu = 00:00:10 ; elapsed = 00:00:07 . Memory (MB): peak = 1800.762 ; gain = 56.656 ; free physical = 105 ; free virtual = 2457
Phase 3 Detail Placement | Checksum: 261e7643c

Time (s): cpu = 00:00:10 ; elapsed = 00:00:07 . Memory (MB): peak = 1800.762 ; gain = 56.656 ; free physical = 105 ; free virtual = 2457

Phase 4 Post Placement Optimization and Clean-Up

Phase 4.1 Post Commit Optimization
INFO: [Timing 38-35] Done setting XDC timing constraints.

Phase 4.1.1 Post Placement Optimization
INFO: [Place 30-746] Post Placement Timing Summary WNS=-0.820. For the most accurate timing information please run report_timing.
Phase 4.1.1 Post Placement Optimization | Checksum: c6bfd5ca

Time (s): cpu = 00:00:24 ; elapsed = 00:00:21 . Memory (MB): peak = 1800.762 ; gain = 56.656 ; free physical = 132 ; free virtual = 2467
Phase 4.1 Post Commit Optimization | Checksum: c6bfd5ca

Time (s): cpu = 00:00:24 ; elapsed = 00:00:21 . Memory (MB): peak = 1800.762 ; gain = 56.656 ; free physical = 132 ; free virtual = 2467

Phase 4.2 Post Placement Cleanup
Phase 4.2 Post Placement Cleanup | Checksum: c6bfd5ca

Time (s): cpu = 00:00:24 ; elapsed = 00:00:22 . Memory (MB): peak = 1800.762 ; gain = 56.656 ; free physical = 132 ; free virtual = 2467

Phase 4.3 Placer Reporting
Phase 4.3 Placer Reporting | Checksum: c6bfd5ca

Time (s): cpu = 00:00:24 ; elapsed = 00:00:22 . Memory (MB): peak = 1800.762 ; gain = 56.656 ; free physical = 132 ; free virtual = 2467

Phase 4.4 Final Placement Cleanup
Phase 4.4 Final Placement Cleanup | Checksum: 285bcf38

Time (s): cpu = 00:00:24 ; elapsed = 00:00:22 . Memory (MB): peak = 1800.762 ; gain = 56.656 ; free physical = 132 ; free virtual = 2467
Phase 4 Post Placement Optimization and Clean-Up | Checksum: 285bcf38

Time (s): cpu = 00:00:24 ; elapsed = 00:00:22 . Memory (MB): peak = 1800.762 ; gain = 56.656 ; free physical = 132 ; free virtual = 2467
Ending Placer Task | Checksum: 244e5bda

Time (s): cpu = 00:00:24 ; elapsed = 00:00:22 . Memory (MB): peak = 1800.762 ; gain = 56.656 ; free physical = 132 ; free virtual = 2467
INFO: [Common 17-83] Releasing license: Implementation
45 Infos, 4 Warnings, 4 Critical Warnings and 0 Errors encountered.
place_design completed successfully
place_design: Time (s): cpu = 00:00:27 ; elapsed = 00:00:23 . Memory (MB): peak = 1800.762 ; gain = 56.656 ; free physical = 132 ; free virtual = 2467
Writing placer database...
Writing XDEF routing.
Writing XDEF routing logical nets.
Writing XDEF routing special nets.
Write XDEF Complete: Time (s): cpu = 00:00:00.62 ; elapsed = 00:00:00.22 . Memory (MB): peak = 1800.762 ; gain = 0.000 ; free physical = 129 ; free virtual = 2468
INFO: [Common 17-1381] The checkpoint '/home/trakaros/tou_nikou/lab4_custom/lab4_custom.runs/impl_1/design_1_wrapper_placed.dcp' has been generated.
report_io: Time (s): cpu = 00:00:00.13 ; elapsed = 00:00:00.25 . Memory (MB): peak = 1800.762 ; gain = 0.000 ; free physical = 131 ; free virtual = 2467
report_utilization: Time (s): cpu = 00:00:00.07 ; elapsed = 00:00:00.09 . Memory (MB): peak = 1800.762 ; gain = 0.000 ; free physical = 130 ; free virtual = 2466
report_control_sets: Time (s): cpu = 00:00:00.04 ; elapsed = 00:00:00.07 . Memory (MB): peak = 1800.762 ; gain = 0.000 ; free physical = 129 ; free virtual = 2465
Command: route_design
Attempting to get a license for feature 'Implementation' and/or device 'xc7z020'
INFO: [Common 17-349] Got license for feature 'Implementation' and/or device 'xc7z020'
Running DRC as a precondition to command route_design
INFO: [DRC 23-27] Running DRC with 4 threads
INFO: [Vivado_Tcl 4-198] DRC finished with 0 Errors
INFO: [Vivado_Tcl 4-199] Please refer to the DRC report (report_drc) for more information.


Starting Routing Task
INFO: [Route 35-254] Multithreading enabled for route_design using a maximum of 4 CPUs
Checksum: PlaceDB: c50bda1 ConstDB: 0 ShapeSum: 17fd9e39 RouteDB: 0

Phase 1 Build RT Design
Phase 1 Build RT Design | Checksum: d32f9d26

Time (s): cpu = 00:00:23 ; elapsed = 00:00:18 . Memory (MB): peak = 1904.426 ; gain = 103.664 ; free physical = 118 ; free virtual = 2374

Phase 2 Router Initialization

Phase 2.1 Create Timer
Phase 2.1 Create Timer | Checksum: d32f9d26

Time (s): cpu = 00:00:23 ; elapsed = 00:00:18 . Memory (MB): peak = 1905.426 ; gain = 104.664 ; free physical = 116 ; free virtual = 2373

Phase 2.2 Fix Topology Constraints
Phase 2.2 Fix Topology Constraints | Checksum: d32f9d26

Time (s): cpu = 00:00:23 ; elapsed = 00:00:18 . Memory (MB): peak = 1920.426 ; gain = 119.664 ; free physical = 136 ; free virtual = 2371

Phase 2.3 Pre Route Cleanup
Phase 2.3 Pre Route Cleanup | Checksum: d32f9d26

Time (s): cpu = 00:00:23 ; elapsed = 00:00:18 . Memory (MB): peak = 1920.426 ; gain = 119.664 ; free physical = 140 ; free virtual = 2372
 Number of Nodes with overlaps = 0

Phase 2.4 Update Timing
Phase 2.4 Update Timing | Checksum: 1f1ae6930

Time (s): cpu = 00:00:24 ; elapsed = 00:00:19 . Memory (MB): peak = 1945.480 ; gain = 144.719 ; free physical = 114 ; free virtual = 2347
INFO: [Route 35-416] Intermediate Timing Summary | WNS=-0.708 | TNS=-57.669| WHS=-0.189 | THS=-17.761|

Phase 2 Router Initialization | Checksum: 2162e8af5

Time (s): cpu = 00:00:24 ; elapsed = 00:00:19 . Memory (MB): peak = 1945.480 ; gain = 144.719 ; free physical = 114 ; free virtual = 2347

Phase 3 Initial Routing
Phase 3 Initial Routing | Checksum: 9142e706

Time (s): cpu = 00:00:25 ; elapsed = 00:00:19 . Memory (MB): peak = 1945.480 ; gain = 144.719 ; free physical = 113 ; free virtual = 2347

Phase 4 Rip-up And Reroute

Phase 4.1 Global Iteration 0
 Number of Nodes with overlaps = 115
 Number of Nodes with overlaps = 0

Phase 4.1.1 Update Timing
Phase 4.1.1 Update Timing | Checksum: 1529971f8

Time (s): cpu = 00:00:27 ; elapsed = 00:00:20 . Memory (MB): peak = 1945.480 ; gain = 144.719 ; free physical = 113 ; free virtual = 2347
INFO: [Route 35-416] Intermediate Timing Summary | WNS=-1.062 | TNS=-97.617| WHS=N/A    | THS=N/A    |


Phase 4.1.2 GlobIterForTiming

Phase 4.1.2.1 Update Timing
Phase 4.1.2.1 Update Timing | Checksum: ae6c7476

Time (s): cpu = 00:00:27 ; elapsed = 00:00:20 . Memory (MB): peak = 1945.480 ; gain = 144.719 ; free physical = 113 ; free virtual = 2347

Phase 4.1.2.2 Fast Budgeting
Phase 4.1.2.2 Fast Budgeting | Checksum: 110b5d0e7

Time (s): cpu = 00:00:27 ; elapsed = 00:00:20 . Memory (MB): peak = 1945.480 ; gain = 144.719 ; free physical = 113 ; free virtual = 2347
Phase 4.1.2 GlobIterForTiming | Checksum: d72614b9

Time (s): cpu = 00:00:27 ; elapsed = 00:00:20 . Memory (MB): peak = 1945.480 ; gain = 144.719 ; free physical = 113 ; free virtual = 2347
Phase 4.1 Global Iteration 0 | Checksum: d72614b9

Time (s): cpu = 00:00:27 ; elapsed = 00:00:20 . Memory (MB): peak = 1945.480 ; gain = 144.719 ; free physical = 113 ; free virtual = 2347

Phase 4.2 Global Iteration 1
 Number of Nodes with overlaps = 21
 Number of Nodes with overlaps = 0

Phase 4.2.1 Update Timing
Phase 4.2.1 Update Timing | Checksum: 15facfef2

Time (s): cpu = 00:00:27 ; elapsed = 00:00:20 . Memory (MB): peak = 1945.480 ; gain = 144.719 ; free physical = 112 ; free virtual = 2346
INFO: [Route 35-416] Intermediate Timing Summary | WNS=-0.885 | TNS=-70.545| WHS=N/A    | THS=N/A    |


Phase 4.2.2 GlobIterForTiming

Phase 4.2.2.1 Update Timing
Phase 4.2.2.1 Update Timing | Checksum: 20d198b05

Time (s): cpu = 00:00:27 ; elapsed = 00:00:20 . Memory (MB): peak = 1945.480 ; gain = 144.719 ; free physical = 112 ; free virtual = 2346

Phase 4.2.2.2 Fast Budgeting
Phase 4.2.2.2 Fast Budgeting | Checksum: 21dc545b0

Time (s): cpu = 00:00:27 ; elapsed = 00:00:20 . Memory (MB): peak = 1945.480 ; gain = 144.719 ; free physical = 112 ; free virtual = 2346
Phase 4.2.2 GlobIterForTiming | Checksum: 18c45c70e

Time (s): cpu = 00:00:27 ; elapsed = 00:00:20 . Memory (MB): peak = 1945.480 ; gain = 144.719 ; free physical = 112 ; free virtual = 2346
Phase 4.2 Global Iteration 1 | Checksum: 18c45c70e

Time (s): cpu = 00:00:27 ; elapsed = 00:00:20 . Memory (MB): peak = 1945.480 ; gain = 144.719 ; free physical = 112 ; free virtual = 2346

Phase 4.3 Global Iteration 2
 Number of Nodes with overlaps = 15
 Number of Nodes with overlaps = 0

Phase 4.3.1 Update Timing
Phase 4.3.1 Update Timing | Checksum: 1a13c9350

Time (s): cpu = 00:00:27 ; elapsed = 00:00:20 . Memory (MB): peak = 1945.480 ; gain = 144.719 ; free physical = 112 ; free virtual = 2346
INFO: [Route 35-416] Intermediate Timing Summary | WNS=-0.922 | TNS=-75.438| WHS=N/A    | THS=N/A    |

Phase 4.3 Global Iteration 2 | Checksum: 14f0a870a

Time (s): cpu = 00:00:27 ; elapsed = 00:00:20 . Memory (MB): peak = 1945.480 ; gain = 144.719 ; free physical = 112 ; free virtual = 2346
Phase 4 Rip-up And Reroute | Checksum: 14f0a870a

Time (s): cpu = 00:00:27 ; elapsed = 00:00:20 . Memory (MB): peak = 1945.480 ; gain = 144.719 ; free physical = 112 ; free virtual = 2346

Phase 5 Delay and Skew Optimization

Phase 5.1 Delay CleanUp

Phase 5.1.1 Update Timing
Phase 5.1.1 Update Timing | Checksum: eda169f5

Time (s): cpu = 00:00:28 ; elapsed = 00:00:21 . Memory (MB): peak = 1945.480 ; gain = 144.719 ; free physical = 112 ; free virtual = 2346
INFO: [Route 35-416] Intermediate Timing Summary | WNS=-0.770 | TNS=-57.755| WHS=N/A    | THS=N/A    |

 Number of Nodes with overlaps = 0
Phase 5.1 Delay CleanUp | Checksum: 239c3c0d0

Time (s): cpu = 00:00:28 ; elapsed = 00:00:21 . Memory (MB): peak = 1945.480 ; gain = 144.719 ; free physical = 112 ; free virtual = 2346

Phase 5.2 Clock Skew Optimization
Phase 5.2 Clock Skew Optimization | Checksum: 239c3c0d0

Time (s): cpu = 00:00:28 ; elapsed = 00:00:21 . Memory (MB): peak = 1945.480 ; gain = 144.719 ; free physical = 112 ; free virtual = 2346
Phase 5 Delay and Skew Optimization | Checksum: 239c3c0d0

Time (s): cpu = 00:00:28 ; elapsed = 00:00:21 . Memory (MB): peak = 1945.480 ; gain = 144.719 ; free physical = 112 ; free virtual = 2346

Phase 6 Post Hold Fix

Phase 6.1 Hold Fix Iter

Phase 6.1.1 Update Timing
Phase 6.1.1 Update Timing | Checksum: 294ad95a3

Time (s): cpu = 00:00:28 ; elapsed = 00:00:21 . Memory (MB): peak = 1945.480 ; gain = 144.719 ; free physical = 113 ; free virtual = 2347
INFO: [Route 35-416] Intermediate Timing Summary | WNS=-0.769 | TNS=-57.629| WHS=0.011  | THS=0.000  |

Phase 6.1 Hold Fix Iter | Checksum: 2341fc831

Time (s): cpu = 00:00:28 ; elapsed = 00:00:21 . Memory (MB): peak = 1945.480 ; gain = 144.719 ; free physical = 113 ; free virtual = 2347
Phase 6 Post Hold Fix | Checksum: 2341fc831

Time (s): cpu = 00:00:28 ; elapsed = 00:00:21 . Memory (MB): peak = 1945.480 ; gain = 144.719 ; free physical = 113 ; free virtual = 2347

Phase 7 Route finalize

Router Utilization Summary
  Global Vertical Routing Utilization    = 0.224863 %
  Global Horizontal Routing Utilization  = 0.267157 %
  Routable Net Status*
  *Does not include unroutable nets such as driverless and loadless.
  Run report_route_status for detailed report.
  Number of Failed Nets               = 0
  Number of Unrouted Nets             = 0
  Number of Partially Routed Nets     = 0
  Number of Node Overlaps             = 0

Congestion Report
North Dir 1x1 Area, Max Cong = 36.036%, No Congested Regions.
South Dir 1x1 Area, Max Cong = 48.6486%, No Congested Regions.
East Dir 1x1 Area, Max Cong = 35.2941%, No Congested Regions.
West Dir 1x1 Area, Max Cong = 39.7059%, No Congested Regions.
Phase 7 Route finalize | Checksum: 1ca2a5dab

Time (s): cpu = 00:00:28 ; elapsed = 00:00:21 . Memory (MB): peak = 1945.480 ; gain = 144.719 ; free physical = 113 ; free virtual = 2347

Phase 8 Verifying routed nets

 Verification completed successfully
Phase 8 Verifying routed nets | Checksum: 1ca2a5dab

Time (s): cpu = 00:00:28 ; elapsed = 00:00:21 . Memory (MB): peak = 1945.480 ; gain = 144.719 ; free physical = 113 ; free virtual = 2347

Phase 9 Depositing Routes
Phase 9 Depositing Routes | Checksum: 1aeadf1de

Time (s): cpu = 00:00:28 ; elapsed = 00:00:21 . Memory (MB): peak = 1945.480 ; gain = 144.719 ; free physical = 113 ; free virtual = 2347

Phase 10 Post Router Timing
INFO: [Route 35-57] Estimated Timing Summary | WNS=-0.769 | TNS=-57.629| WHS=0.011  | THS=0.000  |

WARNING: [Route 35-328] Router estimated timing not met.
Resolution: For a complete and accurate timing signoff, report_timing_summary must be run after route_design. Alternatively, route_design can be run with the -timing_summary option to enable a complete timing signoff at the end of route_design.
Phase 10 Post Router Timing | Checksum: 1aeadf1de

Time (s): cpu = 00:00:28 ; elapsed = 00:00:21 . Memory (MB): peak = 1945.480 ; gain = 144.719 ; free physical = 113 ; free virtual = 2347
INFO: [Route 35-16] Router Completed Successfully

Time (s): cpu = 00:00:28 ; elapsed = 00:00:21 . Memory (MB): peak = 1945.480 ; gain = 144.719 ; free physical = 113 ; free virtual = 2347

Routing Is Done.
INFO: [Common 17-83] Releasing license: Implementation
60 Infos, 5 Warnings, 4 Critical Warnings and 0 Errors encountered.
route_design completed successfully
route_design: Time (s): cpu = 00:00:32 ; elapsed = 00:00:24 . Memory (MB): peak = 1945.480 ; gain = 144.719 ; free physical = 110 ; free virtual = 2345
Writing placer database...
Writing XDEF routing.
Writing XDEF routing logical nets.
Writing XDEF routing special nets.
Write XDEF Complete: Time (s): cpu = 00:00:00.63 ; elapsed = 00:00:00.28 . Memory (MB): peak = 1945.480 ; gain = 0.000 ; free physical = 106 ; free virtual = 2346
INFO: [Common 17-1381] The checkpoint '/home/trakaros/tou_nikou/lab4_custom/lab4_custom.runs/impl_1/design_1_wrapper_routed.dcp' has been generated.
INFO: [DRC 23-27] Running DRC with 4 threads
INFO: [Coretcl 2-168] The results of DRC are in file /home/trakaros/tou_nikou/lab4_custom/lab4_custom.runs/impl_1/design_1_wrapper_drc_routed.rpt.
INFO: [Timing 38-35] Done setting XDC timing constraints.
INFO: [DRC 23-133] Running Methodology with 4 threads
INFO: [Coretcl 2-1520] The results of Report Methodology are in file /home/trakaros/tou_nikou/lab4_custom/lab4_custom.runs/impl_1/design_1_wrapper_methodology_drc_routed.rpt.
INFO: [Timing 38-35] Done setting XDC timing constraints.
INFO: [Timing 38-91] UpdateTimingParams: Speed grade: -1, Delay Type: min_max.
INFO: [Timing 38-191] Multithreading enabled for timing update using a maximum of 4 CPUs
INFO: [Timing 38-35] Done setting XDC timing constraints.
CRITICAL WARNING: [Timing 38-282] The design failed to meet the timing requirements. Please see the timing summary report for details on the timing violations.
Command: report_power -file design_1_wrapper_power_routed.rpt -pb design_1_wrapper_power_summary_routed.pb -rpx design_1_wrapper_power_routed.rpx
Running Vector-less Activity Propagation...

Finished Running Vector-less Activity Propagation
70 Infos, 5 Warnings, 5 Critical Warnings and 0 Errors encountered.
report_power completed successfully
Command: write_bitstream -force -no_partial_bitfile design_1_wrapper.bit
Attempting to get a license for feature 'Implementation' and/or device 'xc7z020'
INFO: [Common 17-349] Got license for feature 'Implementation' and/or device 'xc7z020'
Running DRC as a precondition to command write_bitstream
INFO: [DRC 23-27] Running DRC with 4 threads
WARNING: [DRC 23-20] Rule violation (DPIP-1) Input pipelining - DSP design_1_i/my_multiplierIP_0/p_1_out input design_1_i/my_multiplierIP_0/p_1_out/A[29:0] is not pipelined. Pipelining DSP48 input will improve performance.
WARNING: [DRC 23-20] Rule violation (DPIP-1) Input pipelining - DSP design_1_i/my_multiplierIP_0/p_1_out input design_1_i/my_multiplierIP_0/p_1_out/B[17:0] is not pipelined. Pipelining DSP48 input will improve performance.
WARNING: [DRC 23-20] Rule violation (DPIP-1) Input pipelining - DSP design_1_i/my_multiplierIP_0/p_1_out__0 input design_1_i/my_multiplierIP_0/p_1_out__0/A[29:0] is not pipelined. Pipelining DSP48 input will improve performance.
WARNING: [DRC 23-20] Rule violation (DPIP-1) Input pipelining - DSP design_1_i/my_multiplierIP_0/p_1_out__0 input design_1_i/my_multiplierIP_0/p_1_out__0/B[17:0] is not pipelined. Pipelining DSP48 input will improve performance.
WARNING: [DRC 23-20] Rule violation (DPIP-1) Input pipelining - DSP design_1_i/my_multiplierIP_0/p_1_out__1 input design_1_i/my_multiplierIP_0/p_1_out__1/A[29:0] is not pipelined. Pipelining DSP48 input will improve performance.
WARNING: [DRC 23-20] Rule violation (DPIP-1) Input pipelining - DSP design_1_i/my_multiplierIP_0/p_1_out__1 input design_1_i/my_multiplierIP_0/p_1_out__1/B[17:0] is not pipelined. Pipelining DSP48 input will improve performance.
WARNING: [DRC 23-20] Rule violation (DPOP-1) PREG Output pipelining - DSP design_1_i/my_multiplierIP_0/p_1_out output design_1_i/my_multiplierIP_0/p_1_out/P[47:0] is not pipelined (PREG=0). Pipelining the DSP48 output will improve performance and often saves power so it is suggested whenever possible to fully pipeline this function.  If this DSP48 function was inferred, it is suggested to describe an additional register stage after this function.  If the DSP48 was instantiated in the design, it is suggested to set the PREG attribute to 1.
WARNING: [DRC 23-20] Rule violation (DPOP-1) PREG Output pipelining - DSP design_1_i/my_multiplierIP_0/p_1_out__0 output design_1_i/my_multiplierIP_0/p_1_out__0/P[47:0] is not pipelined (PREG=0). Pipelining the DSP48 output will improve performance and often saves power so it is suggested whenever possible to fully pipeline this function.  If this DSP48 function was inferred, it is suggested to describe an additional register stage after this function.  If the DSP48 was instantiated in the design, it is suggested to set the PREG attribute to 1.
WARNING: [DRC 23-20] Rule violation (DPOP-1) PREG Output pipelining - DSP design_1_i/my_multiplierIP_0/p_1_out__1 output design_1_i/my_multiplierIP_0/p_1_out__1/P[47:0] is not pipelined (PREG=0). Pipelining the DSP48 output will improve performance and often saves power so it is suggested whenever possible to fully pipeline this function.  If this DSP48 function was inferred, it is suggested to describe an additional register stage after this function.  If the DSP48 was instantiated in the design, it is suggested to set the PREG attribute to 1.
WARNING: [DRC 23-20] Rule violation (DPOP-2) MREG Output pipelining - DSP design_1_i/my_multiplierIP_0/p_1_out multiplier stage design_1_i/my_multiplierIP_0/p_1_out/P[47:0] is not pipelined (MREG=0). Pipelining the multiplier function will improve performance and will save significant power so it is suggested whenever possible to fully pipeline this function.  If this multiplier was inferred, it is suggested to describe an additional register stage after this function.  If there is no registered adder/accumulator following the multiply function, two pipeline stages are suggested to allow both the MREG and PREG registers to be used.  If the DSP48 was instantiated in the design, it is suggested to set both the MREG and PREG attributes to 1 when performing multiply functions.
WARNING: [DRC 23-20] Rule violation (DPOP-2) MREG Output pipelining - DSP design_1_i/my_multiplierIP_0/p_1_out__0 multiplier stage design_1_i/my_multiplierIP_0/p_1_out__0/P[47:0] is not pipelined (MREG=0). Pipelining the multiplier function will improve performance and will save significant power so it is suggested whenever possible to fully pipeline this function.  If this multiplier was inferred, it is suggested to describe an additional register stage after this function.  If there is no registered adder/accumulator following the multiply function, two pipeline stages are suggested to allow both the MREG and PREG registers to be used.  If the DSP48 was instantiated in the design, it is suggested to set both the MREG and PREG attributes to 1 when performing multiply functions.
WARNING: [DRC 23-20] Rule violation (DPOP-2) MREG Output pipelining - DSP design_1_i/my_multiplierIP_0/p_1_out__1 multiplier stage design_1_i/my_multiplierIP_0/p_1_out__1/P[47:0] is not pipelined (MREG=0). Pipelining the multiplier function will improve performance and will save significant power so it is suggested whenever possible to fully pipeline this function.  If this multiplier was inferred, it is suggested to describe an additional register stage after this function.  If there is no registered adder/accumulator following the multiply function, two pipeline stages are suggested to allow both the MREG and PREG registers to be used.  If the DSP48 was instantiated in the design, it is suggested to set both the MREG and PREG attributes to 1 when performing multiply functions.
INFO: [Vivado 12-3199] DRC finished with 0 Errors, 12 Warnings
INFO: [Vivado 12-3200] Please refer to the DRC report (report_drc) for more information.
Loading data files...
Loading site data...
Loading route data...
Processing options...
Creating bitmap...
Creating bitstream...
Writing bitstream ./design_1_wrapper.bit...
INFO: [Vivado 12-1842] Bitgen Completed Successfully.
INFO: [Project 1-120] WebTalk data collection is mandatory when using a WebPACK part without a full Vivado license. To see the specific WebTalk data collected for your design, open the usage_statistics_webtalk.html or usage_statistics_webtalk.xml file in the implementation directory.
INFO: [Common 17-186] '/home/trakaros/tou_nikou/lab4_custom/lab4_custom.runs/impl_1/usage_statistics_webtalk.xml' has been successfully sent to Xilinx on Tue May  2 20:52:23 2017. For additional details about this file, please refer to the WebTalk help file at /opt/Xilinx/Vivado/2016.4/doc/webtalk_introduction.html.
INFO: [Common 17-83] Releasing license: Implementation
78 Infos, 17 Warnings, 5 Critical Warnings and 0 Errors encountered.
write_bitstream completed successfully
write_bitstream: Time (s): cpu = 00:00:14 ; elapsed = 00:00:30 . Memory (MB): peak = 2281.160 ; gain = 295.648 ; free physical = 131 ; free virtual = 1982
INFO: [Common 17-206] Exiting Vivado at Tue May  2 20:52:26 2017...
