15:09:23 INFO  : Registering command handlers for SDK TCF services
15:09:25 INFO  : Launching XSCT server: xsct.bat -interactive C:\Users\user\Desktop\lab2_simple_arm\lab2_simple_arm\lab2_simple_arm.sdk\temp_xsdb_launch_script.tcl
15:09:35 INFO  : XSCT server has started successfully.
15:09:55 INFO  : Successfully done setting XSCT server connection channel  
15:09:55 INFO  : Successfully done setting SDK workspace  
15:09:55 INFO  : Processing command line option -hwspec C:/Users/user/Desktop/lab2_simple_arm/lab2_simple_arm/lab2_simple_arm.sdk/design_1_wrapper.hdf.
15:34:59 ERROR : Unexpected error while launching BSP settings dialog: 
org.eclipse.core.commands.ExecutionException: Internal error.
	at com.xilinx.sdk.sw.ui.BspSettingsFlow.executeFlowInternal(BspSettingsFlow.java:118)
	at com.xilinx.sdk.sw.ui.BspSettingsFlow.executeFlow(BspSettingsFlow.java:78)
	at com.xilinx.sdk.sw.ui.internal.editors.MSSViewer$1.widgetSelected(MSSViewer.java:150)
	at org.eclipse.swt.widgets.TypedListener.handleEvent(TypedListener.java:248)
	at org.eclipse.swt.widgets.EventTable.sendEvent(EventTable.java:84)
	at org.eclipse.swt.widgets.Display.sendEvent(Display.java:4362)
	at org.eclipse.swt.widgets.Widget.sendEvent(Widget.java:1113)
	at org.eclipse.swt.widgets.Display.runDeferredEvents(Display.java:4180)
	at org.eclipse.swt.widgets.Display.readAndDispatch(Display.java:3769)
	at org.eclipse.e4.ui.internal.workbench.swt.PartRenderingEngine$4.run(PartRenderingEngine.java:1127)
	at org.eclipse.core.databinding.observable.Realm.runWithDefault(Realm.java:337)
	at org.eclipse.e4.ui.internal.workbench.swt.PartRenderingEngine.run(PartRenderingEngine.java:1018)
	at org.eclipse.e4.ui.internal.workbench.E4Workbench.createAndRunUI(E4Workbench.java:156)
	at org.eclipse.ui.internal.Workbench$5.run(Workbench.java:654)
	at org.eclipse.core.databinding.observable.Realm.runWithDefault(Realm.java:337)
	at org.eclipse.ui.internal.Workbench.createAndRunWorkbench(Workbench.java:598)
	at org.eclipse.ui.PlatformUI.createAndRunWorkbench(PlatformUI.java:150)
	at org.eclipse.ui.internal.ide.application.IDEApplication.start(IDEApplication.java:139)
	at org.eclipse.equinox.internal.app.EclipseAppHandle.run(EclipseAppHandle.java:196)
	at org.eclipse.core.runtime.internal.adaptor.EclipseAppLauncher.runApplication(EclipseAppLauncher.java:134)
	at org.eclipse.core.runtime.internal.adaptor.EclipseAppLauncher.start(EclipseAppLauncher.java:104)
	at org.eclipse.core.runtime.adaptor.EclipseStarter.run(EclipseStarter.java:380)
	at org.eclipse.core.runtime.adaptor.EclipseStarter.run(EclipseStarter.java:235)
	at sun.reflect.NativeMethodAccessorImpl.invoke0(Native Method)
	at sun.reflect.NativeMethodAccessorImpl.invoke(NativeMethodAccessorImpl.java:62)
	at sun.reflect.DelegatingMethodAccessorImpl.invoke(DelegatingMethodAccessorImpl.java:43)
	at java.lang.reflect.Method.invoke(Method.java:497)
	at org.eclipse.equinox.launcher.Main.invokeFramework(Main.java:669)
	at org.eclipse.equinox.launcher.Main.basicRun(Main.java:608)
	at org.eclipse.equinox.launcher.Main.run(Main.java:1515)
Caused by: org.eclipse.core.runtime.OperationCanceledException
	at org.eclipse.core.internal.jobs.ThreadJob.waitForRun(ThreadJob.java:235)
	at org.eclipse.core.internal.jobs.ThreadJob.joinRun(ThreadJob.java:197)
	at org.eclipse.core.internal.jobs.ImplicitJobs.begin(ImplicitJobs.java:92)
	at org.eclipse.core.internal.jobs.JobManager.beginRule(JobManager.java:307)
	at org.eclipse.core.internal.resources.WorkManager.checkIn(WorkManager.java:120)
	at org.eclipse.core.internal.resources.Workspace.prepareOperation(Workspace.java:2189)
	at org.eclipse.core.internal.resources.Resource.refreshLocal(Resource.java:1585)
	at com.xilinx.sdk.sw.ui.BspSettingsFlow.executeFlowInternal(BspSettingsFlow.java:111)
	... 29 more
15:36:26 INFO  : No changes in MSS file content so not generating sources.
16:16:51 INFO  : Refreshed build settings on project lab2_simple
16:22:08 INFO  : Refreshed build settings on project lab2_simple
17:02:42 INFO  : Registering command handlers for SDK TCF services
17:02:44 INFO  : Launching XSCT server: xsct.bat -interactive C:\Users\user\Desktop\lab2_simple_arm\lab2_simple_arm\lab2_simple_arm.sdk\temp_xsdb_launch_script.tcl
17:02:54 INFO  : XSCT server has started successfully.
17:03:14 INFO  : Successfully done setting XSCT server connection channel  
17:03:14 INFO  : Processing command line option -hwspec C:/Users/user/Desktop/lab2_simple_arm/lab2_simple_arm/lab2_simple_arm.sdk/design_1_wrapper.hdf.
17:03:20 INFO  : Successfully done setting SDK workspace  
17:03:22 INFO  : Checking for hwspec changes in the project hw_platform_0.
17:04:52 ERROR : Failed to closesw "C:/Users/user/Desktop/lab2_simple_arm/lab2_simple_arm/lab2_simple_arm.sdk/lab2_simple_bsp_0/system.mss"
Reason: Cannot close sw design 'C:/Users/user/Desktop/lab2_simple_arm/lab2_simple_arm/lab2_simple_arm.sdk/lab2_simple_bsp_0/system.mss'.
Design is not opened in the current session.


17:08:46 INFO  : Launching XSCT server: xsct.bat -interactive C:\Users\user\Desktop\lab2_simple_arm\lab2_simple_arm\lab2_simple_arm.sdk\temp_xsdb_launch_script.tcl
17:08:48 INFO  : XSCT server has started successfully.
17:08:48 INFO  : Successfully done setting XSCT server connection channel  
17:08:49 INFO  : Successfully done setting SDK workspace  
17:08:54 INFO  : Registering command handlers for SDK TCF services
17:08:54 INFO  : Processing command line option -hwspec C:/Users/user/Desktop/lab2_simple_arm/lab2_simple_arm/lab2_simple_arm.sdk/design_1_wrapper.hdf.
17:08:55 INFO  : Checking for hwspec changes in the project hw_platform_0.
13:39:22 INFO  : Registering command handlers for SDK TCF services
13:39:23 INFO  : Launching XSCT server: xsct.bat -interactive C:\Users\user\Desktop\lab2_simple_arm\lab2_simple_arm\lab2_simple_arm.sdk\temp_xsdb_launch_script.tcl
13:39:32 INFO  : XSCT server has started successfully.
13:39:50 INFO  : Successfully done setting XSCT server connection channel  
13:39:50 INFO  : Successfully done setting SDK workspace  
13:39:50 INFO  : Processing command line option -hwspec C:/Users/user/Desktop/lab2_simple_arm/lab2_simple_arm/lab2_simple_arm.sdk/design_1_wrapper.hdf.
13:39:50 INFO  : Checking for hwspec changes in the project hw_platform_0.
14:10:17 INFO  : Connected to target on host '127.0.0.1' and port '3121'.
14:11:04 INFO  : Connected to target on host '127.0.0.1' and port '3121'.
14:12:06 INFO  : Connected to target on host '127.0.0.1' and port '3121'.
14:12:15 INFO  : Connected to target on host '127.0.0.1' and port '3121'.
14:14:33 INFO  : Connected to target on host '127.0.0.1' and port '3121'.
14:15:31 INFO  : Connected to target on host '127.0.0.1' and port '3121'.
14:15:45 INFO  : Connected to target on host '127.0.0.1' and port '3121'.
14:16:51 INFO  : Connected to target on host '127.0.0.1' and port '3121'.
14:23:17 INFO  : Connected to target on host '127.0.0.1' and port '3121'.
14:23:17 INFO  : 'targets -set -filter {jtag_cable_name =~ "Digilent Zed 210248650939" && level==0} -index 1' command is executed.
14:23:20 INFO  : FPGA configured successfully with bitstream "C:/Users/user/Desktop/lab2_simple_arm/lab2_simple_arm/lab2_simple_arm.sdk/hw_platform_0/design_1_wrapper.bit"
14:26:28 ERROR : Unexpected error while launching program.
java.lang.RuntimeException: Error while running ps7_init method.
No Elf file associated with target


	at com.xilinx.sdk.targetmanager.internal.TM.run_ps7_init(TM.java:1089)
	at com.xilinx.sdk.debug.core.XilinxAppLaunchConfigurationDelegate.runTargetSetup(XilinxAppLaunchConfigurationDelegate.java:514)
	at com.xilinx.sdk.debug.core.XilinxAppLaunchConfigurationDelegate.runApplication(XilinxAppLaunchConfigurationDelegate.java:616)
	at com.xilinx.sdk.debug.core.XilinxAppLaunchConfigurationDelegate.launch(XilinxAppLaunchConfigurationDelegate.java:309)
	at com.xilinx.sdk.debug.ui.XilinxAppLaunchDelegateWrapper.launch(XilinxAppLaunchDelegateWrapper.java:31)
	at org.eclipse.debug.internal.core.LaunchConfiguration.launch(LaunchConfiguration.java:885)
	at org.eclipse.debug.internal.core.LaunchConfiguration.launch(LaunchConfiguration.java:739)
	at org.eclipse.debug.internal.ui.DebugUIPlugin.buildAndLaunch(DebugUIPlugin.java:1039)
	at org.eclipse.debug.internal.ui.DebugUIPlugin$8.run(DebugUIPlugin.java:1256)
	at org.eclipse.core.internal.jobs.Worker.run(Worker.java:55)
14:29:43 INFO  : Connected to target on host '127.0.0.1' and port '3121'.
14:29:44 INFO  : 'targets -set -filter {jtag_cable_name =~ "Digilent Zed 210248650939" && level==0} -index 1' command is executed.
14:29:48 INFO  : FPGA configured successfully with bitstream "C:/Users/user/Desktop/lab2_simple_arm/lab2_simple_arm/lab2_simple_arm.sdk/hw_platform_0/design_1_wrapper.bit"
14:30:04 ERROR : Unexpected error while launching program.
java.lang.RuntimeException: Error while running ps7_init method.
No Elf file associated with target


	at com.xilinx.sdk.targetmanager.internal.TM.run_ps7_init(TM.java:1089)
	at com.xilinx.sdk.debug.core.XilinxAppLaunchConfigurationDelegate.runTargetSetup(XilinxAppLaunchConfigurationDelegate.java:514)
	at com.xilinx.sdk.debug.core.XilinxAppLaunchConfigurationDelegate.runApplication(XilinxAppLaunchConfigurationDelegate.java:616)
	at com.xilinx.sdk.debug.core.XilinxAppLaunchConfigurationDelegate.launch(XilinxAppLaunchConfigurationDelegate.java:309)
	at com.xilinx.sdk.debug.ui.XilinxAppLaunchDelegateWrapper.launch(XilinxAppLaunchDelegateWrapper.java:31)
	at org.eclipse.debug.internal.core.LaunchConfiguration.launch(LaunchConfiguration.java:885)
	at org.eclipse.debug.internal.core.LaunchConfiguration.launch(LaunchConfiguration.java:739)
	at org.eclipse.debug.internal.ui.DebugUIPlugin.buildAndLaunch(DebugUIPlugin.java:1039)
	at org.eclipse.debug.internal.ui.DebugUIPlugin$8.run(DebugUIPlugin.java:1256)
	at org.eclipse.core.internal.jobs.Worker.run(Worker.java:55)
14:33:14 INFO  : Connected to target on host '127.0.0.1' and port '3121'.
14:33:15 INFO  : 'targets -set -filter {jtag_cable_name =~ "Digilent Zed 210248650939" && level==0} -index 1' command is executed.
14:33:17 INFO  : FPGA configured successfully with bitstream "C:/Users/user/Desktop/lab2_simple_arm/lab2_simple_arm/lab2_simple_arm.sdk/hw_platform_0/design_1_wrapper.bit"
14:33:38 ERROR : Unexpected error while launching program.
java.lang.RuntimeException: Error while running ps7_init method.
No Elf file associated with target


	at com.xilinx.sdk.targetmanager.internal.TM.run_ps7_init(TM.java:1089)
	at com.xilinx.sdk.debug.core.XilinxAppLaunchConfigurationDelegate.runTargetSetup(XilinxAppLaunchConfigurationDelegate.java:514)
	at com.xilinx.sdk.debug.core.XilinxAppLaunchConfigurationDelegate.runApplication(XilinxAppLaunchConfigurationDelegate.java:616)
	at com.xilinx.sdk.debug.core.XilinxAppLaunchConfigurationDelegate.launch(XilinxAppLaunchConfigurationDelegate.java:309)
	at com.xilinx.sdk.debug.ui.XilinxAppLaunchDelegateWrapper.launch(XilinxAppLaunchDelegateWrapper.java:31)
	at org.eclipse.debug.internal.core.LaunchConfiguration.launch(LaunchConfiguration.java:885)
	at org.eclipse.debug.internal.core.LaunchConfiguration.launch(LaunchConfiguration.java:739)
	at org.eclipse.debug.internal.ui.DebugUIPlugin.buildAndLaunch(DebugUIPlugin.java:1039)
	at org.eclipse.debug.internal.ui.DebugUIPlugin$8.run(DebugUIPlugin.java:1256)
	at org.eclipse.core.internal.jobs.Worker.run(Worker.java:55)
14:35:24 INFO  : 'targets -set -filter {jtag_cable_name =~ "Digilent Zed 210248650939" && level==0} -index 1' command is executed.
14:35:24 INFO  : 'fpga -state' command is executed.
14:35:24 INFO  : Connected to target on host '127.0.0.1' and port '3121'.
14:35:24 INFO  : Jtag cable 'Digilent Zed 210248650939' is selected.
14:35:24 INFO  : 'jtag frequency' command is executed.
14:35:24 INFO  : Sourcing of 'C:/Users/user/Desktop/lab2_simple_arm/lab2_simple_arm/lab2_simple_arm.sdk/hw_platform_0/ps7_init.tcl' is done.
14:35:24 INFO  : Context for 'APU' is selected.
14:35:25 INFO  : Hardware design information is loaded from 'C:/Users/user/Desktop/lab2_simple_arm/lab2_simple_arm/lab2_simple_arm.sdk/hw_platform_0/system.hdf'.
14:35:25 INFO  : Context for 'APU' is selected.
14:35:25 INFO  : 'stop' command is executed.
14:35:30 INFO  : 'ps7_init' command is executed.
14:35:30 INFO  : 'ps7_post_config' command is executed.
14:35:30 INFO  : Context for processor 'ps7_cortexa9_0' is selected.
14:35:31 INFO  : Processor reset is completed for 'ps7_cortexa9_0'.
14:35:31 INFO  : Context for processor 'ps7_cortexa9_0' is selected.
14:35:32 INFO  : The application 'C:/Users/user/Desktop/lab2_simple_arm/lab2_simple_arm/lab2_simple_arm.sdk/lab2_simple/Debug/lab2_simple.elf' is downloaded to processor 'ps7_cortexa9_0'.
14:35:32 INFO  : ----------------XSDB Script----------------
connect -url tcp:127.0.0.1:3121
source C:/Users/user/Desktop/lab2_simple_arm/lab2_simple_arm/lab2_simple_arm.sdk/hw_platform_0/ps7_init.tcl
targets -set -nocase -filter {name =~"APU*" && jtag_cable_name =~ "Digilent Zed 210248650939"} -index 0
loadhw C:/Users/user/Desktop/lab2_simple_arm/lab2_simple_arm/lab2_simple_arm.sdk/hw_platform_0/system.hdf
targets -set -nocase -filter {name =~"APU*" && jtag_cable_name =~ "Digilent Zed 210248650939"} -index 0
stop
ps7_init
ps7_post_config
targets -set -nocase -filter {name =~ "ARM*#0" && jtag_cable_name =~ "Digilent Zed 210248650939"} -index 0
rst -processor
targets -set -nocase -filter {name =~ "ARM*#0" && jtag_cable_name =~ "Digilent Zed 210248650939"} -index 0
dow C:/Users/user/Desktop/lab2_simple_arm/lab2_simple_arm/lab2_simple_arm.sdk/lab2_simple/Debug/lab2_simple.elf
----------------End of Script----------------

14:35:33 INFO  : Memory regions updated for context APU
14:35:33 INFO  : Context for processor 'ps7_cortexa9_0' is selected.
14:35:33 INFO  : 'con' command is executed.
14:35:33 INFO  : ----------------XSDB Script (After Launch)----------------
targets -set -nocase -filter {name =~ "ARM*#0" && jtag_cable_name =~ "Digilent Zed 210248650939"} -index 0
con
----------------End of Script----------------

14:35:33 INFO  : Launch script is exported to file 'C:\Users\user\Desktop\lab2_simple_arm\lab2_simple_arm\lab2_simple_arm.sdk\.sdk\launch_scripts\xilinx_c-c++_application_(system_debugger)\system_debugger_using_debug_lab2_simple.elf_on_local.tcl'
14:43:52 INFO  : Disconnected from the channel tcfchan#1.
14:43:56 ERROR : Unexpected error while parsing XMD response ?: com.google.gson.JsonSyntaxException: com.google.gson.stream.MalformedJsonException: invalid number or unquoted string near 
10:32:05 INFO  : Registering command handlers for SDK TCF services
10:32:06 INFO  : Launching XSCT server: xsct.bat -interactive C:\Users\user\Desktop\lab2_simple_arm\lab2_simple_arm\lab2_simple_arm.sdk\temp_xsdb_launch_script.tcl
10:32:12 INFO  : XSCT server has started successfully.
10:32:12 INFO  : Successfully done setting XSCT server connection channel  
10:32:22 INFO  : Successfully done setting SDK workspace  
10:32:23 INFO  : Processing command line option -hwspec C:/Users/user/Desktop/lab2_simple_arm/lab2_simple_arm/lab2_simple_arm.sdk/design_1_wrapper.hdf.
10:32:23 INFO  : Checking for hwspec changes in the project hw_platform_0.
10:33:52 INFO  : Connected to target on host '127.0.0.1' and port '3121'.
10:33:53 INFO  : 'targets -set -filter {jtag_cable_name =~ "Digilent Zed 210248650939" && level==0} -index 1' command is executed.
10:33:56 INFO  : FPGA configured successfully with bitstream "C:/Users/user/Desktop/lab2_simple_arm/lab2_simple_arm/lab2_simple_arm.sdk/hw_platform_0/design_1_wrapper.bit"
10:36:59 INFO  : 'targets -set -filter {jtag_cable_name =~ "Digilent Zed 210248650939" && level==0} -index 1' command is executed.
10:36:59 INFO  : 'fpga -state' command is executed.
10:36:59 INFO  : Connected to target on host '127.0.0.1' and port '3121'.
10:37:00 INFO  : Jtag cable 'Digilent Zed 210248650939' is selected.
10:37:00 INFO  : 'jtag frequency' command is executed.
10:37:00 INFO  : Sourcing of 'C:/Users/user/Desktop/lab2_simple_arm/lab2_simple_arm/lab2_simple_arm.sdk/hw_platform_0/ps7_init.tcl' is done.
10:37:00 INFO  : Context for 'APU' is selected.
10:37:00 INFO  : Hardware design information is loaded from 'C:/Users/user/Desktop/lab2_simple_arm/lab2_simple_arm/lab2_simple_arm.sdk/hw_platform_0/system.hdf'.
10:37:01 INFO  : Context for 'APU' is selected.
10:37:01 INFO  : 'stop' command is executed.
10:37:07 INFO  : 'ps7_init' command is executed.
10:37:07 INFO  : 'ps7_post_config' command is executed.
10:37:08 INFO  : Context for processor 'ps7_cortexa9_0' is selected.
10:37:08 INFO  : Processor reset is completed for 'ps7_cortexa9_0'.
10:37:08 INFO  : Context for processor 'ps7_cortexa9_0' is selected.
10:37:08 INFO  : The application 'C:/Users/user/Desktop/lab2_simple_arm/lab2_simple_arm/lab2_simple_arm.sdk/lab2_simple/Debug/lab2_simple.elf' is downloaded to processor 'ps7_cortexa9_0'.
10:37:08 INFO  : ----------------XSDB Script----------------
connect -url tcp:127.0.0.1:3121
source C:/Users/user/Desktop/lab2_simple_arm/lab2_simple_arm/lab2_simple_arm.sdk/hw_platform_0/ps7_init.tcl
targets -set -nocase -filter {name =~"APU*" && jtag_cable_name =~ "Digilent Zed 210248650939"} -index 0
loadhw C:/Users/user/Desktop/lab2_simple_arm/lab2_simple_arm/lab2_simple_arm.sdk/hw_platform_0/system.hdf
targets -set -nocase -filter {name =~"APU*" && jtag_cable_name =~ "Digilent Zed 210248650939"} -index 0
stop
ps7_init
ps7_post_config
targets -set -nocase -filter {name =~ "ARM*#0" && jtag_cable_name =~ "Digilent Zed 210248650939"} -index 0
rst -processor
targets -set -nocase -filter {name =~ "ARM*#0" && jtag_cable_name =~ "Digilent Zed 210248650939"} -index 0
dow C:/Users/user/Desktop/lab2_simple_arm/lab2_simple_arm/lab2_simple_arm.sdk/lab2_simple/Debug/lab2_simple.elf
----------------End of Script----------------

10:37:09 INFO  : Memory regions updated for context APU
10:37:10 INFO  : Context for processor 'ps7_cortexa9_0' is selected.
10:37:10 INFO  : 'con' command is executed.
10:37:10 INFO  : ----------------XSDB Script (After Launch)----------------
targets -set -nocase -filter {name =~ "ARM*#0" && jtag_cable_name =~ "Digilent Zed 210248650939"} -index 0
con
----------------End of Script----------------

10:37:10 INFO  : Launch script is exported to file 'C:\Users\user\Desktop\lab2_simple_arm\lab2_simple_arm\lab2_simple_arm.sdk\.sdk\launch_scripts\xilinx_c-c++_application_(system_debugger)\system_debugger_using_debug_lab2_simple.elf_on_local.tcl'
11:05:08 INFO  : Disconnected from the channel tcfchan#1.
11:05:10 INFO  : 'targets -set -filter {jtag_cable_name =~ "Digilent Zed 210248650939" && level==0} -index 1' command is executed.
11:05:10 INFO  : 'fpga -state' command is executed.
11:05:16 INFO  : Connected to target on host '127.0.0.1' and port '3121'.
11:05:17 INFO  : Jtag cable 'Digilent Zed 210248650939' is selected.
11:05:17 INFO  : 'jtag frequency' command is executed.
11:05:17 INFO  : Sourcing of 'C:/Users/user/Desktop/lab2_simple_arm/lab2_simple_arm/lab2_simple_arm.sdk/hw_platform_0/ps7_init.tcl' is done.
11:05:17 INFO  : Context for 'APU' is selected.
11:05:19 INFO  : Hardware design information is loaded from 'C:/Users/user/Desktop/lab2_simple_arm/lab2_simple_arm/lab2_simple_arm.sdk/hw_platform_0/system.hdf'.
11:05:19 INFO  : Context for 'APU' is selected.
11:05:19 INFO  : 'stop' command is executed.
11:05:24 INFO  : 'ps7_init' command is executed.
11:05:24 INFO  : 'ps7_post_config' command is executed.
11:05:24 INFO  : Context for processor 'ps7_cortexa9_0' is selected.
11:05:25 INFO  : Processor reset is completed for 'ps7_cortexa9_0'.
11:05:25 INFO  : Context for processor 'ps7_cortexa9_0' is selected.
11:05:26 INFO  : The application 'C:/Users/user/Desktop/lab2_simple_arm/lab2_simple_arm/lab2_simple_arm.sdk/lab2_simple/Debug/lab2_simple.elf' is downloaded to processor 'ps7_cortexa9_0'.
11:05:26 INFO  : ----------------XSDB Script----------------
connect -url tcp:127.0.0.1:3121
source C:/Users/user/Desktop/lab2_simple_arm/lab2_simple_arm/lab2_simple_arm.sdk/hw_platform_0/ps7_init.tcl
targets -set -nocase -filter {name =~"APU*" && jtag_cable_name =~ "Digilent Zed 210248650939"} -index 0
loadhw C:/Users/user/Desktop/lab2_simple_arm/lab2_simple_arm/lab2_simple_arm.sdk/hw_platform_0/system.hdf
targets -set -nocase -filter {name =~"APU*" && jtag_cable_name =~ "Digilent Zed 210248650939"} -index 0
stop
ps7_init
ps7_post_config
targets -set -nocase -filter {name =~ "ARM*#0" && jtag_cable_name =~ "Digilent Zed 210248650939"} -index 0
rst -processor
targets -set -nocase -filter {name =~ "ARM*#0" && jtag_cable_name =~ "Digilent Zed 210248650939"} -index 0
dow C:/Users/user/Desktop/lab2_simple_arm/lab2_simple_arm/lab2_simple_arm.sdk/lab2_simple/Debug/lab2_simple.elf
----------------End of Script----------------

11:05:26 INFO  : Memory regions updated for context APU
11:05:27 INFO  : Context for processor 'ps7_cortexa9_0' is selected.
11:05:27 INFO  : 'con' command is executed.
11:05:27 INFO  : ----------------XSDB Script (After Launch)----------------
targets -set -nocase -filter {name =~ "ARM*#0" && jtag_cable_name =~ "Digilent Zed 210248650939"} -index 0
con
----------------End of Script----------------

11:05:27 INFO  : Launch script is exported to file 'C:\Users\user\Desktop\lab2_simple_arm\lab2_simple_arm\lab2_simple_arm.sdk\.sdk\launch_scripts\xilinx_c-c++_application_(system_debugger)\system_debugger_using_debug_lab2_simple.elf_on_local.tcl'
11:05:49 INFO  : Connected to target on host '127.0.0.1' and port '3121'.
11:05:49 INFO  : 'targets -set -filter {jtag_cable_name =~ "Digilent Zed 210248650939" && level==0} -index 1' command is executed.
11:05:51 INFO  : FPGA configured successfully with bitstream "C:/Users/user/Desktop/lab2_simple_arm/lab2_simple_arm/lab2_simple_arm.sdk/hw_platform_0/design_1_wrapper.bit"
11:06:28 INFO  : Disconnected from the channel tcfchan#2.
11:06:30 INFO  : 'targets -set -filter {jtag_cable_name =~ "Digilent Zed 210248650939" && level==0} -index 1' command is executed.
11:06:30 INFO  : 'fpga -state' command is executed.
11:06:30 INFO  : Connected to target on host '127.0.0.1' and port '3121'.
11:06:30 INFO  : Jtag cable 'Digilent Zed 210248650939' is selected.
11:06:30 INFO  : 'jtag frequency' command is executed.
11:06:30 INFO  : Sourcing of 'C:/Users/user/Desktop/lab2_simple_arm/lab2_simple_arm/lab2_simple_arm.sdk/hw_platform_0/ps7_init.tcl' is done.
11:06:30 INFO  : Context for 'APU' is selected.
11:06:33 INFO  : Hardware design information is loaded from 'C:/Users/user/Desktop/lab2_simple_arm/lab2_simple_arm/lab2_simple_arm.sdk/hw_platform_0/system.hdf'.
11:06:33 INFO  : Context for 'APU' is selected.
11:06:34 INFO  : 'stop' command is executed.
11:06:51 INFO  : 'ps7_init' command is executed.
11:06:52 INFO  : 'ps7_post_config' command is executed.
11:06:52 INFO  : Context for processor 'ps7_cortexa9_0' is selected.
11:06:54 INFO  : Processor reset is completed for 'ps7_cortexa9_0'.
11:06:54 INFO  : Context for processor 'ps7_cortexa9_0' is selected.
11:06:57 ERROR : Memory write error at 0x100000. APB AP transaction error, DAP status f0000021
11:06:57 INFO  : ----------------XSDB Script----------------
connect -url tcp:127.0.0.1:3121
source C:/Users/user/Desktop/lab2_simple_arm/lab2_simple_arm/lab2_simple_arm.sdk/hw_platform_0/ps7_init.tcl
targets -set -nocase -filter {name =~"APU*" && jtag_cable_name =~ "Digilent Zed 210248650939"} -index 0
loadhw C:/Users/user/Desktop/lab2_simple_arm/lab2_simple_arm/lab2_simple_arm.sdk/hw_platform_0/system.hdf
targets -set -nocase -filter {name =~"APU*" && jtag_cable_name =~ "Digilent Zed 210248650939"} -index 0
stop
ps7_init
ps7_post_config
targets -set -nocase -filter {name =~ "ARM*#0" && jtag_cable_name =~ "Digilent Zed 210248650939"} -index 0
rst -processor
targets -set -nocase -filter {name =~ "ARM*#0" && jtag_cable_name =~ "Digilent Zed 210248650939"} -index 0
dow C:/Users/user/Desktop/lab2_simple_arm/lab2_simple_arm/lab2_simple_arm.sdk/lab2_simple/Debug/lab2_simple.elf
----------------End of Script----------------

11:07:57 INFO  : 'targets -set -filter {jtag_cable_name =~ "Digilent Zed 210248650939" && level==0} -index 1' command is executed.
11:07:57 INFO  : 'fpga -state' command is executed.
11:07:57 INFO  : Connected to target on host '127.0.0.1' and port '3121'.
11:07:57 INFO  : Jtag cable 'Digilent Zed 210248650939' is selected.
11:07:57 INFO  : 'jtag frequency' command is executed.
11:07:57 INFO  : Sourcing of 'C:/Users/user/Desktop/lab2_simple_arm/lab2_simple_arm/lab2_simple_arm.sdk/hw_platform_0/ps7_init.tcl' is done.
11:07:57 INFO  : Context for 'APU' is selected.
11:07:57 INFO  : Hardware design information is loaded from 'C:/Users/user/Desktop/lab2_simple_arm/lab2_simple_arm/lab2_simple_arm.sdk/hw_platform_0/system.hdf'.
11:07:57 INFO  : Context for 'APU' is selected.
11:07:57 INFO  : 'stop' command is executed.
11:07:58 ERROR : AP transaction error, DAP status f0000021
11:07:58 INFO  : ----------------XSDB Script----------------
connect -url tcp:127.0.0.1:3121
source C:/Users/user/Desktop/lab2_simple_arm/lab2_simple_arm/lab2_simple_arm.sdk/hw_platform_0/ps7_init.tcl
targets -set -nocase -filter {name =~"APU*" && jtag_cable_name =~ "Digilent Zed 210248650939"} -index 0
loadhw C:/Users/user/Desktop/lab2_simple_arm/lab2_simple_arm/lab2_simple_arm.sdk/hw_platform_0/system.hdf
targets -set -nocase -filter {name =~"APU*" && jtag_cable_name =~ "Digilent Zed 210248650939"} -index 0
stop
ps7_init
----------------End of Script----------------

11:10:29 INFO  : Connected to target on host '127.0.0.1' and port '3121'.
11:10:29 INFO  : 'targets -set -filter {jtag_cable_name =~ "Digilent Zed 210248650939" && level==0} -index 1' command is executed.
11:10:32 INFO  : FPGA configured successfully with bitstream "C:/Users/user/Desktop/lab2_simple_arm/lab2_simple_arm/lab2_simple_arm.sdk/hw_platform_0/design_1_wrapper.bit"
11:11:10 INFO  : 'targets -set -filter {jtag_cable_name =~ "Digilent Zed 210248650939" && level==0} -index 1' command is executed.
11:11:10 INFO  : 'fpga -state' command is executed.
11:11:10 INFO  : Connected to target on host '127.0.0.1' and port '3121'.
11:11:10 INFO  : Jtag cable 'Digilent Zed 210248650939' is selected.
11:11:10 INFO  : 'jtag frequency' command is executed.
11:11:10 INFO  : Sourcing of 'C:/Users/user/Desktop/lab2_simple_arm/lab2_simple_arm/lab2_simple_arm.sdk/hw_platform_0/ps7_init.tcl' is done.
11:11:10 INFO  : Context for 'APU' is selected.
11:11:10 INFO  : Hardware design information is loaded from 'C:/Users/user/Desktop/lab2_simple_arm/lab2_simple_arm/lab2_simple_arm.sdk/hw_platform_0/system.hdf'.
11:11:11 INFO  : Context for 'APU' is selected.
11:11:11 INFO  : 'stop' command is executed.
11:11:11 ERROR : AP transaction error, DAP status f0000021
11:11:11 INFO  : ----------------XSDB Script----------------
connect -url tcp:127.0.0.1:3121
source C:/Users/user/Desktop/lab2_simple_arm/lab2_simple_arm/lab2_simple_arm.sdk/hw_platform_0/ps7_init.tcl
targets -set -nocase -filter {name =~"APU*" && jtag_cable_name =~ "Digilent Zed 210248650939"} -index 0
loadhw C:/Users/user/Desktop/lab2_simple_arm/lab2_simple_arm/lab2_simple_arm.sdk/hw_platform_0/system.hdf
targets -set -nocase -filter {name =~"APU*" && jtag_cable_name =~ "Digilent Zed 210248650939"} -index 0
stop
ps7_init
----------------End of Script----------------

11:12:25 INFO  : Connected to target on host '127.0.0.1' and port '3121'.
11:12:25 INFO  : 'targets -set -filter {jtag_cable_name =~ "Digilent Zed 210248650939" && level==0} -index 1' command is executed.
11:12:27 INFO  : FPGA configured successfully with bitstream "C:/Users/user/Desktop/lab2_simple_arm/lab2_simple_arm/lab2_simple_arm.sdk/hw_platform_0/design_1_wrapper.bit"
11:13:13 INFO  : 'targets -set -filter {jtag_cable_name =~ "Digilent Zed 210248650939" && level==0} -index 1' command is executed.
11:13:13 INFO  : 'fpga -state' command is executed.
11:13:13 INFO  : Connected to target on host '127.0.0.1' and port '3121'.
11:13:14 INFO  : Jtag cable 'Digilent Zed 210248650939' is selected.
11:13:14 INFO  : 'jtag frequency' command is executed.
11:13:14 INFO  : Sourcing of 'C:/Users/user/Desktop/lab2_simple_arm/lab2_simple_arm/lab2_simple_arm.sdk/hw_platform_0/ps7_init.tcl' is done.
11:13:14 INFO  : Context for 'APU' is selected.
11:13:14 INFO  : Hardware design information is loaded from 'C:/Users/user/Desktop/lab2_simple_arm/lab2_simple_arm/lab2_simple_arm.sdk/hw_platform_0/system.hdf'.
11:13:14 INFO  : Context for 'APU' is selected.
11:13:15 INFO  : 'stop' command is executed.
11:13:22 INFO  : 'ps7_init' command is executed.
11:13:22 INFO  : 'ps7_post_config' command is executed.
11:13:22 INFO  : Context for processor 'ps7_cortexa9_0' is selected.
11:13:22 INFO  : Processor reset is completed for 'ps7_cortexa9_0'.
11:13:23 INFO  : Context for processor 'ps7_cortexa9_0' is selected.
11:13:23 INFO  : The application 'C:/Users/user/Desktop/lab2_simple_arm/lab2_simple_arm/lab2_simple_arm.sdk/lab2_simple/Debug/lab2_simple.elf' is downloaded to processor 'ps7_cortexa9_0'.
11:13:23 INFO  : ----------------XSDB Script----------------
connect -url tcp:127.0.0.1:3121
source C:/Users/user/Desktop/lab2_simple_arm/lab2_simple_arm/lab2_simple_arm.sdk/hw_platform_0/ps7_init.tcl
targets -set -nocase -filter {name =~"APU*" && jtag_cable_name =~ "Digilent Zed 210248650939"} -index 0
loadhw C:/Users/user/Desktop/lab2_simple_arm/lab2_simple_arm/lab2_simple_arm.sdk/hw_platform_0/system.hdf
targets -set -nocase -filter {name =~"APU*" && jtag_cable_name =~ "Digilent Zed 210248650939"} -index 0
stop
ps7_init
ps7_post_config
targets -set -nocase -filter {name =~ "ARM*#0" && jtag_cable_name =~ "Digilent Zed 210248650939"} -index 0
rst -processor
targets -set -nocase -filter {name =~ "ARM*#0" && jtag_cable_name =~ "Digilent Zed 210248650939"} -index 0
dow C:/Users/user/Desktop/lab2_simple_arm/lab2_simple_arm/lab2_simple_arm.sdk/lab2_simple/Debug/lab2_simple.elf
----------------End of Script----------------

11:13:24 INFO  : Memory regions updated for context APU
11:13:24 INFO  : Context for processor 'ps7_cortexa9_0' is selected.
11:13:24 INFO  : 'con' command is executed.
11:13:24 INFO  : ----------------XSDB Script (After Launch)----------------
targets -set -nocase -filter {name =~ "ARM*#0" && jtag_cable_name =~ "Digilent Zed 210248650939"} -index 0
con
----------------End of Script----------------

11:13:24 INFO  : Launch script is exported to file 'C:\Users\user\Desktop\lab2_simple_arm\lab2_simple_arm\lab2_simple_arm.sdk\.sdk\launch_scripts\xilinx_c-c++_application_(system_debugger)\system_debugger_using_debug_lab2_simple.elf_on_local.tcl'
11:16:52 INFO  : Disconnected from the channel tcfchan#3.
10:28:22 INFO  : Registering command handlers for SDK TCF services
10:28:22 INFO  : Launching XSCT server: xsct.bat -interactive C:\Users\user\Desktop\lab3_customIP\lab3_part3\lab3_part3.sdk\temp_xsdb_launch_script.tcl
10:28:25 INFO  : XSCT server has started successfully.
10:28:25 INFO  : Successfully done setting XSCT server connection channel  
10:28:26 INFO  : Successfully done setting SDK workspace  
10:28:26 INFO  : Processing command line option -hwspec C:/Users/user/Desktop/lab3_customIP/lab3_part3/lab3_part3.sdk/design_1_wrapper.hdf.
11:05:15 INFO  : Registering command handlers for SDK TCF services
11:05:15 INFO  : Launching XSCT server: xsct.bat -interactive C:\Users\user\Desktop\lab3_customIP\lab3_part3\lab3_part3.sdk\temp_xsdb_launch_script.tcl
11:05:17 INFO  : XSCT server has started successfully.
11:05:17 INFO  : Successfully done setting XSCT server connection channel  
11:05:18 INFO  : Successfully done setting SDK workspace  
11:05:18 INFO  : Processing command line option -hwspec C:/Users/user/Desktop/lab3_customIP/lab3_part3/lab3_part3.sdk/design_1_wrapper.hdf.
11:05:18 INFO  : Checking for hwspec changes in the project design_1_wrapper_hw_platform_0.
11:05:21 INFO  : SDK has detected change in the last modified timestamps for source hardware specification file Source:1491293063559,  Project:1491290842812
11:05:21 INFO  : The hardware specification for project 'design_1_wrapper_hw_platform_0' is different from C:/Users/user/Desktop/lab3_customIP/lab3_part3/lab3_part3.sdk/design_1_wrapper.hdf.
11:05:21 INFO  : Copied contents of C:/Users/user/Desktop/lab3_customIP/lab3_part3/lab3_part3.sdk/design_1_wrapper.hdf into \design_1_wrapper_hw_platform_0\system.hdf.
11:05:26 INFO  : Synchronizing projects in the workspace with the hardware platform specification changes.
11:06:35 ERROR : (XSDB Server)ERROR: [Hsi 55-1433] Error boost::filesystem::directory_iterator::construct: Δεν επιτρέπεται η πρόσβαση: "C:/Users/user/AppData/Local/Temp\msdtadmin"

11:06:46 ERROR : Failed to call sync_sw_with_hw_change
Reason: ERROR: [Common 17-39] 'hsi::open_sw_design' failed due to earlier errors.

11:06:46 ERROR : Error updating BSP project MSS files.
11:06:47 INFO  : Updating hardware inferred compiler options for lab3_part3_graycounter.
11:06:47 INFO  : Clearing existing target manager status.
11:07:13 ERROR : (XSDB Server)ERROR: [Hsi 55-1558] Software Design system system is not found

11:07:13 ERROR :  [Common 17-39] 'hsi::current_sw_design' failed due to earlier errors.
11:07:13 ERROR : (XSDB Server)ERROR: [Hsi 55-1558] Software Design system system is not found

11:07:13 INFO  : Unable to read in MSS file C:\Users\user\Desktop\lab3_customIP\lab3_part3\lab3_part3.sdk\bsp_for_lab3_part3\system.mss : null
11:07:13 ERROR : (XSDB Server)ERROR: [Hsi 55-1558] Software Design system system is not found

11:07:13 ERROR : (XSDB Server)ERROR: [Hsi 55-1558] Software Design system system is not found

11:07:13 ERROR : Failed to get_connected_periphs
Reason: ERROR: [Common 17-55] 'get_property' expects at least one object.
Resolution: If [get_<value>] was used to populate the object, check to make sure this command returns at least one valid object.

11:07:14 ERROR : (XSDB Server)ERROR: [Hsi 55-1558] Software Design system system is not found

11:07:14 ERROR :  [Common 17-39] 'hsi::current_sw_design' failed due to earlier errors.
11:07:14 ERROR : (XSDB Server)ERROR: [Hsi 55-1558] Software Design system system is not found

11:07:14 INFO  : Unable to read in MSS file C:\Users\user\Desktop\lab3_customIP\lab3_part3\lab3_part3.sdk\bsp_for_lab3_part3\system.mss : null
11:07:14 ERROR : (XSDB Server)ERROR: [Hsi 55-1558] Software Design system system is not found

11:07:14 ERROR : (XSDB Server)ERROR: [Hsi 55-1558] Software Design system system is not found

11:07:15 ERROR : (XSDB Server)ERROR: [Hsi 55-1558] Software Design system system is not found

11:07:15 ERROR :  [Common 17-39] 'hsi::current_sw_design' failed due to earlier errors.
11:07:15 ERROR : (XSDB Server)ERROR: [Hsi 55-1558] Software Design system system is not found

11:07:15 INFO  : Unable to read in MSS file C:\Users\user\Desktop\lab3_customIP\lab3_part3\lab3_part3.sdk\bsp_for_lab3_part3\system.mss : null
11:07:15 ERROR : (XSDB Server)ERROR: [Hsi 55-1558] Software Design system system is not found

11:07:15 ERROR : Failed to closesw "C:/Users/user/Desktop/lab3_customIP/lab3_part3/lab3_part3.sdk/bsp_for_lab3_part3/system.mss"
Reason: Cannot close sw design 'C:/Users/user/Desktop/lab3_customIP/lab3_part3/lab3_part3.sdk/bsp_for_lab3_part3/system.mss'.
Design is not opened in the current session.


11:07:28 ERROR : (XSDB Server)ERROR: [Hsi 55-1558] Software Design system system is not found

11:07:28 ERROR :  [Common 17-39] 'hsi::current_sw_design' failed due to earlier errors.
11:07:28 ERROR : (XSDB Server)ERROR: [Hsi 55-1558] Software Design system system is not found

11:07:28 INFO  : Unable to read in MSS file C:\Users\user\Desktop\lab3_customIP\lab3_part3\lab3_part3.sdk\bsp_for_lab3_part3\system.mss : null
11:07:28 ERROR : Failed to closesw "C:/Users/user/Desktop/lab3_customIP/lab3_part3/lab3_part3.sdk/bsp_for_lab3_part3/system.mss"
Reason: Cannot close sw design 'C:/Users/user/Desktop/lab3_customIP/lab3_part3/lab3_part3.sdk/bsp_for_lab3_part3/system.mss'.
Design is not opened in the current session.


11:11:57 INFO  : Connected to target on host '127.0.0.1' and port '3121'.
11:11:58 INFO  : 'targets -set -filter {jtag_cable_name =~ "Digilent Zed 210248650715" && level==0} -index 1' command is executed.
11:12:01 INFO  : FPGA configured successfully with bitstream "C:/Users/user/Desktop/lab3_customIP/lab3_part3/lab3_part3.sdk/design_1_wrapper_hw_platform_0/design_1_wrapper.bit"
11:12:12 INFO  : 'targets -set -filter {jtag_cable_name =~ "Digilent Zed 210248650715" && level==0} -index 1' command is executed.
11:12:12 INFO  : 'fpga -state' command is executed.
11:12:12 INFO  : Connected to target on host '127.0.0.1' and port '3121'.
11:12:12 INFO  : Jtag cable 'Digilent Zed 210248650715' is selected.
11:12:12 INFO  : 'jtag frequency' command is executed.
11:12:12 INFO  : Sourcing of 'C:/Users/user/Desktop/lab3_customIP/lab3_part3/lab3_part3.sdk/design_1_wrapper_hw_platform_0/ps7_init.tcl' is done.
11:12:12 INFO  : Context for 'APU' is selected.
11:12:12 INFO  : Hardware design information is loaded from 'C:/Users/user/Desktop/lab3_customIP/lab3_part3/lab3_part3.sdk/design_1_wrapper_hw_platform_0/system.hdf'.
11:12:13 INFO  : Context for 'APU' is selected.
11:12:13 INFO  : 'stop' command is executed.
11:12:13 INFO  : 'ps7_init' command is executed.
11:12:13 INFO  : 'ps7_post_config' command is executed.
11:12:13 INFO  : Context for processor 'ps7_cortexa9_0' is selected.
11:12:13 INFO  : Processor reset is completed for 'ps7_cortexa9_0'.
11:12:13 INFO  : Context for processor 'ps7_cortexa9_0' is selected.
11:12:13 INFO  : The application 'C:/Users/user/Desktop/lab3_customIP/lab3_part3/lab3_part3.sdk/lab3_graycounter/Debug/lab3_graycounter.elf' is downloaded to processor 'ps7_cortexa9_0'.
11:12:13 INFO  : ----------------XSDB Script----------------
connect -url tcp:127.0.0.1:3121
source C:/Users/user/Desktop/lab3_customIP/lab3_part3/lab3_part3.sdk/design_1_wrapper_hw_platform_0/ps7_init.tcl
targets -set -nocase -filter {name =~"APU*" && jtag_cable_name =~ "Digilent Zed 210248650715"} -index 0
loadhw C:/Users/user/Desktop/lab3_customIP/lab3_part3/lab3_part3.sdk/design_1_wrapper_hw_platform_0/system.hdf
targets -set -nocase -filter {name =~"APU*" && jtag_cable_name =~ "Digilent Zed 210248650715"} -index 0
stop
ps7_init
ps7_post_config
targets -set -nocase -filter {name =~ "ARM*#0" && jtag_cable_name =~ "Digilent Zed 210248650715"} -index 0
rst -processor
targets -set -nocase -filter {name =~ "ARM*#0" && jtag_cable_name =~ "Digilent Zed 210248650715"} -index 0
dow C:/Users/user/Desktop/lab3_customIP/lab3_part3/lab3_part3.sdk/lab3_graycounter/Debug/lab3_graycounter.elf
----------------End of Script----------------

11:12:13 INFO  : Memory regions updated for context APU
11:12:14 INFO  : Context for processor 'ps7_cortexa9_0' is selected.
11:12:14 INFO  : 'con' command is executed.
11:12:14 INFO  : ----------------XSDB Script (After Launch)----------------
targets -set -nocase -filter {name =~ "ARM*#0" && jtag_cable_name =~ "Digilent Zed 210248650715"} -index 0
con
----------------End of Script----------------

11:12:14 INFO  : Launch script is exported to file 'C:\Users\user\Desktop\lab3_customIP\lab3_part3\lab3_part3.sdk\.sdk\launch_scripts\xilinx_c-c++_application_(system_debugger)\system_debugger_using_debug_lab3_graycounter.elf_on_local.tcl'
12:07:53 INFO  : SDK has detected change in the last modified timestamps for source hardware specification file Source:1491296831165,  Project:1491293063559
12:07:53 INFO  : Project design_1_wrapper_hw_platform_0's source hardware specification located at C:/Users/user/Desktop/lab3_customIP/lab3_part3/lab3_part3.sdk/design_1_wrapper.hdf is now different from the local copy.
		 The local copy will be replaced with the source specification and your workspace will be updated.
12:08:11 INFO  : Copied contents of C:/Users/user/Desktop/lab3_customIP/lab3_part3/lab3_part3.sdk/design_1_wrapper.hdf into \design_1_wrapper_hw_platform_0\system.hdf.
12:08:17 INFO  : Synchronizing projects in the workspace with the hardware platform specification changes.
12:09:18 INFO  : Registering command handlers for SDK TCF services
12:09:19 INFO  : Launching XSCT server: xsct.bat -interactive C:\Users\user\Desktop\lab3_customIP\lab3_part3\lab3_part3.sdk\temp_xsdb_launch_script.tcl
12:09:26 INFO  : XSCT server has started successfully.
12:09:26 INFO  : Successfully done setting XSCT server connection channel  
12:09:27 INFO  : Successfully done setting SDK workspace  
12:09:27 INFO  : Processing command line option -hwspec C:/Users/user/Desktop/lab3_customIP/lab3_part3/lab3_part3.sdk/design_1_wrapper.hdf.
12:09:32 INFO  : Checking for hwspec changes in the project design_1_wrapper_hw_platform_0.
12:11:02 INFO  : Registering command handlers for SDK TCF services
12:11:03 INFO  : Launching XSCT server: xsct.bat -interactive C:\Users\user\Desktop\lab3_customIP\lab3_part3\lab3_part3.sdk\temp_xsdb_launch_script.tcl
12:11:06 INFO  : XSCT server has started successfully.
12:11:06 INFO  : Successfully done setting XSCT server connection channel  
12:11:11 INFO  : Successfully done setting SDK workspace  
12:11:11 INFO  : Processing command line option -hwspec C:/Users/user/Desktop/lab3_customIP/lab3_part3/lab3_part3.sdk/design_1_wrapper.hdf.
12:11:11 INFO  : Checking for hwspec changes in the project design_1_wrapper_hw_platform_0.
12:12:21 INFO  : Connected to target on host '127.0.0.1' and port '3121'.
12:12:24 INFO  : 'targets -set -filter {jtag_cable_name =~ "Digilent Zed 210248650715" && level==0} -index 1' command is executed.
12:12:27 INFO  : FPGA configured successfully with bitstream "C:/Users/user/Desktop/lab3_customIP/lab3_part3/lab3_part3.sdk/design_1_wrapper_hw_platform_0/design_1_wrapper.bit"
12:12:37 INFO  : 'targets -set -filter {jtag_cable_name =~ "Digilent Zed 210248650715" && level==0} -index 1' command is executed.
12:12:37 INFO  : 'fpga -state' command is executed.
12:12:37 INFO  : Connected to target on host '127.0.0.1' and port '3121'.
12:12:37 INFO  : Jtag cable 'Digilent Zed 210248650715' is selected.
12:12:37 INFO  : 'jtag frequency' command is executed.
12:12:37 INFO  : Sourcing of 'C:/Users/user/Desktop/lab3_customIP/lab3_part3/lab3_part3.sdk/design_1_wrapper_hw_platform_0/ps7_init.tcl' is done.
12:12:37 INFO  : Context for 'APU' is selected.
12:12:37 INFO  : Hardware design information is loaded from 'C:/Users/user/Desktop/lab3_customIP/lab3_part3/lab3_part3.sdk/design_1_wrapper_hw_platform_0/system.hdf'.
12:12:37 INFO  : Context for 'APU' is selected.
12:12:37 INFO  : 'stop' command is executed.
12:12:37 INFO  : 'ps7_init' command is executed.
12:12:37 INFO  : 'ps7_post_config' command is executed.
12:12:38 INFO  : Context for processor 'ps7_cortexa9_0' is selected.
12:12:38 INFO  : Processor reset is completed for 'ps7_cortexa9_0'.
12:12:38 INFO  : Context for processor 'ps7_cortexa9_0' is selected.
12:12:38 INFO  : The application 'C:/Users/user/Desktop/lab3_customIP/lab3_part3/lab3_part3.sdk/lab3_graycounter/Debug/lab3_graycounter.elf' is downloaded to processor 'ps7_cortexa9_0'.
12:12:38 INFO  : ----------------XSDB Script----------------
connect -url tcp:127.0.0.1:3121
source C:/Users/user/Desktop/lab3_customIP/lab3_part3/lab3_part3.sdk/design_1_wrapper_hw_platform_0/ps7_init.tcl
targets -set -nocase -filter {name =~"APU*" && jtag_cable_name =~ "Digilent Zed 210248650715"} -index 0
loadhw C:/Users/user/Desktop/lab3_customIP/lab3_part3/lab3_part3.sdk/design_1_wrapper_hw_platform_0/system.hdf
targets -set -nocase -filter {name =~"APU*" && jtag_cable_name =~ "Digilent Zed 210248650715"} -index 0
stop
ps7_init
ps7_post_config
targets -set -nocase -filter {name =~ "ARM*#0" && jtag_cable_name =~ "Digilent Zed 210248650715"} -index 0
rst -processor
targets -set -nocase -filter {name =~ "ARM*#0" && jtag_cable_name =~ "Digilent Zed 210248650715"} -index 0
dow C:/Users/user/Desktop/lab3_customIP/lab3_part3/lab3_part3.sdk/lab3_graycounter/Debug/lab3_graycounter.elf
----------------End of Script----------------

12:12:38 INFO  : Memory regions updated for context APU
12:12:38 INFO  : Context for processor 'ps7_cortexa9_0' is selected.
12:12:38 INFO  : 'con' command is executed.
12:12:38 INFO  : ----------------XSDB Script (After Launch)----------------
targets -set -nocase -filter {name =~ "ARM*#0" && jtag_cable_name =~ "Digilent Zed 210248650715"} -index 0
con
----------------End of Script----------------

12:12:38 INFO  : Launch script is exported to file 'C:\Users\user\Desktop\lab3_customIP\lab3_part3\lab3_part3.sdk\.sdk\launch_scripts\xilinx_c-c++_application_(system_debugger)\system_debugger_using_debug_lab3_graycounter.elf_on_local.tcl'
12:26:01 INFO  : Connected to target on host '127.0.0.1' and port '3121'.
12:26:01 INFO  : 'targets -set -filter {jtag_cable_name =~ "Digilent Zed 210248650715" && level==0} -index 1' command is executed.
12:26:03 INFO  : FPGA configured successfully with bitstream "C:/Users/user/Desktop/lab3_customIP/lab3_part3/lab3_part3.sdk/design_1_wrapper_hw_platform_0/design_1_wrapper.bit"
12:26:37 INFO  : Disconnected from the channel tcfchan#1.
12:26:38 INFO  : 'targets -set -filter {jtag_cable_name =~ "Digilent Zed 210248650715" && level==0} -index 1' command is executed.
12:26:38 INFO  : 'fpga -state' command is executed.
12:26:38 INFO  : Connected to target on host '127.0.0.1' and port '3121'.
12:26:39 INFO  : Jtag cable 'Digilent Zed 210248650715' is selected.
12:26:39 INFO  : 'jtag frequency' command is executed.
12:26:39 INFO  : Sourcing of 'C:/Users/user/Desktop/lab3_customIP/lab3_part3/lab3_part3.sdk/design_1_wrapper_hw_platform_0/ps7_init.tcl' is done.
12:26:39 INFO  : Context for 'APU' is selected.
12:26:41 INFO  : Hardware design information is loaded from 'C:/Users/user/Desktop/lab3_customIP/lab3_part3/lab3_part3.sdk/design_1_wrapper_hw_platform_0/system.hdf'.
12:26:41 INFO  : Context for 'APU' is selected.
12:26:42 INFO  : 'stop' command is executed.
12:26:43 INFO  : 'ps7_init' command is executed.
12:26:43 INFO  : 'ps7_post_config' command is executed.
12:26:44 INFO  : Context for processor 'ps7_cortexa9_0' is selected.
12:26:44 INFO  : Processor reset is completed for 'ps7_cortexa9_0'.
12:26:44 INFO  : Context for processor 'ps7_cortexa9_0' is selected.
12:26:46 ERROR : Memory write error at 0x100000. AP transaction timeout
12:26:46 INFO  : ----------------XSDB Script----------------
connect -url tcp:127.0.0.1:3121
source C:/Users/user/Desktop/lab3_customIP/lab3_part3/lab3_part3.sdk/design_1_wrapper_hw_platform_0/ps7_init.tcl
targets -set -nocase -filter {name =~"APU*" && jtag_cable_name =~ "Digilent Zed 210248650715"} -index 0
loadhw C:/Users/user/Desktop/lab3_customIP/lab3_part3/lab3_part3.sdk/design_1_wrapper_hw_platform_0/system.hdf
targets -set -nocase -filter {name =~"APU*" && jtag_cable_name =~ "Digilent Zed 210248650715"} -index 0
stop
ps7_init
ps7_post_config
targets -set -nocase -filter {name =~ "ARM*#0" && jtag_cable_name =~ "Digilent Zed 210248650715"} -index 0
rst -processor
targets -set -nocase -filter {name =~ "ARM*#0" && jtag_cable_name =~ "Digilent Zed 210248650715"} -index 0
dow C:/Users/user/Desktop/lab3_customIP/lab3_part3/lab3_part3.sdk/lab3_graycounter/Debug/lab3_graycounter.elf
----------------End of Script----------------

12:26:58 INFO  : Connected to target on host '127.0.0.1' and port '3121'.
12:27:00 INFO  : 'targets -set -filter {jtag_cable_name =~ "Digilent Zed 210248650715" && level==0} -index 1' command is executed.
12:27:02 INFO  : FPGA configured successfully with bitstream "C:/Users/user/Desktop/lab3_customIP/lab3_part3/lab3_part3.sdk/design_1_wrapper_hw_platform_0/design_1_wrapper.bit"
12:27:08 INFO  : 'targets -set -filter {jtag_cable_name =~ "Digilent Zed 210248650715" && level==0} -index 1' command is executed.
12:27:08 INFO  : 'fpga -state' command is executed.
12:27:08 INFO  : Connected to target on host '127.0.0.1' and port '3121'.
12:27:08 INFO  : Jtag cable 'Digilent Zed 210248650715' is selected.
12:27:08 INFO  : 'jtag frequency' command is executed.
12:27:08 INFO  : Sourcing of 'C:/Users/user/Desktop/lab3_customIP/lab3_part3/lab3_part3.sdk/design_1_wrapper_hw_platform_0/ps7_init.tcl' is done.
12:27:08 INFO  : Context for 'APU' is selected.
12:27:08 INFO  : Hardware design information is loaded from 'C:/Users/user/Desktop/lab3_customIP/lab3_part3/lab3_part3.sdk/design_1_wrapper_hw_platform_0/system.hdf'.
12:27:09 INFO  : Context for 'APU' is selected.
12:27:09 INFO  : 'stop' command is executed.
12:27:09 INFO  : 'ps7_init' command is executed.
12:27:09 INFO  : 'ps7_post_config' command is executed.
12:27:09 INFO  : Context for processor 'ps7_cortexa9_0' is selected.
12:27:09 INFO  : Processor reset is completed for 'ps7_cortexa9_0'.
12:27:09 INFO  : Context for processor 'ps7_cortexa9_0' is selected.
12:27:09 INFO  : The application 'C:/Users/user/Desktop/lab3_customIP/lab3_part3/lab3_part3.sdk/lab3_graycounter/Debug/lab3_graycounter.elf' is downloaded to processor 'ps7_cortexa9_0'.
12:27:09 INFO  : ----------------XSDB Script----------------
connect -url tcp:127.0.0.1:3121
source C:/Users/user/Desktop/lab3_customIP/lab3_part3/lab3_part3.sdk/design_1_wrapper_hw_platform_0/ps7_init.tcl
targets -set -nocase -filter {name =~"APU*" && jtag_cable_name =~ "Digilent Zed 210248650715"} -index 0
loadhw C:/Users/user/Desktop/lab3_customIP/lab3_part3/lab3_part3.sdk/design_1_wrapper_hw_platform_0/system.hdf
targets -set -nocase -filter {name =~"APU*" && jtag_cable_name =~ "Digilent Zed 210248650715"} -index 0
stop
ps7_init
ps7_post_config
targets -set -nocase -filter {name =~ "ARM*#0" && jtag_cable_name =~ "Digilent Zed 210248650715"} -index 0
rst -processor
targets -set -nocase -filter {name =~ "ARM*#0" && jtag_cable_name =~ "Digilent Zed 210248650715"} -index 0
dow C:/Users/user/Desktop/lab3_customIP/lab3_part3/lab3_part3.sdk/lab3_graycounter/Debug/lab3_graycounter.elf
----------------End of Script----------------

12:27:09 INFO  : Memory regions updated for context APU
12:27:09 INFO  : Context for processor 'ps7_cortexa9_0' is selected.
12:27:09 INFO  : 'con' command is executed.
12:27:09 INFO  : ----------------XSDB Script (After Launch)----------------
targets -set -nocase -filter {name =~ "ARM*#0" && jtag_cable_name =~ "Digilent Zed 210248650715"} -index 0
con
----------------End of Script----------------

12:27:09 INFO  : Launch script is exported to file 'C:\Users\user\Desktop\lab3_customIP\lab3_part3\lab3_part3.sdk\.sdk\launch_scripts\xilinx_c-c++_application_(system_debugger)\system_debugger_using_debug_lab3_graycounter.elf_on_local.tcl'
12:50:10 INFO  : Disconnected from the channel tcfchan#2.
13:00:47 INFO  : Registering command handlers for SDK TCF services
13:00:47 INFO  : Launching XSCT server: xsct.bat -interactive C:\Users\user\Desktop\lab3_customIP\lab3_part3\lab3_part3.sdk\temp_xsdb_launch_script.tcl
13:00:50 INFO  : XSCT server has started successfully.
13:00:55 INFO  : Successfully done setting XSCT server connection channel  
13:00:55 INFO  : Successfully done setting SDK workspace  
13:00:55 INFO  : Processing command line option -hwspec C:/Users/user/Desktop/lab3_customIP/lab3_part3/lab3_part3.sdk/design_1_wrapper.hdf.
13:00:55 INFO  : Checking for hwspec changes in the project design_1_wrapper_hw_platform_0.
13:00:57 INFO  : SDK has detected change in the last modified timestamps for source hardware specification file Source:1491300014245,  Project:1491296831165
13:00:57 INFO  : The hardware specification for project 'design_1_wrapper_hw_platform_0' is different from C:/Users/user/Desktop/lab3_customIP/lab3_part3/lab3_part3.sdk/design_1_wrapper.hdf.
13:00:57 INFO  : Copied contents of C:/Users/user/Desktop/lab3_customIP/lab3_part3/lab3_part3.sdk/design_1_wrapper.hdf into \design_1_wrapper_hw_platform_0\system.hdf.
13:01:02 INFO  : Synchronizing projects in the workspace with the hardware platform specification changes.
13:02:34 ERROR : (XSDB Server)ERROR: [Hsi 55-1433] Error boost::filesystem::directory_iterator::construct: Δεν επιτρέπεται η πρόσβαση: "C:/Users/user/AppData/Local/Temp\msdtadmin"

13:02:35 ERROR : Failed to call sync_sw_with_hw_change
Reason: ERROR: [Common 17-39] 'hsi::open_sw_design' failed due to earlier errors.

13:02:35 ERROR : Error updating BSP project MSS files.
13:02:36 INFO  : Updating hardware inferred compiler options for lab3_graycounter.
13:02:36 INFO  : Clearing existing target manager status.
13:03:27 INFO  : Connected to target on host '127.0.0.1' and port '3121'.
13:03:28 INFO  : 'targets -set -filter {jtag_cable_name =~ "Digilent Zed 210248650715" && level==0} -index 1' command is executed.
13:03:30 INFO  : FPGA configured successfully with bitstream "C:/Users/user/Desktop/lab3_customIP/lab3_part3/lab3_part3.sdk/design_1_wrapper_hw_platform_0/design_1_wrapper.bit"
13:03:33 ERROR : (XSDB Server)ERROR: [Hsi 55-1558] Software Design system system is not found

13:03:33 ERROR :  [Common 17-39] 'hsi::current_sw_design' failed due to earlier errors.
13:03:33 ERROR : (XSDB Server)ERROR: [Hsi 55-1558] Software Design system system is not found

13:03:33 INFO  : Unable to read in MSS file C:\Users\user\Desktop\lab3_customIP\lab3_part3\lab3_part3.sdk\bsp_for_lab3_graycounter\system.mss : null
13:03:33 ERROR : Failed to closesw "C:/Users/user/Desktop/lab3_customIP/lab3_part3/lab3_part3.sdk/bsp_for_lab3_graycounter/system.mss"
Reason: Cannot close sw design 'C:/Users/user/Desktop/lab3_customIP/lab3_part3/lab3_part3.sdk/bsp_for_lab3_graycounter/system.mss'.
Design is not opened in the current session.


13:03:39 INFO  : 'targets -set -filter {jtag_cable_name =~ "Digilent Zed 210248650715" && level==0} -index 1' command is executed.
13:03:39 INFO  : 'fpga -state' command is executed.
13:03:39 INFO  : Connected to target on host '127.0.0.1' and port '3121'.
13:03:39 INFO  : Jtag cable 'Digilent Zed 210248650715' is selected.
13:03:39 INFO  : 'jtag frequency' command is executed.
13:03:39 INFO  : Sourcing of 'C:/Users/user/Desktop/lab3_customIP/lab3_part3/lab3_part3.sdk/design_1_wrapper_hw_platform_0/ps7_init.tcl' is done.
13:03:39 INFO  : Context for 'APU' is selected.
13:03:39 INFO  : Hardware design information is loaded from 'C:/Users/user/Desktop/lab3_customIP/lab3_part3/lab3_part3.sdk/design_1_wrapper_hw_platform_0/system.hdf'.
13:03:39 INFO  : Context for 'APU' is selected.
13:03:39 INFO  : 'stop' command is executed.
13:03:40 INFO  : 'ps7_init' command is executed.
13:03:40 INFO  : 'ps7_post_config' command is executed.
13:03:40 INFO  : Context for processor 'ps7_cortexa9_0' is selected.
13:03:40 INFO  : Processor reset is completed for 'ps7_cortexa9_0'.
13:03:40 INFO  : Context for processor 'ps7_cortexa9_0' is selected.
13:03:40 INFO  : The application 'C:/Users/user/Desktop/lab3_customIP/lab3_part3/lab3_part3.sdk/lab3_graycounter/Debug/lab3_graycounter.elf' is downloaded to processor 'ps7_cortexa9_0'.
13:03:40 INFO  : ----------------XSDB Script----------------
connect -url tcp:127.0.0.1:3121
source C:/Users/user/Desktop/lab3_customIP/lab3_part3/lab3_part3.sdk/design_1_wrapper_hw_platform_0/ps7_init.tcl
targets -set -nocase -filter {name =~"APU*" && jtag_cable_name =~ "Digilent Zed 210248650715"} -index 0
loadhw C:/Users/user/Desktop/lab3_customIP/lab3_part3/lab3_part3.sdk/design_1_wrapper_hw_platform_0/system.hdf
targets -set -nocase -filter {name =~"APU*" && jtag_cable_name =~ "Digilent Zed 210248650715"} -index 0
stop
ps7_init
ps7_post_config
targets -set -nocase -filter {name =~ "ARM*#0" && jtag_cable_name =~ "Digilent Zed 210248650715"} -index 0
rst -processor
targets -set -nocase -filter {name =~ "ARM*#0" && jtag_cable_name =~ "Digilent Zed 210248650715"} -index 0
dow C:/Users/user/Desktop/lab3_customIP/lab3_part3/lab3_part3.sdk/lab3_graycounter/Debug/lab3_graycounter.elf
----------------End of Script----------------

13:03:40 INFO  : Memory regions updated for context APU
13:03:41 INFO  : Context for processor 'ps7_cortexa9_0' is selected.
13:03:41 INFO  : 'con' command is executed.
13:03:41 INFO  : ----------------XSDB Script (After Launch)----------------
targets -set -nocase -filter {name =~ "ARM*#0" && jtag_cable_name =~ "Digilent Zed 210248650715"} -index 0
con
----------------End of Script----------------

13:03:41 INFO  : Launch script is exported to file 'C:\Users\user\Desktop\lab3_customIP\lab3_part3\lab3_part3.sdk\.sdk\launch_scripts\xilinx_c-c++_application_(system_debugger)\system_debugger_using_debug_lab3_graycounter.elf_on_local.tcl'
13:04:30 INFO  : Disconnected from the channel tcfchan#1.
13:04:32 ERROR : Unexpected error while parsing XMD response ?: com.google.gson.JsonSyntaxException: com.google.gson.stream.MalformedJsonException: invalid number or unquoted string near 
00:40:17 INFO  : Registering command handlers for SDK TCF services
00:40:18 INFO  : Launching XSCT server: xsct.bat -interactive C:\Users\user\Desktop\lab3_customIP\lab3_part3\lab3_part3.sdk\temp_xsdb_launch_script.tcl
00:40:30 INFO  : XSCT server has started successfully.
00:40:34 INFO  : Successfully done setting XSCT server connection channel  
00:40:34 INFO  : Successfully done setting SDK workspace  
00:40:34 INFO  : Processing command line option -hwspec C:/Users/user/Desktop/lab3_customIP/lab3_part3/lab3_part3.sdk/design_1_wrapper.hdf.
00:40:34 INFO  : Checking for hwspec changes in the project design_1_wrapper_hw_platform_0.
04:46:27 INFO  : Registering command handlers for SDK TCF services
04:46:29 INFO  : Launching XSCT server: xsct.bat -interactive C:\Users\user\Desktop\lab3_customIP\lab3_part3\lab3_part3.sdk\temp_xsdb_launch_script.tcl
04:46:39 INFO  : XSCT server has started successfully.
04:46:39 INFO  : Successfully done setting XSCT server connection channel  
04:46:42 INFO  : Successfully done setting SDK workspace  
04:46:42 INFO  : Processing command line option -hwspec C:/Users/user/Desktop/lab3_customIP/lab3_part3/lab3_part3.sdk/design_1_wrapper.hdf.
04:46:42 INFO  : Checking for hwspec changes in the project design_1_wrapper_hw_platform_0.
16:42:50 INFO  : Registering command handlers for SDK TCF services
16:42:51 INFO  : Launching XSCT server: xsct.bat -interactive C:\Users\user\Desktop\lab3_customIP\lab3_part3\lab3_part3.sdk\temp_xsdb_launch_script.tcl
16:42:57 INFO  : XSCT server has started successfully.
16:42:57 INFO  : Successfully done setting XSCT server connection channel  
16:43:13 INFO  : Successfully done setting SDK workspace  
16:43:13 INFO  : Processing command line option -hwspec C:/Users/user/Desktop/lab3_customIP/lab3_part3/lab3_part3.sdk/design_1_wrapper.hdf.
16:43:13 INFO  : Checking for hwspec changes in the project design_1_wrapper_hw_platform_0.
17:32:49 INFO  : Registering command handlers for SDK TCF services
17:32:49 INFO  : Launching XSCT server: xsct.bat -interactive C:\Users\user\Desktop\lab3_customIP\lab3_part3\lab3_part3.sdk\temp_xsdb_launch_script.tcl
17:32:53 INFO  : XSCT server has started successfully.
17:32:54 INFO  : Successfully done setting XSCT server connection channel  
17:32:54 INFO  : Successfully done setting SDK workspace  
17:32:54 INFO  : Processing command line option -hwspec C:/Users/user/Desktop/lab3_customIP/lab3_part3/lab3_part3.sdk/design_1_wrapper.hdf.
17:32:54 INFO  : Checking for hwspec changes in the project design_1_wrapper_hw_platform_0.
17:32:59 INFO  : SDK has detected change in the last modified timestamps for source hardware specification file Source:1491402589591,  Project:1491300014245
17:32:59 INFO  : The hardware specification for project 'design_1_wrapper_hw_platform_0' is different from C:/Users/user/Desktop/lab3_customIP/lab3_part3/lab3_part3.sdk/design_1_wrapper.hdf.
17:32:59 INFO  : Copied contents of C:/Users/user/Desktop/lab3_customIP/lab3_part3/lab3_part3.sdk/design_1_wrapper.hdf into \design_1_wrapper_hw_platform_0\system.hdf.
17:33:08 INFO  : Synchronizing projects in the workspace with the hardware platform specification changes.
17:34:07 ERROR : (XSDB Server)ERROR: [Hsi 55-1433] Error boost::filesystem::directory_iterator::construct: Δεν επιτρέπεται η πρόσβαση: "C:/Users/user/AppData/Local/Temp\msdtadmin"

17:34:16 ERROR : Failed to call sync_sw_with_hw_change
Reason: ERROR: [Common 17-39] 'hsi::open_sw_design' failed due to earlier errors.

17:34:16 ERROR : Error updating BSP project MSS files.
17:34:17 INFO  : Updating hardware inferred compiler options for lab3_graycounter.
17:34:17 INFO  : Clearing existing target manager status.
17:36:47 INFO  : Connected to target on host '127.0.0.1' and port '3121'.
17:36:49 INFO  : 'targets -set -filter {jtag_cable_name =~ "Digilent Zed 210248650939" && level==0} -index 1' command is executed.
17:36:52 INFO  : FPGA configured successfully with bitstream "C:/Users/user/Desktop/lab3_customIP/lab3_part3/lab3_part3.sdk/design_1_wrapper_hw_platform_0/design_1_wrapper.bit"
17:37:10 ERROR : (XSDB Server)ERROR: [Hsi 55-1558] Software Design system system is not found

17:37:10 ERROR :  [Common 17-39] 'hsi::current_sw_design' failed due to earlier errors.
17:37:10 ERROR : (XSDB Server)ERROR: [Hsi 55-1558] Software Design system system is not found

17:37:10 INFO  : Unable to read in MSS file C:\Users\user\Desktop\lab3_customIP\lab3_part3\lab3_part3.sdk\bsp_for_lab3_graycounter\system.mss : null
17:37:10 ERROR : Failed to closesw "C:/Users/user/Desktop/lab3_customIP/lab3_part3/lab3_part3.sdk/bsp_for_lab3_graycounter/system.mss"
Reason: Cannot close sw design 'C:/Users/user/Desktop/lab3_customIP/lab3_part3/lab3_part3.sdk/bsp_for_lab3_graycounter/system.mss'.
Design is not opened in the current session.


17:38:05 ERROR : (XSDB Server)ERROR: [Hsi 55-1558] Software Design system system is not found

17:38:05 ERROR :  [Common 17-39] 'hsi::current_sw_design' failed due to earlier errors.
17:38:05 ERROR : (XSDB Server)ERROR: [Hsi 55-1558] Software Design system system is not found

17:38:05 INFO  : Unable to read in MSS file C:\Users\user\Desktop\lab3_customIP\lab3_part3\lab3_part3.sdk\bsp_for_lab3_graycounter\system.mss : null
17:38:05 ERROR : (XSDB Server)ERROR: [Hsi 55-1558] Software Design system system is not found

17:38:05 ERROR : (XSDB Server)ERROR: [Hsi 55-1558] Software Design system system is not found

17:38:05 ERROR : Failed to get_connected_periphs
Reason: ERROR: [Common 17-55] 'get_property' expects at least one object.
Resolution: If [get_<value>] was used to populate the object, check to make sure this command returns at least one valid object.

17:38:18 ERROR : Unexpected error while parsing XMD response ?: com.google.gson.JsonSyntaxException: com.google.gson.stream.MalformedJsonException: invalid number or unquoted string near 
17:38:33 INFO  : Registering command handlers for SDK TCF services
17:38:33 INFO  : Launching XSCT server: xsct.bat -interactive C:\Users\user\Desktop\lab3_customIP\lab3_part3\lab3_part3.sdk\temp_xsdb_launch_script.tcl
17:38:35 INFO  : XSCT server has started successfully.
17:38:36 INFO  : Successfully done setting XSCT server connection channel  
17:38:36 INFO  : Successfully done setting SDK workspace  
17:38:36 INFO  : Processing command line option -hwspec C:/Users/user/Desktop/lab3_customIP/lab3_part3/lab3_part3.sdk/design_1_wrapper.hdf.
17:38:36 INFO  : Checking for hwspec changes in the project design_1_wrapper_hw_platform_0.
17:38:46 INFO  : Connected to target on host '127.0.0.1' and port '3121'.
17:38:50 INFO  : 'targets -set -filter {jtag_cable_name =~ "Digilent Zed 210248650939" && level==0} -index 1' command is executed.
17:38:53 INFO  : FPGA configured successfully with bitstream "C:/Users/user/Desktop/lab3_customIP/lab3_part3/lab3_part3.sdk/design_1_wrapper_hw_platform_0/design_1_wrapper.bit"
17:39:03 INFO  : 'targets -set -filter {jtag_cable_name =~ "Digilent Zed 210248650939" && level==0} -index 1' command is executed.
17:39:03 INFO  : 'fpga -state' command is executed.
17:39:03 INFO  : Connected to target on host '127.0.0.1' and port '3121'.
17:39:03 INFO  : Jtag cable 'Digilent Zed 210248650939' is selected.
17:39:03 INFO  : 'jtag frequency' command is executed.
17:39:03 INFO  : Sourcing of 'C:/Users/user/Desktop/lab3_customIP/lab3_part3/lab3_part3.sdk/design_1_wrapper_hw_platform_0/ps7_init.tcl' is done.
17:39:03 INFO  : Context for 'APU' is selected.
17:39:03 INFO  : Hardware design information is loaded from 'C:/Users/user/Desktop/lab3_customIP/lab3_part3/lab3_part3.sdk/design_1_wrapper_hw_platform_0/system.hdf'.
17:39:03 INFO  : Context for 'APU' is selected.
17:39:04 INFO  : 'stop' command is executed.
17:39:12 INFO  : 'ps7_init' command is executed.
17:39:12 INFO  : 'ps7_post_config' command is executed.
17:39:13 INFO  : Context for processor 'ps7_cortexa9_0' is selected.
17:39:13 INFO  : Processor reset is completed for 'ps7_cortexa9_0'.
17:39:13 INFO  : Context for processor 'ps7_cortexa9_0' is selected.
17:39:14 INFO  : The application 'C:/Users/user/Desktop/lab3_customIP/lab3_part3/lab3_part3.sdk/lab3_graycounter/Debug/lab3_graycounter.elf' is downloaded to processor 'ps7_cortexa9_0'.
17:39:14 INFO  : ----------------XSDB Script----------------
connect -url tcp:127.0.0.1:3121
source C:/Users/user/Desktop/lab3_customIP/lab3_part3/lab3_part3.sdk/design_1_wrapper_hw_platform_0/ps7_init.tcl
targets -set -nocase -filter {name =~"APU*" && jtag_cable_name =~ "Digilent Zed 210248650939"} -index 0
loadhw C:/Users/user/Desktop/lab3_customIP/lab3_part3/lab3_part3.sdk/design_1_wrapper_hw_platform_0/system.hdf
targets -set -nocase -filter {name =~"APU*" && jtag_cable_name =~ "Digilent Zed 210248650939"} -index 0
stop
ps7_init
ps7_post_config
targets -set -nocase -filter {name =~ "ARM*#0" && jtag_cable_name =~ "Digilent Zed 210248650939"} -index 0
rst -processor
targets -set -nocase -filter {name =~ "ARM*#0" && jtag_cable_name =~ "Digilent Zed 210248650939"} -index 0
dow C:/Users/user/Desktop/lab3_customIP/lab3_part3/lab3_part3.sdk/lab3_graycounter/Debug/lab3_graycounter.elf
----------------End of Script----------------

17:39:14 INFO  : Memory regions updated for context APU
17:39:14 INFO  : Context for processor 'ps7_cortexa9_0' is selected.
17:39:14 INFO  : 'con' command is executed.
17:39:14 INFO  : ----------------XSDB Script (After Launch)----------------
targets -set -nocase -filter {name =~ "ARM*#0" && jtag_cable_name =~ "Digilent Zed 210248650939"} -index 0
con
----------------End of Script----------------

17:39:14 INFO  : Launch script is exported to file 'C:\Users\user\Desktop\lab3_customIP\lab3_part3\lab3_part3.sdk\.sdk\launch_scripts\xilinx_c-c++_application_(system_debugger)\system_debugger_using_debug_lab3_graycounter.elf_on_local.tcl'
17:41:22 INFO  : Disconnected from the channel tcfchan#1.
18:03:55 INFO  : Registering command handlers for SDK TCF services
18:03:57 INFO  : Launching XSCT server: xsct.bat -interactive C:\Users\user\Desktop\lab3_customIP\lab3_part3\lab3_part3.sdk\temp_xsdb_launch_script.tcl
18:04:05 INFO  : XSCT server has started successfully.
18:04:05 INFO  : Successfully done setting XSCT server connection channel  
18:04:07 INFO  : Successfully done setting SDK workspace  
18:04:07 INFO  : Processing command line option -hwspec C:/Users/user/Desktop/lab3_customIP/lab3_part3/lab3_part3.sdk/design_1_wrapper.hdf.
18:04:07 INFO  : Checking for hwspec changes in the project design_1_wrapper_hw_platform_0.
18:04:09 INFO  : SDK has detected change in the last modified timestamps for source hardware specification file Source:1491404577519,  Project:1491402589591
18:04:09 INFO  : The hardware specification for project 'design_1_wrapper_hw_platform_0' is different from C:/Users/user/Desktop/lab3_customIP/lab3_part3/lab3_part3.sdk/design_1_wrapper.hdf.
18:04:10 INFO  : Copied contents of C:/Users/user/Desktop/lab3_customIP/lab3_part3/lab3_part3.sdk/design_1_wrapper.hdf into \design_1_wrapper_hw_platform_0\system.hdf.
18:04:14 INFO  : Synchronizing projects in the workspace with the hardware platform specification changes.
18:05:12 ERROR : (XSDB Server)ERROR: [Hsi 55-1433] Error boost::filesystem::directory_iterator::construct: Δεν επιτρέπεται η πρόσβαση: "C:/Users/user/AppData/Local/Temp\msdtadmin"

18:05:21 ERROR : Failed to call sync_sw_with_hw_change
Reason: ERROR: [Common 17-39] 'hsi::open_sw_design' failed due to earlier errors.

18:05:21 ERROR : Error updating BSP project MSS files.
18:05:22 INFO  : Updating hardware inferred compiler options for lab3_graycounter.
18:05:22 INFO  : Clearing existing target manager status.
18:06:00 ERROR : (XSDB Server)ERROR: [Hsi 55-1558] Software Design system system is not found

18:06:00 ERROR :  [Common 17-39] 'hsi::current_sw_design' failed due to earlier errors.
18:06:00 ERROR : (XSDB Server)ERROR: [Hsi 55-1558] Software Design system system is not found

18:06:00 INFO  : Unable to read in MSS file C:\Users\user\Desktop\lab3_customIP\lab3_part3\lab3_part3.sdk\bsp_for_lab3_graycounter\system.mss : null
18:06:00 ERROR : (XSDB Server)ERROR: [Hsi 55-1558] Software Design system system is not found

18:06:00 ERROR : (XSDB Server)ERROR: [Hsi 55-1558] Software Design system system is not found

18:06:00 ERROR : Failed to get_connected_periphs
Reason: ERROR: [Common 17-55] 'get_property' expects at least one object.
Resolution: If [get_<value>] was used to populate the object, check to make sure this command returns at least one valid object.

18:06:07 ERROR : Unexpected error while parsing XMD response ?: com.google.gson.JsonSyntaxException: com.google.gson.stream.MalformedJsonException: invalid number or unquoted string near 
18:06:23 INFO  : Registering command handlers for SDK TCF services
18:06:23 INFO  : Launching XSCT server: xsct.bat -interactive C:\Users\user\Desktop\lab3_customIP\lab3_part3\lab3_part3.sdk\temp_xsdb_launch_script.tcl
18:06:25 INFO  : XSCT server has started successfully.
18:06:25 INFO  : Successfully done setting XSCT server connection channel  
18:06:26 INFO  : Successfully done setting SDK workspace  
18:06:26 INFO  : Processing command line option -hwspec C:/Users/user/Desktop/lab3_customIP/lab3_part3/lab3_part3.sdk/design_1_wrapper.hdf.
18:06:26 INFO  : Checking for hwspec changes in the project design_1_wrapper_hw_platform_0.
18:08:03 INFO  : Connected to target on host '127.0.0.1' and port '3121'.
18:08:05 INFO  : 'targets -set -filter {jtag_cable_name =~ "Digilent Zed 210248650939" && level==0} -index 1' command is executed.
18:08:08 INFO  : FPGA configured successfully with bitstream "C:/Users/user/Desktop/lab3_customIP/lab3_part3/lab3_part3.sdk/design_1_wrapper_hw_platform_0/design_1_wrapper.bit"
18:08:29 INFO  : 'targets -set -filter {jtag_cable_name =~ "Digilent Zed 210248650939" && level==0} -index 1' command is executed.
18:08:29 INFO  : 'fpga -state' command is executed.
18:08:29 INFO  : Connected to target on host '127.0.0.1' and port '3121'.
18:08:29 INFO  : Jtag cable 'Digilent Zed 210248650939' is selected.
18:08:29 INFO  : 'jtag frequency' command is executed.
18:08:30 INFO  : Sourcing of 'C:/Users/user/Desktop/lab3_customIP/lab3_part3/lab3_part3.sdk/design_1_wrapper_hw_platform_0/ps7_init.tcl' is done.
18:08:30 INFO  : Context for 'APU' is selected.
18:08:30 INFO  : Hardware design information is loaded from 'C:/Users/user/Desktop/lab3_customIP/lab3_part3/lab3_part3.sdk/design_1_wrapper_hw_platform_0/system.hdf'.
18:08:30 INFO  : Context for 'APU' is selected.
18:08:30 INFO  : 'stop' command is executed.
18:08:40 INFO  : 'ps7_init' command is executed.
18:08:41 INFO  : 'ps7_post_config' command is executed.
18:08:41 INFO  : Context for processor 'ps7_cortexa9_0' is selected.
18:08:41 INFO  : Processor reset is completed for 'ps7_cortexa9_0'.
18:08:41 INFO  : Context for processor 'ps7_cortexa9_0' is selected.
18:08:42 INFO  : The application 'C:/Users/user/Desktop/lab3_customIP/lab3_part3/lab3_part3.sdk/lab3_graycounter/Debug/lab3_graycounter.elf' is downloaded to processor 'ps7_cortexa9_0'.
18:08:42 INFO  : ----------------XSDB Script----------------
connect -url tcp:127.0.0.1:3121
source C:/Users/user/Desktop/lab3_customIP/lab3_part3/lab3_part3.sdk/design_1_wrapper_hw_platform_0/ps7_init.tcl
targets -set -nocase -filter {name =~"APU*" && jtag_cable_name =~ "Digilent Zed 210248650939"} -index 0
loadhw C:/Users/user/Desktop/lab3_customIP/lab3_part3/lab3_part3.sdk/design_1_wrapper_hw_platform_0/system.hdf
targets -set -nocase -filter {name =~"APU*" && jtag_cable_name =~ "Digilent Zed 210248650939"} -index 0
stop
ps7_init
ps7_post_config
targets -set -nocase -filter {name =~ "ARM*#0" && jtag_cable_name =~ "Digilent Zed 210248650939"} -index 0
rst -processor
targets -set -nocase -filter {name =~ "ARM*#0" && jtag_cable_name =~ "Digilent Zed 210248650939"} -index 0
dow C:/Users/user/Desktop/lab3_customIP/lab3_part3/lab3_part3.sdk/lab3_graycounter/Debug/lab3_graycounter.elf
----------------End of Script----------------

18:08:42 INFO  : Memory regions updated for context APU
18:08:42 INFO  : Context for processor 'ps7_cortexa9_0' is selected.
18:08:42 INFO  : 'con' command is executed.
18:08:42 INFO  : ----------------XSDB Script (After Launch)----------------
targets -set -nocase -filter {name =~ "ARM*#0" && jtag_cable_name =~ "Digilent Zed 210248650939"} -index 0
con
----------------End of Script----------------

18:08:42 INFO  : Launch script is exported to file 'C:\Users\user\Desktop\lab3_customIP\lab3_part3\lab3_part3.sdk\.sdk\launch_scripts\xilinx_c-c++_application_(system_debugger)\system_debugger_using_debug_lab3_graycounter.elf_on_local.tcl'
18:09:52 INFO  : Disconnected from the channel tcfchan#1.
14:59:04 INFO  : Registering command handlers for SDK TCF services
14:59:06 INFO  : Launching XSCT server: xsct -n -interactive /home/trakaros/tou_nikou/lab3_part3/lab3_part3.sdk/temp_xsdb_launch_script.tcl
14:59:10 INFO  : XSCT server has started successfully.
14:59:24 INFO  : Successfully done setting XSCT server connection channel  
14:59:24 INFO  : Successfully done setting SDK workspace  
14:59:24 INFO  : Processing command line option -hwspec /home/trakaros/tou_nikou/lab3_part3/lab3_part3.sdk/design_1_wrapper.hdf.
15:17:26 INFO  : Refreshed build settings on project matrix_multiplication_lab_4
15:18:42 INFO  : Refreshed build settings on project matrix_multiplication_lab_4
15:21:24 INFO  : Refreshed build settings on project matrix_multiplication_lab_4
15:27:54 INFO  : No changes in MSS file content so not generating sources.
12:56:20 INFO  : Registering command handlers for SDK TCF services
12:56:21 INFO  : Launching XSCT server: xsct -n -interactive /home/trakaros/tou_nikou/lab3_part3/lab3_part3.sdk/temp_xsdb_launch_script.tcl
12:56:27 INFO  : XSCT server has started successfully.
12:56:42 INFO  : Successfully done setting XSCT server connection channel  
12:56:42 INFO  : Successfully done setting SDK workspace  
12:56:42 INFO  : Processing command line option -hwspec /home/trakaros/tou_nikou/lab3_part3/lab3_part3.sdk/design_1_wrapper.hdf.
12:56:42 INFO  : Checking for hwspec changes in the project design_1_wrapper_hw_platform_1.
12:56:46 INFO  : SDK has detected change in the last modified timestamps for source hardware specification file Source:1493283072000,  Project:1493207613000
12:56:46 INFO  : The hardware specification for project 'design_1_wrapper_hw_platform_1' is different from /home/trakaros/tou_nikou/lab3_part3/lab3_part3.sdk/design_1_wrapper.hdf.
12:56:46 INFO  : Copied contents of /home/trakaros/tou_nikou/lab3_part3/lab3_part3.sdk/design_1_wrapper.hdf into /design_1_wrapper_hw_platform_1/system.hdf.
12:56:58 INFO  : Synchronizing projects in the workspace with the hardware platform specification changes.
12:57:02 INFO  : 
12:57:03 INFO  : Updating hardware inferred compiler options for matrix_multiplication_lab4.
12:57:03 INFO  : Clearing existing target manager status.
12:57:03 WARN  : Unable to obtain port 2350 for use by XMD, java.net.BindException: Address already in use
13:00:51 ERROR : Unexpected error while parsing XMD response οΏΏ: com.google.gson.JsonSyntaxException: com.google.gson.stream.MalformedJsonException: invalid number or unquoted string near 
13:01:04 INFO  : Registering command handlers for SDK TCF services
13:01:04 INFO  : Launching XSCT server: xsct -n -interactive /home/trakaros/tou_nikou/lab3_part3/lab3_part3.sdk/temp_xsdb_launch_script.tcl
13:01:05 INFO  : XSCT server has started successfully.
13:01:05 INFO  : Successfully done setting XSCT server connection channel  
13:01:06 INFO  : Successfully done setting SDK workspace  
13:01:06 INFO  : Processing command line option -hwspec /home/trakaros/tou_nikou/lab3_part3/lab3_part3.sdk/design_1_wrapper.hdf.
13:01:06 INFO  : Checking for hwspec changes in the project design_1_wrapper_hw_platform_1.
