
*** Running vivado
    with args -log project_5_auto_pc_2.vds -m64 -product Vivado -mode batch -messageDb vivado.pb -notrace -source project_5_auto_pc_2.tcl


****** Vivado v2017.1 (64-bit)
  **** SW Build 1846317 on Fri Apr 14 18:54:47 MDT 2017
  **** IP Build 1846188 on Fri Apr 14 20:52:08 MDT 2017
    ** Copyright 1986-2017 Xilinx, Inc. All Rights Reserved.

source project_5_auto_pc_2.tcl -notrace
Starting RTL Elaboration : Time (s): cpu = 00:00:05 ; elapsed = 00:00:05 . Memory (MB): peak = 1180.930 ; gain = 77.996 ; free physical = 1559 ; free virtual = 5546
INFO: [Synth 8-638] synthesizing module 'project_5_auto_pc_2' [/home/trakaros/tou_nikou/lab5_hw_hls/lab5_hw_hls.srcs/sources_1/bd/project_5/ip/project_5_auto_pc_2/synth/project_5_auto_pc_2.v:58]
INFO: [Synth 8-638] synthesizing module 'axi_protocol_converter_v2_1_12_axi_protocol_converter' [/home/trakaros/tou_nikou/lab5_hw_hls/lab5_hw_hls.srcs/sources_1/bd/project_5/ipshared/138d/hdl/axi_protocol_converter_v2_1_vl_rfs.v:4811]
INFO: [Synth 8-638] synthesizing module 'axi_protocol_converter_v2_1_12_b2s' [/home/trakaros/tou_nikou/lab5_hw_hls/lab5_hw_hls.srcs/sources_1/bd/project_5/ipshared/138d/hdl/axi_protocol_converter_v2_1_vl_rfs.v:4229]
INFO: [Synth 8-638] synthesizing module 'axi_protocol_converter_v2_1_12_b2s_aw_channel' [/home/trakaros/tou_nikou/lab5_hw_hls/lab5_hw_hls.srcs/sources_1/bd/project_5/ipshared/138d/hdl/axi_protocol_converter_v2_1_vl_rfs.v:3974]
INFO: [Synth 8-638] synthesizing module 'axi_protocol_converter_v2_1_12_b2s_cmd_translator' [/home/trakaros/tou_nikou/lab5_hw_hls/lab5_hw_hls.srcs/sources_1/bd/project_5/ipshared/138d/hdl/axi_protocol_converter_v2_1_vl_rfs.v:3467]
INFO: [Synth 8-638] synthesizing module 'axi_protocol_converter_v2_1_12_b2s_incr_cmd' [/home/trakaros/tou_nikou/lab5_hw_hls/lab5_hw_hls.srcs/sources_1/bd/project_5/ipshared/138d/hdl/axi_protocol_converter_v2_1_vl_rfs.v:3093]
INFO: [Synth 8-256] done synthesizing module 'axi_protocol_converter_v2_1_12_b2s_incr_cmd' (1#1) [/home/trakaros/tou_nikou/lab5_hw_hls/lab5_hw_hls.srcs/sources_1/bd/project_5/ipshared/138d/hdl/axi_protocol_converter_v2_1_vl_rfs.v:3093]
INFO: [Synth 8-638] synthesizing module 'axi_protocol_converter_v2_1_12_b2s_wrap_cmd' [/home/trakaros/tou_nikou/lab5_hw_hls/lab5_hw_hls.srcs/sources_1/bd/project_5/ipshared/138d/hdl/axi_protocol_converter_v2_1_vl_rfs.v:2903]
INFO: [Synth 8-256] done synthesizing module 'axi_protocol_converter_v2_1_12_b2s_wrap_cmd' (2#1) [/home/trakaros/tou_nikou/lab5_hw_hls/lab5_hw_hls.srcs/sources_1/bd/project_5/ipshared/138d/hdl/axi_protocol_converter_v2_1_vl_rfs.v:2903]
INFO: [Synth 8-256] done synthesizing module 'axi_protocol_converter_v2_1_12_b2s_cmd_translator' (3#1) [/home/trakaros/tou_nikou/lab5_hw_hls/lab5_hw_hls.srcs/sources_1/bd/project_5/ipshared/138d/hdl/axi_protocol_converter_v2_1_vl_rfs.v:3467]
INFO: [Synth 8-638] synthesizing module 'axi_protocol_converter_v2_1_12_b2s_wr_cmd_fsm' [/home/trakaros/tou_nikou/lab5_hw_hls/lab5_hw_hls.srcs/sources_1/bd/project_5/ipshared/138d/hdl/axi_protocol_converter_v2_1_vl_rfs.v:3225]
INFO: [Synth 8-256] done synthesizing module 'axi_protocol_converter_v2_1_12_b2s_wr_cmd_fsm' (4#1) [/home/trakaros/tou_nikou/lab5_hw_hls/lab5_hw_hls.srcs/sources_1/bd/project_5/ipshared/138d/hdl/axi_protocol_converter_v2_1_vl_rfs.v:3225]
INFO: [Synth 8-256] done synthesizing module 'axi_protocol_converter_v2_1_12_b2s_aw_channel' (5#1) [/home/trakaros/tou_nikou/lab5_hw_hls/lab5_hw_hls.srcs/sources_1/bd/project_5/ipshared/138d/hdl/axi_protocol_converter_v2_1_vl_rfs.v:3974]
INFO: [Synth 8-638] synthesizing module 'axi_protocol_converter_v2_1_12_b2s_b_channel' [/home/trakaros/tou_nikou/lab5_hw_hls/lab5_hw_hls.srcs/sources_1/bd/project_5/ipshared/138d/hdl/axi_protocol_converter_v2_1_vl_rfs.v:3609]
INFO: [Synth 8-638] synthesizing module 'axi_protocol_converter_v2_1_12_b2s_simple_fifo' [/home/trakaros/tou_nikou/lab5_hw_hls/lab5_hw_hls.srcs/sources_1/bd/project_5/ipshared/138d/hdl/axi_protocol_converter_v2_1_vl_rfs.v:2816]
INFO: [Synth 8-256] done synthesizing module 'axi_protocol_converter_v2_1_12_b2s_simple_fifo' (6#1) [/home/trakaros/tou_nikou/lab5_hw_hls/lab5_hw_hls.srcs/sources_1/bd/project_5/ipshared/138d/hdl/axi_protocol_converter_v2_1_vl_rfs.v:2816]
INFO: [Synth 8-638] synthesizing module 'axi_protocol_converter_v2_1_12_b2s_simple_fifo__parameterized0' [/home/trakaros/tou_nikou/lab5_hw_hls/lab5_hw_hls.srcs/sources_1/bd/project_5/ipshared/138d/hdl/axi_protocol_converter_v2_1_vl_rfs.v:2816]
INFO: [Synth 8-256] done synthesizing module 'axi_protocol_converter_v2_1_12_b2s_simple_fifo__parameterized0' (6#1) [/home/trakaros/tou_nikou/lab5_hw_hls/lab5_hw_hls.srcs/sources_1/bd/project_5/ipshared/138d/hdl/axi_protocol_converter_v2_1_vl_rfs.v:2816]
INFO: [Synth 8-256] done synthesizing module 'axi_protocol_converter_v2_1_12_b2s_b_channel' (7#1) [/home/trakaros/tou_nikou/lab5_hw_hls/lab5_hw_hls.srcs/sources_1/bd/project_5/ipshared/138d/hdl/axi_protocol_converter_v2_1_vl_rfs.v:3609]
INFO: [Synth 8-638] synthesizing module 'axi_protocol_converter_v2_1_12_b2s_ar_channel' [/home/trakaros/tou_nikou/lab5_hw_hls/lab5_hw_hls.srcs/sources_1/bd/project_5/ipshared/138d/hdl/axi_protocol_converter_v2_1_vl_rfs.v:4085]
INFO: [Synth 8-638] synthesizing module 'axi_protocol_converter_v2_1_12_b2s_rd_cmd_fsm' [/home/trakaros/tou_nikou/lab5_hw_hls/lab5_hw_hls.srcs/sources_1/bd/project_5/ipshared/138d/hdl/axi_protocol_converter_v2_1_vl_rfs.v:3336]
INFO: [Synth 8-256] done synthesizing module 'axi_protocol_converter_v2_1_12_b2s_rd_cmd_fsm' (8#1) [/home/trakaros/tou_nikou/lab5_hw_hls/lab5_hw_hls.srcs/sources_1/bd/project_5/ipshared/138d/hdl/axi_protocol_converter_v2_1_vl_rfs.v:3336]
INFO: [Synth 8-256] done synthesizing module 'axi_protocol_converter_v2_1_12_b2s_ar_channel' (9#1) [/home/trakaros/tou_nikou/lab5_hw_hls/lab5_hw_hls.srcs/sources_1/bd/project_5/ipshared/138d/hdl/axi_protocol_converter_v2_1_vl_rfs.v:4085]
INFO: [Synth 8-638] synthesizing module 'axi_protocol_converter_v2_1_12_b2s_r_channel' [/home/trakaros/tou_nikou/lab5_hw_hls/lab5_hw_hls.srcs/sources_1/bd/project_5/ipshared/138d/hdl/axi_protocol_converter_v2_1_vl_rfs.v:3814]
INFO: [Synth 8-638] synthesizing module 'axi_protocol_converter_v2_1_12_b2s_simple_fifo__parameterized1' [/home/trakaros/tou_nikou/lab5_hw_hls/lab5_hw_hls.srcs/sources_1/bd/project_5/ipshared/138d/hdl/axi_protocol_converter_v2_1_vl_rfs.v:2816]
INFO: [Synth 8-256] done synthesizing module 'axi_protocol_converter_v2_1_12_b2s_simple_fifo__parameterized1' (9#1) [/home/trakaros/tou_nikou/lab5_hw_hls/lab5_hw_hls.srcs/sources_1/bd/project_5/ipshared/138d/hdl/axi_protocol_converter_v2_1_vl_rfs.v:2816]
INFO: [Synth 8-638] synthesizing module 'axi_protocol_converter_v2_1_12_b2s_simple_fifo__parameterized2' [/home/trakaros/tou_nikou/lab5_hw_hls/lab5_hw_hls.srcs/sources_1/bd/project_5/ipshared/138d/hdl/axi_protocol_converter_v2_1_vl_rfs.v:2816]
INFO: [Synth 8-256] done synthesizing module 'axi_protocol_converter_v2_1_12_b2s_simple_fifo__parameterized2' (9#1) [/home/trakaros/tou_nikou/lab5_hw_hls/lab5_hw_hls.srcs/sources_1/bd/project_5/ipshared/138d/hdl/axi_protocol_converter_v2_1_vl_rfs.v:2816]
INFO: [Synth 8-256] done synthesizing module 'axi_protocol_converter_v2_1_12_b2s_r_channel' (10#1) [/home/trakaros/tou_nikou/lab5_hw_hls/lab5_hw_hls.srcs/sources_1/bd/project_5/ipshared/138d/hdl/axi_protocol_converter_v2_1_vl_rfs.v:3814]
INFO: [Synth 8-638] synthesizing module 'axi_register_slice_v2_1_12_axi_register_slice' [/home/trakaros/tou_nikou/lab5_hw_hls/lab5_hw_hls.srcs/sources_1/bd/project_5/ipshared/0e33/hdl/axi_register_slice_v2_1_vl_rfs.v:791]
INFO: [Synth 8-638] synthesizing module 'axi_infrastructure_v1_1_0_axi2vector' [/home/trakaros/tou_nikou/lab5_hw_hls/lab5_hw_hls.srcs/sources_1/bd/project_5/ipshared/7e3a/hdl/axi_infrastructure_v1_1_vl_rfs.v:60]
INFO: [Synth 8-256] done synthesizing module 'axi_infrastructure_v1_1_0_axi2vector' (11#1) [/home/trakaros/tou_nikou/lab5_hw_hls/lab5_hw_hls.srcs/sources_1/bd/project_5/ipshared/7e3a/hdl/axi_infrastructure_v1_1_vl_rfs.v:60]
INFO: [Synth 8-638] synthesizing module 'axi_register_slice_v2_1_12_axic_register_slice' [/home/trakaros/tou_nikou/lab5_hw_hls/lab5_hw_hls.srcs/sources_1/bd/project_5/ipshared/0e33/hdl/axi_register_slice_v2_1_vl_rfs.v:85]
INFO: [Synth 8-256] done synthesizing module 'axi_register_slice_v2_1_12_axic_register_slice' (12#1) [/home/trakaros/tou_nikou/lab5_hw_hls/lab5_hw_hls.srcs/sources_1/bd/project_5/ipshared/0e33/hdl/axi_register_slice_v2_1_vl_rfs.v:85]
INFO: [Synth 8-638] synthesizing module 'axi_register_slice_v2_1_12_axic_register_slice__parameterized0' [/home/trakaros/tou_nikou/lab5_hw_hls/lab5_hw_hls.srcs/sources_1/bd/project_5/ipshared/0e33/hdl/axi_register_slice_v2_1_vl_rfs.v:85]
INFO: [Synth 8-256] done synthesizing module 'axi_register_slice_v2_1_12_axic_register_slice__parameterized0' (12#1) [/home/trakaros/tou_nikou/lab5_hw_hls/lab5_hw_hls.srcs/sources_1/bd/project_5/ipshared/0e33/hdl/axi_register_slice_v2_1_vl_rfs.v:85]
INFO: [Synth 8-638] synthesizing module 'axi_register_slice_v2_1_12_axic_register_slice__parameterized1' [/home/trakaros/tou_nikou/lab5_hw_hls/lab5_hw_hls.srcs/sources_1/bd/project_5/ipshared/0e33/hdl/axi_register_slice_v2_1_vl_rfs.v:85]
INFO: [Synth 8-256] done synthesizing module 'axi_register_slice_v2_1_12_axic_register_slice__parameterized1' (12#1) [/home/trakaros/tou_nikou/lab5_hw_hls/lab5_hw_hls.srcs/sources_1/bd/project_5/ipshared/0e33/hdl/axi_register_slice_v2_1_vl_rfs.v:85]
INFO: [Synth 8-638] synthesizing module 'axi_register_slice_v2_1_12_axic_register_slice__parameterized2' [/home/trakaros/tou_nikou/lab5_hw_hls/lab5_hw_hls.srcs/sources_1/bd/project_5/ipshared/0e33/hdl/axi_register_slice_v2_1_vl_rfs.v:85]
INFO: [Synth 8-256] done synthesizing module 'axi_register_slice_v2_1_12_axic_register_slice__parameterized2' (12#1) [/home/trakaros/tou_nikou/lab5_hw_hls/lab5_hw_hls.srcs/sources_1/bd/project_5/ipshared/0e33/hdl/axi_register_slice_v2_1_vl_rfs.v:85]
INFO: [Synth 8-638] synthesizing module 'axi_infrastructure_v1_1_0_vector2axi' [/home/trakaros/tou_nikou/lab5_hw_hls/lab5_hw_hls.srcs/sources_1/bd/project_5/ipshared/7e3a/hdl/axi_infrastructure_v1_1_vl_rfs.v:474]
INFO: [Synth 8-256] done synthesizing module 'axi_infrastructure_v1_1_0_vector2axi' (13#1) [/home/trakaros/tou_nikou/lab5_hw_hls/lab5_hw_hls.srcs/sources_1/bd/project_5/ipshared/7e3a/hdl/axi_infrastructure_v1_1_vl_rfs.v:474]
INFO: [Synth 8-256] done synthesizing module 'axi_register_slice_v2_1_12_axi_register_slice' (14#1) [/home/trakaros/tou_nikou/lab5_hw_hls/lab5_hw_hls.srcs/sources_1/bd/project_5/ipshared/0e33/hdl/axi_register_slice_v2_1_vl_rfs.v:791]
INFO: [Synth 8-638] synthesizing module 'axi_register_slice_v2_1_12_axi_register_slice__parameterized0' [/home/trakaros/tou_nikou/lab5_hw_hls/lab5_hw_hls.srcs/sources_1/bd/project_5/ipshared/0e33/hdl/axi_register_slice_v2_1_vl_rfs.v:791]
INFO: [Synth 8-638] synthesizing module 'axi_infrastructure_v1_1_0_axi2vector__parameterized0' [/home/trakaros/tou_nikou/lab5_hw_hls/lab5_hw_hls.srcs/sources_1/bd/project_5/ipshared/7e3a/hdl/axi_infrastructure_v1_1_vl_rfs.v:60]
INFO: [Synth 8-256] done synthesizing module 'axi_infrastructure_v1_1_0_axi2vector__parameterized0' (14#1) [/home/trakaros/tou_nikou/lab5_hw_hls/lab5_hw_hls.srcs/sources_1/bd/project_5/ipshared/7e3a/hdl/axi_infrastructure_v1_1_vl_rfs.v:60]
INFO: [Synth 8-638] synthesizing module 'axi_register_slice_v2_1_12_axic_register_slice__parameterized3' [/home/trakaros/tou_nikou/lab5_hw_hls/lab5_hw_hls.srcs/sources_1/bd/project_5/ipshared/0e33/hdl/axi_register_slice_v2_1_vl_rfs.v:85]
INFO: [Synth 8-256] done synthesizing module 'axi_register_slice_v2_1_12_axic_register_slice__parameterized3' (14#1) [/home/trakaros/tou_nikou/lab5_hw_hls/lab5_hw_hls.srcs/sources_1/bd/project_5/ipshared/0e33/hdl/axi_register_slice_v2_1_vl_rfs.v:85]
INFO: [Synth 8-638] synthesizing module 'axi_register_slice_v2_1_12_axic_register_slice__parameterized4' [/home/trakaros/tou_nikou/lab5_hw_hls/lab5_hw_hls.srcs/sources_1/bd/project_5/ipshared/0e33/hdl/axi_register_slice_v2_1_vl_rfs.v:85]
INFO: [Synth 8-256] done synthesizing module 'axi_register_slice_v2_1_12_axic_register_slice__parameterized4' (14#1) [/home/trakaros/tou_nikou/lab5_hw_hls/lab5_hw_hls.srcs/sources_1/bd/project_5/ipshared/0e33/hdl/axi_register_slice_v2_1_vl_rfs.v:85]
INFO: [Synth 8-638] synthesizing module 'axi_register_slice_v2_1_12_axic_register_slice__parameterized5' [/home/trakaros/tou_nikou/lab5_hw_hls/lab5_hw_hls.srcs/sources_1/bd/project_5/ipshared/0e33/hdl/axi_register_slice_v2_1_vl_rfs.v:85]
INFO: [Synth 8-256] done synthesizing module 'axi_register_slice_v2_1_12_axic_register_slice__parameterized5' (14#1) [/home/trakaros/tou_nikou/lab5_hw_hls/lab5_hw_hls.srcs/sources_1/bd/project_5/ipshared/0e33/hdl/axi_register_slice_v2_1_vl_rfs.v:85]
INFO: [Synth 8-638] synthesizing module 'axi_register_slice_v2_1_12_axic_register_slice__parameterized6' [/home/trakaros/tou_nikou/lab5_hw_hls/lab5_hw_hls.srcs/sources_1/bd/project_5/ipshared/0e33/hdl/axi_register_slice_v2_1_vl_rfs.v:85]
INFO: [Synth 8-256] done synthesizing module 'axi_register_slice_v2_1_12_axic_register_slice__parameterized6' (14#1) [/home/trakaros/tou_nikou/lab5_hw_hls/lab5_hw_hls.srcs/sources_1/bd/project_5/ipshared/0e33/hdl/axi_register_slice_v2_1_vl_rfs.v:85]
INFO: [Synth 8-638] synthesizing module 'axi_infrastructure_v1_1_0_vector2axi__parameterized0' [/home/trakaros/tou_nikou/lab5_hw_hls/lab5_hw_hls.srcs/sources_1/bd/project_5/ipshared/7e3a/hdl/axi_infrastructure_v1_1_vl_rfs.v:474]
INFO: [Synth 8-256] done synthesizing module 'axi_infrastructure_v1_1_0_vector2axi__parameterized0' (14#1) [/home/trakaros/tou_nikou/lab5_hw_hls/lab5_hw_hls.srcs/sources_1/bd/project_5/ipshared/7e3a/hdl/axi_infrastructure_v1_1_vl_rfs.v:474]
INFO: [Synth 8-256] done synthesizing module 'axi_register_slice_v2_1_12_axi_register_slice__parameterized0' (14#1) [/home/trakaros/tou_nikou/lab5_hw_hls/lab5_hw_hls.srcs/sources_1/bd/project_5/ipshared/0e33/hdl/axi_register_slice_v2_1_vl_rfs.v:791]
INFO: [Synth 8-256] done synthesizing module 'axi_protocol_converter_v2_1_12_b2s' (15#1) [/home/trakaros/tou_nikou/lab5_hw_hls/lab5_hw_hls.srcs/sources_1/bd/project_5/ipshared/138d/hdl/axi_protocol_converter_v2_1_vl_rfs.v:4229]
INFO: [Synth 8-256] done synthesizing module 'axi_protocol_converter_v2_1_12_axi_protocol_converter' (16#1) [/home/trakaros/tou_nikou/lab5_hw_hls/lab5_hw_hls.srcs/sources_1/bd/project_5/ipshared/138d/hdl/axi_protocol_converter_v2_1_vl_rfs.v:4811]
INFO: [Synth 8-256] done synthesizing module 'project_5_auto_pc_2' (17#1) [/home/trakaros/tou_nikou/lab5_hw_hls/lab5_hw_hls.srcs/sources_1/bd/project_5/ip/project_5_auto_pc_2/synth/project_5_auto_pc_2.v:58]
Finished RTL Elaboration : Time (s): cpu = 00:00:31 ; elapsed = 00:00:32 . Memory (MB): peak = 1302.430 ; gain = 199.496 ; free physical = 1385 ; free virtual = 5393
Finished RTL Optimization Phase 1 : Time (s): cpu = 00:00:31 ; elapsed = 00:00:32 . Memory (MB): peak = 1302.430 ; gain = 199.496 ; free physical = 1382 ; free virtual = 5390
INFO: [Device 21-403] Loading part xc7z020clg484-1
Constraint Validation Runtime : Time (s): cpu = 00:00:00.10 ; elapsed = 00:00:00.06 . Memory (MB): peak = 1600.828 ; gain = 0.000 ; free physical = 1159 ; free virtual = 5192
Finished Constraint Validation : Time (s): cpu = 00:00:43 ; elapsed = 00:00:45 . Memory (MB): peak = 1600.828 ; gain = 497.895 ; free physical = 1230 ; free virtual = 5264
Finished Loading Part and Timing Information : Time (s): cpu = 00:00:43 ; elapsed = 00:00:45 . Memory (MB): peak = 1600.828 ; gain = 497.895 ; free physical = 1230 ; free virtual = 5264
Finished applying 'set_property' XDC Constraints : Time (s): cpu = 00:00:43 ; elapsed = 00:00:45 . Memory (MB): peak = 1600.828 ; gain = 497.895 ; free physical = 1232 ; free virtual = 5265
Finished RTL Optimization Phase 2 : Time (s): cpu = 00:00:43 ; elapsed = 00:00:46 . Memory (MB): peak = 1600.828 ; gain = 497.895 ; free physical = 1222 ; free virtual = 5255
Finished Cross Boundary and Area Optimization : Time (s): cpu = 00:00:45 ; elapsed = 00:00:48 . Memory (MB): peak = 1600.828 ; gain = 497.895 ; free physical = 1232 ; free virtual = 5286
Finished Applying XDC Timing Constraints : Time (s): cpu = 00:00:53 ; elapsed = 00:00:56 . Memory (MB): peak = 1600.828 ; gain = 497.895 ; free physical = 1083 ; free virtual = 5152
Finished Timing Optimization : Time (s): cpu = 00:00:55 ; elapsed = 00:00:57 . Memory (MB): peak = 1625.438 ; gain = 522.504 ; free physical = 1068 ; free virtual = 5142
Finished Technology Mapping : Time (s): cpu = 00:00:55 ; elapsed = 00:00:58 . Memory (MB): peak = 1633.445 ; gain = 530.512 ; free physical = 1768 ; free virtual = 5842
Finished IO Insertion : Time (s): cpu = 00:00:56 ; elapsed = 00:00:59 . Memory (MB): peak = 1633.445 ; gain = 530.512 ; free physical = 1767 ; free virtual = 5843
Finished Renaming Generated Instances : Time (s): cpu = 00:00:56 ; elapsed = 00:00:59 . Memory (MB): peak = 1633.445 ; gain = 530.512 ; free physical = 1767 ; free virtual = 5843
Finished Rebuilding User Hierarchy : Time (s): cpu = 00:00:56 ; elapsed = 00:00:59 . Memory (MB): peak = 1633.445 ; gain = 530.512 ; free physical = 1761 ; free virtual = 5837
Finished Renaming Generated Ports : Time (s): cpu = 00:00:56 ; elapsed = 00:00:59 . Memory (MB): peak = 1633.445 ; gain = 530.512 ; free physical = 1761 ; free virtual = 5837
Finished Handling Custom Attributes : Time (s): cpu = 00:00:56 ; elapsed = 00:00:59 . Memory (MB): peak = 1633.445 ; gain = 530.512 ; free physical = 1761 ; free virtual = 5837
Finished Renaming Generated Nets : Time (s): cpu = 00:00:56 ; elapsed = 00:00:59 . Memory (MB): peak = 1633.445 ; gain = 530.512 ; free physical = 1761 ; free virtual = 5837

Report Cell Usage: 
+------+--------+------+
|      |Cell    |Count |
+------+--------+------+
|1     |CARRY4  |    18|
|2     |LUT1    |    38|
|3     |LUT2    |    18|
|4     |LUT3    |   236|
|5     |LUT4    |    48|
|6     |LUT5    |    73|
|7     |LUT6    |   103|
|8     |SRL16E  |    18|
|9     |SRLC32E |    47|
|10    |FDRE    |   550|
|11    |FDSE    |    48|
+------+--------+------+
Finished Writing Synthesis Report : Time (s): cpu = 00:00:56 ; elapsed = 00:00:59 . Memory (MB): peak = 1633.445 ; gain = 530.512 ; free physical = 1761 ; free virtual = 5837
synth_design: Time (s): cpu = 00:00:58 ; elapsed = 00:01:01 . Memory (MB): peak = 1633.453 ; gain = 543.105 ; free physical = 1810 ; free virtual = 5888
