

================================================================
== Vivado HLS Report for 'ip_sobel'
================================================================
* Date:           Tue May 30 17:47:59 2017

* Version:        2017.1 (Build 1846317 on Fri Apr 14 19:19:38 MDT 2017)
* Project:        ip_sobel
* Solution:       solution1
* Product family: zynq
* Target device:  xc7z020clg484-1


================================================================
== Performance Estimates
================================================================
+ Timing (ns): 
    * Summary: 
    +--------+-------+----------+------------+
    |  Clock | Target| Estimated| Uncertainty|
    +--------+-------+----------+------------+
    |ap_clk  |  10.00|      8.73|        1.25|
    +--------+-------+----------+------------+

+ Latency (clock cycles): 
    * Summary: 
    +-----------+-----------+-----------+-----------+---------+
    |        Latency        |        Interval       | Pipeline|
    |    min    |    max    |    min    |    max    |   Type  |
    +-----------+-----------+-----------+-----------+---------+
    |  195320553|  195320553|  195320554|  195320554|   none  |
    +-----------+-----------+-----------+-----------+---------+

    + Detail: 
        * Instance: 
        +--------------------------+---------------+-----+-----+-----+-----+---------+
        |                          |               |  Latency  |  Interval | Pipeline|
        |         Instance         |     Module    | min | max | min | max |   Type  |
        +--------------------------+---------------+-----+-----+-----+-----+---------+
        |grp_convolution2D_fu_119  |convolution2D  |   70|   70|   70|   70|   none  |
        +--------------------------+---------------+-----+-----+-----+-----+---------+

        * Loop: 
        +-------------+-----------+-----------+----------+-----------+-----------+------+----------+
        |             |        Latency        | Iteration|  Initiation Interval  | Trip |          |
        |  Loop Name  |    min    |    max    |  Latency |  achieved |   target  | Count| Pipelined|
        +-------------+-----------+-----------+----------+-----------+-----------+------+----------+
        |- Loop 1     |  195320552|  195320552|    191116|          -|          -|  1022|    no    |
        | + Loop 1.1  |     191114|     191114|       187|          -|          -|  1022|    no    |
        +-------------+-----------+-----------+----------+-----------+-----------+------+----------+

============================================================
+ Verbose Summary: Synthesis Manager
============================================================
InlineROM: 1
ExposeGlobal: 0
============================================================
+ Verbose Summary: CDFG Model
============================================================
IsTopModel: 1
ResetActiveHigh: 1
IsCombinational: 0
IsDatapathOnly: 0
HasWiredReturn: 1
HasMFsm: 0
HasVarLatency: 1
IsPipeline: 0
IsRtlPipelined: 0
IsInstanceOverlapped: 0
IsDontTouch: 0
HasImplIP: 0
IsGatedGlobalClock: 0


============================================================
+ Verbose Summary: Schedule
============================================================
* Number of FSM states: 49
* Pipeline: 0
* Dataflow Pipeline: 0

* FSM state transitions: 
1 --> 
	2  / true
2 --> 
	3  / (!exitcond1)
3 --> 
	4  / (!exitcond)
	2  / (exitcond)
4 --> 
	5  / true
5 --> 
	6  / true
6 --> 
	7  / true
7 --> 
	8  / true
8 --> 
	9  / true
9 --> 
	10  / true
10 --> 
	11  / true
11 --> 
	12  / true
12 --> 
	13  / true
13 --> 
	14  / true
14 --> 
	15  / true
15 --> 
	16  / true
16 --> 
	17  / true
17 --> 
	18  / true
18 --> 
	19  / true
19 --> 
	20  / true
20 --> 
	21  / true
21 --> 
	22  / true
22 --> 
	23  / true
23 --> 
	24  / true
24 --> 
	25  / true
25 --> 
	26  / true
26 --> 
	27  / true
27 --> 
	28  / true
28 --> 
	29  / true
29 --> 
	30  / true
30 --> 
	31  / true
31 --> 
	32  / true
32 --> 
	33  / true
33 --> 
	34  / true
34 --> 
	35  / true
35 --> 
	36  / true
36 --> 
	37  / true
37 --> 
	38  / true
38 --> 
	39  / true
39 --> 
	40  / true
40 --> 
	41  / true
41 --> 
	42  / true
42 --> 
	43  / true
43 --> 
	44  / true
44 --> 
	45  / true
45 --> 
	46  / true
46 --> 
	47  / true
47 --> 
	48  / true
48 --> 
	49  / true
49 --> 
	3  / true
* FSM state operations: 

 <State 1>: 1.77ns
ST_1: StgValue_50 (5)  [1/1] 0.00ns
:0  call void (...)* @_ssdm_op_SpecBitsMap([1048576 x i8]* %input_img) nounwind, !map !478

ST_1: StgValue_51 (6)  [1/1] 0.00ns
:1  call void (...)* @_ssdm_op_SpecBitsMap([1048576 x i8]* %output_img) nounwind, !map !464

ST_1: StgValue_52 (7)  [1/1] 0.00ns
:2  call void (...)* @_ssdm_op_SpecTopModule([9 x i8]* @ip_sobel_str) nounwind

ST_1: StgValue_53 (8)  [1/1] 1.77ns  loc: ../lab5_custom/lab4_custom.sdk/sobel_filter/src/helloworld.c:46
:3  br label %1


 <State 2>: 3.02ns
ST_2: j (10)  [1/1] 0.00ns
:0  %j = phi i10 [ 1, %0 ], [ %j_1, %6 ]

ST_2: exitcond1 (11)  [1/1] 3.02ns  loc: ../lab5_custom/lab4_custom.sdk/sobel_filter/src/helloworld.c:46
:1  %exitcond1 = icmp eq i10 %j, -1

ST_2: empty (12)  [1/1] 0.00ns
:2  %empty = call i32 (...)* @_ssdm_op_SpecLoopTripCount(i64 1022, i64 1022, i64 1022) nounwind

ST_2: StgValue_57 (13)  [1/1] 0.00ns  loc: ../lab5_custom/lab4_custom.sdk/sobel_filter/src/helloworld.c:46
:3  br i1 %exitcond1, label %7, label %.preheader.preheader

ST_2: StgValue_58 (15)  [1/1] 1.77ns  loc: ../lab5_custom/lab4_custom.sdk/sobel_filter/src/helloworld.c:47
.preheader.preheader:0  br label %.preheader

ST_2: StgValue_59 (76)  [1/1] 0.00ns  loc: ../lab5_custom/lab4_custom.sdk/sobel_filter/src/helloworld.c:64
:0  ret void


 <State 3>: 3.02ns
ST_3: i (17)  [1/1] 0.00ns
.preheader:0  %i = phi i10 [ %i_1, %5 ], [ 1, %.preheader.preheader ]

ST_3: exitcond (18)  [1/1] 3.02ns  loc: ../lab5_custom/lab4_custom.sdk/sobel_filter/src/helloworld.c:47
.preheader:1  %exitcond = icmp eq i10 %i, -1

ST_3: empty_9 (19)  [1/1] 0.00ns
.preheader:2  %empty_9 = call i32 (...)* @_ssdm_op_SpecLoopTripCount(i64 1022, i64 1022, i64 1022) nounwind

ST_3: StgValue_63 (20)  [1/1] 0.00ns  loc: ../lab5_custom/lab4_custom.sdk/sobel_filter/src/helloworld.c:47
.preheader:3  br i1 %exitcond, label %6, label %2

ST_3: tmp1 (22)  [2/2] 1.77ns  loc: ../lab5_custom/lab4_custom.sdk/sobel_filter/src/helloworld.c:50
:0  %tmp1 = call fastcc i32 @convolution2D(i10 %i, i10 %j, [1048576 x i8]* %input_img, [9 x i32]* @horiz_operator) nounwind

ST_3: j_1 (73)  [1/1] 2.84ns  loc: ../lab5_custom/lab4_custom.sdk/sobel_filter/src/helloworld.c:46
:0  %j_1 = add i10 %j, 1

ST_3: StgValue_66 (74)  [1/1] 0.00ns  loc: ../lab5_custom/lab4_custom.sdk/sobel_filter/src/helloworld.c:46
:1  br label %1


 <State 4>: 0.00ns
ST_4: tmp1 (22)  [1/2] 0.00ns  loc: ../lab5_custom/lab4_custom.sdk/sobel_filter/src/helloworld.c:50
:0  %tmp1 = call fastcc i32 @convolution2D(i10 %i, i10 %j, [1048576 x i8]* %input_img, [9 x i32]* @horiz_operator) nounwind


 <State 5>: 1.77ns
ST_5: tmp_1 (24)  [2/2] 1.77ns  loc: ../lab5_custom/lab4_custom.sdk/sobel_filter/src/helloworld.c:51
:2  %tmp_1 = call fastcc i32 @convolution2D(i10 %i, i10 %j, [1048576 x i8]* %input_img, [9 x i32]* @vert_operator) nounwind


 <State 6>: 5.75ns
ST_6: tmp_2 (23)  [3/3] 5.75ns  loc: ../lab5_custom/lab4_custom.sdk/sobel_filter/src/helloworld.c:50
:1  %tmp_2 = mul nsw i32 %tmp1, %tmp1

ST_6: tmp_1 (24)  [1/2] 0.00ns  loc: ../lab5_custom/lab4_custom.sdk/sobel_filter/src/helloworld.c:51
:2  %tmp_1 = call fastcc i32 @convolution2D(i10 %i, i10 %j, [1048576 x i8]* %input_img, [9 x i32]* @vert_operator) nounwind

ST_6: tmp_5 (25)  [3/3] 5.75ns  loc: ../lab5_custom/lab4_custom.sdk/sobel_filter/src/helloworld.c:51
:3  %tmp_5 = mul nsw i32 %tmp_1, %tmp_1


 <State 7>: 5.75ns
ST_7: tmp_2 (23)  [2/3] 5.75ns  loc: ../lab5_custom/lab4_custom.sdk/sobel_filter/src/helloworld.c:50
:1  %tmp_2 = mul nsw i32 %tmp1, %tmp1

ST_7: tmp_5 (25)  [2/3] 5.75ns  loc: ../lab5_custom/lab4_custom.sdk/sobel_filter/src/helloworld.c:51
:3  %tmp_5 = mul nsw i32 %tmp_1, %tmp_1


 <State 8>: 5.75ns
ST_8: tmp_2 (23)  [1/3] 5.75ns  loc: ../lab5_custom/lab4_custom.sdk/sobel_filter/src/helloworld.c:50
:1  %tmp_2 = mul nsw i32 %tmp1, %tmp1

ST_8: tmp_5 (25)  [1/3] 5.75ns  loc: ../lab5_custom/lab4_custom.sdk/sobel_filter/src/helloworld.c:51
:3  %tmp_5 = mul nsw i32 %tmp_1, %tmp_1


 <State 9>: 3.44ns
ST_9: p (26)  [1/1] 3.44ns  loc: ../lab5_custom/lab4_custom.sdk/sobel_filter/src/helloworld.c:51
:4  %p = add nsw i32 %tmp_5, %tmp_2


 <State 10>: 6.28ns
ST_10: tmp_6 (27)  [6/6] 6.28ns  loc: ../lab5_custom/lab4_custom.sdk/sobel_filter/src/helloworld.c:52
:5  %tmp_6 = uitofp i32 %p to double


 <State 11>: 6.28ns
ST_11: tmp_6 (27)  [5/6] 6.28ns  loc: ../lab5_custom/lab4_custom.sdk/sobel_filter/src/helloworld.c:52
:5  %tmp_6 = uitofp i32 %p to double


 <State 12>: 6.28ns
ST_12: tmp_6 (27)  [4/6] 6.28ns  loc: ../lab5_custom/lab4_custom.sdk/sobel_filter/src/helloworld.c:52
:5  %tmp_6 = uitofp i32 %p to double


 <State 13>: 6.28ns
ST_13: tmp_6 (27)  [3/6] 6.28ns  loc: ../lab5_custom/lab4_custom.sdk/sobel_filter/src/helloworld.c:52
:5  %tmp_6 = uitofp i32 %p to double


 <State 14>: 6.28ns
ST_14: tmp_6 (27)  [2/6] 6.28ns  loc: ../lab5_custom/lab4_custom.sdk/sobel_filter/src/helloworld.c:52
:5  %tmp_6 = uitofp i32 %p to double


 <State 15>: 6.28ns
ST_15: tmp_6 (27)  [1/6] 6.28ns  loc: ../lab5_custom/lab4_custom.sdk/sobel_filter/src/helloworld.c:52
:5  %tmp_6 = uitofp i32 %p to double


 <State 16>: 8.62ns
ST_16: x_assign (28)  [31/31] 8.62ns  loc: ../lab5_custom/lab4_custom.sdk/sobel_filter/src/helloworld.c:52
:6  %x_assign = call double @llvm.sqrt.f64(double %tmp_6)


 <State 17>: 8.62ns
ST_17: x_assign (28)  [30/31] 8.62ns  loc: ../lab5_custom/lab4_custom.sdk/sobel_filter/src/helloworld.c:52
:6  %x_assign = call double @llvm.sqrt.f64(double %tmp_6)


 <State 18>: 8.62ns
ST_18: x_assign (28)  [29/31] 8.62ns  loc: ../lab5_custom/lab4_custom.sdk/sobel_filter/src/helloworld.c:52
:6  %x_assign = call double @llvm.sqrt.f64(double %tmp_6)


 <State 19>: 8.62ns
ST_19: x_assign (28)  [28/31] 8.62ns  loc: ../lab5_custom/lab4_custom.sdk/sobel_filter/src/helloworld.c:52
:6  %x_assign = call double @llvm.sqrt.f64(double %tmp_6)


 <State 20>: 8.62ns
ST_20: x_assign (28)  [27/31] 8.62ns  loc: ../lab5_custom/lab4_custom.sdk/sobel_filter/src/helloworld.c:52
:6  %x_assign = call double @llvm.sqrt.f64(double %tmp_6)


 <State 21>: 8.62ns
ST_21: x_assign (28)  [26/31] 8.62ns  loc: ../lab5_custom/lab4_custom.sdk/sobel_filter/src/helloworld.c:52
:6  %x_assign = call double @llvm.sqrt.f64(double %tmp_6)


 <State 22>: 8.62ns
ST_22: x_assign (28)  [25/31] 8.62ns  loc: ../lab5_custom/lab4_custom.sdk/sobel_filter/src/helloworld.c:52
:6  %x_assign = call double @llvm.sqrt.f64(double %tmp_6)


 <State 23>: 8.62ns
ST_23: x_assign (28)  [24/31] 8.62ns  loc: ../lab5_custom/lab4_custom.sdk/sobel_filter/src/helloworld.c:52
:6  %x_assign = call double @llvm.sqrt.f64(double %tmp_6)


 <State 24>: 8.62ns
ST_24: x_assign (28)  [23/31] 8.62ns  loc: ../lab5_custom/lab4_custom.sdk/sobel_filter/src/helloworld.c:52
:6  %x_assign = call double @llvm.sqrt.f64(double %tmp_6)


 <State 25>: 8.62ns
ST_25: x_assign (28)  [22/31] 8.62ns  loc: ../lab5_custom/lab4_custom.sdk/sobel_filter/src/helloworld.c:52
:6  %x_assign = call double @llvm.sqrt.f64(double %tmp_6)


 <State 26>: 8.62ns
ST_26: x_assign (28)  [21/31] 8.62ns  loc: ../lab5_custom/lab4_custom.sdk/sobel_filter/src/helloworld.c:52
:6  %x_assign = call double @llvm.sqrt.f64(double %tmp_6)


 <State 27>: 8.62ns
ST_27: x_assign (28)  [20/31] 8.62ns  loc: ../lab5_custom/lab4_custom.sdk/sobel_filter/src/helloworld.c:52
:6  %x_assign = call double @llvm.sqrt.f64(double %tmp_6)


 <State 28>: 8.62ns
ST_28: x_assign (28)  [19/31] 8.62ns  loc: ../lab5_custom/lab4_custom.sdk/sobel_filter/src/helloworld.c:52
:6  %x_assign = call double @llvm.sqrt.f64(double %tmp_6)


 <State 29>: 8.62ns
ST_29: x_assign (28)  [18/31] 8.62ns  loc: ../lab5_custom/lab4_custom.sdk/sobel_filter/src/helloworld.c:52
:6  %x_assign = call double @llvm.sqrt.f64(double %tmp_6)


 <State 30>: 8.62ns
ST_30: x_assign (28)  [17/31] 8.62ns  loc: ../lab5_custom/lab4_custom.sdk/sobel_filter/src/helloworld.c:52
:6  %x_assign = call double @llvm.sqrt.f64(double %tmp_6)


 <State 31>: 8.62ns
ST_31: x_assign (28)  [16/31] 8.62ns  loc: ../lab5_custom/lab4_custom.sdk/sobel_filter/src/helloworld.c:52
:6  %x_assign = call double @llvm.sqrt.f64(double %tmp_6)


 <State 32>: 8.62ns
ST_32: x_assign (28)  [15/31] 8.62ns  loc: ../lab5_custom/lab4_custom.sdk/sobel_filter/src/helloworld.c:52
:6  %x_assign = call double @llvm.sqrt.f64(double %tmp_6)


 <State 33>: 8.62ns
ST_33: x_assign (28)  [14/31] 8.62ns  loc: ../lab5_custom/lab4_custom.sdk/sobel_filter/src/helloworld.c:52
:6  %x_assign = call double @llvm.sqrt.f64(double %tmp_6)


 <State 34>: 8.62ns
ST_34: x_assign (28)  [13/31] 8.62ns  loc: ../lab5_custom/lab4_custom.sdk/sobel_filter/src/helloworld.c:52
:6  %x_assign = call double @llvm.sqrt.f64(double %tmp_6)


 <State 35>: 8.62ns
ST_35: x_assign (28)  [12/31] 8.62ns  loc: ../lab5_custom/lab4_custom.sdk/sobel_filter/src/helloworld.c:52
:6  %x_assign = call double @llvm.sqrt.f64(double %tmp_6)


 <State 36>: 8.62ns
ST_36: x_assign (28)  [11/31] 8.62ns  loc: ../lab5_custom/lab4_custom.sdk/sobel_filter/src/helloworld.c:52
:6  %x_assign = call double @llvm.sqrt.f64(double %tmp_6)


 <State 37>: 8.62ns
ST_37: x_assign (28)  [10/31] 8.62ns  loc: ../lab5_custom/lab4_custom.sdk/sobel_filter/src/helloworld.c:52
:6  %x_assign = call double @llvm.sqrt.f64(double %tmp_6)


 <State 38>: 8.62ns
ST_38: x_assign (28)  [9/31] 8.62ns  loc: ../lab5_custom/lab4_custom.sdk/sobel_filter/src/helloworld.c:52
:6  %x_assign = call double @llvm.sqrt.f64(double %tmp_6)


 <State 39>: 8.62ns
ST_39: x_assign (28)  [8/31] 8.62ns  loc: ../lab5_custom/lab4_custom.sdk/sobel_filter/src/helloworld.c:52
:6  %x_assign = call double @llvm.sqrt.f64(double %tmp_6)


 <State 40>: 8.62ns
ST_40: x_assign (28)  [7/31] 8.62ns  loc: ../lab5_custom/lab4_custom.sdk/sobel_filter/src/helloworld.c:52
:6  %x_assign = call double @llvm.sqrt.f64(double %tmp_6)


 <State 41>: 8.62ns
ST_41: x_assign (28)  [6/31] 8.62ns  loc: ../lab5_custom/lab4_custom.sdk/sobel_filter/src/helloworld.c:52
:6  %x_assign = call double @llvm.sqrt.f64(double %tmp_6)


 <State 42>: 8.62ns
ST_42: x_assign (28)  [5/31] 8.62ns  loc: ../lab5_custom/lab4_custom.sdk/sobel_filter/src/helloworld.c:52
:6  %x_assign = call double @llvm.sqrt.f64(double %tmp_6)


 <State 43>: 8.62ns
ST_43: x_assign (28)  [4/31] 8.62ns  loc: ../lab5_custom/lab4_custom.sdk/sobel_filter/src/helloworld.c:52
:6  %x_assign = call double @llvm.sqrt.f64(double %tmp_6)


 <State 44>: 8.62ns
ST_44: x_assign (28)  [3/31] 8.62ns  loc: ../lab5_custom/lab4_custom.sdk/sobel_filter/src/helloworld.c:52
:6  %x_assign = call double @llvm.sqrt.f64(double %tmp_6)


 <State 45>: 8.62ns
ST_45: x_assign (28)  [2/31] 8.62ns  loc: ../lab5_custom/lab4_custom.sdk/sobel_filter/src/helloworld.c:52
:6  %x_assign = call double @llvm.sqrt.f64(double %tmp_6)


 <State 46>: 8.62ns
ST_46: x_assign (28)  [1/31] 8.62ns  loc: ../lab5_custom/lab4_custom.sdk/sobel_filter/src/helloworld.c:52
:6  %x_assign = call double @llvm.sqrt.f64(double %tmp_6)


 <State 47>: 4.93ns
ST_47: p_Val2_1 (29)  [1/1] 0.00ns  loc: /wrk/2017.1/nightly/2017_04_14_1846317/src/products/hls/hls_lib/src/hls/utils/x_hls_utils.h:475->/wrk/2017.1/nightly/2017_04_14_1846317/src/products/hls/hls_lib/src/hls/utils/x_hls_utils.h:479->/wrk/2017.1/nightly/2017_04_14_1846317/src/products/hls/hls_lib/src/hls/hls_round.h:436->/wrk/2017.1/nightly/2017_04_14_1846317/src/products/hls/hls_lib/src/hls/hls_round.h:523->/wrk/2017.1/nightly/2017_04_14_1846317/src/products/hls/hls_lib/src/lib_floatconversion.cpp:47->../lab5_custom/lab4_custom.sdk/sobel_filter/src/helloworld.c:52
:7  %p_Val2_1 = bitcast double %x_assign to i64

ST_47: p_Result_s (30)  [1/1] 0.00ns  loc: /wrk/2017.1/nightly/2017_04_14_1846317/src/products/hls/hls_lib/src/hls/utils/x_hls_utils.h:476->/wrk/2017.1/nightly/2017_04_14_1846317/src/products/hls/hls_lib/src/hls/utils/x_hls_utils.h:479->/wrk/2017.1/nightly/2017_04_14_1846317/src/products/hls/hls_lib/src/hls/hls_round.h:436->/wrk/2017.1/nightly/2017_04_14_1846317/src/products/hls/hls_lib/src/hls/hls_round.h:523->/wrk/2017.1/nightly/2017_04_14_1846317/src/products/hls/hls_lib/src/lib_floatconversion.cpp:47->../lab5_custom/lab4_custom.sdk/sobel_filter/src/helloworld.c:52
:8  %p_Result_s = call i1 @_ssdm_op_BitSelect.i1.i64.i32(i64 %p_Val2_1, i32 63)

ST_47: loc_V (31)  [1/1] 0.00ns  loc: /wrk/2017.1/nightly/2017_04_14_1846317/src/products/hls/hls_lib/src/hls/utils/x_hls_utils.h:477->/wrk/2017.1/nightly/2017_04_14_1846317/src/products/hls/hls_lib/src/hls/utils/x_hls_utils.h:479->/wrk/2017.1/nightly/2017_04_14_1846317/src/products/hls/hls_lib/src/hls/hls_round.h:436->/wrk/2017.1/nightly/2017_04_14_1846317/src/products/hls/hls_lib/src/hls/hls_round.h:523->/wrk/2017.1/nightly/2017_04_14_1846317/src/products/hls/hls_lib/src/lib_floatconversion.cpp:47->../lab5_custom/lab4_custom.sdk/sobel_filter/src/helloworld.c:52
:9  %loc_V = call i11 @_ssdm_op_PartSelect.i11.i64.i32.i32(i64 %p_Val2_1, i32 52, i32 62) nounwind

ST_47: loc_V_1 (32)  [1/1] 0.00ns  loc: /wrk/2017.1/nightly/2017_04_14_1846317/src/products/hls/hls_lib/src/hls/utils/x_hls_utils.h:478->/wrk/2017.1/nightly/2017_04_14_1846317/src/products/hls/hls_lib/src/hls/utils/x_hls_utils.h:479->/wrk/2017.1/nightly/2017_04_14_1846317/src/products/hls/hls_lib/src/hls/hls_round.h:436->/wrk/2017.1/nightly/2017_04_14_1846317/src/products/hls/hls_lib/src/hls/hls_round.h:523->/wrk/2017.1/nightly/2017_04_14_1846317/src/products/hls/hls_lib/src/lib_floatconversion.cpp:47->../lab5_custom/lab4_custom.sdk/sobel_filter/src/helloworld.c:52
:10  %loc_V_1 = trunc i64 %p_Val2_1 to i52

ST_47: tmp_i_i_i_i_cast1 (35)  [1/1] 0.00ns  loc: /wrk/2017.1/nightly/2017_04_14_1846317/src/products/hls/hls_lib/src/hls/utils/x_hls_utils.h:502->/wrk/2017.1/nightly/2017_04_14_1846317/src/products/hls/hls_lib/src/hls/hls_round.h:441->/wrk/2017.1/nightly/2017_04_14_1846317/src/products/hls/hls_lib/src/hls/hls_round.h:523->/wrk/2017.1/nightly/2017_04_14_1846317/src/products/hls/hls_lib/src/lib_floatconversion.cpp:47->../lab5_custom/lab4_custom.sdk/sobel_filter/src/helloworld.c:52
:13  %tmp_i_i_i_i_cast1 = zext i11 %loc_V to i12

ST_47: sh_assign (36)  [1/1] 2.86ns  loc: /wrk/2017.1/nightly/2017_04_14_1846317/src/products/hls/hls_lib/src/hls/utils/x_hls_utils.h:502->/wrk/2017.1/nightly/2017_04_14_1846317/src/products/hls/hls_lib/src/hls/hls_round.h:441->/wrk/2017.1/nightly/2017_04_14_1846317/src/products/hls/hls_lib/src/hls/hls_round.h:523->/wrk/2017.1/nightly/2017_04_14_1846317/src/products/hls/hls_lib/src/lib_floatconversion.cpp:47->../lab5_custom/lab4_custom.sdk/sobel_filter/src/helloworld.c:52
:14  %sh_assign = add i12 -1023, %tmp_i_i_i_i_cast1

ST_47: isNeg (37)  [1/1] 0.00ns  loc: /wrk/2017.1/nightly/2017_04_14_1846317/src/products/hls/hls_lib/src/hls/hls_round.h:441->/wrk/2017.1/nightly/2017_04_14_1846317/src/products/hls/hls_lib/src/hls/hls_round.h:523->/wrk/2017.1/nightly/2017_04_14_1846317/src/products/hls/hls_lib/src/lib_floatconversion.cpp:47->../lab5_custom/lab4_custom.sdk/sobel_filter/src/helloworld.c:52
:15  %isNeg = call i1 @_ssdm_op_BitSelect.i1.i12.i32(i12 %sh_assign, i32 11)

ST_47: tmp_13_i_i_i (38)  [1/1] 2.86ns  loc: /wrk/2017.1/nightly/2017_04_14_1846317/src/products/hls/hls_lib/src/hls/hls_round.h:441->/wrk/2017.1/nightly/2017_04_14_1846317/src/products/hls/hls_lib/src/hls/hls_round.h:523->/wrk/2017.1/nightly/2017_04_14_1846317/src/products/hls/hls_lib/src/lib_floatconversion.cpp:47->../lab5_custom/lab4_custom.sdk/sobel_filter/src/helloworld.c:52
:16  %tmp_13_i_i_i = sub i11 1023, %loc_V

ST_47: tmp_13_i_i_i_cast (39)  [1/1] 0.00ns  loc: /wrk/2017.1/nightly/2017_04_14_1846317/src/products/hls/hls_lib/src/hls/hls_round.h:441->/wrk/2017.1/nightly/2017_04_14_1846317/src/products/hls/hls_lib/src/hls/hls_round.h:523->/wrk/2017.1/nightly/2017_04_14_1846317/src/products/hls/hls_lib/src/lib_floatconversion.cpp:47->../lab5_custom/lab4_custom.sdk/sobel_filter/src/helloworld.c:52
:17  %tmp_13_i_i_i_cast = sext i11 %tmp_13_i_i_i to i12

ST_47: sh_assign_1 (40)  [1/1] 2.07ns  loc: /wrk/2017.1/nightly/2017_04_14_1846317/src/products/hls/hls_lib/src/hls/hls_round.h:441->/wrk/2017.1/nightly/2017_04_14_1846317/src/products/hls/hls_lib/src/hls/hls_round.h:523->/wrk/2017.1/nightly/2017_04_14_1846317/src/products/hls/hls_lib/src/lib_floatconversion.cpp:47->../lab5_custom/lab4_custom.sdk/sobel_filter/src/helloworld.c:52
:18  %sh_assign_1 = select i1 %isNeg, i12 %tmp_13_i_i_i_cast, i12 %sh_assign


 <State 48>: 4.61ns
ST_48: tmp_i_i_i (33)  [1/1] 0.00ns  loc: /wrk/2017.1/nightly/2017_04_14_1846317/src/products/hls/hls_lib/src/hls/hls_round.h:438->/wrk/2017.1/nightly/2017_04_14_1846317/src/products/hls/hls_lib/src/hls/hls_round.h:523->/wrk/2017.1/nightly/2017_04_14_1846317/src/products/hls/hls_lib/src/lib_floatconversion.cpp:47->../lab5_custom/lab4_custom.sdk/sobel_filter/src/helloworld.c:52
:11  %tmp_i_i_i = call i54 @_ssdm_op_BitConcatenate.i54.i1.i52.i1(i1 true, i52 %loc_V_1, i1 false)

ST_48: tmp_i_i_i_cast (34)  [1/1] 0.00ns  loc: /wrk/2017.1/nightly/2017_04_14_1846317/src/products/hls/hls_lib/src/hls/hls_round.h:438->/wrk/2017.1/nightly/2017_04_14_1846317/src/products/hls/hls_lib/src/hls/hls_round.h:523->/wrk/2017.1/nightly/2017_04_14_1846317/src/products/hls/hls_lib/src/lib_floatconversion.cpp:47->../lab5_custom/lab4_custom.sdk/sobel_filter/src/helloworld.c:52 (grouped into LUT with out node p_Val2_3)
:12  %tmp_i_i_i_cast = zext i54 %tmp_i_i_i to i137

ST_48: sh_assign_1_cast (41)  [1/1] 0.00ns  loc: /wrk/2017.1/nightly/2017_04_14_1846317/src/products/hls/hls_lib/src/hls/hls_round.h:441->/wrk/2017.1/nightly/2017_04_14_1846317/src/products/hls/hls_lib/src/hls/hls_round.h:523->/wrk/2017.1/nightly/2017_04_14_1846317/src/products/hls/hls_lib/src/lib_floatconversion.cpp:47->../lab5_custom/lab4_custom.sdk/sobel_filter/src/helloworld.c:52
:19  %sh_assign_1_cast = sext i12 %sh_assign_1 to i32

ST_48: tmp_14_i_i_i (42)  [1/1] 0.00ns  loc: /wrk/2017.1/nightly/2017_04_14_1846317/src/products/hls/hls_lib/src/hls/hls_round.h:441->/wrk/2017.1/nightly/2017_04_14_1846317/src/products/hls/hls_lib/src/hls/hls_round.h:523->/wrk/2017.1/nightly/2017_04_14_1846317/src/products/hls/hls_lib/src/lib_floatconversion.cpp:47->../lab5_custom/lab4_custom.sdk/sobel_filter/src/helloworld.c:52 (grouped into LUT with out node p_Val2_3)
:20  %tmp_14_i_i_i = zext i32 %sh_assign_1_cast to i137

ST_48: tmp_14_i_i_i_cast (43)  [1/1] 0.00ns  loc: /wrk/2017.1/nightly/2017_04_14_1846317/src/products/hls/hls_lib/src/hls/hls_round.h:441->/wrk/2017.1/nightly/2017_04_14_1846317/src/products/hls/hls_lib/src/hls/hls_round.h:523->/wrk/2017.1/nightly/2017_04_14_1846317/src/products/hls/hls_lib/src/lib_floatconversion.cpp:47->../lab5_custom/lab4_custom.sdk/sobel_filter/src/helloworld.c:52 (grouped into LUT with out node p_Val2_3)
:21  %tmp_14_i_i_i_cast = zext i32 %sh_assign_1_cast to i54

ST_48: tmp_15_i_i_i (44)  [1/1] 0.00ns  loc: /wrk/2017.1/nightly/2017_04_14_1846317/src/products/hls/hls_lib/src/hls/hls_round.h:441->/wrk/2017.1/nightly/2017_04_14_1846317/src/products/hls/hls_lib/src/hls/hls_round.h:523->/wrk/2017.1/nightly/2017_04_14_1846317/src/products/hls/hls_lib/src/lib_floatconversion.cpp:47->../lab5_custom/lab4_custom.sdk/sobel_filter/src/helloworld.c:52 (grouped into LUT with out node p_Val2_3)
:22  %tmp_15_i_i_i = lshr i54 %tmp_i_i_i, %tmp_14_i_i_i_cast

ST_48: tmp_16_i_i_i (45)  [1/1] 0.00ns  loc: /wrk/2017.1/nightly/2017_04_14_1846317/src/products/hls/hls_lib/src/hls/hls_round.h:441->/wrk/2017.1/nightly/2017_04_14_1846317/src/products/hls/hls_lib/src/hls/hls_round.h:523->/wrk/2017.1/nightly/2017_04_14_1846317/src/products/hls/hls_lib/src/lib_floatconversion.cpp:47->../lab5_custom/lab4_custom.sdk/sobel_filter/src/helloworld.c:52 (grouped into LUT with out node p_Val2_3)
:23  %tmp_16_i_i_i = shl i137 %tmp_i_i_i_cast, %tmp_14_i_i_i

ST_48: tmp (46)  [1/1] 0.00ns  loc: /wrk/2017.1/nightly/2017_04_14_1846317/src/products/hls/hls_lib/src/hls/hls_round.h:444->/wrk/2017.1/nightly/2017_04_14_1846317/src/products/hls/hls_lib/src/hls/hls_round.h:523->/wrk/2017.1/nightly/2017_04_14_1846317/src/products/hls/hls_lib/src/lib_floatconversion.cpp:47->../lab5_custom/lab4_custom.sdk/sobel_filter/src/helloworld.c:52 (grouped into LUT with out node p_Val2_3)
:24  %tmp = call i1 @_ssdm_op_BitSelect.i1.i54.i32(i54 %tmp_15_i_i_i, i32 53)

ST_48: tmp_4 (47)  [1/1] 0.00ns  loc: /wrk/2017.1/nightly/2017_04_14_1846317/src/products/hls/hls_lib/src/hls/hls_round.h:444->/wrk/2017.1/nightly/2017_04_14_1846317/src/products/hls/hls_lib/src/hls/hls_round.h:523->/wrk/2017.1/nightly/2017_04_14_1846317/src/products/hls/hls_lib/src/lib_floatconversion.cpp:47->../lab5_custom/lab4_custom.sdk/sobel_filter/src/helloworld.c:52 (grouped into LUT with out node p_Val2_3)
:25  %tmp_4 = zext i1 %tmp to i31

ST_48: tmp_8 (48)  [1/1] 0.00ns  loc: /wrk/2017.1/nightly/2017_04_14_1846317/src/products/hls/hls_lib/src/hls/hls_round.h:444->/wrk/2017.1/nightly/2017_04_14_1846317/src/products/hls/hls_lib/src/hls/hls_round.h:523->/wrk/2017.1/nightly/2017_04_14_1846317/src/products/hls/hls_lib/src/lib_floatconversion.cpp:47->../lab5_custom/lab4_custom.sdk/sobel_filter/src/helloworld.c:52 (grouped into LUT with out node p_Val2_3)
:26  %tmp_8 = call i31 @_ssdm_op_PartSelect.i31.i137.i32.i32(i137 %tmp_16_i_i_i, i32 53, i32 83)

ST_48: p_Val2_3 (49)  [1/1] 4.61ns  loc: /wrk/2017.1/nightly/2017_04_14_1846317/src/products/hls/hls_lib/src/hls/hls_round.h:441->/wrk/2017.1/nightly/2017_04_14_1846317/src/products/hls/hls_lib/src/hls/hls_round.h:523->/wrk/2017.1/nightly/2017_04_14_1846317/src/products/hls/hls_lib/src/lib_floatconversion.cpp:47->../lab5_custom/lab4_custom.sdk/sobel_filter/src/helloworld.c:52 (out node of the LUT)
:27  %p_Val2_3 = select i1 %isNeg, i31 %tmp_4, i31 %tmp_8


 <State 49>: 8.73ns
ST_49: tmp_18_i_i_i (50)  [1/1] 0.00ns  loc: /wrk/2017.1/nightly/2017_04_14_1846317/src/products/hls/hls_lib/src/hls/hls_round.h:472->/wrk/2017.1/nightly/2017_04_14_1846317/src/products/hls/hls_lib/src/hls/hls_round.h:523->/wrk/2017.1/nightly/2017_04_14_1846317/src/products/hls/hls_lib/src/lib_floatconversion.cpp:47->../lab5_custom/lab4_custom.sdk/sobel_filter/src/helloworld.c:52
:28  %tmp_18_i_i_i = zext i31 %p_Val2_3 to i32

ST_49: tmp_21_i_i_i (51)  [1/1] 3.41ns  loc: /wrk/2017.1/nightly/2017_04_14_1846317/src/products/hls/hls_lib/src/hls/hls_round.h:473->/wrk/2017.1/nightly/2017_04_14_1846317/src/products/hls/hls_lib/src/hls/hls_round.h:523->/wrk/2017.1/nightly/2017_04_14_1846317/src/products/hls/hls_lib/src/lib_floatconversion.cpp:47->../lab5_custom/lab4_custom.sdk/sobel_filter/src/helloworld.c:52
:29  %tmp_21_i_i_i = sub nsw i32 0, %tmp_18_i_i_i

ST_49: p_Val2_s (52)  [1/1] 2.07ns  loc: /wrk/2017.1/nightly/2017_04_14_1846317/src/products/hls/hls_lib/src/hls/hls_round.h:473->/wrk/2017.1/nightly/2017_04_14_1846317/src/products/hls/hls_lib/src/hls/hls_round.h:523->/wrk/2017.1/nightly/2017_04_14_1846317/src/products/hls/hls_lib/src/lib_floatconversion.cpp:47->../lab5_custom/lab4_custom.sdk/sobel_filter/src/helloworld.c:52
:30  %p_Val2_s = select i1 %p_Result_s, i32 %tmp_21_i_i_i, i32 %tmp_18_i_i_i

ST_49: tmp_10 (53)  [1/1] 0.00ns  loc: ../lab5_custom/lab4_custom.sdk/sobel_filter/src/helloworld.c:53
:31  %tmp_10 = call i24 @_ssdm_op_PartSelect.i24.i32.i32.i32(i32 %p_Val2_s, i32 8, i32 31)

ST_49: icmp (54)  [1/1] 3.23ns  loc: ../lab5_custom/lab4_custom.sdk/sobel_filter/src/helloworld.c:53
:32  %icmp = icmp sgt i24 %tmp_10, 0

ST_49: StgValue_140 (55)  [1/1] 0.00ns  loc: ../lab5_custom/lab4_custom.sdk/sobel_filter/src/helloworld.c:53
:33  br i1 %icmp, label %3, label %4

ST_49: tmp_11 (57)  [1/1] 0.00ns  loc: ../lab5_custom/lab4_custom.sdk/sobel_filter/src/helloworld.c:58
:0  %tmp_11 = trunc i32 %p_Val2_s to i8

ST_49: tmp_7 (58)  [1/1] 0.00ns  loc: ../lab5_custom/lab4_custom.sdk/sobel_filter/src/helloworld.c:58
:1  %tmp_7 = call i20 @_ssdm_op_BitConcatenate.i20.i10.i10(i10 %i, i10 %j)

ST_49: tmp_9 (59)  [1/1] 0.00ns  loc: ../lab5_custom/lab4_custom.sdk/sobel_filter/src/helloworld.c:58
:2  %tmp_9 = zext i20 %tmp_7 to i64

ST_49: output_img_addr_1 (60)  [1/1] 0.00ns  loc: ../lab5_custom/lab4_custom.sdk/sobel_filter/src/helloworld.c:58
:3  %output_img_addr_1 = getelementptr [1048576 x i8]* %output_img, i64 0, i64 %tmp_9

ST_49: StgValue_145 (61)  [1/1] 3.25ns  loc: ../lab5_custom/lab4_custom.sdk/sobel_filter/src/helloworld.c:58
:4  store i8 %tmp_11, i8* %output_img_addr_1, align 1

ST_49: StgValue_146 (62)  [1/1] 0.00ns
:5  br label %5

ST_49: tmp_s (64)  [1/1] 0.00ns  loc: ../lab5_custom/lab4_custom.sdk/sobel_filter/src/helloworld.c:54
:0  %tmp_s = call i20 @_ssdm_op_BitConcatenate.i20.i10.i10(i10 %i, i10 %j)

ST_49: tmp_3 (65)  [1/1] 0.00ns  loc: ../lab5_custom/lab4_custom.sdk/sobel_filter/src/helloworld.c:54
:1  %tmp_3 = zext i20 %tmp_s to i64

ST_49: output_img_addr (66)  [1/1] 0.00ns  loc: ../lab5_custom/lab4_custom.sdk/sobel_filter/src/helloworld.c:54
:2  %output_img_addr = getelementptr [1048576 x i8]* %output_img, i64 0, i64 %tmp_3

ST_49: StgValue_150 (67)  [1/1] 3.25ns  loc: ../lab5_custom/lab4_custom.sdk/sobel_filter/src/helloworld.c:54
:3  store i8 -1, i8* %output_img_addr, align 1

ST_49: StgValue_151 (68)  [1/1] 0.00ns  loc: ../lab5_custom/lab4_custom.sdk/sobel_filter/src/helloworld.c:56
:4  br label %5

ST_49: i_1 (70)  [1/1] 2.84ns  loc: ../lab5_custom/lab4_custom.sdk/sobel_filter/src/helloworld.c:47
:0  %i_1 = add i10 %i, 1

ST_49: StgValue_153 (71)  [1/1] 0.00ns  loc: ../lab5_custom/lab4_custom.sdk/sobel_filter/src/helloworld.c:47
:1  br label %.preheader



============================================================
+ Verbose Summary: Binding
============================================================
STG Binding: 
---------------- STG Properties BEGIN ----------------
- Is combinational: 0
- Is one-state seq: 0
- Is datapath-only: 0
- Is pipelined: 0
- Is top level: 1
Port [ Return ] is wired: 1; IO mode=ap_ctrl_hs:ce=0
Port [ input_img]:  wired=1; compound=1; hidden=0; nouse=0; global=0; static=0; extern=0; dir=0; type=1; pingpong=0; private_global=0; MemPort=[13]; IO mode=ap_memory:ce=0
Port [ output_img]:  wired=1; compound=1; hidden=0; nouse=0; global=0; static=0; extern=0; dir=1; type=1; pingpong=0; private_global=0; MemPort=[03]; IO mode=ap_memory:ce=0
Port [ horiz_operator]:  wired=0; compound=1; hidden=1; nouse=0; global=1; static=1; extern=0; dir=0; type=1; pingpong=0; private_global=1; linkage=7; visibility=0; MemPort=[13]; IO mode=ap_memory:ce=0
Port [ vert_operator]:  wired=0; compound=1; hidden=1; nouse=0; global=1; static=1; extern=0; dir=0; type=1; pingpong=0; private_global=1; linkage=7; visibility=0; MemPort=[13]; IO mode=ap_memory:ce=0
---------------- STG Properties END ------------------

---------------- Datapath Model BEGIN ----------------

<LifeTime>
<method=bitvector/>
StgValue_50       (specbitsmap      ) [ 00000000000000000000000000000000000000000000000000]
StgValue_51       (specbitsmap      ) [ 00000000000000000000000000000000000000000000000000]
StgValue_52       (spectopmodule    ) [ 00000000000000000000000000000000000000000000000000]
StgValue_53       (br               ) [ 01111111111111111111111111111111111111111111111111]
j                 (phi              ) [ 00111111111111111111111111111111111111111111111111]
exitcond1         (icmp             ) [ 00111111111111111111111111111111111111111111111111]
empty             (speclooptripcount) [ 00000000000000000000000000000000000000000000000000]
StgValue_57       (br               ) [ 00000000000000000000000000000000000000000000000000]
StgValue_58       (br               ) [ 00111111111111111111111111111111111111111111111111]
StgValue_59       (ret              ) [ 00000000000000000000000000000000000000000000000000]
i                 (phi              ) [ 00011111111111111111111111111111111111111111111111]
exitcond          (icmp             ) [ 00111111111111111111111111111111111111111111111111]
empty_9           (speclooptripcount) [ 00000000000000000000000000000000000000000000000000]
StgValue_63       (br               ) [ 00000000000000000000000000000000000000000000000000]
j_1               (add              ) [ 01111111111111111111111111111111111111111111111111]
StgValue_66       (br               ) [ 01111111111111111111111111111111111111111111111111]
tmp1              (call             ) [ 00000111100000000000000000000000000000000000000000]
tmp_1             (call             ) [ 00000001100000000000000000000000000000000000000000]
tmp_2             (mul              ) [ 00000000010000000000000000000000000000000000000000]
tmp_5             (mul              ) [ 00000000010000000000000000000000000000000000000000]
p                 (add              ) [ 00000000001111110000000000000000000000000000000000]
tmp_6             (uitodp           ) [ 00000000000000001111111111111111111111111111111000]
x_assign          (dsqrt            ) [ 00000000000000000000000000000000000000000000000100]
p_Val2_1          (bitcast          ) [ 00000000000000000000000000000000000000000000000000]
p_Result_s        (bitselect        ) [ 00000000000000000000000000000000000000000000000011]
loc_V             (partselect       ) [ 00000000000000000000000000000000000000000000000000]
loc_V_1           (trunc            ) [ 00000000000000000000000000000000000000000000000010]
tmp_i_i_i_i_cast1 (zext             ) [ 00000000000000000000000000000000000000000000000000]
sh_assign         (add              ) [ 00000000000000000000000000000000000000000000000000]
isNeg             (bitselect        ) [ 00000000000000000000000000000000000000000000000010]
tmp_13_i_i_i      (sub              ) [ 00000000000000000000000000000000000000000000000000]
tmp_13_i_i_i_cast (sext             ) [ 00000000000000000000000000000000000000000000000000]
sh_assign_1       (select           ) [ 00000000000000000000000000000000000000000000000010]
tmp_i_i_i         (bitconcatenate   ) [ 00000000000000000000000000000000000000000000000000]
tmp_i_i_i_cast    (zext             ) [ 00000000000000000000000000000000000000000000000000]
sh_assign_1_cast  (sext             ) [ 00000000000000000000000000000000000000000000000000]
tmp_14_i_i_i      (zext             ) [ 00000000000000000000000000000000000000000000000000]
tmp_14_i_i_i_cast (zext             ) [ 00000000000000000000000000000000000000000000000000]
tmp_15_i_i_i      (lshr             ) [ 00000000000000000000000000000000000000000000000000]
tmp_16_i_i_i      (shl              ) [ 00000000000000000000000000000000000000000000000000]
tmp               (bitselect        ) [ 00000000000000000000000000000000000000000000000000]
tmp_4             (zext             ) [ 00000000000000000000000000000000000000000000000000]
tmp_8             (partselect       ) [ 00000000000000000000000000000000000000000000000000]
p_Val2_3          (select           ) [ 00000000000000000000000000000000000000000000000001]
tmp_18_i_i_i      (zext             ) [ 00000000000000000000000000000000000000000000000000]
tmp_21_i_i_i      (sub              ) [ 00000000000000000000000000000000000000000000000000]
p_Val2_s          (select           ) [ 00000000000000000000000000000000000000000000000000]
tmp_10            (partselect       ) [ 00000000000000000000000000000000000000000000000000]
icmp              (icmp             ) [ 00111111111111111111111111111111111111111111111111]
StgValue_140      (br               ) [ 00000000000000000000000000000000000000000000000000]
tmp_11            (trunc            ) [ 00000000000000000000000000000000000000000000000000]
tmp_7             (bitconcatenate   ) [ 00000000000000000000000000000000000000000000000000]
tmp_9             (zext             ) [ 00000000000000000000000000000000000000000000000000]
output_img_addr_1 (getelementptr    ) [ 00000000000000000000000000000000000000000000000000]
StgValue_145      (store            ) [ 00000000000000000000000000000000000000000000000000]
StgValue_146      (br               ) [ 00000000000000000000000000000000000000000000000000]
tmp_s             (bitconcatenate   ) [ 00000000000000000000000000000000000000000000000000]
tmp_3             (zext             ) [ 00000000000000000000000000000000000000000000000000]
output_img_addr   (getelementptr    ) [ 00000000000000000000000000000000000000000000000000]
StgValue_150      (store            ) [ 00000000000000000000000000000000000000000000000000]
StgValue_151      (br               ) [ 00000000000000000000000000000000000000000000000000]
i_1               (add              ) [ 00111111111111111111111111111111111111111111111111]
StgValue_153      (br               ) [ 00111111111111111111111111111111111111111111111111]
</LifeTime>

<model>

<comp_list>
<comp id="0" class="1000" name="input_img">
<pin_list>
<pin id="1" dir="1" index="0" bw="1" slack="0"/>
</pin_list>
<bind>
<StgValue><ssdm name="input_img"/><MemPortTyVec>1 3 </MemPortTyVec>
</StgValue>
</bind>
</comp>

<comp id="2" class="1000" name="output_img">
<pin_list>
<pin id="3" dir="1" index="0" bw="1" slack="0"/>
</pin_list>
<bind>
<StgValue><ssdm name="output_img"/><MemPortTyVec>0 3 </MemPortTyVec>
</StgValue>
</bind>
</comp>

<comp id="4" class="1000" name="horiz_operator">
<pin_list>
<pin id="5" dir="1" index="0" bw="1" slack="0"/>
</pin_list>
<bind>
<StgValue><ssdm name="horiz_operator"/><MemPortTyVec>1 3 </MemPortTyVec>
</StgValue>
</bind>
</comp>

<comp id="6" class="1000" name="vert_operator">
<pin_list>
<pin id="7" dir="1" index="0" bw="1" slack="0"/>
</pin_list>
<bind>
<StgValue><ssdm name="vert_operator"/><MemPortTyVec>1 3 </MemPortTyVec>
</StgValue>
</bind>
</comp>

<comp id="8" class="1001" name="const_8">
<pin_list>
<pin id="9" dir="1" index="0" bw="1" slack="2147483647"/>
</pin_list>
<bind>
<StgValue><ssdm name="_ssdm_op_SpecBitsMap"/></StgValue>
</bind>
</comp>

<comp id="10" class="1001" name="const_10">
<pin_list>
<pin id="11" dir="1" index="0" bw="1" slack="2147483647"/>
</pin_list>
<bind>
<StgValue><ssdm name="_ssdm_op_SpecTopModule"/></StgValue>
</bind>
</comp>

<comp id="12" class="1001" name="const_12">
<pin_list>
<pin id="13" dir="1" index="0" bw="1" slack="2147483647"/>
</pin_list>
<bind>
<StgValue><ssdm name="ip_sobel_str"/></StgValue>
</bind>
</comp>

<comp id="14" class="1001" name="const_14">
<pin_list>
<pin id="15" dir="1" index="0" bw="1" slack="0"/>
</pin_list>
<bind>
<StgValue><ssdm name=""/></StgValue>
</bind>
</comp>

<comp id="16" class="1001" name="const_16">
<pin_list>
<pin id="17" dir="1" index="0" bw="1" slack="0"/>
</pin_list>
<bind>
<StgValue><ssdm name=""/></StgValue>
</bind>
</comp>

<comp id="18" class="1001" name="const_18">
<pin_list>
<pin id="19" dir="1" index="0" bw="1" slack="2147483647"/>
</pin_list>
<bind>
<StgValue><ssdm name="_ssdm_op_SpecLoopTripCount"/></StgValue>
</bind>
</comp>

<comp id="20" class="1001" name="const_20">
<pin_list>
<pin id="21" dir="1" index="0" bw="1" slack="2147483647"/>
</pin_list>
<bind>
<StgValue><ssdm name=""/></StgValue>
</bind>
</comp>

<comp id="22" class="1001" name="const_22">
<pin_list>
<pin id="23" dir="1" index="0" bw="1" slack="0"/>
</pin_list>
<bind>
<StgValue><ssdm name="convolution2D"/></StgValue>
</bind>
</comp>

<comp id="24" class="1001" name="const_24">
<pin_list>
<pin id="25" dir="1" index="0" bw="1" slack="0"/>
</pin_list>
<bind>
<StgValue><ssdm name="llvm.sqrt.f64"/></StgValue>
</bind>
</comp>

<comp id="26" class="1001" name="const_26">
<pin_list>
<pin id="27" dir="1" index="0" bw="1" slack="0"/>
</pin_list>
<bind>
<StgValue><ssdm name="_ssdm_op_BitSelect.i1.i64.i32"/></StgValue>
</bind>
</comp>

<comp id="28" class="1001" name="const_28">
<pin_list>
<pin id="29" dir="1" index="0" bw="1" slack="0"/>
</pin_list>
<bind>
<StgValue><ssdm name=""/></StgValue>
</bind>
</comp>

<comp id="30" class="1001" name="const_30">
<pin_list>
<pin id="31" dir="1" index="0" bw="1" slack="0"/>
</pin_list>
<bind>
<StgValue><ssdm name="_ssdm_op_PartSelect.i11.i64.i32.i32"/></StgValue>
</bind>
</comp>

<comp id="32" class="1001" name="const_32">
<pin_list>
<pin id="33" dir="1" index="0" bw="1" slack="0"/>
</pin_list>
<bind>
<StgValue><ssdm name=""/></StgValue>
</bind>
</comp>

<comp id="34" class="1001" name="const_34">
<pin_list>
<pin id="35" dir="1" index="0" bw="1" slack="0"/>
</pin_list>
<bind>
<StgValue><ssdm name=""/></StgValue>
</bind>
</comp>

<comp id="36" class="1001" name="const_36">
<pin_list>
<pin id="37" dir="1" index="0" bw="1" slack="0"/>
</pin_list>
<bind>
<StgValue><ssdm name=""/></StgValue>
</bind>
</comp>

<comp id="38" class="1001" name="const_38">
<pin_list>
<pin id="39" dir="1" index="0" bw="1" slack="0"/>
</pin_list>
<bind>
<StgValue><ssdm name="_ssdm_op_BitSelect.i1.i12.i32"/></StgValue>
</bind>
</comp>

<comp id="40" class="1001" name="const_40">
<pin_list>
<pin id="41" dir="1" index="0" bw="1" slack="0"/>
</pin_list>
<bind>
<StgValue><ssdm name=""/></StgValue>
</bind>
</comp>

<comp id="42" class="1001" name="const_42">
<pin_list>
<pin id="43" dir="1" index="0" bw="1" slack="0"/>
</pin_list>
<bind>
<StgValue><ssdm name=""/></StgValue>
</bind>
</comp>

<comp id="44" class="1001" name="const_44">
<pin_list>
<pin id="45" dir="1" index="0" bw="1" slack="0"/>
</pin_list>
<bind>
<StgValue><ssdm name="_ssdm_op_BitConcatenate.i54.i1.i52.i1"/></StgValue>
</bind>
</comp>

<comp id="46" class="1001" name="const_46">
<pin_list>
<pin id="47" dir="1" index="0" bw="1" slack="0"/>
</pin_list>
<bind>
<StgValue><ssdm name=""/></StgValue>
</bind>
</comp>

<comp id="48" class="1001" name="const_48">
<pin_list>
<pin id="49" dir="1" index="0" bw="1" slack="0"/>
</pin_list>
<bind>
<StgValue><ssdm name=""/></StgValue>
</bind>
</comp>

<comp id="50" class="1001" name="const_50">
<pin_list>
<pin id="51" dir="1" index="0" bw="1" slack="0"/>
</pin_list>
<bind>
<StgValue><ssdm name="_ssdm_op_BitSelect.i1.i54.i32"/></StgValue>
</bind>
</comp>

<comp id="52" class="1001" name="const_52">
<pin_list>
<pin id="53" dir="1" index="0" bw="1" slack="0"/>
</pin_list>
<bind>
<StgValue><ssdm name=""/></StgValue>
</bind>
</comp>

<comp id="54" class="1001" name="const_54">
<pin_list>
<pin id="55" dir="1" index="0" bw="1" slack="0"/>
</pin_list>
<bind>
<StgValue><ssdm name="_ssdm_op_PartSelect.i31.i137.i32.i32"/></StgValue>
</bind>
</comp>

<comp id="56" class="1001" name="const_56">
<pin_list>
<pin id="57" dir="1" index="0" bw="1" slack="0"/>
</pin_list>
<bind>
<StgValue><ssdm name=""/></StgValue>
</bind>
</comp>

<comp id="58" class="1001" name="const_58">
<pin_list>
<pin id="59" dir="1" index="0" bw="1" slack="0"/>
</pin_list>
<bind>
<StgValue><ssdm name=""/></StgValue>
</bind>
</comp>

<comp id="60" class="1001" name="const_60">
<pin_list>
<pin id="61" dir="1" index="0" bw="1" slack="0"/>
</pin_list>
<bind>
<StgValue><ssdm name="_ssdm_op_PartSelect.i24.i32.i32.i32"/></StgValue>
</bind>
</comp>

<comp id="62" class="1001" name="const_62">
<pin_list>
<pin id="63" dir="1" index="0" bw="1" slack="0"/>
</pin_list>
<bind>
<StgValue><ssdm name=""/></StgValue>
</bind>
</comp>

<comp id="64" class="1001" name="const_64">
<pin_list>
<pin id="65" dir="1" index="0" bw="1" slack="0"/>
</pin_list>
<bind>
<StgValue><ssdm name=""/></StgValue>
</bind>
</comp>

<comp id="66" class="1001" name="const_66">
<pin_list>
<pin id="67" dir="1" index="0" bw="1" slack="0"/>
</pin_list>
<bind>
<StgValue><ssdm name=""/></StgValue>
</bind>
</comp>

<comp id="68" class="1001" name="const_68">
<pin_list>
<pin id="69" dir="1" index="0" bw="1" slack="0"/>
</pin_list>
<bind>
<StgValue><ssdm name="_ssdm_op_BitConcatenate.i20.i10.i10"/></StgValue>
</bind>
</comp>

<comp id="70" class="1001" name="const_70">
<pin_list>
<pin id="71" dir="1" index="0" bw="1" slack="0"/>
</pin_list>
<bind>
<StgValue><ssdm name=""/></StgValue>
</bind>
</comp>

<comp id="72" class="1001" name="const_72">
<pin_list>
<pin id="73" dir="1" index="0" bw="1" slack="0"/>
</pin_list>
<bind>
<StgValue><ssdm name=""/></StgValue>
</bind>
</comp>

<comp id="74" class="1004" name="output_img_addr_1_gep_fu_74">
<pin_list>
<pin id="75" dir="0" index="0" bw="8" slack="0"/>
<pin id="76" dir="0" index="1" bw="1" slack="0"/>
<pin id="77" dir="0" index="2" bw="20" slack="0"/>
<pin id="78" dir="1" index="3" bw="20" slack="0"/>
</pin_list>
<bind>
<opcode="getelementptr(29) " fcode="getelementptr"/>
<opset="output_img_addr_1/49 "/>
</bind>
</comp>

<comp id="81" class="1004" name="grp_access_fu_81">
<pin_list>
<pin id="82" dir="0" index="0" bw="20" slack="0"/>
<pin id="83" dir="0" index="1" bw="8" slack="0"/>
<pin id="84" dir="1" index="2" bw="8" slack="2147483647"/>
</pin_list>
<bind>
<opcode="store(28) " fcode="store"/>
<opset="StgValue_145/49 StgValue_150/49 "/>
</bind>
</comp>

<comp id="86" class="1004" name="output_img_addr_gep_fu_86">
<pin_list>
<pin id="87" dir="0" index="0" bw="8" slack="0"/>
<pin id="88" dir="0" index="1" bw="1" slack="0"/>
<pin id="89" dir="0" index="2" bw="20" slack="0"/>
<pin id="90" dir="1" index="3" bw="20" slack="0"/>
</pin_list>
<bind>
<opcode="getelementptr(29) " fcode="getelementptr"/>
<opset="output_img_addr/49 "/>
</bind>
</comp>

<comp id="95" class="1005" name="j_reg_95">
<pin_list>
<pin id="96" dir="0" index="0" bw="10" slack="1"/>
<pin id="97" dir="1" index="1" bw="10" slack="1"/>
</pin_list>
<bind>
<opset="j (phireg) "/>
</bind>
</comp>

<comp id="99" class="1004" name="j_phi_fu_99">
<pin_list>
<pin id="100" dir="0" index="0" bw="1" slack="1"/>
<pin id="101" dir="0" index="1" bw="0" slack="2147483647"/>
<pin id="102" dir="0" index="2" bw="10" slack="1"/>
<pin id="103" dir="0" index="3" bw="0" slack="2147483647"/>
<pin id="104" dir="1" index="4" bw="10" slack="0"/>
</pin_list>
<bind>
<opcode="phi(47) " fcode="phi"/>
<opset="j/2 "/>
</bind>
</comp>

<comp id="107" class="1005" name="i_reg_107">
<pin_list>
<pin id="108" dir="0" index="0" bw="10" slack="1"/>
<pin id="109" dir="1" index="1" bw="10" slack="1"/>
</pin_list>
<bind>
<opset="i (phireg) "/>
</bind>
</comp>

<comp id="111" class="1004" name="i_phi_fu_111">
<pin_list>
<pin id="112" dir="0" index="0" bw="10" slack="1"/>
<pin id="113" dir="0" index="1" bw="0" slack="2147483647"/>
<pin id="114" dir="0" index="2" bw="1" slack="1"/>
<pin id="115" dir="0" index="3" bw="0" slack="2147483647"/>
<pin id="116" dir="1" index="4" bw="10" slack="0"/>
</pin_list>
<bind>
<opcode="phi(47) " fcode="phi"/>
<opset="i/3 "/>
</bind>
</comp>

<comp id="119" class="1004" name="grp_convolution2D_fu_119">
<pin_list>
<pin id="120" dir="0" index="0" bw="32" slack="0"/>
<pin id="121" dir="0" index="1" bw="10" slack="0"/>
<pin id="122" dir="0" index="2" bw="10" slack="1"/>
<pin id="123" dir="0" index="3" bw="8" slack="0"/>
<pin id="124" dir="0" index="4" bw="32" slack="0"/>
<pin id="125" dir="1" index="5" bw="32" slack="0"/>
</pin_list>
<bind>
<opcode="call(48) " fcode="call"/>
<opset="tmp1/3 tmp_1/5 "/>
</bind>
</comp>

<comp id="133" class="1004" name="grp_fu_133">
<pin_list>
<pin id="134" dir="0" index="0" bw="32" slack="1"/>
<pin id="135" dir="1" index="1" bw="64" slack="1"/>
</pin_list>
<bind>
<opcode="uitodp(516) " fcode="uitodp"/>
<opset="tmp_6/10 "/>
</bind>
</comp>

<comp id="136" class="1004" name="grp_fu_136">
<pin_list>
<pin id="137" dir="0" index="0" bw="64" slack="0"/>
<pin id="138" dir="0" index="1" bw="64" slack="1"/>
<pin id="139" dir="1" index="2" bw="64" slack="1"/>
</pin_list>
<bind>
<opcode="dsqrt(518) " fcode="dsqrt"/>
<opset="x_assign/16 "/>
</bind>
</comp>

<comp id="141" class="1004" name="exitcond1_fu_141">
<pin_list>
<pin id="142" dir="0" index="0" bw="10" slack="0"/>
<pin id="143" dir="0" index="1" bw="1" slack="0"/>
<pin id="144" dir="1" index="2" bw="1" slack="2147483647"/>
</pin_list>
<bind>
<opcode="icmp(45) " fcode="icmp"/>
<opset="exitcond1/2 "/>
</bind>
</comp>

<comp id="147" class="1004" name="exitcond_fu_147">
<pin_list>
<pin id="148" dir="0" index="0" bw="10" slack="0"/>
<pin id="149" dir="0" index="1" bw="1" slack="0"/>
<pin id="150" dir="1" index="2" bw="1" slack="2147483647"/>
</pin_list>
<bind>
<opcode="icmp(45) " fcode="icmp"/>
<opset="exitcond/3 "/>
</bind>
</comp>

<comp id="153" class="1004" name="j_1_fu_153">
<pin_list>
<pin id="154" dir="0" index="0" bw="10" slack="1"/>
<pin id="155" dir="0" index="1" bw="1" slack="0"/>
<pin id="156" dir="1" index="2" bw="10" slack="1"/>
</pin_list>
<bind>
<opcode="add(8) " fcode="add"/>
<opset="j_1/3 "/>
</bind>
</comp>

<comp id="159" class="1004" name="grp_fu_159">
<pin_list>
<pin id="160" dir="0" index="0" bw="32" slack="2"/>
<pin id="161" dir="0" index="1" bw="32" slack="2"/>
<pin id="162" dir="1" index="2" bw="32" slack="1"/>
</pin_list>
<bind>
<opcode="mul(12) " fcode="mul"/>
<opset="tmp_2/6 "/>
</bind>
</comp>

<comp id="163" class="1004" name="grp_fu_163">
<pin_list>
<pin id="164" dir="0" index="0" bw="32" slack="0"/>
<pin id="165" dir="0" index="1" bw="32" slack="0"/>
<pin id="166" dir="1" index="2" bw="32" slack="1"/>
</pin_list>
<bind>
<opcode="mul(12) " fcode="mul"/>
<opset="tmp_5/6 "/>
</bind>
</comp>

<comp id="169" class="1004" name="p_fu_169">
<pin_list>
<pin id="170" dir="0" index="0" bw="32" slack="1"/>
<pin id="171" dir="0" index="1" bw="32" slack="1"/>
<pin id="172" dir="1" index="2" bw="32" slack="1"/>
</pin_list>
<bind>
<opcode="add(8) " fcode="add"/>
<opset="p/9 "/>
</bind>
</comp>

<comp id="173" class="1004" name="p_Val2_1_fu_173">
<pin_list>
<pin id="174" dir="0" index="0" bw="64" slack="1"/>
<pin id="175" dir="1" index="1" bw="64" slack="0"/>
</pin_list>
<bind>
<opcode="bitcast(44) " fcode="bitcast"/>
<opset="p_Val2_1/47 "/>
</bind>
</comp>

<comp id="176" class="1004" name="p_Result_s_fu_176">
<pin_list>
<pin id="177" dir="0" index="0" bw="1" slack="0"/>
<pin id="178" dir="0" index="1" bw="64" slack="0"/>
<pin id="179" dir="0" index="2" bw="7" slack="0"/>
<pin id="180" dir="1" index="3" bw="1" slack="2"/>
</pin_list>
<bind>
<opcode="bitselect(1000) " fcode="bitselect"/>
<opset="p_Result_s/47 "/>
</bind>
</comp>

<comp id="184" class="1004" name="loc_V_fu_184">
<pin_list>
<pin id="185" dir="0" index="0" bw="11" slack="0"/>
<pin id="186" dir="0" index="1" bw="64" slack="0"/>
<pin id="187" dir="0" index="2" bw="7" slack="0"/>
<pin id="188" dir="0" index="3" bw="7" slack="0"/>
<pin id="189" dir="1" index="4" bw="11" slack="0"/>
</pin_list>
<bind>
<opcode="partselect(1002) " fcode="partselect"/>
<opset="loc_V/47 "/>
</bind>
</comp>

<comp id="194" class="1004" name="loc_V_1_fu_194">
<pin_list>
<pin id="195" dir="0" index="0" bw="64" slack="0"/>
<pin id="196" dir="1" index="1" bw="52" slack="1"/>
</pin_list>
<bind>
<opcode="trunc(33) " fcode="trunc"/>
<opset="loc_V_1/47 "/>
</bind>
</comp>

<comp id="198" class="1004" name="tmp_i_i_i_i_cast1_fu_198">
<pin_list>
<pin id="199" dir="0" index="0" bw="11" slack="0"/>
<pin id="200" dir="1" index="1" bw="12" slack="0"/>
</pin_list>
<bind>
<opcode="zext(34) " fcode="zext"/>
<opset="tmp_i_i_i_i_cast1/47 "/>
</bind>
</comp>

<comp id="202" class="1004" name="sh_assign_fu_202">
<pin_list>
<pin id="203" dir="0" index="0" bw="11" slack="0"/>
<pin id="204" dir="0" index="1" bw="11" slack="0"/>
<pin id="205" dir="1" index="2" bw="12" slack="0"/>
</pin_list>
<bind>
<opcode="add(8) " fcode="add"/>
<opset="sh_assign/47 "/>
</bind>
</comp>

<comp id="208" class="1004" name="isNeg_fu_208">
<pin_list>
<pin id="209" dir="0" index="0" bw="1" slack="0"/>
<pin id="210" dir="0" index="1" bw="12" slack="0"/>
<pin id="211" dir="0" index="2" bw="5" slack="0"/>
<pin id="212" dir="1" index="3" bw="1" slack="0"/>
</pin_list>
<bind>
<opcode="bitselect(1000) " fcode="bitselect"/>
<opset="isNeg/47 "/>
</bind>
</comp>

<comp id="216" class="1004" name="tmp_13_i_i_i_fu_216">
<pin_list>
<pin id="217" dir="0" index="0" bw="11" slack="0"/>
<pin id="218" dir="0" index="1" bw="11" slack="0"/>
<pin id="219" dir="1" index="2" bw="11" slack="0"/>
</pin_list>
<bind>
<opcode="sub(10) " fcode="sub"/>
<opset="tmp_13_i_i_i/47 "/>
</bind>
</comp>

<comp id="222" class="1004" name="tmp_13_i_i_i_cast_fu_222">
<pin_list>
<pin id="223" dir="0" index="0" bw="11" slack="0"/>
<pin id="224" dir="1" index="1" bw="12" slack="0"/>
</pin_list>
<bind>
<opcode="sext(35) " fcode="sext"/>
<opset="tmp_13_i_i_i_cast/47 "/>
</bind>
</comp>

<comp id="226" class="1004" name="sh_assign_1_fu_226">
<pin_list>
<pin id="227" dir="0" index="0" bw="1" slack="0"/>
<pin id="228" dir="0" index="1" bw="11" slack="0"/>
<pin id="229" dir="0" index="2" bw="12" slack="0"/>
<pin id="230" dir="1" index="3" bw="12" slack="1"/>
</pin_list>
<bind>
<opcode="select(49) " fcode="select"/>
<opset="sh_assign_1/47 "/>
</bind>
</comp>

<comp id="234" class="1004" name="tmp_i_i_i_fu_234">
<pin_list>
<pin id="235" dir="0" index="0" bw="54" slack="0"/>
<pin id="236" dir="0" index="1" bw="1" slack="0"/>
<pin id="237" dir="0" index="2" bw="52" slack="1"/>
<pin id="238" dir="0" index="3" bw="1" slack="0"/>
<pin id="239" dir="1" index="4" bw="54" slack="0"/>
</pin_list>
<bind>
<opcode="bitconcatenate(1004) " fcode="bitconcatenate"/>
<opset="tmp_i_i_i/48 "/>
</bind>
</comp>

<comp id="243" class="1004" name="tmp_i_i_i_cast_fu_243">
<pin_list>
<pin id="244" dir="0" index="0" bw="54" slack="0"/>
<pin id="245" dir="1" index="1" bw="137" slack="0"/>
</pin_list>
<bind>
<opcode="zext(34) " fcode="zext"/>
<opset="tmp_i_i_i_cast/48 "/>
</bind>
</comp>

<comp id="247" class="1004" name="sh_assign_1_cast_fu_247">
<pin_list>
<pin id="248" dir="0" index="0" bw="12" slack="1"/>
<pin id="249" dir="1" index="1" bw="32" slack="0"/>
</pin_list>
<bind>
<opcode="sext(35) " fcode="sext"/>
<opset="sh_assign_1_cast/48 "/>
</bind>
</comp>

<comp id="250" class="1004" name="tmp_14_i_i_i_fu_250">
<pin_list>
<pin id="251" dir="0" index="0" bw="12" slack="0"/>
<pin id="252" dir="1" index="1" bw="137" slack="0"/>
</pin_list>
<bind>
<opcode="zext(34) " fcode="zext"/>
<opset="tmp_14_i_i_i/48 "/>
</bind>
</comp>

<comp id="254" class="1004" name="tmp_14_i_i_i_cast_fu_254">
<pin_list>
<pin id="255" dir="0" index="0" bw="12" slack="0"/>
<pin id="256" dir="1" index="1" bw="54" slack="0"/>
</pin_list>
<bind>
<opcode="zext(34) " fcode="zext"/>
<opset="tmp_14_i_i_i_cast/48 "/>
</bind>
</comp>

<comp id="258" class="1004" name="tmp_15_i_i_i_fu_258">
<pin_list>
<pin id="259" dir="0" index="0" bw="54" slack="0"/>
<pin id="260" dir="0" index="1" bw="32" slack="0"/>
<pin id="261" dir="1" index="2" bw="54" slack="0"/>
</pin_list>
<bind>
<opcode="lshr(21) " fcode="lshr"/>
<opset="tmp_15_i_i_i/48 "/>
</bind>
</comp>

<comp id="264" class="1004" name="tmp_16_i_i_i_fu_264">
<pin_list>
<pin id="265" dir="0" index="0" bw="54" slack="0"/>
<pin id="266" dir="0" index="1" bw="32" slack="0"/>
<pin id="267" dir="1" index="2" bw="137" slack="0"/>
</pin_list>
<bind>
<opcode="shl(20) " fcode="shl"/>
<opset="tmp_16_i_i_i/48 "/>
</bind>
</comp>

<comp id="270" class="1004" name="tmp_fu_270">
<pin_list>
<pin id="271" dir="0" index="0" bw="1" slack="0"/>
<pin id="272" dir="0" index="1" bw="54" slack="0"/>
<pin id="273" dir="0" index="2" bw="7" slack="0"/>
<pin id="274" dir="1" index="3" bw="1" slack="0"/>
</pin_list>
<bind>
<opcode="bitselect(1000) " fcode="bitselect"/>
<opset="tmp/48 "/>
</bind>
</comp>

<comp id="278" class="1004" name="tmp_4_fu_278">
<pin_list>
<pin id="279" dir="0" index="0" bw="1" slack="0"/>
<pin id="280" dir="1" index="1" bw="31" slack="0"/>
</pin_list>
<bind>
<opcode="zext(34) " fcode="zext"/>
<opset="tmp_4/48 "/>
</bind>
</comp>

<comp id="282" class="1004" name="tmp_8_fu_282">
<pin_list>
<pin id="283" dir="0" index="0" bw="31" slack="0"/>
<pin id="284" dir="0" index="1" bw="137" slack="0"/>
<pin id="285" dir="0" index="2" bw="7" slack="0"/>
<pin id="286" dir="0" index="3" bw="8" slack="0"/>
<pin id="287" dir="1" index="4" bw="31" slack="0"/>
</pin_list>
<bind>
<opcode="partselect(1002) " fcode="partselect"/>
<opset="tmp_8/48 "/>
</bind>
</comp>

<comp id="292" class="1004" name="p_Val2_3_fu_292">
<pin_list>
<pin id="293" dir="0" index="0" bw="1" slack="1"/>
<pin id="294" dir="0" index="1" bw="1" slack="0"/>
<pin id="295" dir="0" index="2" bw="31" slack="0"/>
<pin id="296" dir="1" index="3" bw="31" slack="1"/>
</pin_list>
<bind>
<opcode="select(49) " fcode="select"/>
<opset="p_Val2_3/48 "/>
</bind>
</comp>

<comp id="299" class="1004" name="tmp_18_i_i_i_fu_299">
<pin_list>
<pin id="300" dir="0" index="0" bw="31" slack="1"/>
<pin id="301" dir="1" index="1" bw="32" slack="0"/>
</pin_list>
<bind>
<opcode="zext(34) " fcode="zext"/>
<opset="tmp_18_i_i_i/49 "/>
</bind>
</comp>

<comp id="302" class="1004" name="tmp_21_i_i_i_fu_302">
<pin_list>
<pin id="303" dir="0" index="0" bw="1" slack="0"/>
<pin id="304" dir="0" index="1" bw="31" slack="0"/>
<pin id="305" dir="1" index="2" bw="32" slack="0"/>
</pin_list>
<bind>
<opcode="sub(10) " fcode="sub"/>
<opset="tmp_21_i_i_i/49 "/>
</bind>
</comp>

<comp id="308" class="1004" name="p_Val2_s_fu_308">
<pin_list>
<pin id="309" dir="0" index="0" bw="1" slack="2"/>
<pin id="310" dir="0" index="1" bw="32" slack="0"/>
<pin id="311" dir="0" index="2" bw="31" slack="0"/>
<pin id="312" dir="1" index="3" bw="32" slack="0"/>
</pin_list>
<bind>
<opcode="select(49) " fcode="select"/>
<opset="p_Val2_s/49 "/>
</bind>
</comp>

<comp id="315" class="1004" name="tmp_10_fu_315">
<pin_list>
<pin id="316" dir="0" index="0" bw="24" slack="0"/>
<pin id="317" dir="0" index="1" bw="32" slack="0"/>
<pin id="318" dir="0" index="2" bw="5" slack="0"/>
<pin id="319" dir="0" index="3" bw="6" slack="0"/>
<pin id="320" dir="1" index="4" bw="24" slack="0"/>
</pin_list>
<bind>
<opcode="partselect(1002) " fcode="partselect"/>
<opset="tmp_10/49 "/>
</bind>
</comp>

<comp id="325" class="1004" name="icmp_fu_325">
<pin_list>
<pin id="326" dir="0" index="0" bw="24" slack="0"/>
<pin id="327" dir="0" index="1" bw="1" slack="0"/>
<pin id="328" dir="1" index="2" bw="1" slack="2147483647"/>
</pin_list>
<bind>
<opcode="icmp(45) " fcode="icmp"/>
<opset="icmp/49 "/>
</bind>
</comp>

<comp id="331" class="1004" name="tmp_11_fu_331">
<pin_list>
<pin id="332" dir="0" index="0" bw="32" slack="0"/>
<pin id="333" dir="1" index="1" bw="8" slack="0"/>
</pin_list>
<bind>
<opcode="trunc(33) " fcode="trunc"/>
<opset="tmp_11/49 "/>
</bind>
</comp>

<comp id="336" class="1004" name="tmp_7_fu_336">
<pin_list>
<pin id="337" dir="0" index="0" bw="20" slack="0"/>
<pin id="338" dir="0" index="1" bw="10" slack="46"/>
<pin id="339" dir="0" index="2" bw="10" slack="47"/>
<pin id="340" dir="1" index="3" bw="20" slack="0"/>
</pin_list>
<bind>
<opcode="bitconcatenate(1004) " fcode="bitconcatenate"/>
<opset="tmp_7/49 "/>
</bind>
</comp>

<comp id="344" class="1004" name="tmp_9_fu_344">
<pin_list>
<pin id="345" dir="0" index="0" bw="20" slack="0"/>
<pin id="346" dir="1" index="1" bw="64" slack="0"/>
</pin_list>
<bind>
<opcode="zext(34) " fcode="zext"/>
<opset="tmp_9/49 "/>
</bind>
</comp>

<comp id="349" class="1004" name="tmp_s_fu_349">
<pin_list>
<pin id="350" dir="0" index="0" bw="20" slack="0"/>
<pin id="351" dir="0" index="1" bw="10" slack="46"/>
<pin id="352" dir="0" index="2" bw="10" slack="47"/>
<pin id="353" dir="1" index="3" bw="20" slack="0"/>
</pin_list>
<bind>
<opcode="bitconcatenate(1004) " fcode="bitconcatenate"/>
<opset="tmp_s/49 "/>
</bind>
</comp>

<comp id="357" class="1004" name="tmp_3_fu_357">
<pin_list>
<pin id="358" dir="0" index="0" bw="20" slack="0"/>
<pin id="359" dir="1" index="1" bw="64" slack="0"/>
</pin_list>
<bind>
<opcode="zext(34) " fcode="zext"/>
<opset="tmp_3/49 "/>
</bind>
</comp>

<comp id="362" class="1004" name="i_1_fu_362">
<pin_list>
<pin id="363" dir="0" index="0" bw="10" slack="46"/>
<pin id="364" dir="0" index="1" bw="1" slack="0"/>
<pin id="365" dir="1" index="2" bw="10" slack="1"/>
</pin_list>
<bind>
<opcode="add(8) " fcode="add"/>
<opset="i_1/49 "/>
</bind>
</comp>

<comp id="374" class="1005" name="j_1_reg_374">
<pin_list>
<pin id="375" dir="0" index="0" bw="10" slack="1"/>
<pin id="376" dir="1" index="1" bw="10" slack="1"/>
</pin_list>
<bind>
<opset="j_1 "/>
</bind>
</comp>

<comp id="379" class="1005" name="tmp1_reg_379">
<pin_list>
<pin id="380" dir="0" index="0" bw="32" slack="2"/>
<pin id="381" dir="1" index="1" bw="32" slack="2"/>
</pin_list>
<bind>
<opset="tmp1 "/>
</bind>
</comp>

<comp id="385" class="1005" name="tmp_1_reg_385">
<pin_list>
<pin id="386" dir="0" index="0" bw="32" slack="1"/>
<pin id="387" dir="1" index="1" bw="32" slack="1"/>
</pin_list>
<bind>
<opset="tmp_1 "/>
</bind>
</comp>

<comp id="391" class="1005" name="tmp_2_reg_391">
<pin_list>
<pin id="392" dir="0" index="0" bw="32" slack="1"/>
<pin id="393" dir="1" index="1" bw="32" slack="1"/>
</pin_list>
<bind>
<opset="tmp_2 "/>
</bind>
</comp>

<comp id="396" class="1005" name="tmp_5_reg_396">
<pin_list>
<pin id="397" dir="0" index="0" bw="32" slack="1"/>
<pin id="398" dir="1" index="1" bw="32" slack="1"/>
</pin_list>
<bind>
<opset="tmp_5 "/>
</bind>
</comp>

<comp id="401" class="1005" name="p_reg_401">
<pin_list>
<pin id="402" dir="0" index="0" bw="32" slack="1"/>
<pin id="403" dir="1" index="1" bw="32" slack="1"/>
</pin_list>
<bind>
<opset="p "/>
</bind>
</comp>

<comp id="406" class="1005" name="tmp_6_reg_406">
<pin_list>
<pin id="407" dir="0" index="0" bw="64" slack="1"/>
<pin id="408" dir="1" index="1" bw="64" slack="1"/>
</pin_list>
<bind>
<opset="tmp_6 "/>
</bind>
</comp>

<comp id="411" class="1005" name="x_assign_reg_411">
<pin_list>
<pin id="412" dir="0" index="0" bw="64" slack="1"/>
<pin id="413" dir="1" index="1" bw="64" slack="1"/>
</pin_list>
<bind>
<opset="x_assign "/>
</bind>
</comp>

<comp id="416" class="1005" name="p_Result_s_reg_416">
<pin_list>
<pin id="417" dir="0" index="0" bw="1" slack="2"/>
<pin id="418" dir="1" index="1" bw="1" slack="2"/>
</pin_list>
<bind>
<opset="p_Result_s "/>
</bind>
</comp>

<comp id="421" class="1005" name="loc_V_1_reg_421">
<pin_list>
<pin id="422" dir="0" index="0" bw="52" slack="1"/>
<pin id="423" dir="1" index="1" bw="52" slack="1"/>
</pin_list>
<bind>
<opset="loc_V_1 "/>
</bind>
</comp>

<comp id="426" class="1005" name="isNeg_reg_426">
<pin_list>
<pin id="427" dir="0" index="0" bw="1" slack="1"/>
<pin id="428" dir="1" index="1" bw="1" slack="1"/>
</pin_list>
<bind>
<opset="isNeg "/>
</bind>
</comp>

<comp id="431" class="1005" name="sh_assign_1_reg_431">
<pin_list>
<pin id="432" dir="0" index="0" bw="12" slack="1"/>
<pin id="433" dir="1" index="1" bw="12" slack="1"/>
</pin_list>
<bind>
<opset="sh_assign_1 "/>
</bind>
</comp>

<comp id="436" class="1005" name="p_Val2_3_reg_436">
<pin_list>
<pin id="437" dir="0" index="0" bw="31" slack="1"/>
<pin id="438" dir="1" index="1" bw="31" slack="1"/>
</pin_list>
<bind>
<opset="p_Val2_3 "/>
</bind>
</comp>

<comp id="444" class="1005" name="i_1_reg_444">
<pin_list>
<pin id="445" dir="0" index="0" bw="10" slack="1"/>
<pin id="446" dir="1" index="1" bw="10" slack="1"/>
</pin_list>
<bind>
<opset="i_1 "/>
</bind>
</comp>

</comp_list>

<net_list>
<net id="79"><net_src comp="2" pin="0"/><net_sink comp="74" pin=0"/></net>

<net id="80"><net_src comp="70" pin="0"/><net_sink comp="74" pin=1"/></net>

<net id="85"><net_src comp="74" pin="3"/><net_sink comp="81" pin=0"/></net>

<net id="91"><net_src comp="2" pin="0"/><net_sink comp="86" pin=0"/></net>

<net id="92"><net_src comp="70" pin="0"/><net_sink comp="86" pin=1"/></net>

<net id="93"><net_src comp="72" pin="0"/><net_sink comp="81" pin=1"/></net>

<net id="94"><net_src comp="86" pin="3"/><net_sink comp="81" pin=0"/></net>

<net id="98"><net_src comp="14" pin="0"/><net_sink comp="95" pin=0"/></net>

<net id="105"><net_src comp="95" pin="1"/><net_sink comp="99" pin=0"/></net>

<net id="106"><net_src comp="99" pin="4"/><net_sink comp="95" pin=0"/></net>

<net id="110"><net_src comp="14" pin="0"/><net_sink comp="107" pin=0"/></net>

<net id="117"><net_src comp="107" pin="1"/><net_sink comp="111" pin=2"/></net>

<net id="118"><net_src comp="111" pin="4"/><net_sink comp="107" pin=0"/></net>

<net id="126"><net_src comp="22" pin="0"/><net_sink comp="119" pin=0"/></net>

<net id="127"><net_src comp="111" pin="4"/><net_sink comp="119" pin=1"/></net>

<net id="128"><net_src comp="95" pin="1"/><net_sink comp="119" pin=2"/></net>

<net id="129"><net_src comp="0" pin="0"/><net_sink comp="119" pin=3"/></net>

<net id="130"><net_src comp="4" pin="0"/><net_sink comp="119" pin=4"/></net>

<net id="131"><net_src comp="107" pin="1"/><net_sink comp="119" pin=1"/></net>

<net id="132"><net_src comp="6" pin="0"/><net_sink comp="119" pin=4"/></net>

<net id="140"><net_src comp="24" pin="0"/><net_sink comp="136" pin=0"/></net>

<net id="145"><net_src comp="99" pin="4"/><net_sink comp="141" pin=0"/></net>

<net id="146"><net_src comp="16" pin="0"/><net_sink comp="141" pin=1"/></net>

<net id="151"><net_src comp="111" pin="4"/><net_sink comp="147" pin=0"/></net>

<net id="152"><net_src comp="16" pin="0"/><net_sink comp="147" pin=1"/></net>

<net id="157"><net_src comp="95" pin="1"/><net_sink comp="153" pin=0"/></net>

<net id="158"><net_src comp="14" pin="0"/><net_sink comp="153" pin=1"/></net>

<net id="167"><net_src comp="119" pin="5"/><net_sink comp="163" pin=0"/></net>

<net id="168"><net_src comp="119" pin="5"/><net_sink comp="163" pin=1"/></net>

<net id="181"><net_src comp="26" pin="0"/><net_sink comp="176" pin=0"/></net>

<net id="182"><net_src comp="173" pin="1"/><net_sink comp="176" pin=1"/></net>

<net id="183"><net_src comp="28" pin="0"/><net_sink comp="176" pin=2"/></net>

<net id="190"><net_src comp="30" pin="0"/><net_sink comp="184" pin=0"/></net>

<net id="191"><net_src comp="173" pin="1"/><net_sink comp="184" pin=1"/></net>

<net id="192"><net_src comp="32" pin="0"/><net_sink comp="184" pin=2"/></net>

<net id="193"><net_src comp="34" pin="0"/><net_sink comp="184" pin=3"/></net>

<net id="197"><net_src comp="173" pin="1"/><net_sink comp="194" pin=0"/></net>

<net id="201"><net_src comp="184" pin="4"/><net_sink comp="198" pin=0"/></net>

<net id="206"><net_src comp="36" pin="0"/><net_sink comp="202" pin=0"/></net>

<net id="207"><net_src comp="198" pin="1"/><net_sink comp="202" pin=1"/></net>

<net id="213"><net_src comp="38" pin="0"/><net_sink comp="208" pin=0"/></net>

<net id="214"><net_src comp="202" pin="2"/><net_sink comp="208" pin=1"/></net>

<net id="215"><net_src comp="40" pin="0"/><net_sink comp="208" pin=2"/></net>

<net id="220"><net_src comp="42" pin="0"/><net_sink comp="216" pin=0"/></net>

<net id="221"><net_src comp="184" pin="4"/><net_sink comp="216" pin=1"/></net>

<net id="225"><net_src comp="216" pin="2"/><net_sink comp="222" pin=0"/></net>

<net id="231"><net_src comp="208" pin="3"/><net_sink comp="226" pin=0"/></net>

<net id="232"><net_src comp="222" pin="1"/><net_sink comp="226" pin=1"/></net>

<net id="233"><net_src comp="202" pin="2"/><net_sink comp="226" pin=2"/></net>

<net id="240"><net_src comp="44" pin="0"/><net_sink comp="234" pin=0"/></net>

<net id="241"><net_src comp="46" pin="0"/><net_sink comp="234" pin=1"/></net>

<net id="242"><net_src comp="48" pin="0"/><net_sink comp="234" pin=3"/></net>

<net id="246"><net_src comp="234" pin="4"/><net_sink comp="243" pin=0"/></net>

<net id="253"><net_src comp="247" pin="1"/><net_sink comp="250" pin=0"/></net>

<net id="257"><net_src comp="247" pin="1"/><net_sink comp="254" pin=0"/></net>

<net id="262"><net_src comp="234" pin="4"/><net_sink comp="258" pin=0"/></net>

<net id="263"><net_src comp="254" pin="1"/><net_sink comp="258" pin=1"/></net>

<net id="268"><net_src comp="243" pin="1"/><net_sink comp="264" pin=0"/></net>

<net id="269"><net_src comp="250" pin="1"/><net_sink comp="264" pin=1"/></net>

<net id="275"><net_src comp="50" pin="0"/><net_sink comp="270" pin=0"/></net>

<net id="276"><net_src comp="258" pin="2"/><net_sink comp="270" pin=1"/></net>

<net id="277"><net_src comp="52" pin="0"/><net_sink comp="270" pin=2"/></net>

<net id="281"><net_src comp="270" pin="3"/><net_sink comp="278" pin=0"/></net>

<net id="288"><net_src comp="54" pin="0"/><net_sink comp="282" pin=0"/></net>

<net id="289"><net_src comp="264" pin="2"/><net_sink comp="282" pin=1"/></net>

<net id="290"><net_src comp="52" pin="0"/><net_sink comp="282" pin=2"/></net>

<net id="291"><net_src comp="56" pin="0"/><net_sink comp="282" pin=3"/></net>

<net id="297"><net_src comp="278" pin="1"/><net_sink comp="292" pin=1"/></net>

<net id="298"><net_src comp="282" pin="4"/><net_sink comp="292" pin=2"/></net>

<net id="306"><net_src comp="58" pin="0"/><net_sink comp="302" pin=0"/></net>

<net id="307"><net_src comp="299" pin="1"/><net_sink comp="302" pin=1"/></net>

<net id="313"><net_src comp="302" pin="2"/><net_sink comp="308" pin=1"/></net>

<net id="314"><net_src comp="299" pin="1"/><net_sink comp="308" pin=2"/></net>

<net id="321"><net_src comp="60" pin="0"/><net_sink comp="315" pin=0"/></net>

<net id="322"><net_src comp="308" pin="3"/><net_sink comp="315" pin=1"/></net>

<net id="323"><net_src comp="62" pin="0"/><net_sink comp="315" pin=2"/></net>

<net id="324"><net_src comp="64" pin="0"/><net_sink comp="315" pin=3"/></net>

<net id="329"><net_src comp="315" pin="4"/><net_sink comp="325" pin=0"/></net>

<net id="330"><net_src comp="66" pin="0"/><net_sink comp="325" pin=1"/></net>

<net id="334"><net_src comp="308" pin="3"/><net_sink comp="331" pin=0"/></net>

<net id="335"><net_src comp="331" pin="1"/><net_sink comp="81" pin=1"/></net>

<net id="341"><net_src comp="68" pin="0"/><net_sink comp="336" pin=0"/></net>

<net id="342"><net_src comp="107" pin="1"/><net_sink comp="336" pin=1"/></net>

<net id="343"><net_src comp="95" pin="1"/><net_sink comp="336" pin=2"/></net>

<net id="347"><net_src comp="336" pin="3"/><net_sink comp="344" pin=0"/></net>

<net id="348"><net_src comp="344" pin="1"/><net_sink comp="74" pin=2"/></net>

<net id="354"><net_src comp="68" pin="0"/><net_sink comp="349" pin=0"/></net>

<net id="355"><net_src comp="107" pin="1"/><net_sink comp="349" pin=1"/></net>

<net id="356"><net_src comp="95" pin="1"/><net_sink comp="349" pin=2"/></net>

<net id="360"><net_src comp="349" pin="3"/><net_sink comp="357" pin=0"/></net>

<net id="361"><net_src comp="357" pin="1"/><net_sink comp="86" pin=2"/></net>

<net id="366"><net_src comp="107" pin="1"/><net_sink comp="362" pin=0"/></net>

<net id="367"><net_src comp="14" pin="0"/><net_sink comp="362" pin=1"/></net>

<net id="377"><net_src comp="153" pin="2"/><net_sink comp="374" pin=0"/></net>

<net id="378"><net_src comp="374" pin="1"/><net_sink comp="99" pin=2"/></net>

<net id="382"><net_src comp="119" pin="5"/><net_sink comp="379" pin=0"/></net>

<net id="383"><net_src comp="379" pin="1"/><net_sink comp="159" pin=0"/></net>

<net id="384"><net_src comp="379" pin="1"/><net_sink comp="159" pin=1"/></net>

<net id="388"><net_src comp="119" pin="5"/><net_sink comp="385" pin=0"/></net>

<net id="389"><net_src comp="385" pin="1"/><net_sink comp="163" pin=0"/></net>

<net id="390"><net_src comp="385" pin="1"/><net_sink comp="163" pin=1"/></net>

<net id="394"><net_src comp="159" pin="2"/><net_sink comp="391" pin=0"/></net>

<net id="395"><net_src comp="391" pin="1"/><net_sink comp="169" pin=1"/></net>

<net id="399"><net_src comp="163" pin="2"/><net_sink comp="396" pin=0"/></net>

<net id="400"><net_src comp="396" pin="1"/><net_sink comp="169" pin=0"/></net>

<net id="404"><net_src comp="169" pin="2"/><net_sink comp="401" pin=0"/></net>

<net id="405"><net_src comp="401" pin="1"/><net_sink comp="133" pin=0"/></net>

<net id="409"><net_src comp="133" pin="1"/><net_sink comp="406" pin=0"/></net>

<net id="410"><net_src comp="406" pin="1"/><net_sink comp="136" pin=1"/></net>

<net id="414"><net_src comp="136" pin="2"/><net_sink comp="411" pin=0"/></net>

<net id="415"><net_src comp="411" pin="1"/><net_sink comp="173" pin=0"/></net>

<net id="419"><net_src comp="176" pin="3"/><net_sink comp="416" pin=0"/></net>

<net id="420"><net_src comp="416" pin="1"/><net_sink comp="308" pin=0"/></net>

<net id="424"><net_src comp="194" pin="1"/><net_sink comp="421" pin=0"/></net>

<net id="425"><net_src comp="421" pin="1"/><net_sink comp="234" pin=2"/></net>

<net id="429"><net_src comp="208" pin="3"/><net_sink comp="426" pin=0"/></net>

<net id="430"><net_src comp="426" pin="1"/><net_sink comp="292" pin=0"/></net>

<net id="434"><net_src comp="226" pin="3"/><net_sink comp="431" pin=0"/></net>

<net id="435"><net_src comp="431" pin="1"/><net_sink comp="247" pin=0"/></net>

<net id="439"><net_src comp="292" pin="3"/><net_sink comp="436" pin=0"/></net>

<net id="440"><net_src comp="436" pin="1"/><net_sink comp="299" pin=0"/></net>

<net id="447"><net_src comp="362" pin="2"/><net_sink comp="444" pin=0"/></net>

<net id="448"><net_src comp="444" pin="1"/><net_sink comp="111" pin=0"/></net>

</net_list>

</model> 
---------------- Datapath Model END ------------------

* FSMD analyzer results:
  - Output states:
	Port: output_img | {49 }
 - Input state : 
	Port: ip_sobel : input_img | {3 4 5 6 }
	Port: ip_sobel : horiz_operator | {3 4 }
	Port: ip_sobel : vert_operator | {5 6 }
  - Chain level:
	State 1
	State 2
		exitcond1 : 1
		StgValue_57 : 2
	State 3
		exitcond : 1
		StgValue_63 : 2
		tmp1 : 1
	State 4
	State 5
	State 6
		tmp_5 : 1
	State 7
	State 8
	State 9
	State 10
	State 11
	State 12
	State 13
	State 14
	State 15
	State 16
	State 17
	State 18
	State 19
	State 20
	State 21
	State 22
	State 23
	State 24
	State 25
	State 26
	State 27
	State 28
	State 29
	State 30
	State 31
	State 32
	State 33
	State 34
	State 35
	State 36
	State 37
	State 38
	State 39
	State 40
	State 41
	State 42
	State 43
	State 44
	State 45
	State 46
	State 47
		p_Result_s : 1
		loc_V : 1
		loc_V_1 : 1
		tmp_i_i_i_i_cast1 : 2
		sh_assign : 3
		isNeg : 4
		tmp_13_i_i_i : 2
		tmp_13_i_i_i_cast : 3
		sh_assign_1 : 5
	State 48
		tmp_i_i_i_cast : 1
		tmp_14_i_i_i : 1
		tmp_14_i_i_i_cast : 1
		tmp_15_i_i_i : 2
		tmp_16_i_i_i : 2
		tmp : 3
		tmp_4 : 4
		tmp_8 : 3
		p_Val2_3 : 5
	State 49
		tmp_21_i_i_i : 1
		p_Val2_s : 2
		tmp_10 : 3
		icmp : 4
		StgValue_140 : 5
		tmp_11 : 3
		tmp_9 : 1
		output_img_addr_1 : 2
		StgValue_145 : 4
		tmp_3 : 1
		output_img_addr : 2
		StgValue_150 : 3


============================================================
+ Verbose Summary: Datapath Resource usage 
============================================================

* Functional unit list:
|----------|--------------------------|---------|---------|---------|---------|
| Operation|      Functional Unit     |  DSP48E |  Delay  |    FF   |   LUT   |
|----------|--------------------------|---------|---------|---------|---------|
|   dsqrt  |        grp_fu_136        |    0    |    0    |   1832  |   2180  |
|----------|--------------------------|---------|---------|---------|---------|
|  uitodp  |        grp_fu_133        |    0    |    0    |   412   |   645   |
|----------|--------------------------|---------|---------|---------|---------|
|   call   | grp_convolution2D_fu_119 |    4    |  7.076  |   412   |   210   |
|----------|--------------------------|---------|---------|---------|---------|
|    mul   |        grp_fu_159        |    4    |    0    |   166   |    49   |
|          |        grp_fu_163        |    4    |    0    |   166   |    49   |
|----------|--------------------------|---------|---------|---------|---------|
|   lshr   |    tmp_15_i_i_i_fu_258   |    0    |    0    |   143   |   162   |
|----------|--------------------------|---------|---------|---------|---------|
|    shl   |    tmp_16_i_i_i_fu_264   |    0    |    0    |   143   |   162   |
|----------|--------------------------|---------|---------|---------|---------|
|          |        j_1_fu_153        |    0    |    0    |    0    |    17   |
|    add   |         p_fu_169         |    0    |    0    |    0    |    39   |
|          |     sh_assign_fu_202     |    0    |    0    |    0    |    18   |
|          |        i_1_fu_362        |    0    |    0    |    0    |    17   |
|----------|--------------------------|---------|---------|---------|---------|
|          |    sh_assign_1_fu_226    |    0    |    0    |    0    |    12   |
|  select  |      p_Val2_3_fu_292     |    0    |    0    |    0    |    31   |
|          |      p_Val2_s_fu_308     |    0    |    0    |    0    |    32   |
|----------|--------------------------|---------|---------|---------|---------|
|    sub   |    tmp_13_i_i_i_fu_216   |    0    |    0    |    0    |    18   |
|          |    tmp_21_i_i_i_fu_302   |    0    |    0    |    0    |    38   |
|----------|--------------------------|---------|---------|---------|---------|
|          |     exitcond1_fu_141     |    0    |    0    |    0    |    5    |
|   icmp   |      exitcond_fu_147     |    0    |    0    |    0    |    5    |
|          |        icmp_fu_325       |    0    |    0    |    0    |    13   |
|----------|--------------------------|---------|---------|---------|---------|
|          |     p_Result_s_fu_176    |    0    |    0    |    0    |    0    |
| bitselect|       isNeg_fu_208       |    0    |    0    |    0    |    0    |
|          |        tmp_fu_270        |    0    |    0    |    0    |    0    |
|----------|--------------------------|---------|---------|---------|---------|
|          |       loc_V_fu_184       |    0    |    0    |    0    |    0    |
|partselect|       tmp_8_fu_282       |    0    |    0    |    0    |    0    |
|          |       tmp_10_fu_315      |    0    |    0    |    0    |    0    |
|----------|--------------------------|---------|---------|---------|---------|
|   trunc  |      loc_V_1_fu_194      |    0    |    0    |    0    |    0    |
|          |       tmp_11_fu_331      |    0    |    0    |    0    |    0    |
|----------|--------------------------|---------|---------|---------|---------|
|          | tmp_i_i_i_i_cast1_fu_198 |    0    |    0    |    0    |    0    |
|          |   tmp_i_i_i_cast_fu_243  |    0    |    0    |    0    |    0    |
|          |    tmp_14_i_i_i_fu_250   |    0    |    0    |    0    |    0    |
|   zext   | tmp_14_i_i_i_cast_fu_254 |    0    |    0    |    0    |    0    |
|          |       tmp_4_fu_278       |    0    |    0    |    0    |    0    |
|          |    tmp_18_i_i_i_fu_299   |    0    |    0    |    0    |    0    |
|          |       tmp_9_fu_344       |    0    |    0    |    0    |    0    |
|          |       tmp_3_fu_357       |    0    |    0    |    0    |    0    |
|----------|--------------------------|---------|---------|---------|---------|
|   sext   | tmp_13_i_i_i_cast_fu_222 |    0    |    0    |    0    |    0    |
|          |  sh_assign_1_cast_fu_247 |    0    |    0    |    0    |    0    |
|----------|--------------------------|---------|---------|---------|---------|
|          |     tmp_i_i_i_fu_234     |    0    |    0    |    0    |    0    |
|bitconcatenate|       tmp_7_fu_336       |    0    |    0    |    0    |    0    |
|          |       tmp_s_fu_349       |    0    |    0    |    0    |    0    |
|----------|--------------------------|---------|---------|---------|---------|
|   Total  |                          |    12   |  7.076  |   3274  |   3702  |
|----------|--------------------------|---------|---------|---------|---------|

Memories:
+--------------+--------+--------+--------+
|              |  BRAM  |   FF   |   LUT  |
+--------------+--------+--------+--------+
|horiz_operator|    0   |   64   |    5   |
| vert_operator|    0   |   64   |    5   |
+--------------+--------+--------+--------+
|     Total    |    0   |   128  |   10   |
+--------------+--------+--------+--------+

* Register list:
+-------------------+--------+
|                   |   FF   |
+-------------------+--------+
|    i_1_reg_444    |   10   |
|     i_reg_107     |   10   |
|   isNeg_reg_426   |    1   |
|    j_1_reg_374    |   10   |
|      j_reg_95     |   10   |
|  loc_V_1_reg_421  |   52   |
| p_Result_s_reg_416|    1   |
|  p_Val2_3_reg_436 |   31   |
|     p_reg_401     |   32   |
|sh_assign_1_reg_431|   12   |
|    tmp1_reg_379   |   32   |
|   tmp_1_reg_385   |   32   |
|   tmp_2_reg_391   |   32   |
|   tmp_5_reg_396   |   32   |
|   tmp_6_reg_406   |   64   |
|  x_assign_reg_411 |   64   |
+-------------------+--------+
|       Total       |   425  |
+-------------------+--------+

* Multiplexer (MUX) list: 
|--------------------------|------|------|------|--------||---------||---------|
|           Comp           |  Pin | Size |  BW  | S x BW ||  Delay  ||   LUT   |
|--------------------------|------|------|------|--------||---------||---------|
|     grp_access_fu_81     |  p0  |   2  |  20  |   40   ||    9    |
|     grp_access_fu_81     |  p1  |   2  |   8  |   16   ||    9    |
|         j_reg_95         |  p0  |   2  |  10  |   20   ||    9    |
|         i_reg_107        |  p0  |   2  |  10  |   20   ||    9    |
| grp_convolution2D_fu_119 |  p1  |   2  |  10  |   20   ||    9    |
| grp_convolution2D_fu_119 |  p4  |   2  |  32  |   64   ||    9    |
|        grp_fu_163        |  p0  |   2  |  32  |   64   ||    9    |
|        grp_fu_163        |  p1  |   2  |  32  |   64   ||    9    |
|--------------------------|------|------|------|--------||---------||---------|
|           Total          |      |      |      |   308  ||  14.152 ||    72   |
|--------------------------|------|------|------|--------||---------||---------|



* Summary:
+-----------+--------+--------+--------+--------+--------+
|           |  BRAM  | DSP48E |  Delay |   FF   |   LUT  |
+-----------+--------+--------+--------+--------+--------+
|  Function |    -   |   12   |    7   |  3274  |  3702  |
|   Memory  |    0   |    -   |    -   |   128  |   10   |
|Multiplexer|    -   |    -   |   14   |    -   |   72   |
|  Register |    -   |    -   |    -   |   425  |    -   |
+-----------+--------+--------+--------+--------+--------+
|   Total   |    0   |   12   |   21   |  3827  |  3784  |
+-----------+--------+--------+--------+--------+--------+
