
*** Running vivado
    with args -log design_1_my_multiplierIP_1_0.vds -m64 -product Vivado -mode batch -messageDb vivado.pb -notrace -source design_1_my_multiplierIP_1_0.tcl


****** Vivado v2017.1 (64-bit)
  **** SW Build 1846317 on Fri Apr 14 18:54:47 MDT 2017
  **** IP Build 1846188 on Fri Apr 14 20:52:08 MDT 2017
    ** Copyright 1986-2017 Xilinx, Inc. All Rights Reserved.

source design_1_my_multiplierIP_1_0.tcl -notrace
Command: synth_design -top design_1_my_multiplierIP_1_0 -part xc7z020clg484-1 -mode out_of_context
Starting synth_design
Attempting to get a license for feature 'Synthesis' and/or device 'xc7z020-clg484'
INFO: [Common 17-349] Got license for feature 'Synthesis' and/or device 'xc7z020-clg484'
INFO: Launching helper process for spawning children vivado processes
INFO: Helper process launched with PID 2895 
---------------------------------------------------------------------------------
Starting RTL Elaboration : Time (s): cpu = 00:00:05 ; elapsed = 00:00:06 . Memory (MB): peak = 1170.938 ; gain = 68.996 ; free physical = 166 ; free virtual = 4384
---------------------------------------------------------------------------------
INFO: [Synth 8-638] synthesizing module 'design_1_my_multiplierIP_1_0' [/home/trakaros/tou_nikou/lab5_custom/lab4_custom.srcs/sources_1/bd/design_1/ip/design_1_my_multiplierIP_1_0/synth/design_1_my_multiplierIP_1_0.v:56]
INFO: [Synth 8-638] synthesizing module 'my_multiplierIP_v1_0' [/home/trakaros/tou_nikou/lab5_custom/lab4_custom.srcs/sources_1/bd/design_1/ipshared/47c6/hdl/my_multiplierIP_v1_0.v:4]
	Parameter C_S00_AXI_DATA_WIDTH bound to: 32 - type: integer 
	Parameter C_S00_AXI_ADDR_WIDTH bound to: 6 - type: integer 
INFO: [Synth 8-638] synthesizing module 'my_multiplierIP_v1_0_S00_AXI' [/home/trakaros/tou_nikou/lab5_custom/lab4_custom.srcs/sources_1/bd/design_1/ipshared/47c6/hdl/my_multiplierIP_v1_0_S00_AXI.v:4]
	Parameter C_S_AXI_DATA_WIDTH bound to: 32 - type: integer 
	Parameter C_S_AXI_ADDR_WIDTH bound to: 6 - type: integer 
	Parameter ADDR_LSB bound to: 2 - type: integer 
	Parameter OPT_MEM_ADDR_BITS bound to: 3 - type: integer 
INFO: [Synth 8-638] synthesizing module 'matrix_multiplication' [/home/trakaros/tou_nikou/lab5_custom/lab4_custom.srcs/sources_1/bd/design_1/ipshared/47c6/src/matrix_multiplication.v:23]
	Parameter A bound to: 2 - type: integer 
	Parameter RECEIVE_SIZE bound to: 0 - type: integer 
	Parameter RECEIVE_INPUT bound to: 1 - type: integer 
	Parameter INPUT_STORED bound to: 2 - type: integer 
	Parameter OUTPUT_WRITE bound to: 3 - type: integer 
	Parameter OUTPUT_STORED bound to: 4 - type: integer 
INFO: [Synth 8-256] done synthesizing module 'matrix_multiplication' (1#1) [/home/trakaros/tou_nikou/lab5_custom/lab4_custom.srcs/sources_1/bd/design_1/ipshared/47c6/src/matrix_multiplication.v:23]
WARNING: [Synth 8-6014] Unused sequential element slv_reg3_reg was removed.  [/home/trakaros/tou_nikou/lab5_custom/lab4_custom.srcs/sources_1/bd/design_1/ipshared/47c6/hdl/my_multiplierIP_v1_0_S00_AXI.v:233]
WARNING: [Synth 8-6014] Unused sequential element slv_reg4_reg was removed.  [/home/trakaros/tou_nikou/lab5_custom/lab4_custom.srcs/sources_1/bd/design_1/ipshared/47c6/hdl/my_multiplierIP_v1_0_S00_AXI.v:234]
WARNING: [Synth 8-6014] Unused sequential element slv_reg6_reg was removed.  [/home/trakaros/tou_nikou/lab5_custom/lab4_custom.srcs/sources_1/bd/design_1/ipshared/47c6/hdl/my_multiplierIP_v1_0_S00_AXI.v:236]
WARNING: [Synth 8-6014] Unused sequential element byte_index was removed.  [/home/trakaros/tou_nikou/lab5_custom/lab4_custom.srcs/sources_1/bd/design_1/ipshared/47c6/hdl/my_multiplierIP_v1_0_S00_AXI.v:228]
INFO: [Synth 8-256] done synthesizing module 'my_multiplierIP_v1_0_S00_AXI' (2#1) [/home/trakaros/tou_nikou/lab5_custom/lab4_custom.srcs/sources_1/bd/design_1/ipshared/47c6/hdl/my_multiplierIP_v1_0_S00_AXI.v:4]
INFO: [Synth 8-256] done synthesizing module 'my_multiplierIP_v1_0' (3#1) [/home/trakaros/tou_nikou/lab5_custom/lab4_custom.srcs/sources_1/bd/design_1/ipshared/47c6/hdl/my_multiplierIP_v1_0.v:4]
INFO: [Synth 8-256] done synthesizing module 'design_1_my_multiplierIP_1_0' (4#1) [/home/trakaros/tou_nikou/lab5_custom/lab4_custom.srcs/sources_1/bd/design_1/ip/design_1_my_multiplierIP_1_0/synth/design_1_my_multiplierIP_1_0.v:56]
WARNING: [Synth 8-3331] design my_multiplierIP_v1_0_S00_AXI has unconnected port S_AXI_AWPROT[2]
WARNING: [Synth 8-3331] design my_multiplierIP_v1_0_S00_AXI has unconnected port S_AXI_AWPROT[1]
WARNING: [Synth 8-3331] design my_multiplierIP_v1_0_S00_AXI has unconnected port S_AXI_AWPROT[0]
WARNING: [Synth 8-3331] design my_multiplierIP_v1_0_S00_AXI has unconnected port S_AXI_ARPROT[2]
WARNING: [Synth 8-3331] design my_multiplierIP_v1_0_S00_AXI has unconnected port S_AXI_ARPROT[1]
WARNING: [Synth 8-3331] design my_multiplierIP_v1_0_S00_AXI has unconnected port S_AXI_ARPROT[0]
---------------------------------------------------------------------------------
Finished RTL Elaboration : Time (s): cpu = 00:00:06 ; elapsed = 00:00:07 . Memory (MB): peak = 1211.438 ; gain = 109.496 ; free physical = 229 ; free virtual = 4408
---------------------------------------------------------------------------------

Report Check Netlist: 
+------+------------------+-------+---------+-------+------------------+
|      |Item              |Errors |Warnings |Status |Description       |
+------+------------------+-------+---------+-------+------------------+
|1     |multi_driven_nets |      0|        0|Passed |Multi driven nets |
+------+------------------+-------+---------+-------+------------------+
---------------------------------------------------------------------------------
Finished RTL Optimization Phase 1 : Time (s): cpu = 00:00:06 ; elapsed = 00:00:07 . Memory (MB): peak = 1211.438 ; gain = 109.496 ; free physical = 215 ; free virtual = 4394
---------------------------------------------------------------------------------
INFO: [Device 21-403] Loading part xc7z020clg484-1
INFO: [Project 1-570] Preparing netlist for logic optimization

Processing XDC Constraints
Initializing timing engine
Completed Processing XDC Constraints

INFO: [Project 1-111] Unisim Transformation Summary:
No Unisim elements were transformed.

Constraint Validation Runtime : Time (s): cpu = 00:00:00.04 ; elapsed = 00:00:00.20 . Memory (MB): peak = 1575.266 ; gain = 0.000 ; free physical = 187 ; free virtual = 3966
---------------------------------------------------------------------------------
Finished Constraint Validation : Time (s): cpu = 00:00:17 ; elapsed = 00:00:23 . Memory (MB): peak = 1575.266 ; gain = 473.324 ; free physical = 288 ; free virtual = 4080
---------------------------------------------------------------------------------
---------------------------------------------------------------------------------
Start Loading Part and Timing Information
---------------------------------------------------------------------------------
Loading part: xc7z020clg484-1
---------------------------------------------------------------------------------
Finished Loading Part and Timing Information : Time (s): cpu = 00:00:17 ; elapsed = 00:00:23 . Memory (MB): peak = 1575.266 ; gain = 473.324 ; free physical = 288 ; free virtual = 4080
---------------------------------------------------------------------------------
---------------------------------------------------------------------------------
Start Applying 'set_property' XDC Constraints
---------------------------------------------------------------------------------
---------------------------------------------------------------------------------
Finished applying 'set_property' XDC Constraints : Time (s): cpu = 00:00:18 ; elapsed = 00:00:23 . Memory (MB): peak = 1575.266 ; gain = 473.324 ; free physical = 290 ; free virtual = 4082
---------------------------------------------------------------------------------
WARNING: [Synth 8-6014] Unused sequential element counter_reg was removed.  [/home/trakaros/tou_nikou/lab5_custom/lab4_custom.srcs/sources_1/bd/design_1/ipshared/47c6/src/matrix_multiplication.v:71]
WARNING: [Synth 8-6014] Unused sequential element counter_reg_rep was removed.  [/home/trakaros/tou_nikou/lab5_custom/lab4_custom.srcs/sources_1/bd/design_1/ipshared/47c6/src/matrix_multiplication.v:71]
---------------------------------------------------------------------------------
Finished RTL Optimization Phase 2 : Time (s): cpu = 00:00:18 ; elapsed = 00:00:24 . Memory (MB): peak = 1575.266 ; gain = 473.324 ; free physical = 285 ; free virtual = 4079
---------------------------------------------------------------------------------

Report RTL Partitions: 
+-+--------------+------------+----------+
| |RTL Partition |Replication |Instances |
+-+--------------+------------+----------+
+-+--------------+------------+----------+
---------------------------------------------------------------------------------
Start RTL Component Statistics 
---------------------------------------------------------------------------------
Detailed RTL Component Info : 
+---Adders : 
	   2 Input     11 Bit       Adders := 2     
+---Registers : 
	               32 Bit    Registers := 6     
	               11 Bit    Registers := 2     
	                6 Bit    Registers := 2     
	                3 Bit    Registers := 1     
	                2 Bit    Registers := 2     
	                1 Bit    Registers := 7     
+---Multipliers : 
	                32x32  Multipliers := 1     
+---RAMs : 
	              32K Bit         RAMs := 2     
+---Muxes : 
	   2 Input     32 Bit        Muxes := 11    
	   8 Input     32 Bit        Muxes := 5     
	   2 Input      3 Bit        Muxes := 1     
	   4 Input      3 Bit        Muxes := 1     
	   2 Input      1 Bit        Muxes := 18    
	   4 Input      1 Bit        Muxes := 4     
---------------------------------------------------------------------------------
Finished RTL Component Statistics 
---------------------------------------------------------------------------------
---------------------------------------------------------------------------------
Start RTL Hierarchical Component Statistics 
---------------------------------------------------------------------------------
Hierarchical RTL Component report 
Module matrix_multiplication 
Detailed RTL Component Info : 
+---Adders : 
	   2 Input     11 Bit       Adders := 2     
+---Registers : 
	               11 Bit    Registers := 2     
	                3 Bit    Registers := 1     
	                1 Bit    Registers := 2     
+---Multipliers : 
	                32x32  Multipliers := 1     
+---RAMs : 
	              32K Bit         RAMs := 2     
+---Muxes : 
	   2 Input      3 Bit        Muxes := 1     
	   4 Input      3 Bit        Muxes := 1     
	   2 Input      1 Bit        Muxes := 14    
	   4 Input      1 Bit        Muxes := 4     
Module my_multiplierIP_v1_0_S00_AXI 
Detailed RTL Component Info : 
+---Registers : 
	               32 Bit    Registers := 6     
	                6 Bit    Registers := 2     
	                2 Bit    Registers := 2     
	                1 Bit    Registers := 5     
+---Muxes : 
	   2 Input     32 Bit        Muxes := 11    
	   8 Input     32 Bit        Muxes := 5     
	   2 Input      1 Bit        Muxes := 4     
---------------------------------------------------------------------------------
Finished RTL Hierarchical Component Statistics
---------------------------------------------------------------------------------
---------------------------------------------------------------------------------
Start Part Resource Summary
---------------------------------------------------------------------------------
Part Resources:
DSPs: 220 (col length:60)
BRAMs: 280 (col length: RAMB18 60 RAMB36 30)
---------------------------------------------------------------------------------
Finished Part Resource Summary
---------------------------------------------------------------------------------
---------------------------------------------------------------------------------
Start Cross Boundary and Area Optimization
---------------------------------------------------------------------------------
INFO: [Synth 8-5845] Not enough pipeline registers after wide multiplier. Recommended levels of pipeline registers is 4 [/home/trakaros/tou_nikou/lab5_custom/lab4_custom.srcs/sources_1/bd/design_1/ipshared/47c6/src/matrix_multiplication.v:114]
WARNING: [Synth 8-6014] Unused sequential element inst/my_multiplierIP_v1_0_S00_AXI_inst/MM_inst/counter_reg was removed.  [/home/trakaros/tou_nikou/lab5_custom/lab4_custom.srcs/sources_1/bd/design_1/ipshared/47c6/src/matrix_multiplication.v:71]
DSP Report: Generating DSP inst/my_multiplierIP_v1_0_S00_AXI_inst/MM_inst/p_1_in, operation Mode is: A*B.
DSP Report: operator inst/my_multiplierIP_v1_0_S00_AXI_inst/MM_inst/p_1_in is absorbed into DSP inst/my_multiplierIP_v1_0_S00_AXI_inst/MM_inst/p_1_in.
DSP Report: operator inst/my_multiplierIP_v1_0_S00_AXI_inst/MM_inst/p_1_in is absorbed into DSP inst/my_multiplierIP_v1_0_S00_AXI_inst/MM_inst/p_1_in.
DSP Report: Generating DSP inst/my_multiplierIP_v1_0_S00_AXI_inst/MM_inst/p_1_in, operation Mode is: (PCIN>>17)+A*B.
DSP Report: operator inst/my_multiplierIP_v1_0_S00_AXI_inst/MM_inst/p_1_in is absorbed into DSP inst/my_multiplierIP_v1_0_S00_AXI_inst/MM_inst/p_1_in.
DSP Report: operator inst/my_multiplierIP_v1_0_S00_AXI_inst/MM_inst/p_1_in is absorbed into DSP inst/my_multiplierIP_v1_0_S00_AXI_inst/MM_inst/p_1_in.
DSP Report: Generating DSP inst/my_multiplierIP_v1_0_S00_AXI_inst/MM_inst/p_1_in, operation Mode is: A*B.
DSP Report: operator inst/my_multiplierIP_v1_0_S00_AXI_inst/MM_inst/p_1_in is absorbed into DSP inst/my_multiplierIP_v1_0_S00_AXI_inst/MM_inst/p_1_in.
DSP Report: operator inst/my_multiplierIP_v1_0_S00_AXI_inst/MM_inst/p_1_in is absorbed into DSP inst/my_multiplierIP_v1_0_S00_AXI_inst/MM_inst/p_1_in.
DSP Report: Generating DSP inst/my_multiplierIP_v1_0_S00_AXI_inst/MM_inst/p_1_in, operation Mode is: (PCIN>>17)+A*B.
DSP Report: operator inst/my_multiplierIP_v1_0_S00_AXI_inst/MM_inst/p_1_in is absorbed into DSP inst/my_multiplierIP_v1_0_S00_AXI_inst/MM_inst/p_1_in.
DSP Report: operator inst/my_multiplierIP_v1_0_S00_AXI_inst/MM_inst/p_1_in is absorbed into DSP inst/my_multiplierIP_v1_0_S00_AXI_inst/MM_inst/p_1_in.
WARNING: [Synth 8-3331] design design_1_my_multiplierIP_1_0 has unconnected port s00_axi_awprot[2]
WARNING: [Synth 8-3331] design design_1_my_multiplierIP_1_0 has unconnected port s00_axi_awprot[1]
WARNING: [Synth 8-3331] design design_1_my_multiplierIP_1_0 has unconnected port s00_axi_awprot[0]
WARNING: [Synth 8-3331] design design_1_my_multiplierIP_1_0 has unconnected port s00_axi_arprot[2]
WARNING: [Synth 8-3331] design design_1_my_multiplierIP_1_0 has unconnected port s00_axi_arprot[1]
WARNING: [Synth 8-3331] design design_1_my_multiplierIP_1_0 has unconnected port s00_axi_arprot[0]
INFO: [Synth 8-3886] merging instance 'inst/my_multiplierIP_v1_0_S00_AXI_inst/axi_rresp_reg[0]' (FDRE) to 'inst/my_multiplierIP_v1_0_S00_AXI_inst/axi_rresp_reg[1]'
INFO: [Synth 8-3333] propagating constant 0 across sequential element (\inst/my_multiplierIP_v1_0_S00_AXI_inst/axi_rresp_reg[1] )
INFO: [Synth 8-3886] merging instance 'inst/my_multiplierIP_v1_0_S00_AXI_inst/axi_bresp_reg[0]' (FDRE) to 'inst/my_multiplierIP_v1_0_S00_AXI_inst/axi_bresp_reg[1]'
INFO: [Synth 8-3333] propagating constant 0 across sequential element (\inst/my_multiplierIP_v1_0_S00_AXI_inst/axi_bresp_reg[1] )
INFO: [Synth 8-3332] Sequential element (inst/my_multiplierIP_v1_0_S00_AXI_inst/axi_awaddr_reg[1]) is unused and will be removed from module design_1_my_multiplierIP_1_0.
INFO: [Synth 8-3332] Sequential element (inst/my_multiplierIP_v1_0_S00_AXI_inst/axi_awaddr_reg[0]) is unused and will be removed from module design_1_my_multiplierIP_1_0.
INFO: [Synth 8-3332] Sequential element (inst/my_multiplierIP_v1_0_S00_AXI_inst/axi_bresp_reg[1]) is unused and will be removed from module design_1_my_multiplierIP_1_0.
INFO: [Synth 8-3332] Sequential element (inst/my_multiplierIP_v1_0_S00_AXI_inst/slv_reg0_reg[31]) is unused and will be removed from module design_1_my_multiplierIP_1_0.
INFO: [Synth 8-3332] Sequential element (inst/my_multiplierIP_v1_0_S00_AXI_inst/slv_reg0_reg[30]) is unused and will be removed from module design_1_my_multiplierIP_1_0.
INFO: [Synth 8-3332] Sequential element (inst/my_multiplierIP_v1_0_S00_AXI_inst/slv_reg0_reg[29]) is unused and will be removed from module design_1_my_multiplierIP_1_0.
INFO: [Synth 8-3332] Sequential element (inst/my_multiplierIP_v1_0_S00_AXI_inst/slv_reg0_reg[28]) is unused and will be removed from module design_1_my_multiplierIP_1_0.
INFO: [Synth 8-3332] Sequential element (inst/my_multiplierIP_v1_0_S00_AXI_inst/slv_reg0_reg[27]) is unused and will be removed from module design_1_my_multiplierIP_1_0.
INFO: [Synth 8-3332] Sequential element (inst/my_multiplierIP_v1_0_S00_AXI_inst/slv_reg0_reg[26]) is unused and will be removed from module design_1_my_multiplierIP_1_0.
INFO: [Synth 8-3332] Sequential element (inst/my_multiplierIP_v1_0_S00_AXI_inst/slv_reg0_reg[25]) is unused and will be removed from module design_1_my_multiplierIP_1_0.
INFO: [Synth 8-3332] Sequential element (inst/my_multiplierIP_v1_0_S00_AXI_inst/slv_reg0_reg[24]) is unused and will be removed from module design_1_my_multiplierIP_1_0.
INFO: [Synth 8-3332] Sequential element (inst/my_multiplierIP_v1_0_S00_AXI_inst/slv_reg0_reg[23]) is unused and will be removed from module design_1_my_multiplierIP_1_0.
INFO: [Synth 8-3332] Sequential element (inst/my_multiplierIP_v1_0_S00_AXI_inst/slv_reg0_reg[22]) is unused and will be removed from module design_1_my_multiplierIP_1_0.
INFO: [Synth 8-3332] Sequential element (inst/my_multiplierIP_v1_0_S00_AXI_inst/slv_reg0_reg[21]) is unused and will be removed from module design_1_my_multiplierIP_1_0.
INFO: [Synth 8-3332] Sequential element (inst/my_multiplierIP_v1_0_S00_AXI_inst/slv_reg0_reg[20]) is unused and will be removed from module design_1_my_multiplierIP_1_0.
INFO: [Synth 8-3332] Sequential element (inst/my_multiplierIP_v1_0_S00_AXI_inst/slv_reg0_reg[19]) is unused and will be removed from module design_1_my_multiplierIP_1_0.
INFO: [Synth 8-3332] Sequential element (inst/my_multiplierIP_v1_0_S00_AXI_inst/slv_reg0_reg[18]) is unused and will be removed from module design_1_my_multiplierIP_1_0.
INFO: [Synth 8-3332] Sequential element (inst/my_multiplierIP_v1_0_S00_AXI_inst/slv_reg0_reg[17]) is unused and will be removed from module design_1_my_multiplierIP_1_0.
INFO: [Synth 8-3332] Sequential element (inst/my_multiplierIP_v1_0_S00_AXI_inst/slv_reg0_reg[16]) is unused and will be removed from module design_1_my_multiplierIP_1_0.
INFO: [Synth 8-3332] Sequential element (inst/my_multiplierIP_v1_0_S00_AXI_inst/slv_reg0_reg[15]) is unused and will be removed from module design_1_my_multiplierIP_1_0.
INFO: [Synth 8-3332] Sequential element (inst/my_multiplierIP_v1_0_S00_AXI_inst/slv_reg0_reg[14]) is unused and will be removed from module design_1_my_multiplierIP_1_0.
INFO: [Synth 8-3332] Sequential element (inst/my_multiplierIP_v1_0_S00_AXI_inst/slv_reg0_reg[13]) is unused and will be removed from module design_1_my_multiplierIP_1_0.
INFO: [Synth 8-3332] Sequential element (inst/my_multiplierIP_v1_0_S00_AXI_inst/slv_reg0_reg[12]) is unused and will be removed from module design_1_my_multiplierIP_1_0.
INFO: [Synth 8-3332] Sequential element (inst/my_multiplierIP_v1_0_S00_AXI_inst/slv_reg0_reg[11]) is unused and will be removed from module design_1_my_multiplierIP_1_0.
INFO: [Synth 8-3332] Sequential element (inst/my_multiplierIP_v1_0_S00_AXI_inst/slv_reg0_reg[10]) is unused and will be removed from module design_1_my_multiplierIP_1_0.
INFO: [Synth 8-3332] Sequential element (inst/my_multiplierIP_v1_0_S00_AXI_inst/slv_reg0_reg[9]) is unused and will be removed from module design_1_my_multiplierIP_1_0.
INFO: [Synth 8-3332] Sequential element (inst/my_multiplierIP_v1_0_S00_AXI_inst/slv_reg0_reg[8]) is unused and will be removed from module design_1_my_multiplierIP_1_0.
INFO: [Synth 8-3332] Sequential element (inst/my_multiplierIP_v1_0_S00_AXI_inst/slv_reg0_reg[7]) is unused and will be removed from module design_1_my_multiplierIP_1_0.
INFO: [Synth 8-3332] Sequential element (inst/my_multiplierIP_v1_0_S00_AXI_inst/slv_reg0_reg[6]) is unused and will be removed from module design_1_my_multiplierIP_1_0.
INFO: [Synth 8-3332] Sequential element (inst/my_multiplierIP_v1_0_S00_AXI_inst/slv_reg0_reg[5]) is unused and will be removed from module design_1_my_multiplierIP_1_0.
INFO: [Synth 8-3332] Sequential element (inst/my_multiplierIP_v1_0_S00_AXI_inst/slv_reg0_reg[4]) is unused and will be removed from module design_1_my_multiplierIP_1_0.
INFO: [Synth 8-3332] Sequential element (inst/my_multiplierIP_v1_0_S00_AXI_inst/slv_reg0_reg[3]) is unused and will be removed from module design_1_my_multiplierIP_1_0.
INFO: [Synth 8-3332] Sequential element (inst/my_multiplierIP_v1_0_S00_AXI_inst/slv_reg0_reg[2]) is unused and will be removed from module design_1_my_multiplierIP_1_0.
INFO: [Synth 8-3332] Sequential element (inst/my_multiplierIP_v1_0_S00_AXI_inst/slv_reg0_reg[1]) is unused and will be removed from module design_1_my_multiplierIP_1_0.
INFO: [Synth 8-3332] Sequential element (inst/my_multiplierIP_v1_0_S00_AXI_inst/slv_reg5_reg[31]) is unused and will be removed from module design_1_my_multiplierIP_1_0.
INFO: [Synth 8-3332] Sequential element (inst/my_multiplierIP_v1_0_S00_AXI_inst/slv_reg5_reg[30]) is unused and will be removed from module design_1_my_multiplierIP_1_0.
INFO: [Synth 8-3332] Sequential element (inst/my_multiplierIP_v1_0_S00_AXI_inst/slv_reg5_reg[29]) is unused and will be removed from module design_1_my_multiplierIP_1_0.
INFO: [Synth 8-3332] Sequential element (inst/my_multiplierIP_v1_0_S00_AXI_inst/slv_reg5_reg[28]) is unused and will be removed from module design_1_my_multiplierIP_1_0.
INFO: [Synth 8-3332] Sequential element (inst/my_multiplierIP_v1_0_S00_AXI_inst/slv_reg5_reg[27]) is unused and will be removed from module design_1_my_multiplierIP_1_0.
INFO: [Synth 8-3332] Sequential element (inst/my_multiplierIP_v1_0_S00_AXI_inst/slv_reg5_reg[26]) is unused and will be removed from module design_1_my_multiplierIP_1_0.
INFO: [Synth 8-3332] Sequential element (inst/my_multiplierIP_v1_0_S00_AXI_inst/slv_reg5_reg[25]) is unused and will be removed from module design_1_my_multiplierIP_1_0.
INFO: [Synth 8-3332] Sequential element (inst/my_multiplierIP_v1_0_S00_AXI_inst/slv_reg5_reg[24]) is unused and will be removed from module design_1_my_multiplierIP_1_0.
INFO: [Synth 8-3332] Sequential element (inst/my_multiplierIP_v1_0_S00_AXI_inst/slv_reg5_reg[23]) is unused and will be removed from module design_1_my_multiplierIP_1_0.
INFO: [Synth 8-3332] Sequential element (inst/my_multiplierIP_v1_0_S00_AXI_inst/slv_reg5_reg[22]) is unused and will be removed from module design_1_my_multiplierIP_1_0.
INFO: [Synth 8-3332] Sequential element (inst/my_multiplierIP_v1_0_S00_AXI_inst/slv_reg5_reg[21]) is unused and will be removed from module design_1_my_multiplierIP_1_0.
INFO: [Synth 8-3332] Sequential element (inst/my_multiplierIP_v1_0_S00_AXI_inst/slv_reg5_reg[20]) is unused and will be removed from module design_1_my_multiplierIP_1_0.
INFO: [Synth 8-3332] Sequential element (inst/my_multiplierIP_v1_0_S00_AXI_inst/slv_reg5_reg[19]) is unused and will be removed from module design_1_my_multiplierIP_1_0.
INFO: [Synth 8-3332] Sequential element (inst/my_multiplierIP_v1_0_S00_AXI_inst/slv_reg5_reg[18]) is unused and will be removed from module design_1_my_multiplierIP_1_0.
INFO: [Synth 8-3332] Sequential element (inst/my_multiplierIP_v1_0_S00_AXI_inst/slv_reg5_reg[17]) is unused and will be removed from module design_1_my_multiplierIP_1_0.
INFO: [Synth 8-3332] Sequential element (inst/my_multiplierIP_v1_0_S00_AXI_inst/slv_reg5_reg[16]) is unused and will be removed from module design_1_my_multiplierIP_1_0.
INFO: [Synth 8-3332] Sequential element (inst/my_multiplierIP_v1_0_S00_AXI_inst/slv_reg5_reg[15]) is unused and will be removed from module design_1_my_multiplierIP_1_0.
INFO: [Synth 8-3332] Sequential element (inst/my_multiplierIP_v1_0_S00_AXI_inst/slv_reg5_reg[14]) is unused and will be removed from module design_1_my_multiplierIP_1_0.
INFO: [Synth 8-3332] Sequential element (inst/my_multiplierIP_v1_0_S00_AXI_inst/slv_reg5_reg[13]) is unused and will be removed from module design_1_my_multiplierIP_1_0.
INFO: [Synth 8-3332] Sequential element (inst/my_multiplierIP_v1_0_S00_AXI_inst/slv_reg5_reg[12]) is unused and will be removed from module design_1_my_multiplierIP_1_0.
INFO: [Synth 8-3332] Sequential element (inst/my_multiplierIP_v1_0_S00_AXI_inst/slv_reg5_reg[11]) is unused and will be removed from module design_1_my_multiplierIP_1_0.
INFO: [Synth 8-3332] Sequential element (inst/my_multiplierIP_v1_0_S00_AXI_inst/slv_reg5_reg[10]) is unused and will be removed from module design_1_my_multiplierIP_1_0.
INFO: [Synth 8-3332] Sequential element (inst/my_multiplierIP_v1_0_S00_AXI_inst/slv_reg5_reg[9]) is unused and will be removed from module design_1_my_multiplierIP_1_0.
INFO: [Synth 8-3332] Sequential element (inst/my_multiplierIP_v1_0_S00_AXI_inst/slv_reg5_reg[8]) is unused and will be removed from module design_1_my_multiplierIP_1_0.
INFO: [Synth 8-3332] Sequential element (inst/my_multiplierIP_v1_0_S00_AXI_inst/slv_reg5_reg[7]) is unused and will be removed from module design_1_my_multiplierIP_1_0.
INFO: [Synth 8-3332] Sequential element (inst/my_multiplierIP_v1_0_S00_AXI_inst/slv_reg5_reg[6]) is unused and will be removed from module design_1_my_multiplierIP_1_0.
INFO: [Synth 8-3332] Sequential element (inst/my_multiplierIP_v1_0_S00_AXI_inst/slv_reg5_reg[5]) is unused and will be removed from module design_1_my_multiplierIP_1_0.
INFO: [Synth 8-3332] Sequential element (inst/my_multiplierIP_v1_0_S00_AXI_inst/slv_reg5_reg[4]) is unused and will be removed from module design_1_my_multiplierIP_1_0.
INFO: [Synth 8-3332] Sequential element (inst/my_multiplierIP_v1_0_S00_AXI_inst/slv_reg5_reg[3]) is unused and will be removed from module design_1_my_multiplierIP_1_0.
INFO: [Synth 8-3332] Sequential element (inst/my_multiplierIP_v1_0_S00_AXI_inst/slv_reg5_reg[2]) is unused and will be removed from module design_1_my_multiplierIP_1_0.
INFO: [Synth 8-3332] Sequential element (inst/my_multiplierIP_v1_0_S00_AXI_inst/axi_araddr_reg[1]) is unused and will be removed from module design_1_my_multiplierIP_1_0.
INFO: [Synth 8-3332] Sequential element (inst/my_multiplierIP_v1_0_S00_AXI_inst/axi_araddr_reg[0]) is unused and will be removed from module design_1_my_multiplierIP_1_0.
INFO: [Synth 8-3332] Sequential element (inst/my_multiplierIP_v1_0_S00_AXI_inst/axi_rresp_reg[1]) is unused and will be removed from module design_1_my_multiplierIP_1_0.
---------------------------------------------------------------------------------
Finished Cross Boundary and Area Optimization : Time (s): cpu = 00:00:21 ; elapsed = 00:00:27 . Memory (MB): peak = 1575.266 ; gain = 473.324 ; free physical = 232 ; free virtual = 4040
---------------------------------------------------------------------------------
---------------------------------------------------------------------------------
Start ROM, RAM, DSP and Shift Register Reporting
---------------------------------------------------------------------------------

Distributed RAM: Preliminary Mapping  Report (see note below)
+-----------------------------+---------------------------------------------------------+-----------+----------------------+-------------------------------+
|Module Name                  | RTL Object                                              | Inference | Size (Depth x Width) | Primitives                    | 
+-----------------------------+---------------------------------------------------------+-----------+----------------------+-------------------------------+
|design_1_my_multiplierIP_1_0 | inst/my_multiplierIP_v1_0_S00_AXI_inst/MM_inst/Xmem_reg | Implied   | 1 K x 32             | RAM64X1D x 32  RAM64M x 160   | 
|design_1_my_multiplierIP_1_0 | inst/my_multiplierIP_v1_0_S00_AXI_inst/MM_inst/Ymem_reg | Implied   | 1 K x 32             | RAM64X1D x 32  RAM64M x 160   | 
+-----------------------------+---------------------------------------------------------+-----------+----------------------+-------------------------------+

Note: The table above is a preliminary report that shows the Distributed RAMs at the current stage of the synthesis flow. Some Distributed RAMs may be reimplemented as non Distributed RAM primitives later in the synthesis flow. Multiple instantiated RAMs are reported only once.

DSP: Preliminary Mapping  Report (see note below)
+-----------------------------+----------------+--------+--------+--------+--------+--------+------+------+------+------+-------+------+------+
|Module Name                  | DSP Mapping    | A Size | B Size | C Size | D Size | P Size | AREG | BREG | CREG | DREG | ADREG | MREG | PREG | 
+-----------------------------+----------------+--------+--------+--------+--------+--------+------+------+------+------+-------+------+------+
|design_1_my_multiplierIP_1_0 | A*B            | 18     | 16     | -      | -      | 48     | 0    | 0    | -    | -    | -     | 0    | 0    | 
|design_1_my_multiplierIP_1_0 | (PCIN>>17)+A*B | 16     | 16     | -      | -      | 48     | 0    | 0    | -    | -    | -     | 0    | 0    | 
|design_1_my_multiplierIP_1_0 | A*B            | 18     | 18     | -      | -      | 48     | 0    | 0    | -    | -    | -     | 0    | 0    | 
|design_1_my_multiplierIP_1_0 | (PCIN>>17)+A*B | 18     | 16     | -      | -      | 48     | 0    | 0    | -    | -    | -     | 0    | 0    | 
+-----------------------------+----------------+--------+--------+--------+--------+--------+------+------+------+------+-------+------+------+

Note: The table above is a preliminary report that shows the DSPs inferred at the current stage of the synthesis flow. Some DSP may be reimplemented as non DSP primitives later in the synthesis flow. Multiple instantiated DSPs are reported only once.
---------------------------------------------------------------------------------
Finished ROM, RAM, DSP and Shift Register Reporting
---------------------------------------------------------------------------------

Report RTL Partitions: 
+-+--------------+------------+----------+
| |RTL Partition |Replication |Instances |
+-+--------------+------------+----------+
+-+--------------+------------+----------+
---------------------------------------------------------------------------------
Start Applying XDC Timing Constraints
---------------------------------------------------------------------------------
---------------------------------------------------------------------------------
Finished Applying XDC Timing Constraints : Time (s): cpu = 00:00:32 ; elapsed = 00:00:38 . Memory (MB): peak = 1594.266 ; gain = 492.324 ; free physical = 132 ; free virtual = 3816
---------------------------------------------------------------------------------
---------------------------------------------------------------------------------
Start Timing Optimization
---------------------------------------------------------------------------------
---------------------------------------------------------------------------------
Finished Timing Optimization : Time (s): cpu = 00:00:32 ; elapsed = 00:00:38 . Memory (MB): peak = 1594.266 ; gain = 492.324 ; free physical = 130 ; free virtual = 3814
---------------------------------------------------------------------------------

Report RTL Partitions: 
+-+--------------+------------+----------+
| |RTL Partition |Replication |Instances |
+-+--------------+------------+----------+
+-+--------------+------------+----------+
---------------------------------------------------------------------------------
Start Technology Mapping
---------------------------------------------------------------------------------
INFO: [Synth 8-3886] merging instance 'inst/my_multiplierIP_v1_0_S00_AXI_inst/MM_inst/counter_reg_rep[0]' (FDRE) to 'inst/my_multiplierIP_v1_0_S00_AXI_inst/MM_inst/counter_reg[0]'
INFO: [Synth 8-3886] merging instance 'inst/my_multiplierIP_v1_0_S00_AXI_inst/MM_inst/counter_reg_rep[1]' (FDRE) to 'inst/my_multiplierIP_v1_0_S00_AXI_inst/MM_inst/counter_reg[1]'
INFO: [Synth 8-3886] merging instance 'inst/my_multiplierIP_v1_0_S00_AXI_inst/MM_inst/counter_reg_rep[2]' (FDRE) to 'inst/my_multiplierIP_v1_0_S00_AXI_inst/MM_inst/counter_reg[2]'
INFO: [Synth 8-3886] merging instance 'inst/my_multiplierIP_v1_0_S00_AXI_inst/MM_inst/counter_reg_rep[3]' (FDRE) to 'inst/my_multiplierIP_v1_0_S00_AXI_inst/MM_inst/counter_reg[3]'
INFO: [Synth 8-3886] merging instance 'inst/my_multiplierIP_v1_0_S00_AXI_inst/MM_inst/counter_reg_rep[4]' (FDRE) to 'inst/my_multiplierIP_v1_0_S00_AXI_inst/MM_inst/counter_reg[4]'
INFO: [Synth 8-3886] merging instance 'inst/my_multiplierIP_v1_0_S00_AXI_inst/MM_inst/counter_reg_rep[5]' (FDRE) to 'inst/my_multiplierIP_v1_0_S00_AXI_inst/MM_inst/counter_reg[5]'
INFO: [Synth 8-3886] merging instance 'inst/my_multiplierIP_v1_0_S00_AXI_inst/MM_inst/counter_reg_rep[6]' (FDRE) to 'inst/my_multiplierIP_v1_0_S00_AXI_inst/MM_inst/counter_reg[6]'
INFO: [Synth 8-3886] merging instance 'inst/my_multiplierIP_v1_0_S00_AXI_inst/MM_inst/counter_reg_rep[7]' (FDRE) to 'inst/my_multiplierIP_v1_0_S00_AXI_inst/MM_inst/counter_reg[7]'
INFO: [Synth 8-3886] merging instance 'inst/my_multiplierIP_v1_0_S00_AXI_inst/MM_inst/counter_reg_rep[8]' (FDRE) to 'inst/my_multiplierIP_v1_0_S00_AXI_inst/MM_inst/counter_reg[8]'
INFO: [Synth 8-3886] merging instance 'inst/my_multiplierIP_v1_0_S00_AXI_inst/MM_inst/counter_reg_rep[9]' (FDRE) to 'inst/my_multiplierIP_v1_0_S00_AXI_inst/MM_inst/counter_reg[9]'
---------------------------------------------------------------------------------
Finished Technology Mapping : Time (s): cpu = 00:00:33 ; elapsed = 00:00:39 . Memory (MB): peak = 1621.836 ; gain = 519.895 ; free physical = 154 ; free virtual = 3817
---------------------------------------------------------------------------------

Report RTL Partitions: 
+-+--------------+------------+----------+
| |RTL Partition |Replication |Instances |
+-+--------------+------------+----------+
+-+--------------+------------+----------+
---------------------------------------------------------------------------------
Start IO Insertion
---------------------------------------------------------------------------------
---------------------------------------------------------------------------------
Start Flattening Before IO Insertion
---------------------------------------------------------------------------------
---------------------------------------------------------------------------------
Finished Flattening Before IO Insertion
---------------------------------------------------------------------------------
---------------------------------------------------------------------------------
Start Final Netlist Cleanup
---------------------------------------------------------------------------------
---------------------------------------------------------------------------------
Finished Final Netlist Cleanup
---------------------------------------------------------------------------------
---------------------------------------------------------------------------------
Finished IO Insertion : Time (s): cpu = 00:00:33 ; elapsed = 00:00:40 . Memory (MB): peak = 1621.836 ; gain = 519.895 ; free physical = 144 ; free virtual = 3813
---------------------------------------------------------------------------------

Report Check Netlist: 
+------+------------------+-------+---------+-------+------------------+
|      |Item              |Errors |Warnings |Status |Description       |
+------+------------------+-------+---------+-------+------------------+
|1     |multi_driven_nets |      0|        0|Passed |Multi driven nets |
+------+------------------+-------+---------+-------+------------------+
---------------------------------------------------------------------------------
Start Renaming Generated Instances
---------------------------------------------------------------------------------
---------------------------------------------------------------------------------
Finished Renaming Generated Instances : Time (s): cpu = 00:00:33 ; elapsed = 00:00:40 . Memory (MB): peak = 1621.836 ; gain = 519.895 ; free physical = 142 ; free virtual = 3812
---------------------------------------------------------------------------------

Report RTL Partitions: 
+-+--------------+------------+----------+
| |RTL Partition |Replication |Instances |
+-+--------------+------------+----------+
+-+--------------+------------+----------+
---------------------------------------------------------------------------------
Start Rebuilding User Hierarchy
---------------------------------------------------------------------------------
---------------------------------------------------------------------------------
Finished Rebuilding User Hierarchy : Time (s): cpu = 00:00:33 ; elapsed = 00:00:40 . Memory (MB): peak = 1621.836 ; gain = 519.895 ; free physical = 144 ; free virtual = 3814
---------------------------------------------------------------------------------
---------------------------------------------------------------------------------
Start Renaming Generated Ports
---------------------------------------------------------------------------------
---------------------------------------------------------------------------------
Finished Renaming Generated Ports : Time (s): cpu = 00:00:33 ; elapsed = 00:00:40 . Memory (MB): peak = 1621.836 ; gain = 519.895 ; free physical = 144 ; free virtual = 3814
---------------------------------------------------------------------------------
---------------------------------------------------------------------------------
Start Handling Custom Attributes
---------------------------------------------------------------------------------
---------------------------------------------------------------------------------
Finished Handling Custom Attributes : Time (s): cpu = 00:00:33 ; elapsed = 00:00:40 . Memory (MB): peak = 1621.836 ; gain = 519.895 ; free physical = 144 ; free virtual = 3813
---------------------------------------------------------------------------------
---------------------------------------------------------------------------------
Start Renaming Generated Nets
---------------------------------------------------------------------------------
---------------------------------------------------------------------------------
Finished Renaming Generated Nets : Time (s): cpu = 00:00:33 ; elapsed = 00:00:40 . Memory (MB): peak = 1621.836 ; gain = 519.895 ; free physical = 143 ; free virtual = 3813
---------------------------------------------------------------------------------
---------------------------------------------------------------------------------
Start Writing Synthesis Report
---------------------------------------------------------------------------------

Report BlackBoxes: 
+-+--------------+----------+
| |BlackBox name |Instances |
+-+--------------+----------+
+-+--------------+----------+

Report Cell Usage: 
+------+---------+------+
|      |Cell     |Count |
+------+---------+------+
|1     |CARRY4   |     6|
|2     |DSP48E1  |     3|
|3     |LUT1     |     8|
|4     |LUT2     |    25|
|5     |LUT3     |    18|
|6     |LUT4     |    15|
|7     |LUT5     |    71|
|8     |LUT6     |   327|
|9     |MUXF7    |   128|
|10    |MUXF8    |    63|
|11    |RAM64M   |   320|
|12    |RAM64X1D |    64|
|13    |FDRE     |   233|
+------+---------+------+

Report Instance Areas: 
+------+--------------------------------------+-----------------------------+------+
|      |Instance                              |Module                       |Cells |
+------+--------------------------------------+-----------------------------+------+
|1     |top                                   |                             |  1281|
|2     |  inst                                |my_multiplierIP_v1_0         |  1281|
|3     |    my_multiplierIP_v1_0_S00_AXI_inst |my_multiplierIP_v1_0_S00_AXI |  1281|
|4     |      MM_inst                         |matrix_multiplication        |  1049|
+------+--------------------------------------+-----------------------------+------+
---------------------------------------------------------------------------------
Finished Writing Synthesis Report : Time (s): cpu = 00:00:33 ; elapsed = 00:00:40 . Memory (MB): peak = 1621.836 ; gain = 519.895 ; free physical = 143 ; free virtual = 3812
---------------------------------------------------------------------------------
Synthesis finished with 0 errors, 0 critical warnings and 9 warnings.
Synthesis Optimization Runtime : Time (s): cpu = 00:00:27 ; elapsed = 00:00:30 . Memory (MB): peak = 1621.836 ; gain = 156.066 ; free physical = 224 ; free virtual = 3893
Synthesis Optimization Complete : Time (s): cpu = 00:00:34 ; elapsed = 00:00:40 . Memory (MB): peak = 1621.844 ; gain = 519.895 ; free physical = 224 ; free virtual = 3893
INFO: [Project 1-571] Translating synthesized netlist
INFO: [Netlist 29-17] Analyzing 393 Unisim elements for replacement
INFO: [Netlist 29-28] Unisim Transformation completed in 0 CPU seconds
WARNING: [Netlist 29-101] Netlist 'design_1_my_multiplierIP_1_0' is not ideal for floorplanning, since the cellview 'matrix_multiplication' contains a large number of primitives.  Please consider enabling hierarchy in synthesis if you want to do floorplanning.
INFO: [Project 1-570] Preparing netlist for logic optimization
INFO: [Opt 31-138] Pushed 0 inverter(s) to 0 load pin(s).
INFO: [Project 1-111] Unisim Transformation Summary:
  A total of 384 instances were transformed.
  RAM64M => RAM64M (RAMD64E, RAMD64E, RAMD64E, RAMD64E): 320 instances
  RAM64X1D => RAM64X1D (RAMD64E, RAMD64E): 64 instances

100 Infos, 20 Warnings, 0 Critical Warnings and 0 Errors encountered.
synth_design completed successfully
synth_design: Time (s): cpu = 00:00:35 ; elapsed = 00:00:42 . Memory (MB): peak = 1621.844 ; gain = 532.488 ; free physical = 214 ; free virtual = 3896
INFO: [Common 17-1381] The checkpoint '/home/trakaros/tou_nikou/lab5_custom/lab4_custom.runs/design_1_my_multiplierIP_1_0_synth_1/design_1_my_multiplierIP_1_0.dcp' has been generated.
INFO: [Coretcl 2-1482] Added synthesis output to IP cache for IP /home/trakaros/tou_nikou/lab5_custom/lab4_custom.srcs/sources_1/bd/design_1/ip/design_1_my_multiplierIP_1_0/design_1_my_multiplierIP_1_0.xci
INFO: [Coretcl 2-1174] Renamed 3 cell refs.
INFO: [Common 17-1381] The checkpoint '/home/trakaros/tou_nikou/lab5_custom/lab4_custom.runs/design_1_my_multiplierIP_1_0_synth_1/design_1_my_multiplierIP_1_0.dcp' has been generated.
report_utilization: Time (s): cpu = 00:00:00.06 ; elapsed = 00:00:00.10 . Memory (MB): peak = 1645.848 ; gain = 0.000 ; free physical = 179 ; free virtual = 3875
INFO: [Common 17-206] Exiting Vivado at Thu May 25 10:30:12 2017...
