
*** Running vivado
    with args -log design_1_graycounter_0_0.vds -m64 -product Vivado -mode batch -messageDb vivado.pb -notrace -source design_1_graycounter_0_0.tcl


****** Vivado v2016.4 (64-bit)
  **** SW Build 1756540 on Mon Jan 23 19:11:23 MST 2017
  **** IP Build 1755317 on Mon Jan 23 20:30:07 MST 2017
    ** Copyright 1986-2016 Xilinx, Inc. All Rights Reserved.

source design_1_graycounter_0_0.tcl -notrace
Command: synth_design -top design_1_graycounter_0_0 -part xc7z020clg484-1 -mode out_of_context
Starting synth_design
Attempting to get a license for feature 'Synthesis' and/or device 'xc7z020'
INFO: [Common 17-349] Got license for feature 'Synthesis' and/or device 'xc7z020'
INFO: Launching helper process for spawning children vivado processes
INFO: Helper process launched with PID 18620 
---------------------------------------------------------------------------------
Starting RTL Elaboration : Time (s): cpu = 00:00:10 ; elapsed = 00:00:30 . Memory (MB): peak = 326.016 ; gain = 116.117
---------------------------------------------------------------------------------
INFO: [Synth 8-638] synthesizing module 'design_1_graycounter_0_0' [c:/Users/user/Desktop/lab3_customIP/lab3_part3/lab3_part3.srcs/sources_1/bd/design_1/ip/design_1_graycounter_0_0/synth/design_1_graycounter_0_0.v:57]
INFO: [Synth 8-638] synthesizing module 'graycounter_v1_0' [c:/Users/user/Desktop/lab3_customIP/lab3_part3/lab3_part3.srcs/sources_1/bd/design_1/ipshared/871a/hdl/graycounter_v1_0.v:4]
	Parameter C_S00_AXI_DATA_WIDTH bound to: 32 - type: integer 
	Parameter C_S00_AXI_ADDR_WIDTH bound to: 4 - type: integer 
INFO: [Synth 8-638] synthesizing module 'graycounter_v1_0_S00_AXI' [c:/Users/user/Desktop/lab3_customIP/lab3_part3/lab3_part3.srcs/sources_1/bd/design_1/ipshared/871a/hdl/graycounter_v1_0_S00_AXI.v:4]
	Parameter C_S_AXI_DATA_WIDTH bound to: 32 - type: integer 
	Parameter C_S_AXI_ADDR_WIDTH bound to: 4 - type: integer 
	Parameter ADDR_LSB bound to: 2 - type: integer 
	Parameter OPT_MEM_ADDR_BITS bound to: 1 - type: integer 
INFO: [Synth 8-226] default block is never used [c:/Users/user/Desktop/lab3_customIP/lab3_part3/lab3_part3.srcs/sources_1/bd/design_1/ipshared/871a/hdl/graycounter_v1_0_S00_AXI.v:225]
INFO: [Synth 8-226] default block is never used [c:/Users/user/Desktop/lab3_customIP/lab3_part3/lab3_part3.srcs/sources_1/bd/design_1/ipshared/871a/hdl/graycounter_v1_0_S00_AXI.v:366]
INFO: [Synth 8-638] synthesizing module 'GrayCounter_Nbit_Pulse' [c:/Users/user/Desktop/lab3_customIP/lab3_part3/lab3_part3.srcs/sources_1/bd/design_1/ipshared/871a/hdl/graycounter_v1_0_S00_AXI.v:403]
	Parameter distance bound to: 100000000 - type: integer 
INFO: [Synth 8-256] done synthesizing module 'GrayCounter_Nbit_Pulse' (1#1) [c:/Users/user/Desktop/lab3_customIP/lab3_part3/lab3_part3.srcs/sources_1/bd/design_1/ipshared/871a/hdl/graycounter_v1_0_S00_AXI.v:403]
INFO: [Synth 8-256] done synthesizing module 'graycounter_v1_0_S00_AXI' (2#1) [c:/Users/user/Desktop/lab3_customIP/lab3_part3/lab3_part3.srcs/sources_1/bd/design_1/ipshared/871a/hdl/graycounter_v1_0_S00_AXI.v:4]
INFO: [Synth 8-256] done synthesizing module 'graycounter_v1_0' (3#1) [c:/Users/user/Desktop/lab3_customIP/lab3_part3/lab3_part3.srcs/sources_1/bd/design_1/ipshared/871a/hdl/graycounter_v1_0.v:4]
INFO: [Synth 8-256] done synthesizing module 'design_1_graycounter_0_0' (4#1) [c:/Users/user/Desktop/lab3_customIP/lab3_part3/lab3_part3.srcs/sources_1/bd/design_1/ip/design_1_graycounter_0_0/synth/design_1_graycounter_0_0.v:57]
WARNING: [Synth 8-3331] design graycounter_v1_0_S00_AXI has unconnected port S_AXI_AWPROT[2]
WARNING: [Synth 8-3331] design graycounter_v1_0_S00_AXI has unconnected port S_AXI_AWPROT[1]
WARNING: [Synth 8-3331] design graycounter_v1_0_S00_AXI has unconnected port S_AXI_AWPROT[0]
WARNING: [Synth 8-3331] design graycounter_v1_0_S00_AXI has unconnected port S_AXI_ARPROT[2]
WARNING: [Synth 8-3331] design graycounter_v1_0_S00_AXI has unconnected port S_AXI_ARPROT[1]
WARNING: [Synth 8-3331] design graycounter_v1_0_S00_AXI has unconnected port S_AXI_ARPROT[0]
---------------------------------------------------------------------------------
Finished RTL Elaboration : Time (s): cpu = 00:00:11 ; elapsed = 00:00:31 . Memory (MB): peak = 362.359 ; gain = 152.461
---------------------------------------------------------------------------------

Report Check Netlist: 
+------+------------------+-------+---------+-------+------------------+
|      |Item              |Errors |Warnings |Status |Description       |
+------+------------------+-------+---------+-------+------------------+
|1     |multi_driven_nets |      0|        0|Passed |Multi driven nets |
+------+------------------+-------+---------+-------+------------------+
---------------------------------------------------------------------------------
Finished RTL Optimization Phase 1 : Time (s): cpu = 00:00:11 ; elapsed = 00:00:32 . Memory (MB): peak = 362.359 ; gain = 152.461
---------------------------------------------------------------------------------
INFO: [Device 21-403] Loading part xc7z020clg484-1
INFO: [Project 1-570] Preparing netlist for logic optimization

Processing XDC Constraints
Initializing timing engine
Completed Processing XDC Constraints

INFO: [Project 1-111] Unisim Transformation Summary:
No Unisim elements were transformed.

Constraint Validation Runtime : Time (s): cpu = 00:00:00 ; elapsed = 00:00:00.179 . Memory (MB): peak = 672.449 ; gain = 0.051
---------------------------------------------------------------------------------
Finished Constraint Validation : Time (s): cpu = 00:00:24 ; elapsed = 00:00:49 . Memory (MB): peak = 672.449 ; gain = 462.551
---------------------------------------------------------------------------------
---------------------------------------------------------------------------------
Start Loading Part and Timing Information
---------------------------------------------------------------------------------
Loading part: xc7z020clg484-1
---------------------------------------------------------------------------------
Finished Loading Part and Timing Information : Time (s): cpu = 00:00:24 ; elapsed = 00:00:49 . Memory (MB): peak = 672.449 ; gain = 462.551
---------------------------------------------------------------------------------
---------------------------------------------------------------------------------
Start Applying 'set_property' XDC Constraints
---------------------------------------------------------------------------------
---------------------------------------------------------------------------------
Finished applying 'set_property' XDC Constraints : Time (s): cpu = 00:00:24 ; elapsed = 00:00:49 . Memory (MB): peak = 672.449 ; gain = 462.551
---------------------------------------------------------------------------------
---------------------------------------------------------------------------------
Finished RTL Optimization Phase 2 : Time (s): cpu = 00:00:24 ; elapsed = 00:00:50 . Memory (MB): peak = 672.449 ; gain = 462.551
---------------------------------------------------------------------------------

Report RTL Partitions: 
+-+--------------+------------+----------+
| |RTL Partition |Replication |Instances |
+-+--------------+------------+----------+
+-+--------------+------------+----------+
---------------------------------------------------------------------------------
Start RTL Component Statistics 
---------------------------------------------------------------------------------
Detailed RTL Component Info : 
+---Adders : 
	   2 Input      8 Bit       Adders := 2     
+---XORs : 
	   2 Input      8 Bit         XORs := 1     
+---Registers : 
	               32 Bit    Registers := 5     
	                8 Bit    Registers := 2     
	                4 Bit    Registers := 2     
	                2 Bit    Registers := 2     
	                1 Bit    Registers := 6     
+---Muxes : 
	   2 Input     32 Bit        Muxes := 4     
	   4 Input     32 Bit        Muxes := 5     
	   2 Input      1 Bit        Muxes := 4     
---------------------------------------------------------------------------------
Finished RTL Component Statistics 
---------------------------------------------------------------------------------
---------------------------------------------------------------------------------
Start RTL Hierarchical Component Statistics 
---------------------------------------------------------------------------------
Hierarchical RTL Component report 
Module GrayCounter_Nbit_Pulse 
Detailed RTL Component Info : 
+---Adders : 
	   2 Input      8 Bit       Adders := 2     
+---XORs : 
	   2 Input      8 Bit         XORs := 1     
+---Registers : 
	                8 Bit    Registers := 2     
	                1 Bit    Registers := 1     
Module graycounter_v1_0_S00_AXI 
Detailed RTL Component Info : 
+---Registers : 
	               32 Bit    Registers := 5     
	                4 Bit    Registers := 2     
	                2 Bit    Registers := 2     
	                1 Bit    Registers := 5     
+---Muxes : 
	   2 Input     32 Bit        Muxes := 4     
	   4 Input     32 Bit        Muxes := 5     
	   2 Input      1 Bit        Muxes := 4     
---------------------------------------------------------------------------------
Finished RTL Hierarchical Component Statistics
---------------------------------------------------------------------------------
---------------------------------------------------------------------------------
Start Part Resource Summary
---------------------------------------------------------------------------------
Part Resources:
DSPs: 220 (col length:60)
BRAMs: 280 (col length: RAMB18 60 RAMB36 30)
---------------------------------------------------------------------------------
Finished Part Resource Summary
---------------------------------------------------------------------------------
---------------------------------------------------------------------------------
Start Cross Boundary and Area Optimization
---------------------------------------------------------------------------------
WARNING: [Synth 8-3331] design design_1_graycounter_0_0 has unconnected port s00_axi_awprot[2]
WARNING: [Synth 8-3331] design design_1_graycounter_0_0 has unconnected port s00_axi_awprot[1]
WARNING: [Synth 8-3331] design design_1_graycounter_0_0 has unconnected port s00_axi_awprot[0]
WARNING: [Synth 8-3331] design design_1_graycounter_0_0 has unconnected port s00_axi_arprot[2]
WARNING: [Synth 8-3331] design design_1_graycounter_0_0 has unconnected port s00_axi_arprot[1]
WARNING: [Synth 8-3331] design design_1_graycounter_0_0 has unconnected port s00_axi_arprot[0]
INFO: [Synth 8-3333] propagating constant 0 across sequential element (\inst/graycounter_v1_0_S00_AXI_inst/V1/pulse_reg )
INFO: [Synth 8-3886] merging instance 'inst/graycounter_v1_0_S00_AXI_inst/axi_rresp_reg[0]' (FDRE) to 'inst/graycounter_v1_0_S00_AXI_inst/axi_rresp_reg[1]'
INFO: [Synth 8-3333] propagating constant 0 across sequential element (\inst/graycounter_v1_0_S00_AXI_inst/axi_rresp_reg[1] )
INFO: [Synth 8-3886] merging instance 'inst/graycounter_v1_0_S00_AXI_inst/axi_bresp_reg[0]' (FDRE) to 'inst/graycounter_v1_0_S00_AXI_inst/axi_bresp_reg[1]'
INFO: [Synth 8-3333] propagating constant 0 across sequential element (\inst/graycounter_v1_0_S00_AXI_inst/axi_bresp_reg[1] )
INFO: [Synth 8-3332] Sequential element (inst/graycounter_v1_0_S00_AXI_inst/V1/pulse_reg) is unused and will be removed from module design_1_graycounter_0_0.
INFO: [Synth 8-3332] Sequential element (inst/graycounter_v1_0_S00_AXI_inst/V1/bin_o_reg[7]) is unused and will be removed from module design_1_graycounter_0_0.
INFO: [Synth 8-3332] Sequential element (inst/graycounter_v1_0_S00_AXI_inst/V1/bin_o_reg[6]) is unused and will be removed from module design_1_graycounter_0_0.
INFO: [Synth 8-3332] Sequential element (inst/graycounter_v1_0_S00_AXI_inst/V1/bin_o_reg[5]) is unused and will be removed from module design_1_graycounter_0_0.
INFO: [Synth 8-3332] Sequential element (inst/graycounter_v1_0_S00_AXI_inst/V1/bin_o_reg[4]) is unused and will be removed from module design_1_graycounter_0_0.
INFO: [Synth 8-3332] Sequential element (inst/graycounter_v1_0_S00_AXI_inst/V1/bin_o_reg[3]) is unused and will be removed from module design_1_graycounter_0_0.
INFO: [Synth 8-3332] Sequential element (inst/graycounter_v1_0_S00_AXI_inst/V1/bin_o_reg[2]) is unused and will be removed from module design_1_graycounter_0_0.
INFO: [Synth 8-3332] Sequential element (inst/graycounter_v1_0_S00_AXI_inst/V1/bin_o_reg[1]) is unused and will be removed from module design_1_graycounter_0_0.
INFO: [Synth 8-3332] Sequential element (inst/graycounter_v1_0_S00_AXI_inst/V1/bin_o_reg[0]) is unused and will be removed from module design_1_graycounter_0_0.
INFO: [Synth 8-3332] Sequential element (inst/graycounter_v1_0_S00_AXI_inst/V1/LEDS_reg[7]) is unused and will be removed from module design_1_graycounter_0_0.
INFO: [Synth 8-3332] Sequential element (inst/graycounter_v1_0_S00_AXI_inst/V1/LEDS_reg[6]) is unused and will be removed from module design_1_graycounter_0_0.
INFO: [Synth 8-3332] Sequential element (inst/graycounter_v1_0_S00_AXI_inst/V1/LEDS_reg[5]) is unused and will be removed from module design_1_graycounter_0_0.
INFO: [Synth 8-3332] Sequential element (inst/graycounter_v1_0_S00_AXI_inst/V1/LEDS_reg[4]) is unused and will be removed from module design_1_graycounter_0_0.
INFO: [Synth 8-3332] Sequential element (inst/graycounter_v1_0_S00_AXI_inst/V1/LEDS_reg[3]) is unused and will be removed from module design_1_graycounter_0_0.
INFO: [Synth 8-3332] Sequential element (inst/graycounter_v1_0_S00_AXI_inst/V1/LEDS_reg[2]) is unused and will be removed from module design_1_graycounter_0_0.
INFO: [Synth 8-3332] Sequential element (inst/graycounter_v1_0_S00_AXI_inst/V1/LEDS_reg[1]) is unused and will be removed from module design_1_graycounter_0_0.
INFO: [Synth 8-3332] Sequential element (inst/graycounter_v1_0_S00_AXI_inst/V1/LEDS_reg[0]) is unused and will be removed from module design_1_graycounter_0_0.
INFO: [Synth 8-3332] Sequential element (inst/graycounter_v1_0_S00_AXI_inst/axi_bresp_reg[1]) is unused and will be removed from module design_1_graycounter_0_0.
INFO: [Synth 8-3332] Sequential element (inst/graycounter_v1_0_S00_AXI_inst/axi_araddr_reg[1]) is unused and will be removed from module design_1_graycounter_0_0.
INFO: [Synth 8-3332] Sequential element (inst/graycounter_v1_0_S00_AXI_inst/axi_araddr_reg[0]) is unused and will be removed from module design_1_graycounter_0_0.
INFO: [Synth 8-3332] Sequential element (inst/graycounter_v1_0_S00_AXI_inst/axi_awaddr_reg[1]) is unused and will be removed from module design_1_graycounter_0_0.
INFO: [Synth 8-3332] Sequential element (inst/graycounter_v1_0_S00_AXI_inst/axi_awaddr_reg[0]) is unused and will be removed from module design_1_graycounter_0_0.
INFO: [Synth 8-3332] Sequential element (inst/graycounter_v1_0_S00_AXI_inst/axi_rresp_reg[1]) is unused and will be removed from module design_1_graycounter_0_0.
---------------------------------------------------------------------------------
Finished Cross Boundary and Area Optimization : Time (s): cpu = 00:00:25 ; elapsed = 00:00:50 . Memory (MB): peak = 672.449 ; gain = 462.551
---------------------------------------------------------------------------------

Report RTL Partitions: 
+-+--------------+------------+----------+
| |RTL Partition |Replication |Instances |
+-+--------------+------------+----------+
+-+--------------+------------+----------+
---------------------------------------------------------------------------------
Start Timing Optimization
---------------------------------------------------------------------------------
---------------------------------------------------------------------------------
Start Applying XDC Timing Constraints
---------------------------------------------------------------------------------
---------------------------------------------------------------------------------
Finished Applying XDC Timing Constraints : Time (s): cpu = 00:00:38 ; elapsed = 00:01:05 . Memory (MB): peak = 672.449 ; gain = 462.551
---------------------------------------------------------------------------------
---------------------------------------------------------------------------------
Finished Timing Optimization : Time (s): cpu = 00:00:38 ; elapsed = 00:01:06 . Memory (MB): peak = 672.449 ; gain = 462.551
---------------------------------------------------------------------------------

Report RTL Partitions: 
+-+--------------+------------+----------+
| |RTL Partition |Replication |Instances |
+-+--------------+------------+----------+
+-+--------------+------------+----------+
---------------------------------------------------------------------------------
Start Technology Mapping
---------------------------------------------------------------------------------
---------------------------------------------------------------------------------
Finished Technology Mapping : Time (s): cpu = 00:00:38 ; elapsed = 00:01:06 . Memory (MB): peak = 672.449 ; gain = 462.551
---------------------------------------------------------------------------------

Report RTL Partitions: 
+-+--------------+------------+----------+
| |RTL Partition |Replication |Instances |
+-+--------------+------------+----------+
+-+--------------+------------+----------+
---------------------------------------------------------------------------------
Start IO Insertion
---------------------------------------------------------------------------------
---------------------------------------------------------------------------------
Start Flattening Before IO Insertion
---------------------------------------------------------------------------------
---------------------------------------------------------------------------------
Finished Flattening Before IO Insertion
---------------------------------------------------------------------------------
---------------------------------------------------------------------------------
Start Final Netlist Cleanup
---------------------------------------------------------------------------------
---------------------------------------------------------------------------------
Finished Final Netlist Cleanup
---------------------------------------------------------------------------------
---------------------------------------------------------------------------------
Finished IO Insertion : Time (s): cpu = 00:00:39 ; elapsed = 00:01:07 . Memory (MB): peak = 672.449 ; gain = 462.551
---------------------------------------------------------------------------------

Report Check Netlist: 
+------+------------------+-------+---------+-------+------------------+
|      |Item              |Errors |Warnings |Status |Description       |
+------+------------------+-------+---------+-------+------------------+
|1     |multi_driven_nets |      0|        0|Passed |Multi driven nets |
+------+------------------+-------+---------+-------+------------------+
---------------------------------------------------------------------------------
Start Renaming Generated Instances
---------------------------------------------------------------------------------
---------------------------------------------------------------------------------
Finished Renaming Generated Instances : Time (s): cpu = 00:00:39 ; elapsed = 00:01:07 . Memory (MB): peak = 672.449 ; gain = 462.551
---------------------------------------------------------------------------------

Report RTL Partitions: 
+-+--------------+------------+----------+
| |RTL Partition |Replication |Instances |
+-+--------------+------------+----------+
+-+--------------+------------+----------+
---------------------------------------------------------------------------------
Start Rebuilding User Hierarchy
---------------------------------------------------------------------------------
---------------------------------------------------------------------------------
Finished Rebuilding User Hierarchy : Time (s): cpu = 00:00:39 ; elapsed = 00:01:07 . Memory (MB): peak = 672.449 ; gain = 462.551
---------------------------------------------------------------------------------
---------------------------------------------------------------------------------
Start Renaming Generated Ports
---------------------------------------------------------------------------------
---------------------------------------------------------------------------------
Finished Renaming Generated Ports : Time (s): cpu = 00:00:39 ; elapsed = 00:01:07 . Memory (MB): peak = 672.449 ; gain = 462.551
---------------------------------------------------------------------------------
---------------------------------------------------------------------------------
Start Handling Custom Attributes
---------------------------------------------------------------------------------
---------------------------------------------------------------------------------
Finished Handling Custom Attributes : Time (s): cpu = 00:00:39 ; elapsed = 00:01:07 . Memory (MB): peak = 672.449 ; gain = 462.551
---------------------------------------------------------------------------------
---------------------------------------------------------------------------------
Start Renaming Generated Nets
---------------------------------------------------------------------------------
---------------------------------------------------------------------------------
Finished Renaming Generated Nets : Time (s): cpu = 00:00:39 ; elapsed = 00:01:07 . Memory (MB): peak = 672.449 ; gain = 462.551
---------------------------------------------------------------------------------
---------------------------------------------------------------------------------
Start Writing Synthesis Report
---------------------------------------------------------------------------------

Report BlackBoxes: 
+-+--------------+----------+
| |BlackBox name |Instances |
+-+--------------+----------+
+-+--------------+----------+

Report Cell Usage: 
+------+-----+------+
|      |Cell |Count |
+------+-----+------+
|1     |LUT1 |     1|
|2     |LUT2 |     1|
|3     |LUT3 |     3|
|4     |LUT4 |    20|
|5     |LUT5 |     2|
|6     |LUT6 |    33|
|7     |FDRE |   169|
+------+-----+------+

Report Instance Areas: 
+------+----------------------------------+-------------------------+------+
|      |Instance                          |Module                   |Cells |
+------+----------------------------------+-------------------------+------+
|1     |top                               |                         |   229|
|2     |  inst                            |graycounter_v1_0         |   229|
|3     |    graycounter_v1_0_S00_AXI_inst |graycounter_v1_0_S00_AXI |   229|
+------+----------------------------------+-------------------------+------+
---------------------------------------------------------------------------------
Finished Writing Synthesis Report : Time (s): cpu = 00:00:39 ; elapsed = 00:01:07 . Memory (MB): peak = 672.449 ; gain = 462.551
---------------------------------------------------------------------------------
Synthesis finished with 0 errors, 0 critical warnings and 6 warnings.
Synthesis Optimization Runtime : Time (s): cpu = 00:00:20 ; elapsed = 00:00:29 . Memory (MB): peak = 672.449 ; gain = 112.973
Synthesis Optimization Complete : Time (s): cpu = 00:00:39 ; elapsed = 00:01:07 . Memory (MB): peak = 672.449 ; gain = 462.551
INFO: [Project 1-571] Translating synthesized netlist
INFO: [Project 1-570] Preparing netlist for logic optimization
INFO: [Opt 31-138] Pushed 0 inverter(s) to 0 load pin(s).
INFO: [Project 1-111] Unisim Transformation Summary:
No Unisim elements were transformed.

INFO: [Common 17-83] Releasing license: Synthesis
47 Infos, 12 Warnings, 0 Critical Warnings and 0 Errors encountered.
synth_design completed successfully
synth_design: Time (s): cpu = 00:00:35 ; elapsed = 00:00:47 . Memory (MB): peak = 672.449 ; gain = 423.063
INFO: [Common 17-1381] The checkpoint 'C:/Users/user/Desktop/lab3_customIP/lab3_part3/lab3_part3.runs/design_1_graycounter_0_0_synth_1/design_1_graycounter_0_0.dcp' has been generated.
